#
# A fatal error has been detected by the Java Runtime Environment:
#
#  SIGSEGV (0xb) at pc=0x00007675bc8b3e44, pid=13467, tid=13497
#
# JRE version: OpenJDK Runtime Environment (21.0.6+7) (build 21.0.6+7-Ubuntu-124.04.1)
# Java VM: OpenJDK 64-Bit Server VM (21.0.6+7-Ubuntu-124.04.1, mixed mode, sharing, tiered, compressed oops, compressed class ptrs, g1 gc, linux-amd64)
# Problematic frame:
# V  [libjvm.so+0xcb3e44]  NativePostCallNop::patch(int)+0x4
#
# Core dump will be written. Default location: Core dumps may be processed with "/usr/lib/systemd/systemd-coredump %P %u %g %s %t 9223372036854775808 %h" (or dumping to /home/edu/IPC2-2025/AnalizadorLexico2/AnalizadorLexico/core.13467)
#
# If you would like to submit a bug report, please visit:
#   https://bugs.launchpad.net/ubuntu/+source/openjdk-21
#

---------------  S U M M A R Y ------------

Command Line: -Dclassworlds.conf=/usr/lib/apache-netbeans/java/maven/bin/m2.conf -Dmaven.home=/usr/lib/apache-netbeans/java/maven -Dlibrary.jansi.path=/usr/lib/apache-netbeans/java/maven/lib/jansi-native -Dmaven.multiModuleProjectDirectory=/home/edu/IPC2-2025/AnalizadorLexico2/AnalizadorLexico org.codehaus.plexus.classworlds.launcher.Launcher -Dmaven.ext.class.path=/usr/lib/apache-netbeans/java/maven-nblib/netbeans-eventspy.jar --no-transfer-progress clean install

Host: Intel(R) Core(TM) i5-10400 CPU @ 2.90GHz, 12 cores, 7G, Linux Mint 22.1 Xia
Time: Thu Oct  2 14:53:05 2025 CST elapsed time: 0.269503 seconds (0d 0h 0m 0s)

---------------  T H R E A D  ---------------

Current thread (0x00007675b415a5c0):  JavaThread "C2 CompilerThread0" daemon [_thread_in_vm, id=13497, stack(0x0000767594c00000,0x0000767594d00000) (1024K)]


Current CompileTask:
C2:269  792   !   4       java.util.concurrent.ConcurrentHashMap::putVal (432 bytes)

Stack: [0x0000767594c00000,0x0000767594d00000],  sp=0x0000767594cfc0f8,  free space=1008k
Native frames: (J=compiled Java code, j=interpreted, Vv=VM code, C=native code)
V  [libjvm.so+0xcb3e44]  NativePostCallNop::patch(int)+0x4
V  [libjvm.so+0xcbc6df]  nmethod::nmethod(Method*, CompilerType, int, int, int, CodeOffsets*, int, DebugInformationRecorder*, Dependencies*, CodeBuffer*, int, OopMapSet*, ExceptionHandlerTable*, ImplicitExceptionTable*, AbstractCompiler*, CompLevel, char*, int, JVMCINMethodData*)+0x42f
V  [libjvm.so+0xcbc9fa]  nmethod::new_nmethod(methodHandle const&, int, int, CodeOffsets*, int, DebugInformationRecorder*, Dependencies*, CodeBuffer*, int, OopMapSet*, ExceptionHandlerTable*, ImplicitExceptionTable*, AbstractCompiler*, CompLevel, char*, int, JVMCINMethodData*)+0x1aa
V  [libjvm.so+0x5c1e5e]  ciEnv::register_method(ciMethod*, int, CodeOffsets*, int, CodeBuffer*, int, OopMapSet*, ExceptionHandlerTable*, ImplicitExceptionTable*, AbstractCompiler*, bool, bool, bool, int, RTMState)+0x33e
V  [libjvm.so+0xd10d0c]  PhaseOutput::install_code(ciMethod*, int, AbstractCompiler*, bool, bool, RTMState)+0x10c
V  [libjvm.so+0xd10dd9]  PhaseOutput::install()+0x89
V  [libjvm.so+0x663489]  Compile::Code_Gen()+0x5f9
V  [libjvm.so+0x666c06]  Compile::Compile(ciEnv*, ciMethod*, int, Options, DirectiveSet*)+0x1476
V  [libjvm.so+0x58ba7d]  C2Compiler::compile_method(ciEnv*, ciMethod*, int, bool, DirectiveSet*)+0x19d
V  [libjvm.so+0x66c9e3]  CompileBroker::invoke_compiler_on_method(CompileTask*)+0xc73
V  [libjvm.so+0x66fac8]  CompileBroker::compiler_thread_loop()+0x648
V  [libjvm.so+0x925536]  JavaThread::thread_main_inner()+0x1e6
V  [libjvm.so+0xf83ae7]  Thread::call_run()+0xa7
V  [libjvm.so+0xcfc025]  thread_native_entry(Thread*)+0xd5
C  [libc.so.6+0x9ca94]

siginfo: si_signo: 11 (SIGSEGV), si_code: 1 (SEGV_MAPERR), si_addr: 0x0000000000000004

Registers:
RAX=0x000000000000000b, RBX=0x00007675a430a110, RCX=0x0000000000000000, RDX=0x00000000ffffffff
RSP=0x0000767594cfc0f8, RBP=0x0000767594cfc1c0, RSI=0x000000000b000d94, RDI=0x0000000000000000
R8 =0x00000000ffffffff, R9 =0x00000000ffffffff, R10=0x00007675b43a46fc, R11=0x0000000000000000
R12=0x0000767594cfc100, R13=0x0000000000000000, R14=0x0000000000000d94, R15=0x0000767594cfca8c
RIP=0x00007675bc8b3e44, EFLAGS=0x0000000000010202, CSGSFS=0x002b000000000033, ERR=0x0000000000000006
  TRAPNO=0x000000000000000e

XMM[0]=0x0000000000000000 0x0000000000000000
XMM[1]=0x0000052100000efc 0x0000000000000000
XMM[2]=0x0000058e00000f64 0x0000000100000000
XMM[3]=0x0000060b00000fc0 0x0000000000000000
XMM[4]=0x0000067a00000ffc 0x0000000100000000
XMM[5]=0x0000000100000000 0x000007230000109c
XMM[6]=0x0000000100000000 0x000006c800001030
XMM[7]=0x0000000100000000 0x0000067a00000ffc
XMM[8]=0x0000000100000000 0x0000060b00000fc0
XMM[9]=0x0000000000000000 0x46293e5939a08cea
XMM[10]=0x0000000000000000 0x4376345785d8a000
XMM[11]=0x00007674f0052fe0 0x00007674f00530a0
XMM[12]=0x00007674f0052f20 0x00007674f0052ec0
XMM[13]=0x550c7dc3243185be 0x12835b01d807aa98
XMM[14]=0xab1c5ed5923f82a4 0x59f111f13956c25b
XMM[15]=0x0000000000000000 0x0000000000000000
  MXCSR=0x00001fa0


Register to memory mapping:

RAX=0x000000000000000b is an unknown value
RBX=0x00007675a430a110 is at entry_point+-624 in (nmethod*)0x00007675a430a110
Compiled method (c2) 271  792   !   4       java.util.concurrent.ConcurrentHashMap::putVal (432 bytes)
 total in heap  [0x00007675a430a110,0x00007675a430c040] = 7984
 relocation     [0x00007675a430a268,0x00007675a430a378] = 272
 main code      [0x00007675a430a380,0x00007675a430b548] = 4552
 stub code      [0x00007675a430b548,0x00007675a430b5a8] = 96
 metadata       [0x00007675a430b5a8,0x00007675a430b5c8] = 32
 scopes data    [0x00007675a430b5c8,0x00007675a430bcf8] = 1840
 scopes pcs     [0x00007675a430bcf8,0x00007675a430bf48] = 592
 dependencies   [0x00007675a430bf48,0x00007675a430bf50] = 8
 handler table  [0x00007675a430bf50,0x00007675a430c028] = 216
 nul chk table  [0x00007675a430c028,0x00007675a430c040] = 24
RCX=0x0 is null
RDX=0x00000000ffffffff points into unknown readable memory: 00
RSP=0x0000767594cfc0f8 is pointing into the stack for thread: 0x00007675b415a5c0
RBP=0x0000767594cfc1c0 is pointing into the stack for thread: 0x00007675b415a5c0
RSI=0x000000000b000d94 is an unknown value
RDI=0x0 is null
R8 =0x00000000ffffffff points into unknown readable memory: 00
R9 =0x00000000ffffffff points into unknown readable memory: 00
R10=0x00007675b43a46fc points into unknown readable memory: 00 00 00 00
R11=0x0 is null
R12=0x0000767594cfc100 is pointing into the stack for thread: 0x00007675b415a5c0
R13=0x0 is null
R14=0x0000000000000d94 is an unknown value
R15=0x0000767594cfca8c is pointing into the stack for thread: 0x00007675b415a5c0

Top of Stack: (sp=0x0000767594cfc0f8)
0x0000767594cfc0f8:   00007675bc8bc2a6 0000000000000000
0x0000767594cfc108:   00007675a430a2bc 00007675a430a378
0x0000767594cfc118:   00007675a430a110 00007675a430aea4
0x0000767594cfc128:   00007675a430000a 0000767594cfc128
0x0000767594cfc138:   0000000000000000 00007675a430a380
0x0000767594cfc148:   00007675a430a380 00007675a430b548
0x0000767594cfc158:   00007675a430a380 00007675a430b548
0x0000767594cfc168:   00007675a430b5a8 00007675bcffbad8
0x0000767594cfc178:   0000767594cfc100 0000767500000010
0x0000767594cfc188:   0000767594cfca8c 0000767594cfc1c0
0x0000767594cfc198:   00007675bc3be895 00007675b415ad38
0x0000767594cfc1a8:   00007675a430b5c8 00007675b415a070
0x0000767594cfc1b8:   00007675a430a110 0000767594cfc260
0x0000767594cfc1c8:   00007675bc8bc6df 0000760000000000
0x0000767594cfc1d8:   0000000000000000 0000000000000000
0x0000767594cfc1e8:   00000318b43a4b10 00007675a430a110
0x0000767594cfc1f8:   00007675a430a110 0000000000000008
0x0000767594cfc208:   0000000000000004 0000767594cfca38
0x0000767594cfc218:   0000767594cfca20 00007674f015d030
0x0000767594cfc228:   00007675b415ad98 00007675b43a46f0
0x0000767594cfc238:   00007675a430a110 0000767594cfc300
0x0000767594cfc248:   00007675b415ad98 0000767594cfc430
0x0000767594cfc258:   00007675bd119df8 0000767594cfc370
0x0000767594cfc268:   00007675bc8bc9fa 0000767594cfca8c
0x0000767594cfc278:   0000000000000078 00007675b415ad98
0x0000767594cfc288:   00007674f015d030 0000767594cfc858
0x0000767594cfc298:   0000000000000012 0000767508275e28
0x0000767594cfc2a8:   0000767594cfca20 0000767594cfca38
0x0000767594cfc2b8:   00007675b415a070 0000000000000004
0x0000767594cfc2c8:   0000000000000000 0000000000000000
0x0000767594cfc2d8:   0000000000000000 0000767594cfca8c
0x0000767594cfc2e8:   ffffffff00000078 0000000400000318 

Instructions: (pc=0x00007675bc8b3e44)
0x00007675bc8b3d44:   07 e9 be 05 00 00 00 89 47 01 e9 bd 3a c1 ff 48
0x00007675bc8b3d54:   8d 05 f6 91 80 00 55 48 8d 0d 72 4c 47 00 48 8d
0x00007675bc8b3d64:   15 ff 17 4d 00 be 5d 02 00 00 48 8d 3d 13 17 4d
0x00007675bc8b3d74:   00 48 8b 00 48 89 e5 c6 00 58 31 c0 e8 0b c1 9f
0x00007675bc8b3d84:   ff 90 66 2e 0f 1f 84 00 00 00 00 00 f3 0f 1e fa
0x00007675bc8b3d94:   55 48 89 e5 41 54 49 89 f4 53 48 89 fb c7 07 eb
0x00007675bc8b3da4:   fe eb fe e8 34 3a c1 ff 41 0f b6 44 24 04 48 8d
0x00007675bc8b3db4:   7b 04 88 43 04 e8 22 3a c1 ff 41 8b 04 24 48 89
0x00007675bc8b3dc4:   df 89 03 5b 41 5c 5d e9 10 3a c1 ff f3 0f 1e fa
0x00007675bc8b3dd4:   0f b6 07 83 f8 0f 74 14 3d e9 00 00 00 74 25 48
0x00007675bc8b3de4:   0f be 47 01 48 8d 44 07 02 c3 66 90 b8 02 00 00
0x00007675bc8b3df4:   00 ba 06 00 00 00 48 63 04 07 48 01 d0 48 01 f8
0x00007675bc8b3e04:   c3 0f 1f 00 b8 01 00 00 00 ba 05 00 00 00 48 63
0x00007675bc8b3e14:   04 07 48 01 d0 48 01 f8 c3 90 66 90 f3 0f 1e fa
0x00007675bc8b3e24:   c7 07 0f ff 00 a9 be 08 00 00 00 e9 dc 39 c1 ff
0x00007675bc8b3e34:   66 66 2e 0f 1f 84 00 00 00 00 00 90 f3 0f 1e fa
0x00007675bc8b3e44:   89 77 04 c3 0f 1f 84 00 00 00 00 00 f3 0f 1e fa
0x00007675bc8b3e54:   c3 90 66 2e 0f 1f 84 00 00 00 00 00 f3 0f 1e fa
0x00007675bc8b3e64:   b8 0f ff ff ff c6 47 02 00 66 89 07 40 84 f6 75
0x00007675bc8b3e74:   0b c3 66 2e 0f 1f 84 00 00 00 00 00 be 03 00 00
0x00007675bc8b3e84:   00 e9 86 39 c1 ff 66 0f 1f 44 00 00 55 48 89 e5
0x00007675bc8b3e94:   41 57 41 56 41 55 49 89 fd 41 54 53 48 89 f3 48
0x00007675bc8b3ea4:   83 ec 38 66 48 8d 3d c1 40 80 00 66 66 48 e8 89
0x00007675bc8b3eb4:   d6 5e ff 4c 8b 20 48 8d 05 e7 c6 88 00 48 8b 38
0x00007675bc8b3ec4:   41 0f b6 44 24 29 8d 50 01 4c 8d bf 70 09 00 00
0x00007675bc8b3ed4:   41 88 54 24 29 84 c0 0f 84 df 01 00 00 41 80 7c
0x00007675bc8b3ee4:   24 2a 00 74 47 48 85 db 74 12 48 8b 0b 48 89 ce
0x00007675bc8b3ef4:   48 f7 d6 83 e6 03 0f 84 b0 01 00 00 41 88 44 24
0x00007675bc8b3f04:   29 80 fa 01 77 0f 48 81 c7 70 09 00 00 4c 89 e6
0x00007675bc8b3f14:   e8 47 d4 14 00 48 83 c4 38 48 89 d8 5b 41 5c 41
0x00007675bc8b3f24:   5d 41 5e 41 5f 5d c3 0f 1f 44 00 00 4c 89 ff 4c
0x00007675bc8b3f34:   89 e6 e8 15 d2 14 00 48 89 c7 8b 00 48 8d 15 4d 


Stack slot to memory mapping:

stack at sp + 0 slots: 0x00007675bc8bc2a6: <offset 0x0000000000cbc2a6> in /usr/lib/jvm/java-21-openjdk-amd64/lib/server/libjvm.so at 0x00007675bbc00000
stack at sp + 1 slots: 0x0 is null
stack at sp + 2 slots: 0x00007675a430a2bc is at entry_point+-196 in (nmethod*)0x00007675a430a110
Compiled method (c2) 272  792   !   4       java.util.concurrent.ConcurrentHashMap::putVal (432 bytes)
 total in heap  [0x00007675a430a110,0x00007675a430c040] = 7984
 relocation     [0x00007675a430a268,0x00007675a430a378] = 272
 main code      [0x00007675a430a380,0x00007675a430b548] = 4552
 stub code      [0x00007675a430b548,0x00007675a430b5a8] = 96
 metadata       [0x00007675a430b5a8,0x00007675a430b5c8] = 32
 scopes data    [0x00007675a430b5c8,0x00007675a430bcf8] = 1840
 scopes pcs     [0x00007675a430bcf8,0x00007675a430bf48] = 592
 dependencies   [0x00007675a430bf48,0x00007675a430bf50] = 8
 handler table  [0x00007675a430bf50,0x00007675a430c028] = 216
 nul chk table  [0x00007675a430c028,0x00007675a430c040] = 24
stack at sp + 3 slots: 0x00007675a430a378 is at entry_point+-8 in (nmethod*)0x00007675a430a110
Compiled method (c2) 272  792   !   4       java.util.concurrent.ConcurrentHashMap::putVal (432 bytes)
 total in heap  [0x00007675a430a110,0x00007675a430c040] = 7984
 relocation     [0x00007675a430a268,0x00007675a430a378] = 272
 main code      [0x00007675a430a380,0x00007675a430b548] = 4552
 stub code      [0x00007675a430b548,0x00007675a430b5a8] = 96
 metadata       [0x00007675a430b5a8,0x00007675a430b5c8] = 32
 scopes data    [0x00007675a430b5c8,0x00007675a430bcf8] = 1840
 scopes pcs     [0x00007675a430bcf8,0x00007675a430bf48] = 592
 dependencies   [0x00007675a430bf48,0x00007675a430bf50] = 8
 handler table  [0x00007675a430bf50,0x00007675a430c028] = 216
 nul chk table  [0x00007675a430c028,0x00007675a430c040] = 24
stack at sp + 4 slots: 0x00007675a430a110 is at entry_point+-624 in (nmethod*)0x00007675a430a110
Compiled method (c2) 272  792   !   4       java.util.concurrent.ConcurrentHashMap::putVal (432 bytes)
 total in heap  [0x00007675a430a110,0x00007675a430c040] = 7984
 relocation     [0x00007675a430a268,0x00007675a430a378] = 272
 main code      [0x00007675a430a380,0x00007675a430b548] = 4552
 stub code      [0x00007675a430b548,0x00007675a430b5a8] = 96
 metadata       [0x00007675a430b5a8,0x00007675a430b5c8] = 32
 scopes data    [0x00007675a430b5c8,0x00007675a430bcf8] = 1840
 scopes pcs     [0x00007675a430bcf8,0x00007675a430bf48] = 592
 dependencies   [0x00007675a430bf48,0x00007675a430bf50] = 8
 handler table  [0x00007675a430bf50,0x00007675a430c028] = 216
 nul chk table  [0x00007675a430c028,0x00007675a430c040] = 24
stack at sp + 5 slots: 0x00007675a430aea4 is at entry_point+2852 in (nmethod*)0x00007675a430a110
Compiled method (c2) 272  792   !   4       java.util.concurrent.ConcurrentHashMap::putVal (432 bytes)
 total in heap  [0x00007675a430a110,0x00007675a430c040] = 7984
 relocation     [0x00007675a430a268,0x00007675a430a378] = 272
 main code      [0x00007675a430a380,0x00007675a430b548] = 4552
 stub code      [0x00007675a430b548,0x00007675a430b5a8] = 96
 metadata       [0x00007675a430b5a8,0x00007675a430b5c8] = 32
 scopes data    [0x00007675a430b5c8,0x00007675a430bcf8] = 1840
 scopes pcs     [0x00007675a430bcf8,0x00007675a430bf48] = 592
 dependencies   [0x00007675a430bf48,0x00007675a430bf50] = 8
 handler table  [0x00007675a430bf50,0x00007675a430c028] = 216
 nul chk table  [0x00007675a430c028,0x00007675a430c040] = 24
stack at sp + 6 slots: 0x00007675a430000a is at entry_point+-118 in (nmethod*)0x00007675a42fff10
Compiled method (c2) 272  670       4       java.util.HashMap::afterNodeInsertion (1 bytes)
 total in heap  [0x00007675a42fff10,0x00007675a4300138] = 552
 relocation     [0x00007675a4300068,0x00007675a4300080] = 24
 main code      [0x00007675a4300080,0x00007675a43000f0] = 112
 stub code      [0x00007675a43000f0,0x00007675a4300108] = 24
 scopes data    [0x00007675a4300108,0x00007675a4300110] = 8
 scopes pcs     [0x00007675a4300110,0x00007675a4300130] = 32
 dependencies   [0x00007675a4300130,0x00007675a4300138] = 8
stack at sp + 7 slots: 0x0000767594cfc128 is pointing into the stack for thread: 0x00007675b415a5c0


---------------  P R O C E S S  ---------------

Threads class SMR info:
_java_thread_list=0x00007675080e0e30, length=11, elements={
0x00007675b40195d0, 0x00007675b4153070, 0x00007675b4154700, 0x00007675b4155ea0,
0x00007675b41574e0, 0x00007675b4158a80, 0x00007675b415a5c0, 0x00007675b415bc80,
0x00007675b4167b20, 0x00007675b416ae50, 0x00007675080e0270
}

Java Threads: ( => current thread )
  0x00007675b40195d0 JavaThread "main"                              [_thread_blocked, id=13484, stack(0x00007675bbb00000,0x00007675bbc00000) (1024K)]
  0x00007675b4153070 JavaThread "Reference Handler"          daemon [_thread_blocked, id=13492, stack(0x0000767595100000,0x0000767595200000) (1024K)]
  0x00007675b4154700 JavaThread "Finalizer"                  daemon [_thread_blocked, id=13493, stack(0x0000767595000000,0x0000767595100000) (1024K)]
  0x00007675b4155ea0 JavaThread "Signal Dispatcher"          daemon [_thread_blocked, id=13494, stack(0x0000767594f00000,0x0000767595000000) (1024K)]
  0x00007675b41574e0 JavaThread "Service Thread"             daemon [_thread_blocked, id=13495, stack(0x0000767594e00000,0x0000767594f00000) (1024K)]
  0x00007675b4158a80 JavaThread "Monitor Deflation Thread"   daemon [_thread_blocked, id=13496, stack(0x0000767594d00000,0x0000767594e00000) (1024K)]
=>0x00007675b415a5c0 JavaThread "C2 CompilerThread0"         daemon [_thread_in_vm, id=13497, stack(0x0000767594c00000,0x0000767594d00000) (1024K)]
  0x00007675b415bc80 JavaThread "C1 CompilerThread0"         daemon [_thread_blocked, id=13498, stack(0x0000767594b00000,0x0000767594c00000) (1024K)]
  0x00007675b4167b20 JavaThread "Notification Thread"        daemon [_thread_blocked, id=13499, stack(0x0000767594a00000,0x0000767594b00000) (1024K)]
  0x00007675b416ae50 JavaThread "Common-Cleaner"             daemon [_thread_blocked, id=13500, stack(0x0000767594900000,0x0000767594a00000) (1024K)]
  0x00007675080e0270 JavaThread "C2 CompilerThread1"         daemon [_thread_blocked, id=13502, stack(0x0000767594800000,0x0000767594900000) (1024K)]
Total: 11

Other Threads:
  0x00007675b4149f50 VMThread "VM Thread"                           [id=13491, stack(0x0000767595afc000,0x0000767595bfc000) (1024K)]
  0x00007675b41380a0 WatcherThread "VM Periodic Task Thread"        [id=13490, stack(0x0000767595bfd000,0x0000767595cfd000) (1024K)]
  0x00007675b4070e80 WorkerThread "GC Thread#0"                     [id=13485, stack(0x00007675ba300000,0x00007675ba400000) (1024K)]
  0x00007675b40817f0 ConcurrentGCThread "G1 Main Marker"            [id=13486, stack(0x00007675b8300000,0x00007675b8400000) (1024K)]
  0x00007675b40827a0 WorkerThread "G1 Conc#0"                       [id=13487, stack(0x00007675b81ff000,0x00007675b82ff000) (1024K)]
  0x00007675b411c760 ConcurrentGCThread "G1 Refine#0"               [id=13488, stack(0x0000767595dff000,0x0000767595eff000) (1024K)]
  0x00007675b411d720 ConcurrentGCThread "G1 Service"                [id=13489, stack(0x0000767595cfe000,0x0000767595dfe000) (1024K)]
Total: 7

Threads with active compile tasks:
C2 CompilerThread0  272  792   !   4       java.util.concurrent.ConcurrentHashMap::putVal (432 bytes)
Total: 1

VM state: not at safepoint (normal execution)

VM Mutex/Monitor currently owned by a thread:  ([mutex/lock_event])
[0x00007675bd11b178] MethodCompileQueue_lock - owner thread: 0x00007675b415a5c0
[0x00007675bd119df8] CodeCache_lock - owner thread: 0x00007675b415a5c0
[0x00007675bd119c78] Compile_lock - owner thread: 0x00007675b415a5c0

Heap address: 0x0000000086600000, size: 1946 MB, Compressed Oops mode: 32-bit

CDS archive(s) mapped at: [0x000076753f000000-0x000076753fc97000-0x000076753fc97000), size 13201408, SharedBaseAddress: 0x000076753f000000, ArchiveRelocationMode: 1.
Compressed class space mapped at: 0x0000767540000000-0x0000767580000000, reserved size: 1073741824
Narrow klass base: 0x000076753f000000, Narrow klass shift: 0, Narrow klass range: 0x100000000

GC Precious Log:
 CardTable entry size: 512
 Card Set container configuration: InlinePtr #cards 5 size 8 Array Of Cards #cards 12 size 40 Howl #buckets 4 coarsen threshold 1843 Howl Bitmap #cards 512 size 80 coarsen threshold 460 Card regions per heap region 1 cards per card region 2048
 CPUs: 12 total, 12 available
 Memory: 7776M
 Large Page Support: Disabled
 NUMA Support: Disabled
 Compressed Oops: Enabled (32-bit)
 Heap Region Size: 1M
 Heap Min Capacity: 8M
 Heap Initial Capacity: 122M
 Heap Max Capacity: 1946M
 Pre-touch: Disabled
 Parallel Workers: 10
 Concurrent Workers: 3
 Concurrent Refinement Workers: 10
 Periodic GC: Disabled

Heap:
 garbage-first heap   total 126976K, used 15409K [0x0000000086600000, 0x0000000100000000)
  region size 1024K, 15 young (15360K), 0 survivors (0K)
 Metaspace       used 4286K, committed 4416K, reserved 1114112K
  class space    used 443K, committed 512K, reserved 1048576K

Heap Regions: E=young(eden), S=young(survivor), O=old, HS=humongous(starts), HC=humongous(continues), CS=collection set, F=free, TAMS=top-at-mark-start, PB=parsable bottom
|   0|0x0000000086600000, 0x0000000086600000, 0x0000000086700000|  0%| F|  |TAMS 0x0000000086600000| PB 0x0000000086600000| Untracked 
|   1|0x0000000086700000, 0x0000000086700000, 0x0000000086800000|  0%| F|  |TAMS 0x0000000086700000| PB 0x0000000086700000| Untracked 
|   2|0x0000000086800000, 0x0000000086800000, 0x0000000086900000|  0%| F|  |TAMS 0x0000000086800000| PB 0x0000000086800000| Untracked 
|   3|0x0000000086900000, 0x0000000086900000, 0x0000000086a00000|  0%| F|  |TAMS 0x0000000086900000| PB 0x0000000086900000| Untracked 
|   4|0x0000000086a00000, 0x0000000086a00000, 0x0000000086b00000|  0%| F|  |TAMS 0x0000000086a00000| PB 0x0000000086a00000| Untracked 
|   5|0x0000000086b00000, 0x0000000086b00000, 0x0000000086c00000|  0%| F|  |TAMS 0x0000000086b00000| PB 0x0000000086b00000| Untracked 
|   6|0x0000000086c00000, 0x0000000086c00000, 0x0000000086d00000|  0%| F|  |TAMS 0x0000000086c00000| PB 0x0000000086c00000| Untracked 
|   7|0x0000000086d00000, 0x0000000086d00000, 0x0000000086e00000|  0%| F|  |TAMS 0x0000000086d00000| PB 0x0000000086d00000| Untracked 
|   8|0x0000000086e00000, 0x0000000086e00000, 0x0000000086f00000|  0%| F|  |TAMS 0x0000000086e00000| PB 0x0000000086e00000| Untracked 
|   9|0x0000000086f00000, 0x0000000086f00000, 0x0000000087000000|  0%| F|  |TAMS 0x0000000086f00000| PB 0x0000000086f00000| Untracked 
|  10|0x0000000087000000, 0x0000000087000000, 0x0000000087100000|  0%| F|  |TAMS 0x0000000087000000| PB 0x0000000087000000| Untracked 
|  11|0x0000000087100000, 0x0000000087100000, 0x0000000087200000|  0%| F|  |TAMS 0x0000000087100000| PB 0x0000000087100000| Untracked 
|  12|0x0000000087200000, 0x0000000087200000, 0x0000000087300000|  0%| F|  |TAMS 0x0000000087200000| PB 0x0000000087200000| Untracked 
|  13|0x0000000087300000, 0x0000000087300000, 0x0000000087400000|  0%| F|  |TAMS 0x0000000087300000| PB 0x0000000087300000| Untracked 
|  14|0x0000000087400000, 0x0000000087400000, 0x0000000087500000|  0%| F|  |TAMS 0x0000000087400000| PB 0x0000000087400000| Untracked 
|  15|0x0000000087500000, 0x0000000087500000, 0x0000000087600000|  0%| F|  |TAMS 0x0000000087500000| PB 0x0000000087500000| Untracked 
|  16|0x0000000087600000, 0x0000000087600000, 0x0000000087700000|  0%| F|  |TAMS 0x0000000087600000| PB 0x0000000087600000| Untracked 
|  17|0x0000000087700000, 0x0000000087700000, 0x0000000087800000|  0%| F|  |TAMS 0x0000000087700000| PB 0x0000000087700000| Untracked 
|  18|0x0000000087800000, 0x0000000087800000, 0x0000000087900000|  0%| F|  |TAMS 0x0000000087800000| PB 0x0000000087800000| Untracked 
|  19|0x0000000087900000, 0x0000000087900000, 0x0000000087a00000|  0%| F|  |TAMS 0x0000000087900000| PB 0x0000000087900000| Untracked 
|  20|0x0000000087a00000, 0x0000000087a00000, 0x0000000087b00000|  0%| F|  |TAMS 0x0000000087a00000| PB 0x0000000087a00000| Untracked 
|  21|0x0000000087b00000, 0x0000000087b00000, 0x0000000087c00000|  0%| F|  |TAMS 0x0000000087b00000| PB 0x0000000087b00000| Untracked 
|  22|0x0000000087c00000, 0x0000000087c00000, 0x0000000087d00000|  0%| F|  |TAMS 0x0000000087c00000| PB 0x0000000087c00000| Untracked 
|  23|0x0000000087d00000, 0x0000000087d00000, 0x0000000087e00000|  0%| F|  |TAMS 0x0000000087d00000| PB 0x0000000087d00000| Untracked 
|  24|0x0000000087e00000, 0x0000000087e00000, 0x0000000087f00000|  0%| F|  |TAMS 0x0000000087e00000| PB 0x0000000087e00000| Untracked 
|  25|0x0000000087f00000, 0x0000000087f00000, 0x0000000088000000|  0%| F|  |TAMS 0x0000000087f00000| PB 0x0000000087f00000| Untracked 
|  26|0x0000000088000000, 0x0000000088000000, 0x0000000088100000|  0%| F|  |TAMS 0x0000000088000000| PB 0x0000000088000000| Untracked 
|  27|0x0000000088100000, 0x0000000088100000, 0x0000000088200000|  0%| F|  |TAMS 0x0000000088100000| PB 0x0000000088100000| Untracked 
|  28|0x0000000088200000, 0x0000000088200000, 0x0000000088300000|  0%| F|  |TAMS 0x0000000088200000| PB 0x0000000088200000| Untracked 
|  29|0x0000000088300000, 0x0000000088300000, 0x0000000088400000|  0%| F|  |TAMS 0x0000000088300000| PB 0x0000000088300000| Untracked 
|  30|0x0000000088400000, 0x0000000088400000, 0x0000000088500000|  0%| F|  |TAMS 0x0000000088400000| PB 0x0000000088400000| Untracked 
|  31|0x0000000088500000, 0x0000000088500000, 0x0000000088600000|  0%| F|  |TAMS 0x0000000088500000| PB 0x0000000088500000| Untracked 
|  32|0x0000000088600000, 0x0000000088600000, 0x0000000088700000|  0%| F|  |TAMS 0x0000000088600000| PB 0x0000000088600000| Untracked 
|  33|0x0000000088700000, 0x0000000088700000, 0x0000000088800000|  0%| F|  |TAMS 0x0000000088700000| PB 0x0000000088700000| Untracked 
|  34|0x0000000088800000, 0x0000000088800000, 0x0000000088900000|  0%| F|  |TAMS 0x0000000088800000| PB 0x0000000088800000| Untracked 
|  35|0x0000000088900000, 0x0000000088900000, 0x0000000088a00000|  0%| F|  |TAMS 0x0000000088900000| PB 0x0000000088900000| Untracked 
|  36|0x0000000088a00000, 0x0000000088a00000, 0x0000000088b00000|  0%| F|  |TAMS 0x0000000088a00000| PB 0x0000000088a00000| Untracked 
|  37|0x0000000088b00000, 0x0000000088b00000, 0x0000000088c00000|  0%| F|  |TAMS 0x0000000088b00000| PB 0x0000000088b00000| Untracked 
|  38|0x0000000088c00000, 0x0000000088c00000, 0x0000000088d00000|  0%| F|  |TAMS 0x0000000088c00000| PB 0x0000000088c00000| Untracked 
|  39|0x0000000088d00000, 0x0000000088d00000, 0x0000000088e00000|  0%| F|  |TAMS 0x0000000088d00000| PB 0x0000000088d00000| Untracked 
|  40|0x0000000088e00000, 0x0000000088e00000, 0x0000000088f00000|  0%| F|  |TAMS 0x0000000088e00000| PB 0x0000000088e00000| Untracked 
|  41|0x0000000088f00000, 0x0000000088f00000, 0x0000000089000000|  0%| F|  |TAMS 0x0000000088f00000| PB 0x0000000088f00000| Untracked 
|  42|0x0000000089000000, 0x0000000089000000, 0x0000000089100000|  0%| F|  |TAMS 0x0000000089000000| PB 0x0000000089000000| Untracked 
|  43|0x0000000089100000, 0x0000000089100000, 0x0000000089200000|  0%| F|  |TAMS 0x0000000089100000| PB 0x0000000089100000| Untracked 
|  44|0x0000000089200000, 0x0000000089200000, 0x0000000089300000|  0%| F|  |TAMS 0x0000000089200000| PB 0x0000000089200000| Untracked 
|  45|0x0000000089300000, 0x0000000089300000, 0x0000000089400000|  0%| F|  |TAMS 0x0000000089300000| PB 0x0000000089300000| Untracked 
|  46|0x0000000089400000, 0x0000000089400000, 0x0000000089500000|  0%| F|  |TAMS 0x0000000089400000| PB 0x0000000089400000| Untracked 
|  47|0x0000000089500000, 0x0000000089500000, 0x0000000089600000|  0%| F|  |TAMS 0x0000000089500000| PB 0x0000000089500000| Untracked 
|  48|0x0000000089600000, 0x0000000089600000, 0x0000000089700000|  0%| F|  |TAMS 0x0000000089600000| PB 0x0000000089600000| Untracked 
|  49|0x0000000089700000, 0x0000000089700000, 0x0000000089800000|  0%| F|  |TAMS 0x0000000089700000| PB 0x0000000089700000| Untracked 
|  50|0x0000000089800000, 0x0000000089800000, 0x0000000089900000|  0%| F|  |TAMS 0x0000000089800000| PB 0x0000000089800000| Untracked 
|  51|0x0000000089900000, 0x0000000089900000, 0x0000000089a00000|  0%| F|  |TAMS 0x0000000089900000| PB 0x0000000089900000| Untracked 
|  52|0x0000000089a00000, 0x0000000089a00000, 0x0000000089b00000|  0%| F|  |TAMS 0x0000000089a00000| PB 0x0000000089a00000| Untracked 
|  53|0x0000000089b00000, 0x0000000089b00000, 0x0000000089c00000|  0%| F|  |TAMS 0x0000000089b00000| PB 0x0000000089b00000| Untracked 
|  54|0x0000000089c00000, 0x0000000089c00000, 0x0000000089d00000|  0%| F|  |TAMS 0x0000000089c00000| PB 0x0000000089c00000| Untracked 
|  55|0x0000000089d00000, 0x0000000089d00000, 0x0000000089e00000|  0%| F|  |TAMS 0x0000000089d00000| PB 0x0000000089d00000| Untracked 
|  56|0x0000000089e00000, 0x0000000089e00000, 0x0000000089f00000|  0%| F|  |TAMS 0x0000000089e00000| PB 0x0000000089e00000| Untracked 
|  57|0x0000000089f00000, 0x0000000089f00000, 0x000000008a000000|  0%| F|  |TAMS 0x0000000089f00000| PB 0x0000000089f00000| Untracked 
|  58|0x000000008a000000, 0x000000008a000000, 0x000000008a100000|  0%| F|  |TAMS 0x000000008a000000| PB 0x000000008a000000| Untracked 
|  59|0x000000008a100000, 0x000000008a100000, 0x000000008a200000|  0%| F|  |TAMS 0x000000008a100000| PB 0x000000008a100000| Untracked 
|  60|0x000000008a200000, 0x000000008a200000, 0x000000008a300000|  0%| F|  |TAMS 0x000000008a200000| PB 0x000000008a200000| Untracked 
|  61|0x000000008a300000, 0x000000008a300000, 0x000000008a400000|  0%| F|  |TAMS 0x000000008a300000| PB 0x000000008a300000| Untracked 
|  62|0x000000008a400000, 0x000000008a400000, 0x000000008a500000|  0%| F|  |TAMS 0x000000008a400000| PB 0x000000008a400000| Untracked 
|  63|0x000000008a500000, 0x000000008a500000, 0x000000008a600000|  0%| F|  |TAMS 0x000000008a500000| PB 0x000000008a500000| Untracked 
|  64|0x000000008a600000, 0x000000008a600000, 0x000000008a700000|  0%| F|  |TAMS 0x000000008a600000| PB 0x000000008a600000| Untracked 
|  65|0x000000008a700000, 0x000000008a700000, 0x000000008a800000|  0%| F|  |TAMS 0x000000008a700000| PB 0x000000008a700000| Untracked 
|  66|0x000000008a800000, 0x000000008a800000, 0x000000008a900000|  0%| F|  |TAMS 0x000000008a800000| PB 0x000000008a800000| Untracked 
|  67|0x000000008a900000, 0x000000008a900000, 0x000000008aa00000|  0%| F|  |TAMS 0x000000008a900000| PB 0x000000008a900000| Untracked 
|  68|0x000000008aa00000, 0x000000008aa00000, 0x000000008ab00000|  0%| F|  |TAMS 0x000000008aa00000| PB 0x000000008aa00000| Untracked 
|  69|0x000000008ab00000, 0x000000008ab00000, 0x000000008ac00000|  0%| F|  |TAMS 0x000000008ab00000| PB 0x000000008ab00000| Untracked 
|  70|0x000000008ac00000, 0x000000008ac00000, 0x000000008ad00000|  0%| F|  |TAMS 0x000000008ac00000| PB 0x000000008ac00000| Untracked 
|  71|0x000000008ad00000, 0x000000008ad00000, 0x000000008ae00000|  0%| F|  |TAMS 0x000000008ad00000| PB 0x000000008ad00000| Untracked 
|  72|0x000000008ae00000, 0x000000008ae00000, 0x000000008af00000|  0%| F|  |TAMS 0x000000008ae00000| PB 0x000000008ae00000| Untracked 
|  73|0x000000008af00000, 0x000000008af00000, 0x000000008b000000|  0%| F|  |TAMS 0x000000008af00000| PB 0x000000008af00000| Untracked 
|  74|0x000000008b000000, 0x000000008b000000, 0x000000008b100000|  0%| F|  |TAMS 0x000000008b000000| PB 0x000000008b000000| Untracked 
|  75|0x000000008b100000, 0x000000008b100000, 0x000000008b200000|  0%| F|  |TAMS 0x000000008b100000| PB 0x000000008b100000| Untracked 
|  76|0x000000008b200000, 0x000000008b200000, 0x000000008b300000|  0%| F|  |TAMS 0x000000008b200000| PB 0x000000008b200000| Untracked 
|  77|0x000000008b300000, 0x000000008b300000, 0x000000008b400000|  0%| F|  |TAMS 0x000000008b300000| PB 0x000000008b300000| Untracked 
|  78|0x000000008b400000, 0x000000008b400000, 0x000000008b500000|  0%| F|  |TAMS 0x000000008b400000| PB 0x000000008b400000| Untracked 
|  79|0x000000008b500000, 0x000000008b500000, 0x000000008b600000|  0%| F|  |TAMS 0x000000008b500000| PB 0x000000008b500000| Untracked 
|  80|0x000000008b600000, 0x000000008b600000, 0x000000008b700000|  0%| F|  |TAMS 0x000000008b600000| PB 0x000000008b600000| Untracked 
|  81|0x000000008b700000, 0x000000008b700000, 0x000000008b800000|  0%| F|  |TAMS 0x000000008b700000| PB 0x000000008b700000| Untracked 
|  82|0x000000008b800000, 0x000000008b800000, 0x000000008b900000|  0%| F|  |TAMS 0x000000008b800000| PB 0x000000008b800000| Untracked 
|  83|0x000000008b900000, 0x000000008b900000, 0x000000008ba00000|  0%| F|  |TAMS 0x000000008b900000| PB 0x000000008b900000| Untracked 
|  84|0x000000008ba00000, 0x000000008ba00000, 0x000000008bb00000|  0%| F|  |TAMS 0x000000008ba00000| PB 0x000000008ba00000| Untracked 
|  85|0x000000008bb00000, 0x000000008bb00000, 0x000000008bc00000|  0%| F|  |TAMS 0x000000008bb00000| PB 0x000000008bb00000| Untracked 
|  86|0x000000008bc00000, 0x000000008bc00000, 0x000000008bd00000|  0%| F|  |TAMS 0x000000008bc00000| PB 0x000000008bc00000| Untracked 
|  87|0x000000008bd00000, 0x000000008bd00000, 0x000000008be00000|  0%| F|  |TAMS 0x000000008bd00000| PB 0x000000008bd00000| Untracked 
|  88|0x000000008be00000, 0x000000008be00000, 0x000000008bf00000|  0%| F|  |TAMS 0x000000008be00000| PB 0x000000008be00000| Untracked 
|  89|0x000000008bf00000, 0x000000008bf00000, 0x000000008c000000|  0%| F|  |TAMS 0x000000008bf00000| PB 0x000000008bf00000| Untracked 
|  90|0x000000008c000000, 0x000000008c000000, 0x000000008c100000|  0%| F|  |TAMS 0x000000008c000000| PB 0x000000008c000000| Untracked 
|  91|0x000000008c100000, 0x000000008c100000, 0x000000008c200000|  0%| F|  |TAMS 0x000000008c100000| PB 0x000000008c100000| Untracked 
|  92|0x000000008c200000, 0x000000008c200000, 0x000000008c300000|  0%| F|  |TAMS 0x000000008c200000| PB 0x000000008c200000| Untracked 
|  93|0x000000008c300000, 0x000000008c300000, 0x000000008c400000|  0%| F|  |TAMS 0x000000008c300000| PB 0x000000008c300000| Untracked 
|  94|0x000000008c400000, 0x000000008c400000, 0x000000008c500000|  0%| F|  |TAMS 0x000000008c400000| PB 0x000000008c400000| Untracked 
|  95|0x000000008c500000, 0x000000008c500000, 0x000000008c600000|  0%| F|  |TAMS 0x000000008c500000| PB 0x000000008c500000| Untracked 
|  96|0x000000008c600000, 0x000000008c600000, 0x000000008c700000|  0%| F|  |TAMS 0x000000008c600000| PB 0x000000008c600000| Untracked 
|  97|0x000000008c700000, 0x000000008c700000, 0x000000008c800000|  0%| F|  |TAMS 0x000000008c700000| PB 0x000000008c700000| Untracked 
|  98|0x000000008c800000, 0x000000008c800000, 0x000000008c900000|  0%| F|  |TAMS 0x000000008c800000| PB 0x000000008c800000| Untracked 
|  99|0x000000008c900000, 0x000000008c900000, 0x000000008ca00000|  0%| F|  |TAMS 0x000000008c900000| PB 0x000000008c900000| Untracked 
| 100|0x000000008ca00000, 0x000000008ca00000, 0x000000008cb00000|  0%| F|  |TAMS 0x000000008ca00000| PB 0x000000008ca00000| Untracked 
| 101|0x000000008cb00000, 0x000000008cb00000, 0x000000008cc00000|  0%| F|  |TAMS 0x000000008cb00000| PB 0x000000008cb00000| Untracked 
| 102|0x000000008cc00000, 0x000000008cc00000, 0x000000008cd00000|  0%| F|  |TAMS 0x000000008cc00000| PB 0x000000008cc00000| Untracked 
| 103|0x000000008cd00000, 0x000000008cd00000, 0x000000008ce00000|  0%| F|  |TAMS 0x000000008cd00000| PB 0x000000008cd00000| Untracked 
| 104|0x000000008ce00000, 0x000000008ce00000, 0x000000008cf00000|  0%| F|  |TAMS 0x000000008ce00000| PB 0x000000008ce00000| Untracked 
| 105|0x000000008cf00000, 0x000000008cf00000, 0x000000008d000000|  0%| F|  |TAMS 0x000000008cf00000| PB 0x000000008cf00000| Untracked 
| 106|0x000000008d000000, 0x000000008d000000, 0x000000008d100000|  0%| F|  |TAMS 0x000000008d000000| PB 0x000000008d000000| Untracked 
| 107|0x000000008d100000, 0x000000008d17aab8, 0x000000008d200000| 47%| E|  |TAMS 0x000000008d100000| PB 0x000000008d100000| Complete 
| 108|0x000000008d200000, 0x000000008d300000, 0x000000008d300000|100%| E|CS|TAMS 0x000000008d200000| PB 0x000000008d200000| Complete 
| 109|0x000000008d300000, 0x000000008d400000, 0x000000008d400000|100%| E|CS|TAMS 0x000000008d300000| PB 0x000000008d300000| Complete 
| 110|0x000000008d400000, 0x000000008d500000, 0x000000008d500000|100%| E|CS|TAMS 0x000000008d400000| PB 0x000000008d400000| Complete 
| 111|0x000000008d500000, 0x000000008d600000, 0x000000008d600000|100%| E|CS|TAMS 0x000000008d500000| PB 0x000000008d500000| Complete 
| 112|0x000000008d600000, 0x000000008d700000, 0x000000008d700000|100%| E|CS|TAMS 0x000000008d600000| PB 0x000000008d600000| Complete 
| 113|0x000000008d700000, 0x000000008d800000, 0x000000008d800000|100%| E|CS|TAMS 0x000000008d700000| PB 0x000000008d700000| Complete 
| 114|0x000000008d800000, 0x000000008d900000, 0x000000008d900000|100%| E|CS|TAMS 0x000000008d800000| PB 0x000000008d800000| Complete 
| 115|0x000000008d900000, 0x000000008da00000, 0x000000008da00000|100%| E|CS|TAMS 0x000000008d900000| PB 0x000000008d900000| Complete 
| 116|0x000000008da00000, 0x000000008db00000, 0x000000008db00000|100%| E|CS|TAMS 0x000000008da00000| PB 0x000000008da00000| Complete 
| 117|0x000000008db00000, 0x000000008dc00000, 0x000000008dc00000|100%| E|CS|TAMS 0x000000008db00000| PB 0x000000008db00000| Complete 
| 118|0x000000008dc00000, 0x000000008dd00000, 0x000000008dd00000|100%| E|CS|TAMS 0x000000008dc00000| PB 0x000000008dc00000| Complete 
| 119|0x000000008dd00000, 0x000000008de00000, 0x000000008de00000|100%| E|CS|TAMS 0x000000008dd00000| PB 0x000000008dd00000| Complete 
| 120|0x000000008de00000, 0x000000008df00000, 0x000000008df00000|100%| E|CS|TAMS 0x000000008de00000| PB 0x000000008de00000| Complete 
| 121|0x000000008df00000, 0x000000008e000000, 0x000000008e000000|100%| E|CS|TAMS 0x000000008df00000| PB 0x000000008df00000| Complete 
|1944|0x00000000ffe00000, 0x00000000fff00000, 0x00000000fff00000|100%| O|  |TAMS 0x00000000ffe00000| PB 0x00000000ffe00000| Untracked 
|1945|0x00000000fff00000, 0x00000000fff0c710, 0x0000000100000000|  4%| O|  |TAMS 0x00000000fff00000| PB 0x00000000fff00000| Untracked 

Card table byte_map: [0x00007675ba400000,0x00007675ba7cd000] _byte_map_base: 0x00007675b9fcd000

Marking Bits: (CMBitMap*) 0x00007675b40719b0
 Bits: [0x00007675b8400000, 0x00007675ba268000)

Polling page: 0x00007675bd572000

Metaspace:

Usage:
  Non-class:      3.75 MB used.
      Class:    443.79 KB used.
       Both:      4.19 MB used.

Virtual space:
  Non-class space:       64.00 MB reserved,       3.81 MB (  6%) committed,  1 nodes.
      Class space:        1.00 GB reserved,     512.00 KB ( <1%) committed,  1 nodes.
             Both:        1.06 GB reserved,       4.31 MB ( <1%) committed. 

Chunk freelists:
   Non-Class:  9.89 MB
       Class:  15.44 MB
        Both:  25.33 MB

MaxMetaspaceSize: unlimited
CompressedClassSpaceSize: 1.00 GB
Initial GC threshold: 21.00 MB
Current GC threshold: 21.00 MB
CDS: on
 - commit_granule_bytes: 65536.
 - commit_granule_words: 8192.
 - virtual_space_node_default_size: 8388608.
 - enlarge_chunks_in_place: 1.
 - use_allocation_guard: 0.


Internal statistics:

num_allocs_failed_limit: 0.
num_arena_births: 42.
num_arena_deaths: 0.
num_vsnodes_births: 2.
num_vsnodes_deaths: 0.
num_space_committed: 69.
num_space_uncommitted: 0.
num_chunks_returned_to_freelist: 0.
num_chunks_taken_from_freelist: 159.
num_chunk_merges: 0.
num_chunk_splits: 104.
num_chunks_enlarged: 85.
num_inconsistent_stats: 0.

CodeHeap 'non-profiled nmethods': size=120028Kb used=268Kb max_used=268Kb free=119759Kb
 bounds [0x00007675a42c9000, 0x00007675a4539000, 0x00007675ab800000]
CodeHeap 'profiled nmethods': size=120028Kb used=1588Kb max_used=1588Kb free=118439Kb
 bounds [0x000076759c800000, 0x000076759ca70000, 0x00007675a3d37000]
CodeHeap 'non-nmethods': size=5704Kb used=1360Kb max_used=1360Kb free=4343Kb
 bounds [0x00007675a3d37000, 0x00007675a3fa7000, 0x00007675a42c9000]
 total_blobs=1283 nmethods=821 adapters=366
 compilation: enabled
              stopped_count=0, restarted_count=0
 full_count=0

Compilation events (20 events):
Event: 0.265 Thread 0x00007675b415bc80 nmethod 811 0x000076759c988e10 code [0x000076759c989000, 0x000076759c9893c0]
Event: 0.265 Thread 0x00007675b415bc80  812   !   3       java.util.zip.ZipFile$ZipFileInputStream::read (135 bytes)
Event: 0.265 Thread 0x00007675080e0270 nmethod 818 0x00007675a4309e10 code [0x00007675a4309f80, 0x00007675a430a008]
Event: 0.266 Thread 0x00007675b415bc80 nmethod 812 0x000076759c989590 code [0x000076759c9897a0, 0x000076759c989e08]
Event: 0.266 Thread 0x00007675b415bc80  820       3       java.util.zip.ZipFile$ZipFileInflaterInputStream::<init> (41 bytes)
Event: 0.266 Thread 0x00007675b415bc80 nmethod 820 0x000076759c98a190 code [0x000076759c98a380, 0x000076759c98a820]
Event: 0.266 Thread 0x00007675b415bc80  819       3       java.util.ArrayDeque::add (7 bytes)
Event: 0.266 Thread 0x00007675b415bc80 nmethod 819 0x000076759c98aa10 code [0x000076759c98abc0, 0x000076759c98acf8]
Event: 0.266 Thread 0x00007675b415bc80  821       3       java.util.zip.ZipFile$InflaterCleanupAction::run (12 bytes)
Event: 0.266 Thread 0x00007675b415bc80 nmethod 821 0x000076759c98ad90 code [0x000076759c98af40, 0x000076759c98b088]
Event: 0.266 Thread 0x00007675b415bc80  813       3       java.util.zip.ZipFile::ensureOpenOrZipException (19 bytes)
Event: 0.266 Thread 0x00007675b415bc80 nmethod 813 0x000076759c98b190 code [0x000076759c98b340, 0x000076759c98b500]
Event: 0.266 Thread 0x00007675b415bc80  814       3       java.util.zip.ZipFile$ZipFileInputStream::initDataOffset (117 bytes)
Event: 0.266 Thread 0x00007675b415bc80 nmethod 814 0x000076759c98b610 code [0x000076759c98b840, 0x000076759c98bfa0]
Event: 0.266 Thread 0x00007675b415bc80  815       3       java.util.zip.ZipUtils::LOCNAM (7 bytes)
Event: 0.266 Thread 0x00007675b415bc80 nmethod 815 0x000076759c98c290 code [0x000076759c98c440, 0x000076759c98c5d8]
Event: 0.266 Thread 0x00007675b415bc80  816       3       java.util.zip.ZipUtils::LOCEXT (7 bytes)
Event: 0.266 Thread 0x00007675b415bc80 nmethod 816 0x000076759c98c710 code [0x000076759c98c8c0, 0x000076759c98ca58]
Event: 0.266 Thread 0x00007675b415bc80  817   !   3       java.util.zip.ZipFile$Source::readAt (39 bytes)
Event: 0.266 Thread 0x00007675b415bc80 nmethod 817 0x000076759c98cb90 code [0x000076759c98cd60, 0x000076759c98d070]

GC Heap History (0 events):
No events

Dll operation events (8 events):
Event: 0.001 Loaded shared library /usr/lib/jvm/java-21-openjdk-amd64/lib/libjava.so
Event: 0.015 Loaded shared library /usr/lib/jvm/java-21-openjdk-amd64/lib/libjsvml.so
Event: 0.019 Loaded shared library /usr/lib/jvm/java-21-openjdk-amd64/lib/libnio.so
Event: 0.020 Loaded shared library /usr/lib/jvm/java-21-openjdk-amd64/lib/libzip.so
Event: 0.026 Loaded shared library /usr/lib/jvm/java-21-openjdk-amd64/lib/libnet.so
Event: 0.086 Loaded shared library /usr/lib/jvm/java-21-openjdk-amd64/lib/libjimage.so
Event: 0.091 Loaded shared library /tmp/jansi-2.4.1-ae490846e40b0eee-libjansi.so
Event: 0.097 Loaded shared library /usr/lib/jvm/java-21-openjdk-amd64/lib/libverify.so

Deoptimization events (20 events):
Event: 0.092 Thread 0x00007675b40195d0 DEOPT PACKING pc=0x00007675a42d5934 sp=0x00007675bbbfd7e0
Event: 0.092 Thread 0x00007675b40195d0 DEOPT UNPACKING pc=0x00007675a3d8af99 sp=0x00007675bbbfd7b0 mode 2
Event: 0.129 Thread 0x00007675b40195d0 Uncommon trap: trap_request=0xffffff6e fr.pc=0x00007675a42ecadc relative=0x000000000000049c
Event: 0.129 Thread 0x00007675b40195d0 Uncommon trap: reason=loop_limit_check action=maybe_recompile pc=0x00007675a42ecadc method=java.lang.StringLatin1.indexOf([BI[BII)I @ 37 c2
Event: 0.129 Thread 0x00007675b40195d0 DEOPT PACKING pc=0x00007675a42ecadc sp=0x00007675bbbfdb00
Event: 0.129 Thread 0x00007675b40195d0 DEOPT UNPACKING pc=0x00007675a3d8af99 sp=0x00007675bbbfda80 mode 2
Event: 0.186 Thread 0x00007675b40195d0 Uncommon trap: trap_request=0xffffff45 fr.pc=0x00007675a42fd01c relative=0x000000000000059c
Event: 0.186 Thread 0x00007675b40195d0 Uncommon trap: reason=unstable_if action=reinterpret pc=0x00007675a42fd01c method=java.util.regex.Matcher.search(I)Z @ 30 c2
Event: 0.186 Thread 0x00007675b40195d0 DEOPT PACKING pc=0x00007675a42fd01c sp=0x00007675bbbfd3b0
Event: 0.186 Thread 0x00007675b40195d0 DEOPT UNPACKING pc=0x00007675a3d8af99 sp=0x00007675bbbfd3a0 mode 2
Event: 0.190 Thread 0x00007675b40195d0 Uncommon trap: trap_request=0xffffff45 fr.pc=0x00007675a42ceb60 relative=0x00000000000000c0
Event: 0.190 Thread 0x00007675b40195d0 Uncommon trap: reason=unstable_if action=reinterpret pc=0x00007675a42ceb60 method=java.lang.String.isLatin1()Z @ 10 c2
Event: 0.190 Thread 0x00007675b40195d0 DEOPT PACKING pc=0x00007675a42ceb60 sp=0x00007675bbbfd6a0
Event: 0.190 Thread 0x00007675b40195d0 DEOPT UNPACKING pc=0x00007675a3d8af99 sp=0x00007675bbbfd600 mode 2
Event: 0.190 Thread 0x00007675b40195d0 Uncommon trap: trap_request=0xffffff45 fr.pc=0x00007675a42d3eec relative=0x000000000000006c
Event: 0.190 Thread 0x00007675b40195d0 Uncommon trap: reason=unstable_if action=reinterpret pc=0x00007675a42d3eec method=java.lang.String.isLatin1()Z @ 10 c2
Event: 0.190 Thread 0x00007675b40195d0 DEOPT PACKING pc=0x00007675a42d3eec sp=0x00007675bbbfa2a0
Event: 0.190 Thread 0x00007675b40195d0 DEOPT UNPACKING pc=0x00007675a3d8af99 sp=0x00007675bbbfa250 mode 2
Event: 0.217 Thread 0x00007675b40195d0 DEOPT PACKING pc=0x000076759c82a7d0 sp=0x00007675bbbfcd70
Event: 0.217 Thread 0x00007675b40195d0 DEOPT UNPACKING pc=0x00007675a3d8b72f sp=0x00007675bbbfc220 mode 0

Classes loaded (20 events):
Event: 0.232 Loading class java/util/NoSuchElementException done
Event: 0.242 Loading class java/util/Arrays$ArrayItr
Event: 0.242 Loading class java/util/Arrays$ArrayItr done
Event: 0.248 Loading class java/lang/invoke/DirectMethodHandle$Special
Event: 0.248 Loading class java/lang/invoke/DirectMethodHandle$Special done
Event: 0.251 Loading class java/lang/InterruptedException
Event: 0.251 Loading class java/lang/InterruptedException done
Event: 0.251 Loading class java/util/concurrent/ExecutionException
Event: 0.251 Loading class java/util/concurrent/ExecutionException done
Event: 0.254 Loading class java/util/concurrent/ConcurrentLinkedQueue
Event: 0.254 Loading class java/util/concurrent/ConcurrentLinkedQueue done
Event: 0.254 Loading class java/util/concurrent/ConcurrentLinkedQueue$Node
Event: 0.254 Loading class java/util/concurrent/ConcurrentLinkedQueue$Node done
Event: 0.258 Loading class java/util/concurrent/atomic/AtomicReferenceArray
Event: 0.259 Loading class java/util/concurrent/atomic/AtomicReferenceArray done
Event: 0.259 Loading class java/lang/invoke/VarHandleReferences$Array
Event: 0.259 Loading class java/lang/invoke/VarHandleReferences$Array done
Event: 0.267 Loading class java/lang/Class$AnnotationData
Event: 0.267 Loading class java/lang/Class$AnnotationData done
Event: 0.267 Loading class sun/reflect/annotation/TypeAnnotationParser

Classes unloaded (0 events):
No events

Classes redefined (0 events):
No events

Internal exceptions (17 events):
Event: 0.041 Thread 0x00007675b40195d0 Exception <a 'java/lang/NoSuchMethodError'{0x000000008de7eb08}: 'int java.lang.invoke.DirectMethodHandle$Holder.invokeSpecial(java.lang.Object, java.lang.Object, java.lang.Object)'> (0x000000008de7eb08) 
thrown [./src/hotspot/share/interpreter/linkResolver.cpp, line 772]
Event: 0.077 Thread 0x00007675b40195d0 Exception <a 'java/lang/NoSuchMethodError'{0x000000008dcd9880}: 'java.lang.Object java.lang.invoke.Invokers$Holder.invokeExact_MT(java.lang.Object, java.lang.Object, java.lang.Object, java.lang.Object, java.lang.Object)'> (0x000000008dcd9880) 
thrown [./src/hotspot/share/interpreter/linkResolver.cpp, line 772]
Event: 0.083 Thread 0x00007675b40195d0 Exception <a 'java/lang/NullPointerException'{0x000000008db2b420}> (0x000000008db2b420) 
thrown [./src/hotspot/share/interpreter/linkResolver.cpp, line 1372]
Event: 0.089 Thread 0x00007675b40195d0 Exception <a 'sun/nio/fs/UnixException'{0x000000008db4fbd0}> (0x000000008db4fbd0) 
thrown [./src/hotspot/share/prims/jni.cpp, line 520]
Event: 0.092 Thread 0x00007675b40195d0 Exception <a 'java/lang/NullPointerException'{0x000000008db68180}> (0x000000008db68180) 
thrown [./src/hotspot/share/interpreter/linkResolver.cpp, line 1372]
Event: 0.092 Thread 0x00007675b40195d0 Exception <a 'java/lang/NullPointerException'{0x000000008db68460}> (0x000000008db68460) 
thrown [./src/hotspot/share/interpreter/linkResolver.cpp, line 1372]
Event: 0.092 Thread 0x00007675b40195d0 Exception <a 'java/lang/NullPointerException'{0x000000008db68740}> (0x000000008db68740) 
thrown [./src/hotspot/share/interpreter/linkResolver.cpp, line 1372]
Event: 0.093 Thread 0x00007675b40195d0 Exception <a 'java/lang/NullPointerException'{0x000000008db6d658}> (0x000000008db6d658) 
thrown [./src/hotspot/share/interpreter/linkResolver.cpp, line 1372]
Event: 0.094 Thread 0x00007675b40195d0 Exception <a 'java/lang/NullPointerException'{0x000000008dbf6088}> (0x000000008dbf6088) 
thrown [./src/hotspot/share/interpreter/linkResolver.cpp, line 1372]
Event: 0.094 Thread 0x00007675b40195d0 Exception <a 'java/lang/NullPointerException'{0x000000008dbf6368}> (0x000000008dbf6368) 
thrown [./src/hotspot/share/interpreter/linkResolver.cpp, line 1372]
Event: 0.094 Thread 0x00007675b40195d0 Exception <a 'java/lang/NullPointerException'{0x000000008dbf6648}> (0x000000008dbf6648) 
thrown [./src/hotspot/share/interpreter/linkResolver.cpp, line 1372]
Event: 0.094 Thread 0x00007675b40195d0 Exception <a 'java/lang/NullPointerException'{0x000000008dbf6990}> (0x000000008dbf6990) 
thrown [./src/hotspot/share/interpreter/linkResolver.cpp, line 1372]
Event: 0.102 Thread 0x00007675b40195d0 Exception <a 'java/lang/NoSuchMethodError'{0x000000008da6df20}: 'void java.lang.invoke.DirectMethodHandle$Holder.invokeStatic(java.lang.Object, java.lang.Object)'> (0x000000008da6df20) 
thrown [./src/hotspot/share/interpreter/linkResolver.cpp, line 772]
Event: 0.102 Thread 0x00007675b40195d0 Exception <a 'java/lang/NoSuchMethodError'{0x000000008da71330}: 'void java.lang.invoke.DirectMethodHandle$Holder.invokeStaticInit(java.lang.Object, java.lang.Object)'> (0x000000008da71330) 
thrown [./src/hotspot/share/interpreter/linkResolver.cpp, line 772]
Event: 0.110 Thread 0x00007675b40195d0 Exception <a 'java/lang/NoSuchMethodError'{0x000000008dab4838}: 'void java.lang.invoke.DirectMethodHandle$Holder.invokeStatic(java.lang.Object, java.lang.Object, java.lang.Object)'> (0x000000008dab4838) 
thrown [./src/hotspot/share/interpreter/linkResolver.cpp, line 772]
Event: 0.145 Thread 0x00007675b40195d0 Exception <a 'java/lang/NoSuchMethodError'{0x000000008d852950}: 'java.lang.Object java.lang.invoke.DirectMethodHandle$Holder.invokeSpecialIFC(java.lang.Object, java.lang.Object, java.lang.Object, java.lang.Object)'> (0x000000008d852950) 
thrown [./src/hotspot/share/interpreter/linkResolver.cpp, line 772]
Event: 0.248 Thread 0x00007675b40195d0 Exception <a 'java/lang/NoSuchMethodError'{0x000000008d3c78a0}: 'void java.lang.invoke.DirectMethodHandle$Holder.invokeSpecial(java.lang.Object, java.lang.Object, java.lang.Object)'> (0x000000008d3c78a0) 
thrown [./src/hotspot/share/interpreter/linkResolver.cpp, line 772]

ZGC Phase Switch (0 events):
No events

VM Operations (2 events):
Event: 0.088 Executing VM operation: HandshakeAllThreads (Deoptimize)
Event: 0.088 Executing VM operation: HandshakeAllThreads (Deoptimize) done

Memory protections (12 events):
Event: 0.001 Protecting memory [0x00007675bbb00000,0x00007675bbb04000] with protection modes 0
Event: 0.014 Protecting memory [0x0000767595100000,0x0000767595104000] with protection modes 0
Event: 0.014 Protecting memory [0x0000767595000000,0x0000767595004000] with protection modes 0
Event: 0.014 Protecting memory [0x0000767594f00000,0x0000767594f04000] with protection modes 0
Event: 0.014 Protecting memory [0x0000767594e00000,0x0000767594e04000] with protection modes 0
Event: 0.014 Protecting memory [0x0000767594d00000,0x0000767594d04000] with protection modes 0
Event: 0.014 Protecting memory [0x0000767594c00000,0x0000767594c04000] with protection modes 0
Event: 0.014 Protecting memory [0x0000767594b00000,0x0000767594b04000] with protection modes 0
Event: 0.016 Protecting memory [0x0000767594a00000,0x0000767594a04000] with protection modes 0
Event: 0.018 Protecting memory [0x0000767594900000,0x0000767594904000] with protection modes 0
Event: 0.085 Protecting memory [0x0000767594800000,0x0000767594804000] with protection modes 0
Event: 0.122 Protecting memory [0x0000767594800000,0x0000767594804000] with protection modes 0

Nmethod flushes (0 events):
No events

Events (13 events):
Event: 0.008 Thread 0x00007675b40195d0 Thread added: 0x00007675b40195d0
Event: 0.014 Thread 0x00007675b40195d0 Thread added: 0x00007675b4153070
Event: 0.014 Thread 0x00007675b40195d0 Thread added: 0x00007675b4154700
Event: 0.014 Thread 0x00007675b40195d0 Thread added: 0x00007675b4155ea0
Event: 0.014 Thread 0x00007675b40195d0 Thread added: 0x00007675b41574e0
Event: 0.014 Thread 0x00007675b40195d0 Thread added: 0x00007675b4158a80
Event: 0.014 Thread 0x00007675b40195d0 Thread added: 0x00007675b415a5c0
Event: 0.014 Thread 0x00007675b40195d0 Thread added: 0x00007675b415bc80
Event: 0.016 Thread 0x00007675b40195d0 Thread added: 0x00007675b4167b20
Event: 0.018 Thread 0x00007675b40195d0 Thread added: 0x00007675b416ae50
Event: 0.085 Thread 0x00007675b40195d0 Thread added: 0x00007675b43ae6b0
Event: 0.088 Thread 0x00007675b43ae6b0 Thread exited: 0x00007675b43ae6b0
Event: 0.122 Thread 0x00007675b415a5c0 Thread added: 0x00007675080e0270


Dynamic libraries:
86600000-8e000000 rw-p 00000000 00:00 0 
8e000000-ffe00000 ---p 00000000 00:00 0 
ffe00000-fff0d000 rw-p 00cd6000 08:25 2543604                            /usr/lib/jvm/java-21-openjdk-amd64/lib/server/classes.jsa
fff0d000-100000000 rw-p 00000000 00:00 0 
55ee22d8d000-55ee22d8e000 r--p 00000000 08:25 2148401                    /usr/lib/jvm/java-21-openjdk-amd64/bin/java
55ee22d8e000-55ee22d8f000 r-xp 00001000 08:25 2148401                    /usr/lib/jvm/java-21-openjdk-amd64/bin/java
55ee22d8f000-55ee22d90000 r--p 00002000 08:25 2148401                    /usr/lib/jvm/java-21-openjdk-amd64/bin/java
55ee22d90000-55ee22d91000 r--p 00002000 08:25 2148401                    /usr/lib/jvm/java-21-openjdk-amd64/bin/java
55ee22d91000-55ee22d92000 rw-p 00003000 08:25 2148401                    /usr/lib/jvm/java-21-openjdk-amd64/bin/java
55ee61937000-55ee6197e000 rw-p 00000000 00:00 0                          [heap]
7674f0000000-7674f01e8000 rw-p 00000000 00:00 0 
7674f01e8000-7674f4000000 ---p 00000000 00:00 0 
7674f8000000-7674f8021000 rw-p 00000000 00:00 0 
7674f8021000-7674fc000000 ---p 00000000 00:00 0 
7674fc000000-7674fc021000 rw-p 00000000 00:00 0 
7674fc021000-767500000000 ---p 00000000 00:00 0 
767504000000-76750437b000 rw-p 00000000 00:00 0 
76750437b000-767508000000 ---p 00000000 00:00 0 
767508000000-76750832f000 rw-p 00000000 00:00 0 
76750832f000-76750c000000 ---p 00000000 00:00 0 
767510000000-767510021000 rw-p 00000000 00:00 0 
767510021000-767514000000 ---p 00000000 00:00 0 
767514000000-767514021000 rw-p 00000000 00:00 0 
767514021000-767518000000 ---p 00000000 00:00 0 
76751c000000-76751c021000 rw-p 00000000 00:00 0 
76751c021000-767520000000 ---p 00000000 00:00 0 
767520000000-767520021000 rw-p 00000000 00:00 0 
767520021000-767524000000 ---p 00000000 00:00 0 
767528000000-767528021000 rw-p 00000000 00:00 0 
767528021000-76752c000000 ---p 00000000 00:00 0 
76752c000000-76752c021000 rw-p 00000000 00:00 0 
76752c021000-767530000000 ---p 00000000 00:00 0 
767534000000-7675341b0000 rw-p 00000000 00:00 0 
7675341b0000-767534400000 ---p 00000000 00:00 0 
767534400000-767534620000 rw-p 00000000 00:00 0 
767534620000-767538000000 ---p 00000000 00:00 0 
767538000000-767538021000 rw-p 00000000 00:00 0 
767538021000-76753c000000 ---p 00000000 00:00 0 
76753f000000-76753fc97000 rw-p 00001000 08:25 2543604                    /usr/lib/jvm/java-21-openjdk-amd64/lib/server/classes.jsa
76753fc97000-767540000000 ---p 00000000 00:00 0 
767540000000-767540030000 rw-p 00000000 00:00 0 
767540030000-767540070000 rw-p 00000000 00:00 0 
767540070000-767540080000 ---p 00000000 00:00 0 
767540080000-767540090000 rw-p 00000000 00:00 0 
767540090000-767580000000 ---p 00000000 00:00 0 
767580000000-767580021000 rw-p 00000000 00:00 0 
767580021000-767584000000 ---p 00000000 00:00 0 
767584000000-767584021000 rw-p 00000000 00:00 0 
767584021000-767588000000 ---p 00000000 00:00 0 
76758bc00000-76758bee2000 rw-p 00000000 00:00 0 
76758c000000-76758c021000 rw-p 00000000 00:00 0 
76758c021000-767590000000 ---p 00000000 00:00 0 
767590000000-767590021000 rw-p 00000000 00:00 0 
767590021000-767594000000 ---p 00000000 00:00 0 
767594200000-767594203000 r-xp 00000000 08:25 2299434                    /tmp/jansi-2.4.1-ae490846e40b0eee-libjansi.so
767594203000-767594402000 ---p 00003000 08:25 2299434                    /tmp/jansi-2.4.1-ae490846e40b0eee-libjansi.so
767594402000-767594403000 r--p 00002000 08:25 2299434                    /tmp/jansi-2.4.1-ae490846e40b0eee-libjansi.so
767594403000-767594404000 rw-p 00003000 08:25 2299434                    /tmp/jansi-2.4.1-ae490846e40b0eee-libjansi.so
767594680000-767594800000 rw-p 00000000 00:00 0 
767594800000-767594804000 ---p 00000000 00:00 0 
767594804000-767594900000 rw-p 00000000 00:00 0 
767594900000-767594904000 ---p 00000000 00:00 0 
767594904000-767594a00000 rw-p 00000000 00:00 0 
767594a00000-767594a04000 ---p 00000000 00:00 0 
767594a04000-767594b00000 rw-p 00000000 00:00 0 
767594b00000-767594b04000 ---p 00000000 00:00 0 
767594b04000-767594c00000 rw-p 00000000 00:00 0 
767594c00000-767594c04000 ---p 00000000 00:00 0 
767594c04000-767594d00000 rw-p 00000000 00:00 0 
767594d00000-767594d04000 ---p 00000000 00:00 0 
767594d04000-767594e00000 rw-p 00000000 00:00 0 
767594e00000-767594e04000 ---p 00000000 00:00 0 
767594e04000-767594f00000 rw-p 00000000 00:00 0 
767594f00000-767594f04000 ---p 00000000 00:00 0 
767594f04000-767595000000 rw-p 00000000 00:00 0 
767595000000-767595004000 ---p 00000000 00:00 0 
767595004000-767595100000 rw-p 00000000 00:00 0 
767595100000-767595104000 ---p 00000000 00:00 0 
767595104000-767595200000 rw-p 00000000 00:00 0 
767595200000-767595a03000 r--p 00000000 08:25 1850347                    /usr/lib/locale/locale-archive
767595afb000-767595afc000 ---p 00000000 00:00 0 
767595afc000-767595bfc000 rw-p 00000000 00:00 0 
767595bfc000-767595bfd000 ---p 00000000 00:00 0 
767595bfd000-767595cfd000 rw-p 00000000 00:00 0 
767595cfd000-767595cfe000 ---p 00000000 00:00 0 
767595cfe000-767595dfe000 rw-p 00000000 00:00 0 
767595dfe000-767595dff000 ---p 00000000 00:00 0 
767595dff000-767595eff000 rw-p 00000000 00:00 0 
767595eff000-767598021000 rw-p 00000000 00:00 0 
767598021000-76759c000000 ---p 00000000 00:00 0 
76759c0f9000-76759c800000 rw-p 00000000 00:00 0 
76759c800000-76759ca70000 rwxp 00000000 00:00 0 
76759ca70000-7675a3d37000 ---p 00000000 00:00 0 
7675a3d37000-7675a3fa7000 rwxp 00000000 00:00 0 
7675a3fa7000-7675a42c9000 ---p 00000000 00:00 0 
7675a42c9000-7675a4539000 rwxp 00000000 00:00 0 
7675a4539000-7675ab800000 ---p 00000000 00:00 0 
7675ab800000-7675b3e0d000 r--s 00000000 08:25 2543601                    /usr/lib/jvm/java-21-openjdk-amd64/lib/modules
7675b3e2e000-7675b3e33000 r--p 00000000 08:25 2543585                    /usr/lib/jvm/java-21-openjdk-amd64/lib/libjsvml.so
7675b3e33000-7675b3e74000 r-xp 00005000 08:25 2543585                    /usr/lib/jvm/java-21-openjdk-amd64/lib/libjsvml.so
7675b3e74000-7675b3efd000 r--p 00046000 08:25 2543585                    /usr/lib/jvm/java-21-openjdk-amd64/lib/libjsvml.so
7675b3efd000-7675b3efe000 r--p 000ce000 08:25 2543585                    /usr/lib/jvm/java-21-openjdk-amd64/lib/libjsvml.so
7675b3efe000-7675b3eff000 rw-p 000cf000 08:25 2543585                    /usr/lib/jvm/java-21-openjdk-amd64/lib/libjsvml.so
7675b3eff000-7675b45e3000 rw-p 00000000 00:00 0 
7675b45e3000-7675b8000000 ---p 00000000 00:00 0 
7675b807c000-7675b81fe000 rw-p 00000000 00:00 0 
7675b81fe000-7675b81ff000 ---p 00000000 00:00 0 
7675b81ff000-7675b82ff000 rw-p 00000000 00:00 0 
7675b82ff000-7675b8300000 ---p 00000000 00:00 0 
7675b8300000-7675b8400000 rw-p 00000000 00:00 0 
7675b8400000-7675b85e8000 rw-p 00000000 00:00 0 
7675b85e8000-7675ba260000 ---p 00000000 00:00 0 
7675ba260000-7675ba268000 rw-p 00000000 00:00 0 
7675ba2a4000-7675ba2ff000 rw-p 00000000 00:00 0 
7675ba2ff000-7675ba300000 ---p 00000000 00:00 0 
7675ba300000-7675ba400000 rw-p 00000000 00:00 0 
7675ba400000-7675ba43d000 rw-p 00000000 00:00 0 
7675ba43d000-7675ba7cc000 ---p 00000000 00:00 0 
7675ba7cc000-7675ba7cd000 rw-p 00000000 00:00 0 
7675ba800000-7675ba83d000 rw-p 00000000 00:00 0 
7675ba83d000-7675babcc000 ---p 00000000 00:00 0 
7675babcc000-7675babcd000 rw-p 00000000 00:00 0 
7675bac20000-7675bb62f000 rw-p 00000000 00:00 0 
7675bb62f000-7675bb715000 ---p 00000000 00:00 0 
7675bb715000-7675bb71a000 rw-p 00000000 00:00 0 
7675bb71a000-7675bb800000 ---p 00000000 00:00 0 
7675bb800000-7675bb89d000 r--p 00000000 08:25 1869011                    /usr/lib/x86_64-linux-gnu/libstdc++.so.6.0.33
7675bb89d000-7675bb9e5000 r-xp 0009d000 08:25 1869011                    /usr/lib/x86_64-linux-gnu/libstdc++.so.6.0.33
7675bb9e5000-7675bba6c000 r--p 001e5000 08:25 1869011                    /usr/lib/x86_64-linux-gnu/libstdc++.so.6.0.33
7675bba6c000-7675bba77000 r--p 0026b000 08:25 1869011                    /usr/lib/x86_64-linux-gnu/libstdc++.so.6.0.33
7675bba77000-7675bba7a000 rw-p 00276000 08:25 1869011                    /usr/lib/x86_64-linux-gnu/libstdc++.so.6.0.33
7675bba7a000-7675bba7e000 rw-p 00000000 00:00 0 
7675bba87000-7675bba8e000 r--s 00000000 08:25 1870331                    /usr/lib/x86_64-linux-gnu/gconv/gconv-modules.cache
7675bba8e000-7675bba92000 r--p 00000000 08:25 2543599                    /usr/lib/jvm/java-21-openjdk-amd64/lib/libverify.so
7675bba92000-7675bba99000 r-xp 00004000 08:25 2543599                    /usr/lib/jvm/java-21-openjdk-amd64/lib/libverify.so
7675bba99000-7675bba9b000 r--p 0000b000 08:25 2543599                    /usr/lib/jvm/java-21-openjdk-amd64/lib/libverify.so
7675bba9b000-7675bba9d000 r--p 0000c000 08:25 2543599                    /usr/lib/jvm/java-21-openjdk-amd64/lib/libverify.so
7675bba9d000-7675bba9e000 rw-p 0000e000 08:25 2543599                    /usr/lib/jvm/java-21-openjdk-amd64/lib/libverify.so
7675bba9e000-7675bbaa0000 r--p 00000000 08:25 2543600                    /usr/lib/jvm/java-21-openjdk-amd64/lib/libzip.so
7675bbaa0000-7675bbaa5000 r-xp 00002000 08:25 2543600                    /usr/lib/jvm/java-21-openjdk-amd64/lib/libzip.so
7675bbaa5000-7675bbaa7000 r--p 00007000 08:25 2543600                    /usr/lib/jvm/java-21-openjdk-amd64/lib/libzip.so
7675bbaa7000-7675bbaa8000 r--p 00008000 08:25 2543600                    /usr/lib/jvm/java-21-openjdk-amd64/lib/libzip.so
7675bbaa8000-7675bbaa9000 rw-p 00009000 08:25 2543600                    /usr/lib/jvm/java-21-openjdk-amd64/lib/libzip.so
7675bbaa9000-7675bbab0000 r--p 00000000 08:25 2543593                    /usr/lib/jvm/java-21-openjdk-amd64/lib/libnio.so
7675bbab0000-7675bbab9000 r-xp 00007000 08:25 2543593                    /usr/lib/jvm/java-21-openjdk-amd64/lib/libnio.so
7675bbab9000-7675bbabd000 r--p 00010000 08:25 2543593                    /usr/lib/jvm/java-21-openjdk-amd64/lib/libnio.so
7675bbabd000-7675bbabe000 r--p 00014000 08:25 2543593                    /usr/lib/jvm/java-21-openjdk-amd64/lib/libnio.so
7675bbabe000-7675bbabf000 rw-p 00015000 08:25 2543593                    /usr/lib/jvm/java-21-openjdk-amd64/lib/libnio.so
7675bbabf000-7675bbb00000 rw-p 00000000 00:00 0 
7675bbb00000-7675bbb04000 ---p 00000000 00:00 0 
7675bbb04000-7675bbc00000 rw-p 00000000 00:00 0 
7675bbc00000-7675bbea1000 r--p 00000000 08:25 2543607                    /usr/lib/jvm/java-21-openjdk-amd64/lib/server/libjvm.so
7675bbea1000-7675bcd0d000 r-xp 002a1000 08:25 2543607                    /usr/lib/jvm/java-21-openjdk-amd64/lib/server/libjvm.so
7675bcd0d000-7675bcfe5000 r--p 0110d000 08:25 2543607                    /usr/lib/jvm/java-21-openjdk-amd64/lib/server/libjvm.so
7675bcfe5000-7675bd0b8000 r--p 013e5000 08:25 2543607                    /usr/lib/jvm/java-21-openjdk-amd64/lib/server/libjvm.so
7675bd0b8000-7675bd0e8000 rw-p 014b8000 08:25 2543607                    /usr/lib/jvm/java-21-openjdk-amd64/lib/server/libjvm.so
7675bd0e8000-7675bd14e000 rw-p 00000000 00:00 0 
7675bd14f000-7675bd152000 r--p 00000000 08:25 2543592                    /usr/lib/jvm/java-21-openjdk-amd64/lib/libnet.so
7675bd152000-7675bd15a000 r-xp 00003000 08:25 2543592                    /usr/lib/jvm/java-21-openjdk-amd64/lib/libnet.so
7675bd15a000-7675bd15c000 r--p 0000b000 08:25 2543592                    /usr/lib/jvm/java-21-openjdk-amd64/lib/libnet.so
7675bd15c000-7675bd15d000 r--p 0000c000 08:25 2543592                    /usr/lib/jvm/java-21-openjdk-amd64/lib/libnet.so
7675bd15d000-7675bd15e000 rw-p 0000d000 08:25 2543592                    /usr/lib/jvm/java-21-openjdk-amd64/lib/libnet.so
7675bd15e000-7675bd1dc000 rw-p 00000000 00:00 0 
7675bd1dc000-7675bd1e9000 r--p 00000000 08:25 2543578                    /usr/lib/jvm/java-21-openjdk-amd64/lib/libjava.so
7675bd1e9000-7675bd1f8000 r-xp 0000d000 08:25 2543578                    /usr/lib/jvm/java-21-openjdk-amd64/lib/libjava.so
7675bd1f8000-7675bd1fd000 r--p 0001c000 08:25 2543578                    /usr/lib/jvm/java-21-openjdk-amd64/lib/libjava.so
7675bd1fd000-7675bd1fe000 r--p 00021000 08:25 2543578                    /usr/lib/jvm/java-21-openjdk-amd64/lib/libjava.so
7675bd1fe000-7675bd1ff000 rw-p 00022000 08:25 2543578                    /usr/lib/jvm/java-21-openjdk-amd64/lib/libjava.so
7675bd1ff000-7675bd200000 rw-p 00000000 00:00 0 
7675bd200000-7675bd228000 r--p 00000000 08:25 1867753                    /usr/lib/x86_64-linux-gnu/libc.so.6
7675bd228000-7675bd3b0000 r-xp 00028000 08:25 1867753                    /usr/lib/x86_64-linux-gnu/libc.so.6
7675bd3b0000-7675bd3ff000 r--p 001b0000 08:25 1867753                    /usr/lib/x86_64-linux-gnu/libc.so.6
7675bd3ff000-7675bd403000 r--p 001fe000 08:25 1867753                    /usr/lib/x86_64-linux-gnu/libc.so.6
7675bd403000-7675bd405000 rw-p 00202000 08:25 1867753                    /usr/lib/x86_64-linux-gnu/libc.so.6
7675bd405000-7675bd412000 rw-p 00000000 00:00 0 
7675bd418000-7675bd41d000 rw-p 00000000 00:00 0 
7675bd41d000-7675bd424000 ---p 00000000 00:00 0 
7675bd424000-7675bd428000 r--p 00000000 08:25 1868124                    /usr/lib/x86_64-linux-gnu/libgcc_s.so.1
7675bd428000-7675bd44c000 r-xp 00004000 08:25 1868124                    /usr/lib/x86_64-linux-gnu/libgcc_s.so.1
7675bd44c000-7675bd450000 r--p 00028000 08:25 1868124                    /usr/lib/x86_64-linux-gnu/libgcc_s.so.1
7675bd450000-7675bd451000 r--p 0002b000 08:25 1868124                    /usr/lib/x86_64-linux-gnu/libgcc_s.so.1
7675bd451000-7675bd452000 rw-p 0002c000 08:25 1868124                    /usr/lib/x86_64-linux-gnu/libgcc_s.so.1
7675bd452000-7675bd462000 r--p 00000000 08:25 1868504                    /usr/lib/x86_64-linux-gnu/libm.so.6
7675bd462000-7675bd4e1000 r-xp 00010000 08:25 1868504                    /usr/lib/x86_64-linux-gnu/libm.so.6
7675bd4e1000-7675bd539000 r--p 0008f000 08:25 1868504                    /usr/lib/x86_64-linux-gnu/libm.so.6
7675bd539000-7675bd53a000 r--p 000e7000 08:25 1868504                    /usr/lib/x86_64-linux-gnu/libm.so.6
7675bd53a000-7675bd53b000 rw-p 000e8000 08:25 1868504                    /usr/lib/x86_64-linux-gnu/libm.so.6
7675bd53b000-7675bd53d000 rw-p 00000000 00:00 0 
7675bd53d000-7675bd53f000 r--p 00000000 08:25 2543582                    /usr/lib/jvm/java-21-openjdk-amd64/lib/libjli.so
7675bd53f000-7675bd549000 r-xp 00002000 08:25 2543582                    /usr/lib/jvm/java-21-openjdk-amd64/lib/libjli.so
7675bd549000-7675bd54c000 r--p 0000c000 08:25 2543582                    /usr/lib/jvm/java-21-openjdk-amd64/lib/libjli.so
7675bd54c000-7675bd54d000 r--p 0000f000 08:25 2543582                    /usr/lib/jvm/java-21-openjdk-amd64/lib/libjli.so
7675bd54d000-7675bd54e000 rw-p 00010000 08:25 2543582                    /usr/lib/jvm/java-21-openjdk-amd64/lib/libjli.so
7675bd54e000-7675bd550000 r--p 00000000 08:25 1869333                    /usr/lib/x86_64-linux-gnu/libz.so.1.3
7675bd550000-7675bd562000 r-xp 00002000 08:25 1869333                    /usr/lib/x86_64-linux-gnu/libz.so.1.3
7675bd562000-7675bd568000 r--p 00014000 08:25 1869333                    /usr/lib/x86_64-linux-gnu/libz.so.1.3
7675bd568000-7675bd569000 r--p 0001a000 08:25 1869333                    /usr/lib/x86_64-linux-gnu/libz.so.1.3
7675bd569000-7675bd56a000 rw-p 0001b000 08:25 1869333                    /usr/lib/x86_64-linux-gnu/libz.so.1.3
7675bd56a000-7675bd572000 rw-s 00000000 08:25 2658504                    /tmp/hsperfdata_edu/13467
7675bd572000-7675bd573000 ---p 00000000 00:00 0 
7675bd573000-7675bd574000 r--p 00000000 00:00 0 
7675bd574000-7675bd575000 ---p 00000000 00:00 0 
7675bd575000-7675bd577000 r--p 00000000 08:25 2543581                    /usr/lib/jvm/java-21-openjdk-amd64/lib/libjimage.so
7675bd577000-7675bd57a000 r-xp 00002000 08:25 2543581                    /usr/lib/jvm/java-21-openjdk-amd64/lib/libjimage.so
7675bd57a000-7675bd57b000 r--p 00005000 08:25 2543581                    /usr/lib/jvm/java-21-openjdk-amd64/lib/libjimage.so
7675bd57b000-7675bd57c000 r--p 00006000 08:25 2543581                    /usr/lib/jvm/java-21-openjdk-amd64/lib/libjimage.so
7675bd57c000-7675bd57d000 rw-p 00007000 08:25 2543581                    /usr/lib/jvm/java-21-openjdk-amd64/lib/libjimage.so
7675bd57d000-7675bd57f000 rw-p 00000000 00:00 0 
7675bd57f000-7675bd580000 r--p 00000000 08:25 1867323                    /usr/lib/x86_64-linux-gnu/ld-linux-x86-64.so.2
7675bd580000-7675bd5ab000 r-xp 00001000 08:25 1867323                    /usr/lib/x86_64-linux-gnu/ld-linux-x86-64.so.2
7675bd5ab000-7675bd5b5000 r--p 0002c000 08:25 1867323                    /usr/lib/x86_64-linux-gnu/ld-linux-x86-64.so.2
7675bd5b5000-7675bd5b7000 r--p 00036000 08:25 1867323                    /usr/lib/x86_64-linux-gnu/ld-linux-x86-64.so.2
7675bd5b7000-7675bd5b9000 rw-p 00038000 08:25 1867323                    /usr/lib/x86_64-linux-gnu/ld-linux-x86-64.so.2
7fff999ae000-7fff999cf000 rw-p 00000000 00:00 0                          [stack]
7fff999ef000-7fff999f3000 r--p 00000000 00:00 0                          [vvar]
7fff999f3000-7fff999f5000 r-xp 00000000 00:00 0                          [vdso]
ffffffffff600000-ffffffffff601000 --xp 00000000 00:00 0                  [vsyscall]
Total number of mappings: 217


VM Arguments:
jvm_args: -Dclassworlds.conf=/usr/lib/apache-netbeans/java/maven/bin/m2.conf -Dmaven.home=/usr/lib/apache-netbeans/java/maven -Dlibrary.jansi.path=/usr/lib/apache-netbeans/java/maven/lib/jansi-native -Dmaven.multiModuleProjectDirectory=/home/edu/IPC2-2025/AnalizadorLexico2/AnalizadorLexico 
java_command: org.codehaus.plexus.classworlds.launcher.Launcher -Dmaven.ext.class.path=/usr/lib/apache-netbeans/java/maven-nblib/netbeans-eventspy.jar --no-transfer-progress clean install
java_class_path (initial): /usr/lib/apache-netbeans/java/maven/boot/plexus-classworlds-2.8.0.jar
Launcher Type: SUN_STANDARD

[Global flags]
     intx CICompilerCount                          = 4                                         {product} {ergonomic}
     uint ConcGCThreads                            = 3                                         {product} {ergonomic}
     uint G1ConcRefinementThreads                  = 10                                        {product} {ergonomic}
   size_t G1HeapRegionSize                         = 1048576                                   {product} {ergonomic}
    uintx GCDrainStackTargetSize                   = 64                                        {product} {ergonomic}
   size_t InitialHeapSize                          = 127926272                                 {product} {ergonomic}
   size_t MarkStackSize                            = 4194304                                   {product} {ergonomic}
   size_t MaxHeapSize                              = 2040528896                                {product} {ergonomic}
   size_t MaxNewSize                               = 1223688192                                {product} {ergonomic}
   size_t MinHeapDeltaBytes                        = 1048576                                   {product} {ergonomic}
   size_t MinHeapSize                              = 8388608                                   {product} {ergonomic}
    uintx NonNMethodCodeHeapSize                   = 5839372                                {pd product} {ergonomic}
    uintx NonProfiledCodeHeapSize                  = 122909434                              {pd product} {ergonomic}
    uintx ProfiledCodeHeapSize                     = 122909434                              {pd product} {ergonomic}
    uintx ReservedCodeCacheSize                    = 251658240                              {pd product} {ergonomic}
     bool SegmentedCodeCache                       = true                                      {product} {ergonomic}
   size_t SoftMaxHeapSize                          = 2040528896                             {manageable} {ergonomic}
     bool UseCompressedOops                        = true                           {product lp64_product} {ergonomic}
     bool UseG1GC                                  = true                                      {product} {ergonomic}

Logging:
Log output configuration:
 #0: stdout all=warning uptime,level,tags foldmultilines=false
 #1: stderr all=off uptime,level,tags foldmultilines=false

Environment Variables:
JAVA_HOME=/usr/lib/jvm/java-21-openjdk-amd64
PATH=/usr/local/sbin:/usr/local/bin:/usr/sbin:/usr/bin:/sbin:/bin:/usr/games:/usr/local/games:/snap/bin
SHELL=/bin/bash
DISPLAY=:0
LANG=es_GT.UTF-8

Active Locale:
LC_ALL=es_GT.UTF-8
LC_COLLATE=es_GT.UTF-8
LC_CTYPE=es_GT.UTF-8
LC_MESSAGES=es_GT.UTF-8
LC_MONETARY=es_GT.UTF-8
LC_NUMERIC=es_GT.UTF-8
LC_TIME=es_GT.UTF-8

Signal Handlers:
   SIGSEGV: crash_handler in libjvm.so, mask=11100100010111111101111111111110, flags=SA_RESTART|SA_SIGINFO, unblocked
    SIGBUS: crash_handler in libjvm.so, mask=11100100010111111101111111111110, flags=SA_RESTART|SA_SIGINFO, unblocked
    SIGFPE: crash_handler in libjvm.so, mask=11100100010111111101111111111110, flags=SA_RESTART|SA_SIGINFO, unblocked
   SIGPIPE: javaSignalHandler in libjvm.so, mask=11100100010111111101111111111110, flags=SA_RESTART|SA_SIGINFO, blocked
   SIGXFSZ: javaSignalHandler in libjvm.so, mask=11100100010111111101111111111110, flags=SA_RESTART|SA_SIGINFO, blocked
    SIGILL: crash_handler in libjvm.so, mask=11100100010111111101111111111110, flags=SA_RESTART|SA_SIGINFO, unblocked
   SIGUSR2: SR_handler in libjvm.so, mask=00000000000000000000000000000000, flags=SA_RESTART|SA_SIGINFO, blocked
    SIGHUP: UserHandler in libjvm.so, mask=11100100010111111101111111111110, flags=SA_RESTART|SA_SIGINFO, blocked
    SIGINT: SIG_IGN, mask=00000000000000000000000000000000, flags=none, blocked
   SIGTERM: UserHandler in libjvm.so, mask=11100100010111111101111111111110, flags=SA_RESTART|SA_SIGINFO, blocked
   SIGQUIT: UserHandler in libjvm.so, mask=11100100010111111101111111111110, flags=SA_RESTART|SA_SIGINFO, blocked
   SIGTRAP: crash_handler in libjvm.so, mask=11100100010111111101111111111110, flags=SA_RESTART|SA_SIGINFO, unblocked


Periodic native trim disabled

---------------  S Y S T E M  ---------------

OS:
DISTRIB_ID=LinuxMint
DISTRIB_RELEASE=22.1
DISTRIB_CODENAME=xia
DISTRIB_DESCRIPTION="Linux Mint 22.1 Xia"
uname: Linux 6.8.0-51-generic #52-Ubuntu SMP PREEMPT_DYNAMIC Thu Dec  5 13:09:44 UTC 2024 x86_64
OS uptime: 0 days 5:22 hours
libc: glibc 2.39 NPTL 2.39 
rlimit (soft/hard): STACK 8192k/infinity , CORE 0k/infinity , NPROC 30798/30798 , NOFILE 1048576/1048576 , AS infinity/infinity , CPU infinity/infinity , DATA infinity/infinity , FSIZE infinity/infinity , MEMLOCK 995356k/995356k
load average: 3.38 1.52 0.73

/proc/meminfo:
MemTotal:        7962864 kB
MemFree:          520740 kB
MemAvailable:    2623840 kB
Buffers:           94728 kB
Cached:          2589140 kB
SwapCached:            8 kB
Active:          4615400 kB
Inactive:        2095832 kB
Active(anon):    3857028 kB
Inactive(anon):   635688 kB
Active(file):     758372 kB
Inactive(file):  1460144 kB
Unevictable:       92256 kB
Mlocked:              64 kB
SwapTotal:      15997944 kB
SwapFree:       15997688 kB
Zswap:                 0 kB
Zswapped:              0 kB
Dirty:            150684 kB
Writeback:             0 kB
AnonPages:       4119864 kB
Mapped:           770896 kB
Shmem:            465308 kB
KReclaimable:     193044 kB
Slab:             349932 kB
SReclaimable:     193044 kB
SUnreclaim:       156888 kB
KernelStack:       17856 kB
PageTables:        46932 kB
SecPageTables:         0 kB
NFS_Unstable:          0 kB
Bounce:                0 kB
WritebackTmp:          0 kB
CommitLimit:    19979376 kB
Committed_AS:   18263204 kB
VmallocTotal:   34359738367 kB
VmallocUsed:       42444 kB
VmallocChunk:          0 kB
Percpu:             8208 kB
HardwareCorrupted:     0 kB
AnonHugePages:         0 kB
ShmemHugePages:        0 kB
ShmemPmdMapped:        0 kB
FileHugePages:         0 kB
FilePmdMapped:         0 kB
Unaccepted:            0 kB
HugePages_Total:       0
HugePages_Free:        0
HugePages_Rsvd:        0
HugePages_Surp:        0
Hugepagesize:       2048 kB
Hugetlb:               0 kB
DirectMap4k:      172580 kB
DirectMap2M:     4904960 kB
DirectMap1G:     3145728 kB

/sys/kernel/mm/transparent_hugepage/enabled: always [madvise] never
/sys/kernel/mm/transparent_hugepage/hpage_pmd_size: 2097152
/sys/kernel/mm/transparent_hugepage/defrag (defrag/compaction efforts parameter): always defer defer+madvise [madvise] never

Process Memory:
Virtual Size: 4844744K (peak: 4903636K)
Resident Set Size: 76712K (peak: 76712K) (anon: 51700K, file: 25012K, shmem: 0K)
Swapped out: 0K
C-Heap outstanding allocations: 39857K, retained: 3266K
glibc malloc tunables: (default)

/proc/sys/kernel/threads-max (system-wide limit on the number of threads): 61597
/proc/sys/vm/max_map_count (maximum number of memory map areas a process may have): 1048576
/proc/sys/vm/swappiness (control to define how aggressively the kernel swaps out anonymous memory): 60
/proc/sys/kernel/pid_max (system-wide limit on number of process identifiers): 4194304

container (cgroup) information:
container_type: cgroupv2
cpu_cpuset_cpus: not supported
cpu_memory_nodes: not supported
active_processor_count: 12
cpu_quota: no quota
cpu_period: 100000
cpu_shares: no shares
memory_limit_in_bytes: unlimited
memory_and_swap_limit_in_bytes: unlimited
memory_soft_limit_in_bytes: unlimited
memory_usage_in_bytes: 4844748 k
memory_max_usage_in_bytes: not supported
memory_swap_current_in_bytes: unlimited
memory_swap_max_limit_in_bytes: unlimited
maximum number of tasks: unlimited
current number of tasks: 605

Steal ticks since vm start: 0
Steal ticks percentage since vm start:  0.000

CPU: total 12 (initial active 12) (6 cores per cpu, 2 threads per core) family 6 model 165 stepping 3 microcode 0xfc, cx8, cmov, fxsr, ht, mmx, 3dnowpref, sse, sse2, sse3, ssse3, sse4.1, sse4.2, popcnt, lzcnt, tsc, tscinvbit, avx, avx2, aes, erms, clmul, bmi1, bmi2, adx, fma, vzeroupper, clflush, clflushopt, rdtscp, f16c
CPU Model and flags from /proc/cpuinfo:
model name	: Intel(R) Core(TM) i5-10400 CPU @ 2.90GHz
flags		: fpu vme de pse tsc msr pae mce cx8 apic sep mtrr pge mca cmov pat pse36 clflush dts acpi mmx fxsr sse sse2 ss ht tm pbe syscall nx pdpe1gb rdtscp lm constant_tsc art arch_perfmon pebs bts rep_good nopl xtopology nonstop_tsc cpuid aperfmperf pni pclmulqdq dtes64 monitor ds_cpl vmx est tm2 ssse3 sdbg fma cx16 xtpr pdcm pcid sse4_1 sse4_2 x2apic movbe popcnt tsc_deadline_timer aes xsave avx f16c rdrand lahf_lm abm 3dnowprefetch cpuid_fault epb ssbd ibrs ibpb stibp ibrs_enhanced tpr_shadow flexpriority ept vpid ept_ad fsgsbase tsc_adjust bmi1 avx2 smep bmi2 erms invpcid mpx rdseed adx smap clflushopt intel_pt xsaveopt xsavec xgetbv1 xsaves dtherm ida arat pln pts hwp hwp_notify hwp_act_window hwp_epp vnmi md_clear flush_l1d arch_capabilities

Online cpus: 0-11
Offline cpus: 
BIOS frequency limitation: <Not Available>
Frequency switch latency (ns): 0
Available cpu frequencies: <Not Available>
Current governor: powersave
Core performance/turbo boost: <Not Available>

Memory: 4k page, physical 7962864k(2623840k free), swap 15997944k(15997688k free)
Page Sizes: 4k

vm_info: OpenJDK 64-Bit Server VM (21.0.6+7-Ubuntu-124.04.1) for linux-amd64 JRE (21.0.6+7-Ubuntu-124.04.1), built on 2025-01-23T22:52:35Z by "buildd" with gcc 13.3.0

END.
