#
# A fatal error has been detected by the Java Runtime Environment:
#
#  SIGSEGV (0xb) at pc=0x00007ad28207ebb4, pid=11740, tid=11741
#
# JRE version: OpenJDK Runtime Environment (21.0.6+7) (build 21.0.6+7-Ubuntu-124.04.1)
# Java VM: OpenJDK 64-Bit Server VM (21.0.6+7-Ubuntu-124.04.1, mixed mode, sharing, tiered, compressed oops, compressed class ptrs, g1 gc, linux-amd64)
# Problematic frame:
# V  [libjvm.so+0xc7ebb4]  Method::link_method(methodHandle const&, JavaThread*)+0x4
#
# Core dump will be written. Default location: Core dumps may be processed with "/usr/lib/systemd/systemd-coredump %P %u %g %s %t 9223372036854775808 %h" (or dumping to /home/edu/IPC2-2025/AnalizadorLexico2/AnalizadorLexico/core.11740)
#
# If you would like to submit a bug report, please visit:
#   https://bugs.launchpad.net/ubuntu/+source/openjdk-21
#

---------------  S U M M A R Y ------------

Command Line: com.mycompany.analizadorlexico.AnalizadorLexico

Host: Intel(R) Core(TM) i5-10400 CPU @ 2.90GHz, 12 cores, 7G, Linux Mint 22.1 Xia
Time: Tue Sep 30 12:34:02 2025 CST elapsed time: 0.042316 seconds (0d 0h 0m 0s)

---------------  T H R E A D  ---------------

Current thread (0x00007ad27c018fb0):  JavaThread "main"             [_thread_in_vm, id=11741, stack(0x00007ad280f00000,0x00007ad281000000) (1024K)]

Stack: [0x00007ad280f00000,0x00007ad281000000],  sp=0x00007ad280ffa8e8,  free space=1002k
Native frames: (J=compiled Java code, j=interpreted, Vv=VM code, C=native code)
V  [libjvm.so+0xc7ebb4]  Method::link_method(methodHandle const&, JavaThread*)+0x4
V  [libjvm.so+0x8df7f4]  InstanceKlass::link_class_impl(JavaThread*)+0x1d4
V  [libjvm.so+0x8e4ef3]  InstanceKlass::initialize_impl(JavaThread*)+0x2e3
V  [libjvm.so+0xb8624a]  LinkResolver::resolve_field(fieldDescriptor&, LinkInfo const&, Bytecodes::Code, bool, JavaThread*)+0x67a
V  [libjvm.so+0xb864bb]  LinkResolver::resolve_field_access(fieldDescriptor&, constantPoolHandle const&, int, methodHandle const&, Bytecodes::Code, JavaThread*)+0xab
V  [libjvm.so+0x904c05]  InterpreterRuntime::resolve_get_put(JavaThread*, Bytecodes::Code)+0x1d5
V  [libjvm.so+0x90570d]  InterpreterRuntime::resolve_from_cache(JavaThread*, Bytecodes::Code)+0xbd
j  sun.invoke.util.Wrapper.<clinit>()V+203 java.base@21.0.6
v  ~StubRoutines::call_stub 0x00007ad26bd37cc6
V  [libjvm.so+0x90d3fa]  JavaCalls::call_helper(JavaValue*, methodHandle const&, JavaCallArguments*, JavaThread*)+0x2da
V  [libjvm.so+0x8e42ca]  InstanceKlass::call_class_initializer(JavaThread*)+0x2da
V  [libjvm.so+0x8e51da]  InstanceKlass::initialize_impl(JavaThread*)+0x5ca
V  [libjvm.so+0xb8624a]  LinkResolver::resolve_field(fieldDescriptor&, LinkInfo const&, Bytecodes::Code, bool, JavaThread*)+0x67a
V  [libjvm.so+0xb864bb]  LinkResolver::resolve_field_access(fieldDescriptor&, constantPoolHandle const&, int, methodHandle const&, Bytecodes::Code, JavaThread*)+0xab
V  [libjvm.so+0x904c05]  InterpreterRuntime::resolve_get_put(JavaThread*, Bytecodes::Code)+0x1d5
V  [libjvm.so+0x90570d]  InterpreterRuntime::resolve_from_cache(JavaThread*, Bytecodes::Code)+0xbd
j  java.lang.invoke.DirectMethodHandle.<clinit>()V+22 java.base@21.0.6
v  ~StubRoutines::call_stub 0x00007ad26bd37cc6
V  [libjvm.so+0x90d3fa]  JavaCalls::call_helper(JavaValue*, methodHandle const&, JavaCallArguments*, JavaThread*)+0x2da
V  [libjvm.so+0x8e42ca]  InstanceKlass::call_class_initializer(JavaThread*)+0x2da
V  [libjvm.so+0x8e51da]  InstanceKlass::initialize_impl(JavaThread*)+0x5ca
V  [libjvm.so+0xb88d2a]  LinkResolver::resolve_static_call(CallInfo&, LinkInfo const&, bool, JavaThread*)+0x15a
V  [libjvm.so+0xb8945b]  LinkResolver::resolve_invoke(CallInfo&, Handle, constantPoolHandle const&, int, Bytecodes::Code, JavaThread*)+0x17b
V  [libjvm.so+0x9050b8]  InterpreterRuntime::resolve_invoke(JavaThread*, Bytecodes::Code)+0x188
V  [libjvm.so+0x905687]  InterpreterRuntime::resolve_from_cache(JavaThread*, Bytecodes::Code)+0x37
j  java.lang.invoke.MethodHandles$Lookup.getDirectMethodCommon(BLjava/lang/Class;Ljava/lang/invoke/MemberName;ZZLjava/lang/invoke/MethodHandles$Lookup;)Ljava/lang/invoke/MethodHandle;+220 java.base@21.0.6
j  java.lang.invoke.MethodHandles$Lookup.getDirectMethod(BLjava/lang/Class;Ljava/lang/invoke/MemberName;Ljava/lang/invoke/MethodHandles$Lookup;)Ljava/lang/invoke/MethodHandle;+14 java.base@21.0.6
j  java.lang.invoke.MethodHandles$Lookup.findStatic(Ljava/lang/Class;Ljava/lang/String;Ljava/lang/invoke/MethodType;)Ljava/lang/invoke/MethodHandle;+23 java.base@21.0.6
j  java.lang.invoke.MethodHandleImpl$1.findStatic(Ljava/lang/Class;Ljava/lang/String;Ljava/lang/invoke/MethodType;)Ljava/lang/invoke/MethodHandle;+6 java.base@21.0.6
j  jdk.internal.reflect.MethodHandleAccessorFactory.getDirectMethod(Ljava/lang/reflect/Method;Z)Ljava/lang/invoke/MethodHandle;+36 java.base@21.0.6
j  jdk.internal.reflect.MethodHandleAccessorFactory.newMethodAccessor(Ljava/lang/reflect/Method;Z)Ljdk/internal/reflect/MethodAccessorImpl;+41 java.base@21.0.6
j  jdk.internal.reflect.ReflectionFactory.newMethodAccessor(Ljava/lang/reflect/Method;Z)Ljdk/internal/reflect/MethodAccessor;+28 java.base@21.0.6
j  java.lang.reflect.Method.acquireMethodAccessor()Ljdk/internal/reflect/MethodAccessor;+38 java.base@21.0.6
j  java.lang.reflect.Method.invoke(Ljava/lang/Object;[Ljava/lang/Object;)Ljava/lang/Object;+75 java.base@21.0.6
j  java.lang.Class.getEnumConstantsShared()[Ljava/lang/Object;+49 java.base@21.0.6
j  java.lang.System$2.getEnumConstantsShared(Ljava/lang/Class;)[Ljava/lang/Enum;+1 java.base@21.0.6
j  java.util.EnumMap.getKeyUniverse(Ljava/lang/Class;)[Ljava/lang/Enum;+4 java.base@21.0.6
j  java.util.EnumMap.<init>(Ljava/lang/Class;)V+16 java.base@21.0.6
j  java.util.stream.StreamOpFlag.set(Ljava/util/stream/StreamOpFlag$Type;)Ljava/util/stream/StreamOpFlag$MaskBuilder;+10 java.base@21.0.6
j  java.util.stream.StreamOpFlag.<clinit>()V+11 java.base@21.0.6
v  ~StubRoutines::call_stub 0x00007ad26bd37cc6
V  [libjvm.so+0x90d3fa]  JavaCalls::call_helper(JavaValue*, methodHandle const&, JavaCallArguments*, JavaThread*)+0x2da
V  [libjvm.so+0x8e42ca]  InstanceKlass::call_class_initializer(JavaThread*)+0x2da
V  [libjvm.so+0x8e51da]  InstanceKlass::initialize_impl(JavaThread*)+0x5ca
V  [libjvm.so+0xb88d2a]  LinkResolver::resolve_static_call(CallInfo&, LinkInfo const&, bool, JavaThread*)+0x15a
V  [libjvm.so+0xb8945b]  LinkResolver::resolve_invoke(CallInfo&, Handle, constantPoolHandle const&, int, Bytecodes::Code, JavaThread*)+0x17b
V  [libjvm.so+0x9050b8]  InterpreterRuntime::resolve_invoke(JavaThread*, Bytecodes::Code)+0x188
V  [libjvm.so+0x905687]  InterpreterRuntime::resolve_from_cache(JavaThread*, Bytecodes::Code)+0x37
j  java.util.stream.StreamSupport.stream(Ljava/util/Spliterator;Z)Ljava/util/stream/Stream;+11 java.base@21.0.6
j  java.util.Collection.stream()Ljava/util/stream/Stream;+7 java.base@21.0.6
j  java.lang.ModuleLayer.layers(Ljava/lang/ClassLoader;)Ljava/util/stream/Stream;+16 java.base@21.0.6
j  java.lang.System$2.layers(Ljava/lang/ClassLoader;)Ljava/util/stream/Stream;+1 java.base@21.0.6
j  java.util.ServiceLoader$ModuleServicesLookupIterator.iteratorFor(Ljava/lang/ClassLoader;)Ljava/util/Iterator;+75 java.base@21.0.6
j  java.util.ServiceLoader$ModuleServicesLookupIterator.<init>(Ljava/util/ServiceLoader;)V+23 java.base@21.0.6
j  java.util.ServiceLoader.newLookupIterator()Ljava/util/Iterator;+49 java.base@21.0.6
j  java.util.ServiceLoader.iterator()Ljava/util/Iterator;+9 java.base@21.0.6
j  jdk.internal.logger.BootstrapLogger$DetectBackend$1.run()Ljdk/internal/logger/BootstrapLogger$LoggingBackend;+8 java.base@21.0.6
j  jdk.internal.logger.BootstrapLogger$DetectBackend$1.run()Ljava/lang/Object;+1 java.base@21.0.6
j  java.security.AccessController.executePrivileged(Ljava/security/PrivilegedAction;Ljava/security/AccessControlContext;Ljava/lang/Class;)Ljava/lang/Object;+29 java.base@21.0.6
j  java.security.AccessController.doPrivileged(Ljava/security/PrivilegedAction;)Ljava/lang/Object;+5 java.base@21.0.6
j  jdk.internal.logger.BootstrapLogger$DetectBackend.<clinit>()V+7 java.base@21.0.6
v  ~StubRoutines::call_stub 0x00007ad26bd37cc6
V  [libjvm.so+0x90d3fa]  JavaCalls::call_helper(JavaValue*, methodHandle const&, JavaCallArguments*, JavaThread*)+0x2da
V  [libjvm.so+0x8e42ca]  InstanceKlass::call_class_initializer(JavaThread*)+0x2da
V  [libjvm.so+0x8e51da]  InstanceKlass::initialize_impl(JavaThread*)+0x5ca
V  [libjvm.so+0xb8624a]  LinkResolver::resolve_field(fieldDescriptor&, LinkInfo const&, Bytecodes::Code, bool, JavaThread*)+0x67a
V  [libjvm.so+0xb864bb]  LinkResolver::resolve_field_access(fieldDescriptor&, constantPoolHandle const&, int, methodHandle const&, Bytecodes::Code, JavaThread*)+0xab
V  [libjvm.so+0x904c05]  InterpreterRuntime::resolve_get_put(JavaThread*, Bytecodes::Code)+0x1d5
V  [libjvm.so+0x90570d]  InterpreterRuntime::resolve_from_cache(JavaThread*, Bytecodes::Code)+0xbd
j  jdk.internal.logger.BootstrapLogger.useLazyLoggers()Z+6 java.base@21.0.6
j  jdk.internal.logger.LazyLoggers.getLazyLogger(Ljava/lang/String;Ljava/lang/Module;)Ljava/lang/System$Logger;+0 java.base@21.0.6
j  sun.util.logging.PlatformLogger.getLogger(Ljava/lang/String;)Lsun/util/logging/PlatformLogger;+41 java.base@21.0.6
j  java.awt.Component.<clinit>()V+19 java.desktop@21.0.6
v  ~StubRoutines::call_stub 0x00007ad26bd37cc6
V  [libjvm.so+0x90d3fa]  JavaCalls::call_helper(JavaValue*, methodHandle const&, JavaCallArguments*, JavaThread*)+0x2da
V  [libjvm.so+0x8e42ca]  InstanceKlass::call_class_initializer(JavaThread*)+0x2da
V  [libjvm.so+0x8e51da]  InstanceKlass::initialize_impl(JavaThread*)+0x5ca
V  [libjvm.so+0x8e577c]  InstanceKlass::initialize_impl(JavaThread*)+0xb6c
V  [libjvm.so+0x8e577c]  InstanceKlass::initialize_impl(JavaThread*)+0xb6c
V  [libjvm.so+0x8e577c]  InstanceKlass::initialize_impl(JavaThread*)+0xb6c
V  [libjvm.so+0x8e577c]  InstanceKlass::initialize_impl(JavaThread*)+0xb6c
V  [libjvm.so+0x8e577c]  InstanceKlass::initialize_impl(JavaThread*)+0xb6c
V  [libjvm.so+0x9023d8]  InterpreterRuntime::_new(JavaThread*, ConstantPool*, int)+0x138
j  com.mycompany.analizadorlexico.AnalizadorLexico.main([Ljava/lang/String;)V+0
v  ~StubRoutines::call_stub 0x00007ad26bd37cc6
V  [libjvm.so+0x90d3fa]  JavaCalls::call_helper(JavaValue*, methodHandle const&, JavaCallArguments*, JavaThread*)+0x2da
V  [libjvm.so+0x9b31cd]  jni_invoke_static(JNIEnv_*, JavaValue*, _jobject*, JNICallType, _jmethodID*, JNI_ArgumentPusher*, JavaThread*) [clone .constprop.1]+0x35d
V  [libjvm.so+0x9c6732]  jni_CallStaticVoidMethod+0x252
C  [libjli.so+0x55be]  JavaMain+0xfde
C  [libjli.so+0x846d]  ThreadJavaMain+0xd
C  [libc.so.6+0x9ca94]
Java frames: (J=compiled Java code, j=interpreted, Vv=VM code)
j  sun.invoke.util.Wrapper.<clinit>()V+203 java.base@21.0.6
v  ~StubRoutines::call_stub 0x00007ad26bd37cc6
j  java.lang.invoke.DirectMethodHandle.<clinit>()V+22 java.base@21.0.6
v  ~StubRoutines::call_stub 0x00007ad26bd37cc6
j  java.lang.invoke.MethodHandles$Lookup.getDirectMethodCommon(BLjava/lang/Class;Ljava/lang/invoke/MemberName;ZZLjava/lang/invoke/MethodHandles$Lookup;)Ljava/lang/invoke/MethodHandle;+220 java.base@21.0.6
j  java.lang.invoke.MethodHandles$Lookup.getDirectMethod(BLjava/lang/Class;Ljava/lang/invoke/MemberName;Ljava/lang/invoke/MethodHandles$Lookup;)Ljava/lang/invoke/MethodHandle;+14 java.base@21.0.6
j  java.lang.invoke.MethodHandles$Lookup.findStatic(Ljava/lang/Class;Ljava/lang/String;Ljava/lang/invoke/MethodType;)Ljava/lang/invoke/MethodHandle;+23 java.base@21.0.6
j  java.lang.invoke.MethodHandleImpl$1.findStatic(Ljava/lang/Class;Ljava/lang/String;Ljava/lang/invoke/MethodType;)Ljava/lang/invoke/MethodHandle;+6 java.base@21.0.6
j  jdk.internal.reflect.MethodHandleAccessorFactory.getDirectMethod(Ljava/lang/reflect/Method;Z)Ljava/lang/invoke/MethodHandle;+36 java.base@21.0.6
j  jdk.internal.reflect.MethodHandleAccessorFactory.newMethodAccessor(Ljava/lang/reflect/Method;Z)Ljdk/internal/reflect/MethodAccessorImpl;+41 java.base@21.0.6
j  jdk.internal.reflect.ReflectionFactory.newMethodAccessor(Ljava/lang/reflect/Method;Z)Ljdk/internal/reflect/MethodAccessor;+28 java.base@21.0.6
j  java.lang.reflect.Method.acquireMethodAccessor()Ljdk/internal/reflect/MethodAccessor;+38 java.base@21.0.6
j  java.lang.reflect.Method.invoke(Ljava/lang/Object;[Ljava/lang/Object;)Ljava/lang/Object;+75 java.base@21.0.6
j  java.lang.Class.getEnumConstantsShared()[Ljava/lang/Object;+49 java.base@21.0.6
j  java.lang.System$2.getEnumConstantsShared(Ljava/lang/Class;)[Ljava/lang/Enum;+1 java.base@21.0.6
j  java.util.EnumMap.getKeyUniverse(Ljava/lang/Class;)[Ljava/lang/Enum;+4 java.base@21.0.6
j  java.util.EnumMap.<init>(Ljava/lang/Class;)V+16 java.base@21.0.6
j  java.util.stream.StreamOpFlag.set(Ljava/util/stream/StreamOpFlag$Type;)Ljava/util/stream/StreamOpFlag$MaskBuilder;+10 java.base@21.0.6
j  java.util.stream.StreamOpFlag.<clinit>()V+11 java.base@21.0.6
v  ~StubRoutines::call_stub 0x00007ad26bd37cc6
j  java.util.stream.StreamSupport.stream(Ljava/util/Spliterator;Z)Ljava/util/stream/Stream;+11 java.base@21.0.6
j  java.util.Collection.stream()Ljava/util/stream/Stream;+7 java.base@21.0.6
j  java.lang.ModuleLayer.layers(Ljava/lang/ClassLoader;)Ljava/util/stream/Stream;+16 java.base@21.0.6
j  java.lang.System$2.layers(Ljava/lang/ClassLoader;)Ljava/util/stream/Stream;+1 java.base@21.0.6
j  java.util.ServiceLoader$ModuleServicesLookupIterator.iteratorFor(Ljava/lang/ClassLoader;)Ljava/util/Iterator;+75 java.base@21.0.6
j  java.util.ServiceLoader$ModuleServicesLookupIterator.<init>(Ljava/util/ServiceLoader;)V+23 java.base@21.0.6
j  java.util.ServiceLoader.newLookupIterator()Ljava/util/Iterator;+49 java.base@21.0.6
j  java.util.ServiceLoader.iterator()Ljava/util/Iterator;+9 java.base@21.0.6
j  jdk.internal.logger.BootstrapLogger$DetectBackend$1.run()Ljdk/internal/logger/BootstrapLogger$LoggingBackend;+8 java.base@21.0.6
j  jdk.internal.logger.BootstrapLogger$DetectBackend$1.run()Ljava/lang/Object;+1 java.base@21.0.6
j  java.security.AccessController.executePrivileged(Ljava/security/PrivilegedAction;Ljava/security/AccessControlContext;Ljava/lang/Class;)Ljava/lang/Object;+29 java.base@21.0.6
j  java.security.AccessController.doPrivileged(Ljava/security/PrivilegedAction;)Ljava/lang/Object;+5 java.base@21.0.6
j  jdk.internal.logger.BootstrapLogger$DetectBackend.<clinit>()V+7 java.base@21.0.6
v  ~StubRoutines::call_stub 0x00007ad26bd37cc6
j  jdk.internal.logger.BootstrapLogger.useLazyLoggers()Z+6 java.base@21.0.6
j  jdk.internal.logger.LazyLoggers.getLazyLogger(Ljava/lang/String;Ljava/lang/Module;)Ljava/lang/System$Logger;+0 java.base@21.0.6
j  sun.util.logging.PlatformLogger.getLogger(Ljava/lang/String;)Lsun/util/logging/PlatformLogger;+41 java.base@21.0.6
j  java.awt.Component.<clinit>()V+19 java.desktop@21.0.6
v  ~StubRoutines::call_stub 0x00007ad26bd37cc6
j  com.mycompany.analizadorlexico.AnalizadorLexico.main([Ljava/lang/String;)V+0
v  ~StubRoutines::call_stub 0x00007ad26bd37cc6

siginfo: si_signo: 11 (SIGSEGV), si_code: 1 (SEGV_MAPERR), si_addr: 0x00007ad0030398f8

Registers:
RAX=0x00007ad0030398d8, RBX=0x00000000000001f0, RCX=0x00007ad27c01af60, RDX=0x00007ad27c018fb0
RSP=0x00007ad280ffa8e8, RBP=0x00007ad280ffa940, RSI=0x00007ad280ffa900, RDI=0x00007ad0030398d8
R8 =0x0000000000000015, R9 =0x00000000ffffffff, R10=0x0000000000000000, R11=0x00007ad280ffa7e0
R12=0x00007ad27c018fb0, R13=0x00007ad280ffa900, R14=0x0000000000000008, R15=0x00007ad203037100
RIP=0x00007ad28207ebb4, EFLAGS=0x0000000000010297, CSGSFS=0x002b000000000033, ERR=0x0000000000000004
  TRAPNO=0x000000000000000e

XMM[0]=0x00007ad27c018fb0 0x00007ad0030398d8
XMM[1]=0x0000000000000000 0x00007ad27c018fb0
XMM[2]=0x0000000000000000 0x00007ad27c01b284
XMM[3]=0x0000017700000000 0x0004000000190000
XMM[4]=0x0000000001770000 0x0000000400000019
XMM[5]=0x0000000000000000 0x00007ad27c018fb0
XMM[6]=0x00007ad27c018fb0 0x00007ad20378c7c8
XMM[7]=0x83485808246c8d4c 0xe58b499d08c48348
XMM[8]=0x486824548b486024 0x5c8b4850246c8b48
XMM[9]=0x0000000000000000 0x0000000000000000
XMM[10]=0x3f3f3f3f3f3f3f3f 0x3f3f3f3f3f3f3f3f
XMM[11]=0x9999999999999999 0x9999999999999999
XMM[12]=0x2020202020202020 0x2020202020202020
XMM[13]=0x0000000000000000 0x0000000000000000
XMM[14]=0x0000000000000000 0x0000000000000000
XMM[15]=0x0000000000000000 0x0000000000000000
  MXCSR=0x00001fa0


Register to memory mapping:

RAX=0x00007ad0030398d8 is an unknown value
RBX=0x00000000000001f0 is an unknown value
RCX=0x00007ad27c01af60 points into unknown readable memory: 0x00007ad1f84002a0 | a0 02 40 f8 d1 7a 00 00
RDX=0x00007ad27c018fb0 is a thread
RSP=0x00007ad280ffa8e8 is pointing into the stack for thread: 0x00007ad27c018fb0
RBP=0x00007ad280ffa940 is pointing into the stack for thread: 0x00007ad27c018fb0
RSI=0x00007ad280ffa900 is pointing into the stack for thread: 0x00007ad27c018fb0
RDI=0x00007ad0030398d8 is an unknown value
R8 =0x0000000000000015 is an unknown value
R9 =0x00000000ffffffff points into unknown readable memory: 00
R10=0x0 is null
R11=0x00007ad280ffa7e0 is pointing into the stack for thread: 0x00007ad27c018fb0
R12=0x00007ad27c018fb0 is a thread
R13=0x00007ad280ffa900 is pointing into the stack for thread: 0x00007ad27c018fb0
R14=0x0000000000000008 is an unknown value
R15=0x00007ad203037100 is a pointer to class: 
java.lang.Long {0x00007ad203037100}
 - instance size:     3
 - klass size:        78
 - access:            public final synchronized 
 - flags:             rewritten has_nonstatic_fields is_shared_boot_class has_localvariable_table 
 - state:             loaded
 - name:              'java/lang/Long'
 - super:             'java/lang/Number'
 - sub:               
 - arrays:            'java/lang/Long'[]
 - methods:           Array<T>(0x00007ad203673a08)
 - method ordering:   Array<T>(0x00007ad203676828)
 - local interfaces:  Array<T>(0x00007ad203676808)
 - trans. interfaces: Array<T>(0x00007ad203672558)
 - constants:         constant pool [524] {0x00007ad2036725f8} for 'java/lang/Long' cache=0x00007ad2030375e0
 - class loader data:  loader data: 0x00007ad27c128ef0 of 'bootstrap'
 - source file:       'Long.java'
 - class annotations:       Array<T>(0x00007ad2036739a0)
 - generic signature: 'Ljava/lang/Number;Ljava/lang/Comparable<Ljava/lang/Long;>;Ljava/lang/constant/Constable;Ljava/lang/constant/ConstantDesc;'
 - inner classes:     Array<T>(0x00007ad2036739e8)
 - nest members:     Array<T>(0x00007ad203676980)
 - permitted subclasses:     Array<T>(0x00007ad203615bb0)
 - java mirror:       a 'java/lang/Class'{0x00000000ffe81990} = 'java/lang/Long'
 - vtable length      11  (start addr: 0x00007ad2030372c0)
 - itable length      11 (start addr: 0x00007ad203037318)
 - ---- static fields (5 words):
 - public static final 'MIN_VALUE' 'J' @120 
 - public static final 'MAX_VALUE' 'J' @128 
 - public static final 'TYPE' 'Ljava/lang/Class;' @112 
 - public static final 'SIZE' 'I' @144 
 - public static final 'BYTES' 'I' @148 
 - private static final 'serialVersionUID' 'J' @136 
 - ---- non-static fields (3 words):
 - private final 'value' 'J' @16 
 - non-static oop maps: 

Top of Stack: (sp=0x00007ad280ffa8e8)
0x00007ad280ffa8e8:   00007ad281cdf56f 00007ad280ffa900
0x00007ad280ffa8f8:   00007ad282aec96d 00007ad0030398d8
0x00007ad280ffa908:   00007ad27c018fb0 000000000000340d
0x00007ad280ffa918:   00007ad27c018fb0 00007ad203037100
0x00007ad280ffa928:   00007ad280ffa960 00007ad280ffa9e0
0x00007ad280ffa938:   00007ad280ffa9a0 00007ad280ffaa60
0x00007ad280ffa948:   00007ad281cdf7f4 00007ad282919c78
0x00007ad280ffa958:   00007ad280ffa901 00007ad27c018fb0
0x00007ad280ffa968:   00007ad27c019b70 0000000000000001
0x00007ad280ffa978:   00007ad280ffaa60 00007ad280ffaa50
0x00007ad280ffa988:   00007ad281ce0c9c 00007ad203676938
0x00007ad280ffa998:   00007ad20367693c 00007ad27c018fb0
0x00007ad280ffa9a8:   00007ad27c0070a0 00007ad27c019b10
0x00007ad280ffa9b8:   00007ad27c019b70 00007ad27c019bf8
0x00007ad280ffa9c8:   00000000000000d8 00007ad280ffab10
0x00007ad280ffa9d8:   0177000000000004 0000000000000000
0x00007ad280ffa9e8:   0000000001542573 0000000000000001
0x00007ad280ffa9f8:   00007ad27c022040 00007ad27c022090
0x00007ad280ffaa08:   00007ad27c022190 00007ad27c01b284
0x00007ad280ffaa18:   00007ad27c01b298 0000000300000001
0x00007ad280ffaa28:   00007ad280ffae30 00007ad203037100
0x00007ad280ffaa38:   00007ad203037100 00007ad27c018fb0
0x00007ad280ffaa48:   00000000000000b2 00007ad280ffad90
0x00007ad280ffaa58:   00007ad20348f170 00007ad280ffac00
0x00007ad280ffaa68:   00007ad281ce4ef3 0177000000000004
0x00007ad280ffaa78:   00007ad200000000 00007ad280ffac20
0x00007ad280ffaa88:   00007ad20348f170 00007ad27c018fb0
0x00007ad280ffaa98:   00007ad2030fecd0 00007ad280ffad90
0x00007ad280ffaaa8:   00007ad280ffae30 00007ad280ffab10
0x00007ad280ffaab8:   00007ad281f858b7 00007ad27c018fb0
0x00007ad280ffaac8:   00007ad280ffae30 00007ad203037100
0x00007ad280ffaad8:   00007ad2036725f8 00007ad27c018fb0 

Instructions: (pc=0x00007ad28207ebb4)
0x00007ad28207eab4:   1f 44 00 00 89 c2 89 c7 80 e6 fe f0 0f b1 11 39
0x00007ad28207eac4:   c7 75 f1 8b 46 30 66 0f 1f 44 00 00 89 c2 89 c7
0x00007ad28207ead4:   80 e6 fd f0 0f b1 11 39 c7 75 f1 8b 46 30 66 0f
0x00007ad28207eae4:   1f 44 00 00 89 c2 89 c7 80 e6 fb f0 0f b1 11 39
0x00007ad28207eaf4:   c7 75 f1 8b 46 30 66 0f 1f 44 00 00 89 c2 89 c6
0x00007ad28207eb04:   80 e6 7f f0 0f b1 11 39 c6 75 f1 c3 f3 0f 1e fa
0x00007ad28207eb14:   8b 47 30 48 89 fe 48 8d 4f 30 66 90 89 c2 89 c7
0x00007ad28207eb24:   83 e2 df f0 0f b1 11 39 c7 75 f1 8b 46 30 66 0f
0x00007ad28207eb34:   1f 44 00 00 89 c2 89 c7 80 e2 7f f0 0f b1 11 39
0x00007ad28207eb44:   c7 75 f1 8b 46 30 66 0f 1f 44 00 00 89 c2 89 c7
0x00007ad28207eb54:   80 e6 fe f0 0f b1 11 39 c7 75 f1 8b 46 30 66 0f
0x00007ad28207eb64:   1f 44 00 00 89 c2 89 c7 80 e6 fd f0 0f b1 11 39
0x00007ad28207eb74:   c7 75 f1 8b 46 30 66 0f 1f 44 00 00 89 c2 89 c7
0x00007ad28207eb84:   80 e6 fb f0 0f b1 11 39 c7 75 f1 8b 46 30 66 0f
0x00007ad28207eb94:   1f 44 00 00 89 c2 89 c6 80 e6 7f f0 0f b1 11 39
0x00007ad28207eba4:   c6 75 f1 c3 0f 1f 84 00 00 00 00 00 f3 0f 1e fa
0x00007ad28207ebb4:   48 83 7f 20 00 74 05 c3 0f 1f 40 00 55 48 89 e5
0x00007ad28207ebc4:   41 56 41 55 49 89 d5 41 54 49 89 f4 53 48 89 fb
0x00007ad28207ebd4:   48 89 f7 e8 d4 56 66 ff 48 8d 15 9d 89 86 00 48
0x00007ad28207ebe4:   98 48 8b 04 c2 48 39 43 38 74 04 48 89 43 38 48
0x00007ad28207ebf4:   8b 53 50 48 39 c2 74 04 48 89 43 50 f6 43 29 01
0x00007ad28207ec04:   75 6a 4c 89 e7 e8 42 25 14 00 49 89 c6 48 85 c0
0x00007ad28207ec14:   0f 84 a6 00 00 00 49 8b 04 24 4c 89 70 20 49 8b
0x00007ad28207ec24:   04 24 49 8b 56 10 48 89 50 40 49 83 7d 08 00 74
0x00007ad28207ec34:   0b 5b 41 5c 41 5d 41 5e 5d c3 66 90 49 8b 04 24
0x00007ad28207ec44:   0f b7 40 34 2d c3 00 00 00 83 f8 01 77 e3 48 c7
0x00007ad28207ec54:   43 50 00 00 00 00 48 c7 43 38 00 00 00 00 48 c7
0x00007ad28207ec64:   43 40 00 00 00 00 eb c9 0f 1f 40 00 0f b7 43 34
0x00007ad28207ec74:   8d 88 79 fe ff ff 83 f9 06 76 61 2d c3 00 00 00
0x00007ad28207ec84:   83 f8 01 77 5d e8 42 aa 13 00 48 3b 43 58 0f 84
0x00007ad28207ec94:   6e ff ff ff 48 89 43 58 48 8b 7b 48 48 85 ff 0f
0x00007ad28207eca4:   84 5d ff ff ff 48 8b 07 ff 90 e0 00 00 00 e9 4f 


Stack slot to memory mapping:

stack at sp + 0 slots: 0x00007ad281cdf56f: <offset 0x00000000008df56f> in /usr/lib/jvm/java-21-openjdk-amd64/lib/server/libjvm.so at 0x00007ad281400000
stack at sp + 1 slots: 0x00007ad280ffa900 is pointing into the stack for thread: 0x00007ad27c018fb0
stack at sp + 2 slots: 0x00007ad282aec96d: clock_gettime+0x000000000000001d in /lib/x86_64-linux-gnu/libc.so.6 at 0x00007ad282a00000
stack at sp + 3 slots: 0x00007ad0030398d8 is an unknown value
stack at sp + 4 slots: 0x00007ad27c018fb0 is a thread
stack at sp + 5 slots: 0x000000000000340d is an unknown value
stack at sp + 6 slots: 0x00007ad27c018fb0 is a thread
stack at sp + 7 slots: 0x00007ad203037100 is a pointer to class: 
java.lang.Long {0x00007ad203037100}
 - instance size:     3
 - klass size:        78
 - access:            public final synchronized 
 - flags:             rewritten has_nonstatic_fields is_shared_boot_class has_localvariable_table 
 - state:             loaded
 - name:              'java/lang/Long'
 - super:             'java/lang/Number'
 - sub:               
 - arrays:            'java/lang/Long'[]
 - methods:           Array<T>(0x00007ad203673a08)
 - method ordering:   Array<T>(0x00007ad203676828)
 - local interfaces:  Array<T>(0x00007ad203676808)
 - trans. interfaces: Array<T>(0x00007ad203672558)
 - constants:         constant pool [524] {0x00007ad2036725f8} for 'java/lang/Long' cache=0x00007ad2030375e0
 - class loader data:  loader data: 0x00007ad27c128ef0 of 'bootstrap'
 - source file:       'Long.java'
 - class annotations:       Array<T>(0x00007ad2036739a0)
 - generic signature: 'Ljava/lang/Number;Ljava/lang/Comparable<Ljava/lang/Long;>;Ljava/lang/constant/Constable;Ljava/lang/constant/ConstantDesc;'
 - inner classes:     Array<T>(0x00007ad2036739e8)
 - nest members:     Array<T>(0x00007ad203676980)
 - permitted subclasses:     Array<T>(0x00007ad203615bb0)
 - java mirror:       a 'java/lang/Class'{0x00000000ffe81990} = 'java/lang/Long'
 - vtable length      11  (start addr: 0x00007ad2030372c0)
 - itable length      11 (start addr: 0x00007ad203037318)
 - ---- static fields (5 words):
 - public static final 'MIN_VALUE' 'J' @120 
 - public static final 'MAX_VALUE' 'J' @128 
 - public static final 'TYPE' 'Ljava/lang/Class;' @112 
 - public static final 'SIZE' 'I' @144 
 - public static final 'BYTES' 'I' @148 
 - private static final 'serialVersionUID' 'J' @136 
 - ---- non-static fields (3 words):
 - private final 'value' 'J' @16 
 - non-static oop maps: 


---------------  P R O C E S S  ---------------

Threads class SMR info:
_java_thread_list=0x00007ad27c16ba40, length=10, elements={
0x00007ad27c018fb0, 0x00007ad27c152b90, 0x00007ad27c154220, 0x00007ad27c1559c0,
0x00007ad27c157000, 0x00007ad27c1585a0, 0x00007ad27c15a0e0, 0x00007ad27c15b7a0,
0x00007ad27c167640, 0x00007ad27c16a8c0
}

Java Threads: ( => current thread )
=>0x00007ad27c018fb0 JavaThread "main"                              [_thread_in_vm, id=11741, stack(0x00007ad280f00000,0x00007ad281000000) (1024K)]
  0x00007ad27c152b90 JavaThread "Reference Handler"          daemon [_thread_blocked, id=11753, stack(0x00007ad2612f4000,0x00007ad2613f4000) (1024K)]
  0x00007ad27c154220 JavaThread "Finalizer"                  daemon [_thread_blocked, id=11754, stack(0x00007ad260900000,0x00007ad260a00000) (1024K)]
  0x00007ad27c1559c0 JavaThread "Signal Dispatcher"          daemon [_thread_blocked, id=11755, stack(0x00007ad260800000,0x00007ad260900000) (1024K)]
  0x00007ad27c157000 JavaThread "Service Thread"             daemon [_thread_blocked, id=11756, stack(0x00007ad260700000,0x00007ad260800000) (1024K)]
  0x00007ad27c1585a0 JavaThread "Monitor Deflation Thread"   daemon [_thread_blocked, id=11757, stack(0x00007ad260600000,0x00007ad260700000) (1024K)]
  0x00007ad27c15a0e0 JavaThread "C2 CompilerThread0"         daemon [_thread_blocked, id=11758, stack(0x00007ad260500000,0x00007ad260600000) (1024K)]
  0x00007ad27c15b7a0 JavaThread "C1 CompilerThread0"         daemon [_thread_blocked, id=11759, stack(0x00007ad260400000,0x00007ad260500000) (1024K)]
  0x00007ad27c167640 JavaThread "Notification Thread"        daemon [_thread_blocked, id=11760, stack(0x00007ad260300000,0x00007ad260400000) (1024K)]
  0x00007ad27c16a8c0 JavaThread "Common-Cleaner"             daemon [_thread_blocked, id=11761, stack(0x00007ad260200000,0x00007ad260300000) (1024K)]
Total: 10

Other Threads:
  0x00007ad27c149a70 VMThread "VM Thread"                           [id=11752, stack(0x00007ad2613f5000,0x00007ad2614f5000) (1024K)]
  0x00007ad27c137bc0 WatcherThread "VM Periodic Task Thread"        [id=11751, stack(0x00007ad2614f6000,0x00007ad2615f6000) (1024K)]
  0x00007ad27c070860 WorkerThread "GC Thread#0"                     [id=11742, stack(0x00007ad280220000,0x00007ad280320000) (1024K)]
  0x00007ad27c0811d0 ConcurrentGCThread "G1 Main Marker"            [id=11743, stack(0x00007ad28011f000,0x00007ad28021f000) (1024K)]
  0x00007ad27c082180 WorkerThread "G1 Conc#0"                       [id=11744, stack(0x00007ad28001e000,0x00007ad28011e000) (1024K)]
  0x00007ad27c11c140 ConcurrentGCThread "G1 Refine#0"               [id=11745, stack(0x00007ad2616f8000,0x00007ad2617f8000) (1024K)]
  0x00007ad27c11d100 ConcurrentGCThread "G1 Service"                [id=11746, stack(0x00007ad2615f7000,0x00007ad2616f7000) (1024K)]
Total: 7

Threads with active compile tasks:
Total: 0

VM state: not at safepoint (normal execution)

VM Mutex/Monitor currently owned by a thread: None

Heap address: 0x0000000086600000, size: 1946 MB, Compressed Oops mode: 32-bit

CDS archive(s) mapped at: [0x00007ad203000000-0x00007ad203c97000-0x00007ad203c97000), size 13201408, SharedBaseAddress: 0x00007ad203000000, ArchiveRelocationMode: 1.
Compressed class space mapped at: 0x00007ad204000000-0x00007ad244000000, reserved size: 1073741824
Narrow klass base: 0x00007ad203000000, Narrow klass shift: 0, Narrow klass range: 0x100000000

GC Precious Log:
 CardTable entry size: 512
 Card Set container configuration: InlinePtr #cards 5 size 8 Array Of Cards #cards 12 size 40 Howl #buckets 4 coarsen threshold 1843 Howl Bitmap #cards 512 size 80 coarsen threshold 460 Card regions per heap region 1 cards per card region 2048
 CPUs: 12 total, 12 available
 Memory: 7776M
 Large Page Support: Disabled
 NUMA Support: Disabled
 Compressed Oops: Enabled (32-bit)
 Heap Region Size: 1M
 Heap Min Capacity: 8M
 Heap Initial Capacity: 122M
 Heap Max Capacity: 1946M
 Pre-touch: Disabled
 Parallel Workers: 10
 Concurrent Workers: 3
 Concurrent Refinement Workers: 10
 Periodic GC: Disabled

Heap:
 garbage-first heap   total 126976K, used 2097K [0x0000000086600000, 0x0000000100000000)
  region size 1024K, 2 young (2048K), 0 survivors (0K)
 Metaspace       used 627K, committed 768K, reserved 1114112K
  class space    used 60K, committed 128K, reserved 1048576K

Heap Regions: E=young(eden), S=young(survivor), O=old, HS=humongous(starts), HC=humongous(continues), CS=collection set, F=free, TAMS=top-at-mark-start, PB=parsable bottom
|   0|0x0000000086600000, 0x0000000086600000, 0x0000000086700000|  0%| F|  |TAMS 0x0000000086600000| PB 0x0000000086600000| Untracked 
|   1|0x0000000086700000, 0x0000000086700000, 0x0000000086800000|  0%| F|  |TAMS 0x0000000086700000| PB 0x0000000086700000| Untracked 
|   2|0x0000000086800000, 0x0000000086800000, 0x0000000086900000|  0%| F|  |TAMS 0x0000000086800000| PB 0x0000000086800000| Untracked 
|   3|0x0000000086900000, 0x0000000086900000, 0x0000000086a00000|  0%| F|  |TAMS 0x0000000086900000| PB 0x0000000086900000| Untracked 
|   4|0x0000000086a00000, 0x0000000086a00000, 0x0000000086b00000|  0%| F|  |TAMS 0x0000000086a00000| PB 0x0000000086a00000| Untracked 
|   5|0x0000000086b00000, 0x0000000086b00000, 0x0000000086c00000|  0%| F|  |TAMS 0x0000000086b00000| PB 0x0000000086b00000| Untracked 
|   6|0x0000000086c00000, 0x0000000086c00000, 0x0000000086d00000|  0%| F|  |TAMS 0x0000000086c00000| PB 0x0000000086c00000| Untracked 
|   7|0x0000000086d00000, 0x0000000086d00000, 0x0000000086e00000|  0%| F|  |TAMS 0x0000000086d00000| PB 0x0000000086d00000| Untracked 
|   8|0x0000000086e00000, 0x0000000086e00000, 0x0000000086f00000|  0%| F|  |TAMS 0x0000000086e00000| PB 0x0000000086e00000| Untracked 
|   9|0x0000000086f00000, 0x0000000086f00000, 0x0000000087000000|  0%| F|  |TAMS 0x0000000086f00000| PB 0x0000000086f00000| Untracked 
|  10|0x0000000087000000, 0x0000000087000000, 0x0000000087100000|  0%| F|  |TAMS 0x0000000087000000| PB 0x0000000087000000| Untracked 
|  11|0x0000000087100000, 0x0000000087100000, 0x0000000087200000|  0%| F|  |TAMS 0x0000000087100000| PB 0x0000000087100000| Untracked 
|  12|0x0000000087200000, 0x0000000087200000, 0x0000000087300000|  0%| F|  |TAMS 0x0000000087200000| PB 0x0000000087200000| Untracked 
|  13|0x0000000087300000, 0x0000000087300000, 0x0000000087400000|  0%| F|  |TAMS 0x0000000087300000| PB 0x0000000087300000| Untracked 
|  14|0x0000000087400000, 0x0000000087400000, 0x0000000087500000|  0%| F|  |TAMS 0x0000000087400000| PB 0x0000000087400000| Untracked 
|  15|0x0000000087500000, 0x0000000087500000, 0x0000000087600000|  0%| F|  |TAMS 0x0000000087500000| PB 0x0000000087500000| Untracked 
|  16|0x0000000087600000, 0x0000000087600000, 0x0000000087700000|  0%| F|  |TAMS 0x0000000087600000| PB 0x0000000087600000| Untracked 
|  17|0x0000000087700000, 0x0000000087700000, 0x0000000087800000|  0%| F|  |TAMS 0x0000000087700000| PB 0x0000000087700000| Untracked 
|  18|0x0000000087800000, 0x0000000087800000, 0x0000000087900000|  0%| F|  |TAMS 0x0000000087800000| PB 0x0000000087800000| Untracked 
|  19|0x0000000087900000, 0x0000000087900000, 0x0000000087a00000|  0%| F|  |TAMS 0x0000000087900000| PB 0x0000000087900000| Untracked 
|  20|0x0000000087a00000, 0x0000000087a00000, 0x0000000087b00000|  0%| F|  |TAMS 0x0000000087a00000| PB 0x0000000087a00000| Untracked 
|  21|0x0000000087b00000, 0x0000000087b00000, 0x0000000087c00000|  0%| F|  |TAMS 0x0000000087b00000| PB 0x0000000087b00000| Untracked 
|  22|0x0000000087c00000, 0x0000000087c00000, 0x0000000087d00000|  0%| F|  |TAMS 0x0000000087c00000| PB 0x0000000087c00000| Untracked 
|  23|0x0000000087d00000, 0x0000000087d00000, 0x0000000087e00000|  0%| F|  |TAMS 0x0000000087d00000| PB 0x0000000087d00000| Untracked 
|  24|0x0000000087e00000, 0x0000000087e00000, 0x0000000087f00000|  0%| F|  |TAMS 0x0000000087e00000| PB 0x0000000087e00000| Untracked 
|  25|0x0000000087f00000, 0x0000000087f00000, 0x0000000088000000|  0%| F|  |TAMS 0x0000000087f00000| PB 0x0000000087f00000| Untracked 
|  26|0x0000000088000000, 0x0000000088000000, 0x0000000088100000|  0%| F|  |TAMS 0x0000000088000000| PB 0x0000000088000000| Untracked 
|  27|0x0000000088100000, 0x0000000088100000, 0x0000000088200000|  0%| F|  |TAMS 0x0000000088100000| PB 0x0000000088100000| Untracked 
|  28|0x0000000088200000, 0x0000000088200000, 0x0000000088300000|  0%| F|  |TAMS 0x0000000088200000| PB 0x0000000088200000| Untracked 
|  29|0x0000000088300000, 0x0000000088300000, 0x0000000088400000|  0%| F|  |TAMS 0x0000000088300000| PB 0x0000000088300000| Untracked 
|  30|0x0000000088400000, 0x0000000088400000, 0x0000000088500000|  0%| F|  |TAMS 0x0000000088400000| PB 0x0000000088400000| Untracked 
|  31|0x0000000088500000, 0x0000000088500000, 0x0000000088600000|  0%| F|  |TAMS 0x0000000088500000| PB 0x0000000088500000| Untracked 
|  32|0x0000000088600000, 0x0000000088600000, 0x0000000088700000|  0%| F|  |TAMS 0x0000000088600000| PB 0x0000000088600000| Untracked 
|  33|0x0000000088700000, 0x0000000088700000, 0x0000000088800000|  0%| F|  |TAMS 0x0000000088700000| PB 0x0000000088700000| Untracked 
|  34|0x0000000088800000, 0x0000000088800000, 0x0000000088900000|  0%| F|  |TAMS 0x0000000088800000| PB 0x0000000088800000| Untracked 
|  35|0x0000000088900000, 0x0000000088900000, 0x0000000088a00000|  0%| F|  |TAMS 0x0000000088900000| PB 0x0000000088900000| Untracked 
|  36|0x0000000088a00000, 0x0000000088a00000, 0x0000000088b00000|  0%| F|  |TAMS 0x0000000088a00000| PB 0x0000000088a00000| Untracked 
|  37|0x0000000088b00000, 0x0000000088b00000, 0x0000000088c00000|  0%| F|  |TAMS 0x0000000088b00000| PB 0x0000000088b00000| Untracked 
|  38|0x0000000088c00000, 0x0000000088c00000, 0x0000000088d00000|  0%| F|  |TAMS 0x0000000088c00000| PB 0x0000000088c00000| Untracked 
|  39|0x0000000088d00000, 0x0000000088d00000, 0x0000000088e00000|  0%| F|  |TAMS 0x0000000088d00000| PB 0x0000000088d00000| Untracked 
|  40|0x0000000088e00000, 0x0000000088e00000, 0x0000000088f00000|  0%| F|  |TAMS 0x0000000088e00000| PB 0x0000000088e00000| Untracked 
|  41|0x0000000088f00000, 0x0000000088f00000, 0x0000000089000000|  0%| F|  |TAMS 0x0000000088f00000| PB 0x0000000088f00000| Untracked 
|  42|0x0000000089000000, 0x0000000089000000, 0x0000000089100000|  0%| F|  |TAMS 0x0000000089000000| PB 0x0000000089000000| Untracked 
|  43|0x0000000089100000, 0x0000000089100000, 0x0000000089200000|  0%| F|  |TAMS 0x0000000089100000| PB 0x0000000089100000| Untracked 
|  44|0x0000000089200000, 0x0000000089200000, 0x0000000089300000|  0%| F|  |TAMS 0x0000000089200000| PB 0x0000000089200000| Untracked 
|  45|0x0000000089300000, 0x0000000089300000, 0x0000000089400000|  0%| F|  |TAMS 0x0000000089300000| PB 0x0000000089300000| Untracked 
|  46|0x0000000089400000, 0x0000000089400000, 0x0000000089500000|  0%| F|  |TAMS 0x0000000089400000| PB 0x0000000089400000| Untracked 
|  47|0x0000000089500000, 0x0000000089500000, 0x0000000089600000|  0%| F|  |TAMS 0x0000000089500000| PB 0x0000000089500000| Untracked 
|  48|0x0000000089600000, 0x0000000089600000, 0x0000000089700000|  0%| F|  |TAMS 0x0000000089600000| PB 0x0000000089600000| Untracked 
|  49|0x0000000089700000, 0x0000000089700000, 0x0000000089800000|  0%| F|  |TAMS 0x0000000089700000| PB 0x0000000089700000| Untracked 
|  50|0x0000000089800000, 0x0000000089800000, 0x0000000089900000|  0%| F|  |TAMS 0x0000000089800000| PB 0x0000000089800000| Untracked 
|  51|0x0000000089900000, 0x0000000089900000, 0x0000000089a00000|  0%| F|  |TAMS 0x0000000089900000| PB 0x0000000089900000| Untracked 
|  52|0x0000000089a00000, 0x0000000089a00000, 0x0000000089b00000|  0%| F|  |TAMS 0x0000000089a00000| PB 0x0000000089a00000| Untracked 
|  53|0x0000000089b00000, 0x0000000089b00000, 0x0000000089c00000|  0%| F|  |TAMS 0x0000000089b00000| PB 0x0000000089b00000| Untracked 
|  54|0x0000000089c00000, 0x0000000089c00000, 0x0000000089d00000|  0%| F|  |TAMS 0x0000000089c00000| PB 0x0000000089c00000| Untracked 
|  55|0x0000000089d00000, 0x0000000089d00000, 0x0000000089e00000|  0%| F|  |TAMS 0x0000000089d00000| PB 0x0000000089d00000| Untracked 
|  56|0x0000000089e00000, 0x0000000089e00000, 0x0000000089f00000|  0%| F|  |TAMS 0x0000000089e00000| PB 0x0000000089e00000| Untracked 
|  57|0x0000000089f00000, 0x0000000089f00000, 0x000000008a000000|  0%| F|  |TAMS 0x0000000089f00000| PB 0x0000000089f00000| Untracked 
|  58|0x000000008a000000, 0x000000008a000000, 0x000000008a100000|  0%| F|  |TAMS 0x000000008a000000| PB 0x000000008a000000| Untracked 
|  59|0x000000008a100000, 0x000000008a100000, 0x000000008a200000|  0%| F|  |TAMS 0x000000008a100000| PB 0x000000008a100000| Untracked 
|  60|0x000000008a200000, 0x000000008a200000, 0x000000008a300000|  0%| F|  |TAMS 0x000000008a200000| PB 0x000000008a200000| Untracked 
|  61|0x000000008a300000, 0x000000008a300000, 0x000000008a400000|  0%| F|  |TAMS 0x000000008a300000| PB 0x000000008a300000| Untracked 
|  62|0x000000008a400000, 0x000000008a400000, 0x000000008a500000|  0%| F|  |TAMS 0x000000008a400000| PB 0x000000008a400000| Untracked 
|  63|0x000000008a500000, 0x000000008a500000, 0x000000008a600000|  0%| F|  |TAMS 0x000000008a500000| PB 0x000000008a500000| Untracked 
|  64|0x000000008a600000, 0x000000008a600000, 0x000000008a700000|  0%| F|  |TAMS 0x000000008a600000| PB 0x000000008a600000| Untracked 
|  65|0x000000008a700000, 0x000000008a700000, 0x000000008a800000|  0%| F|  |TAMS 0x000000008a700000| PB 0x000000008a700000| Untracked 
|  66|0x000000008a800000, 0x000000008a800000, 0x000000008a900000|  0%| F|  |TAMS 0x000000008a800000| PB 0x000000008a800000| Untracked 
|  67|0x000000008a900000, 0x000000008a900000, 0x000000008aa00000|  0%| F|  |TAMS 0x000000008a900000| PB 0x000000008a900000| Untracked 
|  68|0x000000008aa00000, 0x000000008aa00000, 0x000000008ab00000|  0%| F|  |TAMS 0x000000008aa00000| PB 0x000000008aa00000| Untracked 
|  69|0x000000008ab00000, 0x000000008ab00000, 0x000000008ac00000|  0%| F|  |TAMS 0x000000008ab00000| PB 0x000000008ab00000| Untracked 
|  70|0x000000008ac00000, 0x000000008ac00000, 0x000000008ad00000|  0%| F|  |TAMS 0x000000008ac00000| PB 0x000000008ac00000| Untracked 
|  71|0x000000008ad00000, 0x000000008ad00000, 0x000000008ae00000|  0%| F|  |TAMS 0x000000008ad00000| PB 0x000000008ad00000| Untracked 
|  72|0x000000008ae00000, 0x000000008ae00000, 0x000000008af00000|  0%| F|  |TAMS 0x000000008ae00000| PB 0x000000008ae00000| Untracked 
|  73|0x000000008af00000, 0x000000008af00000, 0x000000008b000000|  0%| F|  |TAMS 0x000000008af00000| PB 0x000000008af00000| Untracked 
|  74|0x000000008b000000, 0x000000008b000000, 0x000000008b100000|  0%| F|  |TAMS 0x000000008b000000| PB 0x000000008b000000| Untracked 
|  75|0x000000008b100000, 0x000000008b100000, 0x000000008b200000|  0%| F|  |TAMS 0x000000008b100000| PB 0x000000008b100000| Untracked 
|  76|0x000000008b200000, 0x000000008b200000, 0x000000008b300000|  0%| F|  |TAMS 0x000000008b200000| PB 0x000000008b200000| Untracked 
|  77|0x000000008b300000, 0x000000008b300000, 0x000000008b400000|  0%| F|  |TAMS 0x000000008b300000| PB 0x000000008b300000| Untracked 
|  78|0x000000008b400000, 0x000000008b400000, 0x000000008b500000|  0%| F|  |TAMS 0x000000008b400000| PB 0x000000008b400000| Untracked 
|  79|0x000000008b500000, 0x000000008b500000, 0x000000008b600000|  0%| F|  |TAMS 0x000000008b500000| PB 0x000000008b500000| Untracked 
|  80|0x000000008b600000, 0x000000008b600000, 0x000000008b700000|  0%| F|  |TAMS 0x000000008b600000| PB 0x000000008b600000| Untracked 
|  81|0x000000008b700000, 0x000000008b700000, 0x000000008b800000|  0%| F|  |TAMS 0x000000008b700000| PB 0x000000008b700000| Untracked 
|  82|0x000000008b800000, 0x000000008b800000, 0x000000008b900000|  0%| F|  |TAMS 0x000000008b800000| PB 0x000000008b800000| Untracked 
|  83|0x000000008b900000, 0x000000008b900000, 0x000000008ba00000|  0%| F|  |TAMS 0x000000008b900000| PB 0x000000008b900000| Untracked 
|  84|0x000000008ba00000, 0x000000008ba00000, 0x000000008bb00000|  0%| F|  |TAMS 0x000000008ba00000| PB 0x000000008ba00000| Untracked 
|  85|0x000000008bb00000, 0x000000008bb00000, 0x000000008bc00000|  0%| F|  |TAMS 0x000000008bb00000| PB 0x000000008bb00000| Untracked 
|  86|0x000000008bc00000, 0x000000008bc00000, 0x000000008bd00000|  0%| F|  |TAMS 0x000000008bc00000| PB 0x000000008bc00000| Untracked 
|  87|0x000000008bd00000, 0x000000008bd00000, 0x000000008be00000|  0%| F|  |TAMS 0x000000008bd00000| PB 0x000000008bd00000| Untracked 
|  88|0x000000008be00000, 0x000000008be00000, 0x000000008bf00000|  0%| F|  |TAMS 0x000000008be00000| PB 0x000000008be00000| Untracked 
|  89|0x000000008bf00000, 0x000000008bf00000, 0x000000008c000000|  0%| F|  |TAMS 0x000000008bf00000| PB 0x000000008bf00000| Untracked 
|  90|0x000000008c000000, 0x000000008c000000, 0x000000008c100000|  0%| F|  |TAMS 0x000000008c000000| PB 0x000000008c000000| Untracked 
|  91|0x000000008c100000, 0x000000008c100000, 0x000000008c200000|  0%| F|  |TAMS 0x000000008c100000| PB 0x000000008c100000| Untracked 
|  92|0x000000008c200000, 0x000000008c200000, 0x000000008c300000|  0%| F|  |TAMS 0x000000008c200000| PB 0x000000008c200000| Untracked 
|  93|0x000000008c300000, 0x000000008c300000, 0x000000008c400000|  0%| F|  |TAMS 0x000000008c300000| PB 0x000000008c300000| Untracked 
|  94|0x000000008c400000, 0x000000008c400000, 0x000000008c500000|  0%| F|  |TAMS 0x000000008c400000| PB 0x000000008c400000| Untracked 
|  95|0x000000008c500000, 0x000000008c500000, 0x000000008c600000|  0%| F|  |TAMS 0x000000008c500000| PB 0x000000008c500000| Untracked 
|  96|0x000000008c600000, 0x000000008c600000, 0x000000008c700000|  0%| F|  |TAMS 0x000000008c600000| PB 0x000000008c600000| Untracked 
|  97|0x000000008c700000, 0x000000008c700000, 0x000000008c800000|  0%| F|  |TAMS 0x000000008c700000| PB 0x000000008c700000| Untracked 
|  98|0x000000008c800000, 0x000000008c800000, 0x000000008c900000|  0%| F|  |TAMS 0x000000008c800000| PB 0x000000008c800000| Untracked 
|  99|0x000000008c900000, 0x000000008c900000, 0x000000008ca00000|  0%| F|  |TAMS 0x000000008c900000| PB 0x000000008c900000| Untracked 
| 100|0x000000008ca00000, 0x000000008ca00000, 0x000000008cb00000|  0%| F|  |TAMS 0x000000008ca00000| PB 0x000000008ca00000| Untracked 
| 101|0x000000008cb00000, 0x000000008cb00000, 0x000000008cc00000|  0%| F|  |TAMS 0x000000008cb00000| PB 0x000000008cb00000| Untracked 
| 102|0x000000008cc00000, 0x000000008cc00000, 0x000000008cd00000|  0%| F|  |TAMS 0x000000008cc00000| PB 0x000000008cc00000| Untracked 
| 103|0x000000008cd00000, 0x000000008cd00000, 0x000000008ce00000|  0%| F|  |TAMS 0x000000008cd00000| PB 0x000000008cd00000| Untracked 
| 104|0x000000008ce00000, 0x000000008ce00000, 0x000000008cf00000|  0%| F|  |TAMS 0x000000008ce00000| PB 0x000000008ce00000| Untracked 
| 105|0x000000008cf00000, 0x000000008cf00000, 0x000000008d000000|  0%| F|  |TAMS 0x000000008cf00000| PB 0x000000008cf00000| Untracked 
| 106|0x000000008d000000, 0x000000008d000000, 0x000000008d100000|  0%| F|  |TAMS 0x000000008d000000| PB 0x000000008d000000| Untracked 
| 107|0x000000008d100000, 0x000000008d100000, 0x000000008d200000|  0%| F|  |TAMS 0x000000008d100000| PB 0x000000008d100000| Untracked 
| 108|0x000000008d200000, 0x000000008d200000, 0x000000008d300000|  0%| F|  |TAMS 0x000000008d200000| PB 0x000000008d200000| Untracked 
| 109|0x000000008d300000, 0x000000008d300000, 0x000000008d400000|  0%| F|  |TAMS 0x000000008d300000| PB 0x000000008d300000| Untracked 
| 110|0x000000008d400000, 0x000000008d400000, 0x000000008d500000|  0%| F|  |TAMS 0x000000008d400000| PB 0x000000008d400000| Untracked 
| 111|0x000000008d500000, 0x000000008d500000, 0x000000008d600000|  0%| F|  |TAMS 0x000000008d500000| PB 0x000000008d500000| Untracked 
| 112|0x000000008d600000, 0x000000008d600000, 0x000000008d700000|  0%| F|  |TAMS 0x000000008d600000| PB 0x000000008d600000| Untracked 
| 113|0x000000008d700000, 0x000000008d700000, 0x000000008d800000|  0%| F|  |TAMS 0x000000008d700000| PB 0x000000008d700000| Untracked 
| 114|0x000000008d800000, 0x000000008d800000, 0x000000008d900000|  0%| F|  |TAMS 0x000000008d800000| PB 0x000000008d800000| Untracked 
| 115|0x000000008d900000, 0x000000008d900000, 0x000000008da00000|  0%| F|  |TAMS 0x000000008d900000| PB 0x000000008d900000| Untracked 
| 116|0x000000008da00000, 0x000000008da00000, 0x000000008db00000|  0%| F|  |TAMS 0x000000008da00000| PB 0x000000008da00000| Untracked 
| 117|0x000000008db00000, 0x000000008db00000, 0x000000008dc00000|  0%| F|  |TAMS 0x000000008db00000| PB 0x000000008db00000| Untracked 
| 118|0x000000008dc00000, 0x000000008dc00000, 0x000000008dd00000|  0%| F|  |TAMS 0x000000008dc00000| PB 0x000000008dc00000| Untracked 
| 119|0x000000008dd00000, 0x000000008dd00000, 0x000000008de00000|  0%| F|  |TAMS 0x000000008dd00000| PB 0x000000008dd00000| Untracked 
| 120|0x000000008de00000, 0x000000008de75c38, 0x000000008df00000| 46%| E|  |TAMS 0x000000008de00000| PB 0x000000008de00000| Complete 
| 121|0x000000008df00000, 0x000000008e000000, 0x000000008e000000|100%| E|CS|TAMS 0x000000008df00000| PB 0x000000008df00000| Complete 
|1944|0x00000000ffe00000, 0x00000000fff00000, 0x00000000fff00000|100%| O|  |TAMS 0x00000000ffe00000| PB 0x00000000ffe00000| Untracked 
|1945|0x00000000fff00000, 0x00000000fff0c710, 0x0000000100000000|  4%| O|  |TAMS 0x00000000fff00000| PB 0x00000000fff00000| Untracked 

Card table byte_map: [0x00007ad264000000,0x00007ad2643cd000] _byte_map_base: 0x00007ad263bcd000

Marking Bits: (CMBitMap*) 0x00007ad27c071390
 Bits: [0x00007ad262000000, 0x00007ad263e68000)

Polling page: 0x00007ad282c57000

Metaspace:

Usage:
  Non-class:    566.91 KB used.
      Class:     60.94 KB used.
       Both:    627.84 KB used.

Virtual space:
  Non-class space:       64.00 MB reserved,     640.00 KB ( <1%) committed,  1 nodes.
      Class space:        1.00 GB reserved,     128.00 KB ( <1%) committed,  1 nodes.
             Both:        1.06 GB reserved,     768.00 KB ( <1%) committed. 

Chunk freelists:
   Non-Class:  11.98 MB
       Class:  15.72 MB
        Both:  27.70 MB

MaxMetaspaceSize: unlimited
CompressedClassSpaceSize: 1.00 GB
Initial GC threshold: 21.00 MB
Current GC threshold: 21.00 MB
CDS: on
 - commit_granule_bytes: 65536.
 - commit_granule_words: 8192.
 - virtual_space_node_default_size: 8388608.
 - enlarge_chunks_in_place: 1.
 - use_allocation_guard: 0.


Internal statistics:

num_allocs_failed_limit: 0.
num_arena_births: 4.
num_arena_deaths: 0.
num_vsnodes_births: 2.
num_vsnodes_deaths: 0.
num_space_committed: 12.
num_space_uncommitted: 0.
num_chunks_returned_to_freelist: 0.
num_chunks_taken_from_freelist: 9.
num_chunk_merges: 0.
num_chunk_splits: 6.
num_chunks_enlarged: 3.
num_inconsistent_stats: 0.

CodeHeap 'non-profiled nmethods': size=120028Kb used=2Kb max_used=2Kb free=120025Kb
 bounds [0x00007ad26c2c9000, 0x00007ad26c539000, 0x00007ad273800000]
CodeHeap 'profiled nmethods': size=120028Kb used=7Kb max_used=7Kb free=120020Kb
 bounds [0x00007ad264800000, 0x00007ad264a70000, 0x00007ad26bd37000]
CodeHeap 'non-nmethods': size=5704Kb used=1165Kb max_used=1165Kb free=4538Kb
 bounds [0x00007ad26bd37000, 0x00007ad26bfa7000, 0x00007ad26c2c9000]
 total_blobs=319 nmethods=9 adapters=217
 compilation: enabled
              stopped_count=0, restarted_count=0
 full_count=0

Compilation events (14 events):
Event: 0.015 Thread 0x00007ad27c15b7a0    1       3       java.lang.Object::<init> (1 bytes)
Event: 0.015 Thread 0x00007ad27c15b7a0 nmethod 1 0x00007ad264800010 code [0x00007ad2648001a0, 0x00007ad2648002a0]
Event: 0.016 Thread 0x00007ad27c15b7a0    3       3       java.lang.String::coder (15 bytes)
Event: 0.016 Thread 0x00007ad27c15b7a0 nmethod 3 0x00007ad264800310 code [0x00007ad2648004a0, 0x00007ad2648005d0]
Event: 0.016 Thread 0x00007ad27c15b7a0    4       3       java.lang.String::isLatin1 (19 bytes)
Event: 0.016 Thread 0x00007ad27c15b7a0 nmethod 4 0x00007ad264800690 code [0x00007ad264800820, 0x00007ad264800988]
Event: 0.017 Thread 0x00007ad27c15b7a0    5       3       java.lang.String::hashCode (60 bytes)
Event: 0.017 Thread 0x00007ad27c15b7a0 nmethod 5 0x00007ad264800a10 code [0x00007ad264800be0, 0x00007ad264800f08]
Event: 0.017 Thread 0x00007ad27c15b7a0    6       3       java.lang.String::length (11 bytes)
Event: 0.017 Thread 0x00007ad27c15b7a0 nmethod 6 0x00007ad264801010 code [0x00007ad2648011c0, 0x00007ad264801358]
Event: 0.017 Thread 0x00007ad27c15b7a0    7       3       jdk.internal.util.Preconditions::checkIndex (18 bytes)
Event: 0.017 Thread 0x00007ad27c15b7a0 nmethod 7 0x00007ad264801410 code [0x00007ad2648015c0, 0x00007ad264801750]
Event: 0.017 Thread 0x00007ad27c15b7a0    8       3       java.lang.String::charAt (25 bytes)
Event: 0.017 Thread 0x00007ad27c15b7a0 nmethod 8 0x00007ad264801810 code [0x00007ad2648019e0, 0x00007ad264801d60]

GC Heap History (0 events):
No events

Dll operation events (2 events):
Event: 0.001 Loaded shared library /usr/lib/jvm/java-21-openjdk-amd64/lib/libjava.so
Event: 0.014 Loaded shared library /usr/lib/jvm/java-21-openjdk-amd64/lib/libjsvml.so

Deoptimization events (0 events):
No events

Classes loaded (20 events):
Event: 0.021 Loading class java/util/EventListener done
Event: 0.021 Loading class java/awt/event/MouseListener done
Event: 0.021 Loading class javax/swing/GroupLayout$SequentialGroup
Event: 0.021 Loading class javax/swing/GroupLayout$SequentialGroup done
Event: 0.021 Loading class javax/swing/filechooser/FileFilter
Event: 0.021 Loading class javax/swing/filechooser/FileFilter done
Event: 0.021 Loading class javax/swing/filechooser/FileNameExtensionFilter
Event: 0.021 Loading class javax/swing/filechooser/FileNameExtensionFilter done
Event: 0.021 Loading class sun/util/logging/PlatformLogger
Event: 0.021 Loading class sun/util/logging/PlatformLogger done
Event: 0.021 Loading class sun/util/logging/PlatformLogger$Level
Event: 0.021 Loading class sun/util/logging/PlatformLogger$Level done
Event: 0.021 Loading class java/lang/System$Logger$Level
Event: 0.021 Loading class java/lang/System$Logger$Level done
Event: 0.021 Loading class jdk/internal/logger/LazyLoggers
Event: 0.021 Loading class jdk/internal/logger/LazyLoggers done
Event: 0.021 Loading class jdk/internal/logger/LazyLoggers$1
Event: 0.022 Loading class jdk/internal/logger/LazyLoggers$1 done
Event: 0.022 Loading class jdk/internal/logger/LazyLoggers$LazyLoggerFactories
Event: 0.022 Loading class jdk/internal/logger/LazyLoggers$LazyLoggerFactories done

Classes unloaded (0 events):
No events

Classes redefined (0 events):
No events

Internal exceptions (0 events):
No events

ZGC Phase Switch (0 events):
No events

VM Operations (0 events):
No events

Memory protections (10 events):
Event: 0.001 Protecting memory [0x00007ad280f00000,0x00007ad280f04000] with protection modes 0
Event: 0.013 Protecting memory [0x00007ad2612f4000,0x00007ad2612f8000] with protection modes 0
Event: 0.013 Protecting memory [0x00007ad260900000,0x00007ad260904000] with protection modes 0
Event: 0.013 Protecting memory [0x00007ad260800000,0x00007ad260804000] with protection modes 0
Event: 0.013 Protecting memory [0x00007ad260700000,0x00007ad260704000] with protection modes 0
Event: 0.013 Protecting memory [0x00007ad260600000,0x00007ad260604000] with protection modes 0
Event: 0.014 Protecting memory [0x00007ad260500000,0x00007ad260504000] with protection modes 0
Event: 0.014 Protecting memory [0x00007ad260400000,0x00007ad260404000] with protection modes 0
Event: 0.016 Protecting memory [0x00007ad260300000,0x00007ad260304000] with protection modes 0
Event: 0.017 Protecting memory [0x00007ad260200000,0x00007ad260204000] with protection modes 0

Nmethod flushes (0 events):
No events

Events (10 events):
Event: 0.008 Thread 0x00007ad27c018fb0 Thread added: 0x00007ad27c018fb0
Event: 0.013 Thread 0x00007ad27c018fb0 Thread added: 0x00007ad27c152b90
Event: 0.013 Thread 0x00007ad27c018fb0 Thread added: 0x00007ad27c154220
Event: 0.013 Thread 0x00007ad27c018fb0 Thread added: 0x00007ad27c1559c0
Event: 0.013 Thread 0x00007ad27c018fb0 Thread added: 0x00007ad27c157000
Event: 0.013 Thread 0x00007ad27c018fb0 Thread added: 0x00007ad27c1585a0
Event: 0.014 Thread 0x00007ad27c018fb0 Thread added: 0x00007ad27c15a0e0
Event: 0.014 Thread 0x00007ad27c018fb0 Thread added: 0x00007ad27c15b7a0
Event: 0.016 Thread 0x00007ad27c018fb0 Thread added: 0x00007ad27c167640
Event: 0.017 Thread 0x00007ad27c018fb0 Thread added: 0x00007ad27c16a8c0


Dynamic libraries:
86600000-8e000000 rw-p 00000000 00:00 0 
8e000000-ffe00000 ---p 00000000 00:00 0 
ffe00000-fff0d000 rw-p 00cd6000 08:25 2543604                            /usr/lib/jvm/java-21-openjdk-amd64/lib/server/classes.jsa
fff0d000-100000000 rw-p 00000000 00:00 0 
57b609794000-57b609795000 r--p 00000000 08:25 2148401                    /usr/lib/jvm/java-21-openjdk-amd64/bin/java
57b609795000-57b609796000 r-xp 00001000 08:25 2148401                    /usr/lib/jvm/java-21-openjdk-amd64/bin/java
57b609796000-57b609797000 r--p 00002000 08:25 2148401                    /usr/lib/jvm/java-21-openjdk-amd64/bin/java
57b609797000-57b609798000 r--p 00002000 08:25 2148401                    /usr/lib/jvm/java-21-openjdk-amd64/bin/java
57b609798000-57b609799000 rw-p 00003000 08:25 2148401                    /usr/lib/jvm/java-21-openjdk-amd64/bin/java
57b63d136000-57b63d17d000 rw-p 00000000 00:00 0                          [heap]
7ad1bc000000-7ad1bc021000 rw-p 00000000 00:00 0 
7ad1bc021000-7ad1c0000000 ---p 00000000 00:00 0 
7ad1c0000000-7ad1c0021000 rw-p 00000000 00:00 0 
7ad1c0021000-7ad1c4000000 ---p 00000000 00:00 0 
7ad1c8000000-7ad1c8021000 rw-p 00000000 00:00 0 
7ad1c8021000-7ad1cc000000 ---p 00000000 00:00 0 
7ad1cc000000-7ad1cc077000 rw-p 00000000 00:00 0 
7ad1cc077000-7ad1d0000000 ---p 00000000 00:00 0 
7ad1d4000000-7ad1d4021000 rw-p 00000000 00:00 0 
7ad1d4021000-7ad1d8000000 ---p 00000000 00:00 0 
7ad1d8000000-7ad1d8021000 rw-p 00000000 00:00 0 
7ad1d8021000-7ad1dc000000 ---p 00000000 00:00 0 
7ad1e0000000-7ad1e0021000 rw-p 00000000 00:00 0 
7ad1e0021000-7ad1e4000000 ---p 00000000 00:00 0 
7ad1e4000000-7ad1e4021000 rw-p 00000000 00:00 0 
7ad1e4021000-7ad1e8000000 ---p 00000000 00:00 0 
7ad1ec000000-7ad1ec021000 rw-p 00000000 00:00 0 
7ad1ec021000-7ad1f0000000 ---p 00000000 00:00 0 
7ad1f0000000-7ad1f0021000 rw-p 00000000 00:00 0 
7ad1f0021000-7ad1f4000000 ---p 00000000 00:00 0 
7ad1f8000000-7ad1f8090000 rw-p 00000000 00:00 0 
7ad1f8090000-7ad1f8400000 ---p 00000000 00:00 0 
7ad1f8400000-7ad1f8410000 rw-p 00000000 00:00 0 
7ad1f8410000-7ad1fc000000 ---p 00000000 00:00 0 
7ad1fc000000-7ad1fc021000 rw-p 00000000 00:00 0 
7ad1fc021000-7ad200000000 ---p 00000000 00:00 0 
7ad203000000-7ad203c97000 rw-p 00001000 08:25 2543604                    /usr/lib/jvm/java-21-openjdk-amd64/lib/server/classes.jsa
7ad203c97000-7ad204000000 ---p 00000000 00:00 0 
7ad204000000-7ad204010000 rw-p 00000000 00:00 0 
7ad204010000-7ad204040000 ---p 00000000 00:00 0 
7ad204040000-7ad204050000 rw-p 00000000 00:00 0 
7ad204050000-7ad244000000 ---p 00000000 00:00 0 
7ad244000000-7ad244021000 rw-p 00000000 00:00 0 
7ad244021000-7ad248000000 ---p 00000000 00:00 0 
7ad248000000-7ad248021000 rw-p 00000000 00:00 0 
7ad248021000-7ad24c000000 ---p 00000000 00:00 0 
7ad250000000-7ad250021000 rw-p 00000000 00:00 0 
7ad250021000-7ad254000000 ---p 00000000 00:00 0 
7ad254000000-7ad254021000 rw-p 00000000 00:00 0 
7ad254021000-7ad258000000 ---p 00000000 00:00 0 
7ad259c00000-7ad259ee2000 rw-p 00000000 00:00 0 
7ad25a000000-7ad25c021000 rw-p 00000000 00:00 0 
7ad25c021000-7ad260000000 ---p 00000000 00:00 0 
7ad260080000-7ad260200000 rw-p 00000000 00:00 0 
7ad260200000-7ad260204000 ---p 00000000 00:00 0 
7ad260204000-7ad260300000 rw-p 00000000 00:00 0 
7ad260300000-7ad260304000 ---p 00000000 00:00 0 
7ad260304000-7ad260400000 rw-p 00000000 00:00 0 
7ad260400000-7ad260404000 ---p 00000000 00:00 0 
7ad260404000-7ad260500000 rw-p 00000000 00:00 0 
7ad260500000-7ad260504000 ---p 00000000 00:00 0 
7ad260504000-7ad260600000 rw-p 00000000 00:00 0 
7ad260600000-7ad260604000 ---p 00000000 00:00 0 
7ad260604000-7ad260700000 rw-p 00000000 00:00 0 
7ad260700000-7ad260704000 ---p 00000000 00:00 0 
7ad260704000-7ad260800000 rw-p 00000000 00:00 0 
7ad260800000-7ad260804000 ---p 00000000 00:00 0 
7ad260804000-7ad260900000 rw-p 00000000 00:00 0 
7ad260900000-7ad260904000 ---p 00000000 00:00 0 
7ad260904000-7ad260a00000 rw-p 00000000 00:00 0 
7ad260a00000-7ad261203000 r--p 00000000 08:25 1850347                    /usr/lib/locale/locale-archive
7ad261223000-7ad261228000 r--p 00000000 08:25 2543585                    /usr/lib/jvm/java-21-openjdk-amd64/lib/libjsvml.so
7ad261228000-7ad261269000 r-xp 00005000 08:25 2543585                    /usr/lib/jvm/java-21-openjdk-amd64/lib/libjsvml.so
7ad261269000-7ad2612f2000 r--p 00046000 08:25 2543585                    /usr/lib/jvm/java-21-openjdk-amd64/lib/libjsvml.so
7ad2612f2000-7ad2612f3000 r--p 000ce000 08:25 2543585                    /usr/lib/jvm/java-21-openjdk-amd64/lib/libjsvml.so
7ad2612f3000-7ad2612f4000 rw-p 000cf000 08:25 2543585                    /usr/lib/jvm/java-21-openjdk-amd64/lib/libjsvml.so
7ad2612f4000-7ad2612f8000 ---p 00000000 00:00 0 
7ad2612f8000-7ad2613f4000 rw-p 00000000 00:00 0 
7ad2613f4000-7ad2613f5000 ---p 00000000 00:00 0 
7ad2613f5000-7ad2614f5000 rw-p 00000000 00:00 0 
7ad2614f5000-7ad2614f6000 ---p 00000000 00:00 0 
7ad2614f6000-7ad2615f6000 rw-p 00000000 00:00 0 
7ad2615f6000-7ad2615f7000 ---p 00000000 00:00 0 
7ad2615f7000-7ad2616f7000 rw-p 00000000 00:00 0 
7ad2616f7000-7ad2616f8000 ---p 00000000 00:00 0 
7ad2616f8000-7ad2617f8000 rw-p 00000000 00:00 0 
7ad2617f8000-7ad2621e8000 rw-p 00000000 00:00 0 
7ad2621e8000-7ad263e60000 ---p 00000000 00:00 0 
7ad263e60000-7ad263e68000 rw-p 00000000 00:00 0 
7ad263eff000-7ad26403d000 rw-p 00000000 00:00 0 
7ad26403d000-7ad2643cc000 ---p 00000000 00:00 0 
7ad2643cc000-7ad2643cd000 rw-p 00000000 00:00 0 
7ad264400000-7ad26443d000 rw-p 00000000 00:00 0 
7ad26443d000-7ad2647cc000 ---p 00000000 00:00 0 
7ad2647cc000-7ad2647cd000 rw-p 00000000 00:00 0 
7ad264800000-7ad264a70000 rwxp 00000000 00:00 0 
7ad264a70000-7ad26bd37000 ---p 00000000 00:00 0 
7ad26bd37000-7ad26bfa7000 rwxp 00000000 00:00 0 
7ad26bfa7000-7ad26c2c9000 ---p 00000000 00:00 0 
7ad26c2c9000-7ad26c539000 rwxp 00000000 00:00 0 
7ad26c539000-7ad273800000 ---p 00000000 00:00 0 
7ad273800000-7ad27be0d000 r--s 00000000 08:25 2543601                    /usr/lib/jvm/java-21-openjdk-amd64/lib/modules
7ad27be23000-7ad27c1a5000 rw-p 00000000 00:00 0 
7ad27c1a5000-7ad280000000 ---p 00000000 00:00 0 
7ad28001d000-7ad28001e000 ---p 00000000 00:00 0 
7ad28001e000-7ad28011e000 rw-p 00000000 00:00 0 
7ad28011e000-7ad28011f000 ---p 00000000 00:00 0 
7ad28011f000-7ad28021f000 rw-p 00000000 00:00 0 
7ad28021f000-7ad280220000 ---p 00000000 00:00 0 
7ad280220000-7ad280320000 rw-p 00000000 00:00 0 
7ad280320000-7ad280d2f000 rw-p 00000000 00:00 0 
7ad280d2f000-7ad280e15000 ---p 00000000 00:00 0 
7ad280e15000-7ad280e1a000 rw-p 00000000 00:00 0 
7ad280e1a000-7ad280f00000 ---p 00000000 00:00 0 
7ad280f00000-7ad280f04000 ---p 00000000 00:00 0 
7ad280f04000-7ad281000000 rw-p 00000000 00:00 0 
7ad281000000-7ad28109d000 r--p 00000000 08:25 1869011                    /usr/lib/x86_64-linux-gnu/libstdc++.so.6.0.33
7ad28109d000-7ad2811e5000 r-xp 0009d000 08:25 1869011                    /usr/lib/x86_64-linux-gnu/libstdc++.so.6.0.33
7ad2811e5000-7ad28126c000 r--p 001e5000 08:25 1869011                    /usr/lib/x86_64-linux-gnu/libstdc++.so.6.0.33
7ad28126c000-7ad281277000 r--p 0026b000 08:25 1869011                    /usr/lib/x86_64-linux-gnu/libstdc++.so.6.0.33
7ad281277000-7ad28127a000 rw-p 00276000 08:25 1869011                    /usr/lib/x86_64-linux-gnu/libstdc++.so.6.0.33
7ad28127a000-7ad28127e000 rw-p 00000000 00:00 0 
7ad281299000-7ad281317000 rw-p 00000000 00:00 0 
7ad281317000-7ad281327000 r--p 00000000 08:25 1868504                    /usr/lib/x86_64-linux-gnu/libm.so.6
7ad281327000-7ad2813a6000 r-xp 00010000 08:25 1868504                    /usr/lib/x86_64-linux-gnu/libm.so.6
7ad2813a6000-7ad2813fe000 r--p 0008f000 08:25 1868504                    /usr/lib/x86_64-linux-gnu/libm.so.6
7ad2813fe000-7ad2813ff000 r--p 000e7000 08:25 1868504                    /usr/lib/x86_64-linux-gnu/libm.so.6
7ad2813ff000-7ad281400000 rw-p 000e8000 08:25 1868504                    /usr/lib/x86_64-linux-gnu/libm.so.6
7ad281400000-7ad2816a1000 r--p 00000000 08:25 2543607                    /usr/lib/jvm/java-21-openjdk-amd64/lib/server/libjvm.so
7ad2816a1000-7ad28250d000 r-xp 002a1000 08:25 2543607                    /usr/lib/jvm/java-21-openjdk-amd64/lib/server/libjvm.so
7ad28250d000-7ad2827e5000 r--p 0110d000 08:25 2543607                    /usr/lib/jvm/java-21-openjdk-amd64/lib/server/libjvm.so
7ad2827e5000-7ad2828b8000 r--p 013e5000 08:25 2543607                    /usr/lib/jvm/java-21-openjdk-amd64/lib/server/libjvm.so
7ad2828b8000-7ad2828e8000 rw-p 014b8000 08:25 2543607                    /usr/lib/jvm/java-21-openjdk-amd64/lib/server/libjvm.so
7ad2828e8000-7ad28294e000 rw-p 00000000 00:00 0 
7ad282966000-7ad28296d000 r--s 00000000 08:25 1870331                    /usr/lib/x86_64-linux-gnu/gconv/gconv-modules.cache
7ad28296d000-7ad2829ae000 rw-p 00000000 00:00 0 
7ad2829ae000-7ad2829bb000 r--p 00000000 08:25 2543578                    /usr/lib/jvm/java-21-openjdk-amd64/lib/libjava.so
7ad2829bb000-7ad2829ca000 r-xp 0000d000 08:25 2543578                    /usr/lib/jvm/java-21-openjdk-amd64/lib/libjava.so
7ad2829ca000-7ad2829cf000 r--p 0001c000 08:25 2543578                    /usr/lib/jvm/java-21-openjdk-amd64/lib/libjava.so
7ad2829cf000-7ad2829d0000 r--p 00021000 08:25 2543578                    /usr/lib/jvm/java-21-openjdk-amd64/lib/libjava.so
7ad2829d0000-7ad2829d1000 rw-p 00022000 08:25 2543578                    /usr/lib/jvm/java-21-openjdk-amd64/lib/libjava.so
7ad2829d1000-7ad2829d2000 rw-p 00000000 00:00 0 
7ad2829d2000-7ad2829d6000 r--p 00000000 08:25 1868124                    /usr/lib/x86_64-linux-gnu/libgcc_s.so.1
7ad2829d6000-7ad2829fa000 r-xp 00004000 08:25 1868124                    /usr/lib/x86_64-linux-gnu/libgcc_s.so.1
7ad2829fa000-7ad2829fe000 r--p 00028000 08:25 1868124                    /usr/lib/x86_64-linux-gnu/libgcc_s.so.1
7ad2829fe000-7ad2829ff000 r--p 0002b000 08:25 1868124                    /usr/lib/x86_64-linux-gnu/libgcc_s.so.1
7ad2829ff000-7ad282a00000 rw-p 0002c000 08:25 1868124                    /usr/lib/x86_64-linux-gnu/libgcc_s.so.1
7ad282a00000-7ad282a28000 r--p 00000000 08:25 1867753                    /usr/lib/x86_64-linux-gnu/libc.so.6
7ad282a28000-7ad282bb0000 r-xp 00028000 08:25 1867753                    /usr/lib/x86_64-linux-gnu/libc.so.6
7ad282bb0000-7ad282bff000 r--p 001b0000 08:25 1867753                    /usr/lib/x86_64-linux-gnu/libc.so.6
7ad282bff000-7ad282c03000 r--p 001fe000 08:25 1867753                    /usr/lib/x86_64-linux-gnu/libc.so.6
7ad282c03000-7ad282c05000 rw-p 00202000 08:25 1867753                    /usr/lib/x86_64-linux-gnu/libc.so.6
7ad282c05000-7ad282c12000 rw-p 00000000 00:00 0 
7ad282c14000-7ad282c19000 rw-p 00000000 00:00 0 
7ad282c19000-7ad282c20000 ---p 00000000 00:00 0 
7ad282c20000-7ad282c22000 rw-p 00000000 00:00 0 
7ad282c22000-7ad282c24000 r--p 00000000 08:25 2543582                    /usr/lib/jvm/java-21-openjdk-amd64/lib/libjli.so
7ad282c24000-7ad282c2e000 r-xp 00002000 08:25 2543582                    /usr/lib/jvm/java-21-openjdk-amd64/lib/libjli.so
7ad282c2e000-7ad282c31000 r--p 0000c000 08:25 2543582                    /usr/lib/jvm/java-21-openjdk-amd64/lib/libjli.so
7ad282c31000-7ad282c32000 r--p 0000f000 08:25 2543582                    /usr/lib/jvm/java-21-openjdk-amd64/lib/libjli.so
7ad282c32000-7ad282c33000 rw-p 00010000 08:25 2543582                    /usr/lib/jvm/java-21-openjdk-amd64/lib/libjli.so
7ad282c33000-7ad282c35000 r--p 00000000 08:25 1869333                    /usr/lib/x86_64-linux-gnu/libz.so.1.3
7ad282c35000-7ad282c47000 r-xp 00002000 08:25 1869333                    /usr/lib/x86_64-linux-gnu/libz.so.1.3
7ad282c47000-7ad282c4d000 r--p 00014000 08:25 1869333                    /usr/lib/x86_64-linux-gnu/libz.so.1.3
7ad282c4d000-7ad282c4e000 r--p 0001a000 08:25 1869333                    /usr/lib/x86_64-linux-gnu/libz.so.1.3
7ad282c4e000-7ad282c4f000 rw-p 0001b000 08:25 1869333                    /usr/lib/x86_64-linux-gnu/libz.so.1.3
7ad282c4f000-7ad282c57000 rw-s 00000000 08:25 2658503                    /tmp/hsperfdata_edu/11740
7ad282c57000-7ad282c58000 ---p 00000000 00:00 0 
7ad282c58000-7ad282c59000 r--p 00000000 00:00 0 
7ad282c59000-7ad282c5a000 ---p 00000000 00:00 0 
7ad282c5a000-7ad282c5c000 r--p 00000000 08:25 2543581                    /usr/lib/jvm/java-21-openjdk-amd64/lib/libjimage.so
7ad282c5c000-7ad282c5f000 r-xp 00002000 08:25 2543581                    /usr/lib/jvm/java-21-openjdk-amd64/lib/libjimage.so
7ad282c5f000-7ad282c60000 r--p 00005000 08:25 2543581                    /usr/lib/jvm/java-21-openjdk-amd64/lib/libjimage.so
7ad282c60000-7ad282c61000 r--p 00006000 08:25 2543581                    /usr/lib/jvm/java-21-openjdk-amd64/lib/libjimage.so
7ad282c61000-7ad282c62000 rw-p 00007000 08:25 2543581                    /usr/lib/jvm/java-21-openjdk-amd64/lib/libjimage.so
7ad282c62000-7ad282c64000 rw-p 00000000 00:00 0 
7ad282c64000-7ad282c65000 r--p 00000000 08:25 1867323                    /usr/lib/x86_64-linux-gnu/ld-linux-x86-64.so.2
7ad282c65000-7ad282c90000 r-xp 00001000 08:25 1867323                    /usr/lib/x86_64-linux-gnu/ld-linux-x86-64.so.2
7ad282c90000-7ad282c9a000 r--p 0002c000 08:25 1867323                    /usr/lib/x86_64-linux-gnu/ld-linux-x86-64.so.2
7ad282c9a000-7ad282c9c000 r--p 00036000 08:25 1867323                    /usr/lib/x86_64-linux-gnu/ld-linux-x86-64.so.2
7ad282c9c000-7ad282c9e000 rw-p 00038000 08:25 1867323                    /usr/lib/x86_64-linux-gnu/ld-linux-x86-64.so.2
7ffdadfd7000-7ffdadff8000 rw-p 00000000 00:00 0                          [stack]
7ffdadff8000-7ffdadffc000 r--p 00000000 00:00 0                          [vvar]
7ffdadffc000-7ffdadffe000 r-xp 00000000 00:00 0                          [vdso]
ffffffffff600000-ffffffffff601000 --xp 00000000 00:00 0                  [vsyscall]
Total number of mappings: 185


VM Arguments:
java_command: com.mycompany.analizadorlexico.AnalizadorLexico
java_class_path (initial): /home/edu/IPC2-2025/AnalizadorLexico2/AnalizadorLexico/target/classes:/home/edu/.m2/repository/org/json/json/20230227/json-20230227.jar
Launcher Type: SUN_STANDARD

[Global flags]
     intx CICompilerCount                          = 4                                         {product} {ergonomic}
     uint ConcGCThreads                            = 3                                         {product} {ergonomic}
     uint G1ConcRefinementThreads                  = 10                                        {product} {ergonomic}
   size_t G1HeapRegionSize                         = 1048576                                   {product} {ergonomic}
    uintx GCDrainStackTargetSize                   = 64                                        {product} {ergonomic}
   size_t InitialHeapSize                          = 127926272                                 {product} {ergonomic}
   size_t MarkStackSize                            = 4194304                                   {product} {ergonomic}
   size_t MaxHeapSize                              = 2040528896                                {product} {ergonomic}
   size_t MaxNewSize                               = 1223688192                                {product} {ergonomic}
   size_t MinHeapDeltaBytes                        = 1048576                                   {product} {ergonomic}
   size_t MinHeapSize                              = 8388608                                   {product} {ergonomic}
    uintx NonNMethodCodeHeapSize                   = 5839372                                {pd product} {ergonomic}
    uintx NonProfiledCodeHeapSize                  = 122909434                              {pd product} {ergonomic}
    uintx ProfiledCodeHeapSize                     = 122909434                              {pd product} {ergonomic}
    uintx ReservedCodeCacheSize                    = 251658240                              {pd product} {ergonomic}
     bool SegmentedCodeCache                       = true                                      {product} {ergonomic}
   size_t SoftMaxHeapSize                          = 2040528896                             {manageable} {ergonomic}
     bool UseCompressedOops                        = true                           {product lp64_product} {ergonomic}
     bool UseG1GC                                  = true                                      {product} {ergonomic}

Logging:
Log output configuration:
 #0: stdout all=warning uptime,level,tags foldmultilines=false
 #1: stderr all=off uptime,level,tags foldmultilines=false

Environment Variables:
JAVA_HOME=/usr/lib/jvm/java-21-openjdk-amd64
PATH=/usr/local/sbin:/usr/local/bin:/usr/sbin:/usr/bin:/sbin:/bin:/usr/games:/usr/local/games:/snap/bin
SHELL=/bin/bash
DISPLAY=:0
LANG=es_GT.UTF-8

Active Locale:
LC_ALL=es_GT.UTF-8
LC_COLLATE=es_GT.UTF-8
LC_CTYPE=es_GT.UTF-8
LC_MESSAGES=es_GT.UTF-8
LC_MONETARY=es_GT.UTF-8
LC_NUMERIC=es_GT.UTF-8
LC_TIME=es_GT.UTF-8

Signal Handlers:
   SIGSEGV: crash_handler in libjvm.so, mask=11100100010111111101111111111110, flags=SA_RESTART|SA_SIGINFO, unblocked
    SIGBUS: crash_handler in libjvm.so, mask=11100100010111111101111111111110, flags=SA_RESTART|SA_SIGINFO, unblocked
    SIGFPE: crash_handler in libjvm.so, mask=11100100010111111101111111111110, flags=SA_RESTART|SA_SIGINFO, unblocked
   SIGPIPE: javaSignalHandler in libjvm.so, mask=11100100010111111101111111111110, flags=SA_RESTART|SA_SIGINFO, blocked
   SIGXFSZ: javaSignalHandler in libjvm.so, mask=11100100010111111101111111111110, flags=SA_RESTART|SA_SIGINFO, blocked
    SIGILL: crash_handler in libjvm.so, mask=11100100010111111101111111111110, flags=SA_RESTART|SA_SIGINFO, unblocked
   SIGUSR2: SR_handler in libjvm.so, mask=00000000000000000000000000000000, flags=SA_RESTART|SA_SIGINFO, blocked
    SIGHUP: UserHandler in libjvm.so, mask=11100100010111111101111111111110, flags=SA_RESTART|SA_SIGINFO, blocked
    SIGINT: SIG_IGN, mask=00000000000000000000000000000000, flags=none, blocked
   SIGTERM: UserHandler in libjvm.so, mask=11100100010111111101111111111110, flags=SA_RESTART|SA_SIGINFO, blocked
   SIGQUIT: UserHandler in libjvm.so, mask=11100100010111111101111111111110, flags=SA_RESTART|SA_SIGINFO, blocked
   SIGTRAP: crash_handler in libjvm.so, mask=11100100010111111101111111111110, flags=SA_RESTART|SA_SIGINFO, unblocked


Periodic native trim disabled

---------------  S Y S T E M  ---------------

OS:
DISTRIB_ID=LinuxMint
DISTRIB_RELEASE=22.1
DISTRIB_CODENAME=xia
DISTRIB_DESCRIPTION="Linux Mint 22.1 Xia"
uname: Linux 6.8.0-51-generic #52-Ubuntu SMP PREEMPT_DYNAMIC Thu Dec  5 13:09:44 UTC 2024 x86_64
OS uptime: 0 days 3:42 hours
libc: glibc 2.39 NPTL 2.39 
rlimit (soft/hard): STACK 8192k/infinity , CORE 0k/infinity , NPROC 30798/30798 , NOFILE 1048576/1048576 , AS infinity/infinity , CPU infinity/infinity , DATA infinity/infinity , FSIZE infinity/infinity , MEMLOCK 995356k/995356k
load average: 0.41 0.43 0.45

/proc/meminfo:
MemTotal:        7962872 kB
MemFree:         1901752 kB
MemAvailable:    3389328 kB
Buffers:           96208 kB
Cached:          2024872 kB
SwapCached:            0 kB
Active:          4329580 kB
Inactive:        1127848 kB
Active(anon):    3558244 kB
Inactive(anon):   158508 kB
Active(file):     771336 kB
Inactive(file):   969340 kB
Unevictable:       72812 kB
Mlocked:              64 kB
SwapTotal:      15997944 kB
SwapFree:       15997688 kB
Zswap:                 0 kB
Zswapped:              0 kB
Dirty:               132 kB
Writeback:             0 kB
AnonPages:       3409344 kB
Mapped:           624032 kB
Shmem:            380404 kB
KReclaimable:     186524 kB
Slab:             337592 kB
SReclaimable:     186524 kB
SUnreclaim:       151068 kB
KernelStack:       16640 kB
PageTables:        42200 kB
SecPageTables:         0 kB
NFS_Unstable:          0 kB
Bounce:                0 kB
WritebackTmp:          0 kB
CommitLimit:    19979380 kB
Committed_AS:   16605592 kB
VmallocTotal:   34359738367 kB
VmallocUsed:       41152 kB
VmallocChunk:          0 kB
Percpu:             8016 kB
HardwareCorrupted:     0 kB
AnonHugePages:         0 kB
ShmemHugePages:        0 kB
ShmemPmdMapped:        0 kB
FileHugePages:         0 kB
FilePmdMapped:         0 kB
Unaccepted:            0 kB
HugePages_Total:       0
HugePages_Free:        0
HugePages_Rsvd:        0
HugePages_Surp:        0
Hugepagesize:       2048 kB
Hugetlb:               0 kB
DirectMap4k:      178724 kB
DirectMap2M:     4898816 kB
DirectMap1G:     3145728 kB

/sys/kernel/mm/transparent_hugepage/enabled: always [madvise] never
/sys/kernel/mm/transparent_hugepage/hpage_pmd_size: 2097152
/sys/kernel/mm/transparent_hugepage/defrag (defrag/compaction efforts parameter): always defer defer+madvise [madvise] never

Process Memory:
Virtual Size: 4775864K (peak: 4775864K)
Resident Set Size: 45684K (peak: 45684K) (anon: 22400K, file: 23284K, shmem: 0K)
Swapped out: 0K
C-Heap outstanding allocations: 28578K, retained: 2033K
glibc malloc tunables: (default)

/proc/sys/kernel/threads-max (system-wide limit on the number of threads): 61597
/proc/sys/vm/max_map_count (maximum number of memory map areas a process may have): 1048576
/proc/sys/vm/swappiness (control to define how aggressively the kernel swaps out anonymous memory): 60
/proc/sys/kernel/pid_max (system-wide limit on number of process identifiers): 4194304

container (cgroup) information:
container_type: cgroupv2
cpu_cpuset_cpus: not supported
cpu_memory_nodes: not supported
active_processor_count: 12
cpu_quota: no quota
cpu_period: 100000
cpu_shares: no shares
memory_limit_in_bytes: unlimited
memory_and_swap_limit_in_bytes: unlimited
memory_soft_limit_in_bytes: unlimited
memory_usage_in_bytes: 4269280 k
memory_max_usage_in_bytes: not supported
memory_swap_current_in_bytes: unlimited
memory_swap_max_limit_in_bytes: unlimited
maximum number of tasks: unlimited
current number of tasks: 533

Steal ticks since vm start: 0
Steal ticks percentage since vm start:  0.000

CPU: total 12 (initial active 12) (6 cores per cpu, 2 threads per core) family 6 model 165 stepping 3 microcode 0xfc, cx8, cmov, fxsr, ht, mmx, 3dnowpref, sse, sse2, sse3, ssse3, sse4.1, sse4.2, popcnt, lzcnt, tsc, tscinvbit, avx, avx2, aes, erms, clmul, bmi1, bmi2, adx, fma, vzeroupper, clflush, clflushopt, rdtscp, f16c
CPU Model and flags from /proc/cpuinfo:
model name	: Intel(R) Core(TM) i5-10400 CPU @ 2.90GHz
flags		: fpu vme de pse tsc msr pae mce cx8 apic sep mtrr pge mca cmov pat pse36 clflush dts acpi mmx fxsr sse sse2 ss ht tm pbe syscall nx pdpe1gb rdtscp lm constant_tsc art arch_perfmon pebs bts rep_good nopl xtopology nonstop_tsc cpuid aperfmperf pni pclmulqdq dtes64 monitor ds_cpl vmx est tm2 ssse3 sdbg fma cx16 xtpr pdcm pcid sse4_1 sse4_2 x2apic movbe popcnt tsc_deadline_timer aes xsave avx f16c rdrand lahf_lm abm 3dnowprefetch cpuid_fault epb ssbd ibrs ibpb stibp ibrs_enhanced tpr_shadow flexpriority ept vpid ept_ad fsgsbase tsc_adjust bmi1 avx2 smep bmi2 erms invpcid mpx rdseed adx smap clflushopt intel_pt xsaveopt xsavec xgetbv1 xsaves dtherm ida arat pln pts hwp hwp_notify hwp_act_window hwp_epp vnmi md_clear flush_l1d arch_capabilities

Online cpus: 0-11
Offline cpus: 
BIOS frequency limitation: <Not Available>
Frequency switch latency (ns): 0
Available cpu frequencies: <Not Available>
Current governor: powersave
Core performance/turbo boost: <Not Available>

Memory: 4k page, physical 7962872k(3389328k free), swap 15997944k(15997688k free)
Page Sizes: 4k

vm_info: OpenJDK 64-Bit Server VM (21.0.6+7-Ubuntu-124.04.1) for linux-amd64 JRE (21.0.6+7-Ubuntu-124.04.1), built on 2025-01-23T22:52:35Z by "buildd" with gcc 13.3.0

END.
