#
# A fatal error has been detected by the Java Runtime Environment:
#
#  SIGSEGV (0xb) at pc=0x000078df3b4cbf6b, pid=11963, tid=11999
#
# JRE version: OpenJDK Runtime Environment (21.0.6+7) (build 21.0.6+7-Ubuntu-124.04.1)
# Java VM: OpenJDK 64-Bit Server VM (21.0.6+7-Ubuntu-124.04.1, mixed mode, sharing, tiered, compressed oops, compressed class ptrs, g1 gc, linux-amd64)
# Problematic frame:
# V  [libjvm.so+0x8cbf6b]  PhaseChaitin::interfere_with_live(unsigned int, IndexSet*) [clone .part.0]+0x23b
#
# Core dump will be written. Default location: Core dumps may be processed with "/usr/lib/systemd/systemd-coredump %P %u %g %s %t 9223372036854775808 %h" (or dumping to /home/edu/IPC2-2025/AnalizadorLexico2/AnalizadorLexico/core.11963)
#
# If you would like to submit a bug report, please visit:
#   https://bugs.launchpad.net/ubuntu/+source/openjdk-21
#

---------------  S U M M A R Y ------------

Command Line: -Dclassworlds.conf=/usr/lib/apache-netbeans/java/maven/bin/m2.conf -Dmaven.home=/usr/lib/apache-netbeans/java/maven -Dlibrary.jansi.path=/usr/lib/apache-netbeans/java/maven/lib/jansi-native -Dmaven.multiModuleProjectDirectory=/home/edu/IPC2-2025/AnalizadorLexico2/AnalizadorLexico org.codehaus.plexus.classworlds.launcher.Launcher -Dexec.vmArgs= -Dexec.args=${exec.vmArgs} -classpath %classpath ${exec.mainClass} ${exec.appArgs} -Dexec.appArgs= -Dexec.mainClass=com.mycompany.analizadorlexico.AnalizadorLexico -Dexec.executable=/usr/lib/jvm/java-21-openjdk-amd64/bin/java -Dmaven.ext.class.path=/usr/lib/apache-netbeans/java/maven-nblib/netbeans-eventspy.jar --no-transfer-progress process-classes org.codehaus.mojo:exec-maven-plugin:3.1.0:exec

Host: Intel(R) Core(TM) i5-10400 CPU @ 2.90GHz, 12 cores, 7G, Linux Mint 22.1 Xia
Time: Tue Sep 30 12:34:18 2025 CST elapsed time: 0.421545 seconds (0d 0h 0m 0s)

---------------  T H R E A D  ---------------

Current thread (0x000078de80378b30):  JavaThread "C2 CompilerThread2" daemon [_thread_in_native, id=11999, stack(0x000078df18000000,0x000078df18100000) (1024K)]


Current CompileTask:
C2:421 1406   !   4       java.lang.String::<init> (890 bytes)

Stack: [0x000078df18000000,0x000078df18100000],  sp=0x000078df180fc170,  free space=1008k
Native frames: (J=compiled Java code, j=interpreted, Vv=VM code, C=native code)
V  [libjvm.so+0x8cbf6b]  PhaseChaitin::interfere_with_live(unsigned int, IndexSet*) [clone .part.0]+0x23b
V  [libjvm.so+0x8cd0fc]  PhaseChaitin::build_ifg_virtual()+0x44c
V  [libjvm.so+0x5b8f13]  PhaseChaitin::Register_Allocate()+0x1f3
V  [libjvm.so+0x6631c2]  Compile::Code_Gen()+0x332
V  [libjvm.so+0x666c06]  Compile::Compile(ciEnv*, ciMethod*, int, Options, DirectiveSet*)+0x1476
V  [libjvm.so+0x58ba7d]  C2Compiler::compile_method(ciEnv*, ciMethod*, int, bool, DirectiveSet*)+0x19d
V  [libjvm.so+0x66c9e3]  CompileBroker::invoke_compiler_on_method(CompileTask*)+0xc73
V  [libjvm.so+0x66fac8]  CompileBroker::compiler_thread_loop()+0x648
V  [libjvm.so+0x925536]  JavaThread::thread_main_inner()+0x1e6
V  [libjvm.so+0xf83ae7]  Thread::call_run()+0xa7
V  [libjvm.so+0xcfc025]  thread_native_entry(Thread*)+0xd5
C  [libc.so.6+0x9ca94]

siginfo: si_signo: 11 (SIGSEGV), si_code: 1 (SEGV_MAPERR), si_addr: 0x000078dd3c0ffb80

Registers:
RAX=0x000078dd3c0ffb80, RBX=0x0000000000000102, RCX=0x000078dd3c0ffb80, RDX=0x000078de6846ffe0
RSP=0x000078df180fc170, RBP=0x000078df180fc1f0, RSI=0x0000000000000002, RDI=0x0000000000000002
R8 =0x0000000000000001, R9 =0x0000000000000101, R10=0x000078df180fc3c0, R11=0x0000000000000404
R12=0x000078df180fc190, R13=0x000078de682a7020, R14=0x000078df180fc6d0, R15=0x000078de682b1970
RIP=0x000078df3b4cbf6b, EFLAGS=0x0000000000010246, CSGSFS=0x002b000000000033, ERR=0x0000000000000004
  TRAPNO=0x000000000000000e

XMM[0]=0x0000000000000000 0x0000000000000000
XMM[1]=0x0000000000000000 0x00000000000000de
XMM[2]=0x0000000000000000 0x0000000000000000
XMM[3]=0x000078de68097280 0x000078de68099bf0
XMM[4]=0x0000000000000000 0x000078de68000090
XMM[5]=0x000078de80166670 0x000078de801669e0
XMM[6]=0x000078de801693b0 0x000078de8016a260
XMM[7]=0x000078de680b5390 0x000078de80000ec0
XMM[8]=0x000078de680b5a00 0x000078de680b5c50
XMM[9]=0x000078df34503ab0 0x000078df34503a50
XMM[10]=0x000078df34503450 0x000078df34503510
XMM[11]=0x000078df345034b0 0x000078df34503570
XMM[12]=0x000078df345033f0 0x000078df34503390
XMM[13]=0x0000000000000000 0x0000000000000000
XMM[14]=0x0000000000000000 0x0000000000000000
XMM[15]=0x0000000000000000 0x0000000000000000
  MXCSR=0x00001fa0


Register to memory mapping:

RAX=0x000078dd3c0ffb80 is an unknown value
RBX=0x0000000000000102 is an unknown value
RCX=0x000078dd3c0ffb80 is an unknown value
RDX=0x000078de6846ffe0 points into unknown readable memory: 0x000000020000000f | 0f 00 00 00 02 00 00 00
RSP=0x000078df180fc170 is pointing into the stack for thread: 0x000078de80378b30
RBP=0x000078df180fc1f0 is pointing into the stack for thread: 0x000078de80378b30
RSI=0x0000000000000002 is an unknown value
RDI=0x0000000000000002 is an unknown value
R8 =0x0000000000000001 is an unknown value
R9 =0x0000000000000101 is an unknown value
R10=0x000078df180fc3c0 is pointing into the stack for thread: 0x000078de80378b30
R11=0x0000000000000404 is an unknown value
R12=0x000078df180fc190 is pointing into the stack for thread: 0x000078de80378b30
R13=0x000078de682a7020 points into unknown readable memory: 0x0000000000000000 | 00 00 00 00 00 00 00 00
R14=0x000078df180fc6d0 is pointing into the stack for thread: 0x000078de80378b30
R15=0x000078de682b1970 points into unknown readable memory: 0x0000000000000000 | 00 00 00 00 00 00 00 00

Top of Stack: (sp=0x000078df180fc170)
0x000078df180fc170:   000078df180fc2d0 0000000d3b1b826b
0x000078df180fc180:   000078de6846ffe0 000000000000a140
0x000078df180fc190:   0000000000000000 0000000100000101
0x000078df180fc1a0:   0000000200000002 000078de80085a40
0x000078df180fc1b0:   000078de6847e750 000078de6847e740
0x000078df180fc1c0:   000078df3c0ffb80 000078de80373778
0x000078df180fc1d0:   000078de6847e740 000078df180fc6d0
0x000078df180fc1e0:   0000000000000018 0000000000000003
0x000078df180fc1f0:   000078df180fc2d0 000078df3b4cd0fc
0x000078df180fc200:   000078df180fc240 00000003180fc210
0x000078df180fc210:   0000000000000018 0000000000000067
0x000078df180fc220:   0000000000000020 000078de00000001
0x000078df180fc230:   000078de801649a0 000078de00000102
0x000078df180fc240:   0000000000000000 0000000000000000
0x000078df180fc250:   000078df180fc260 000078de6c1d2f00
0x000078df180fc260:   0000000000000008 000078df3bd2022f
0x000078df180fc270:   0000000000000000 0000000000000000
0x000078df180fc280:   0000000000000000 000078df3bd2022f
0x000078df180fc290:   000078de00000000 000078de80379270
0x000078df180fc2a0:   000078de6c1d6b78 000078df180fc6d0
0x000078df180fc2b0:   000078df180fc390 000078df180fc4c0
0x000078df180fc2c0:   000078de80000eb0 000078df180fc460
0x000078df180fc2d0:   000078df180fc5b0 000078df3b1b8f13
0x000078df180fc2e0:   0000000000000000 0000000000000000
0x000078df180fc2f0:   000078df180fc360 00000000000003d8
0x000078df180fc300:   000078de80000eb0 000078de80000ec0
0x000078df180fc310:   000078df180fc3c0 000078de80001298
0x000078df180fc320:   000078df180fc2c0 000078de80000ec0
0x000078df180fc330:   000078df180fc390 000078de80000eb0
0x000078df180fc340:   000078de80000ec0 000078de80001298
0x000078df180fc350:   00000000000003d8 000078df3bd1739b
0x000078df180fc360:   0000000000000007 000078de84029dc0 

Instructions: (pc=0x000078df3b4cbf6b)
0x000078df3b4cbe6b:   44 8d 40 03 4c 09 ea 44 39 c6 0f 82 a9 00 00 00
0x000078df3b4cbe7b:   4e 8b 6c c7 38 4f 23 6c c7 38 44 8d 40 04 4c 09
0x000078df3b4cbe8b:   ea 44 39 c6 0f 82 8f 00 00 00 4e 8b 6c c7 38 4f
0x000078df3b4cbe9b:   23 6c c7 38 44 8d 40 05 4c 09 ea 44 39 c6 72 79
0x000078df3b4cbeab:   4e 8b 6c c7 38 4f 23 6c c7 38 44 8d 40 06 4c 09
0x000078df3b4cbebb:   ea 44 39 c6 72 63 4e 8b 6c c7 38 4f 23 6c c7 38
0x000078df3b4cbecb:   44 8d 40 07 4c 09 ea 44 39 c6 72 4d 4e 8b 6c c7
0x000078df3b4cbedb:   38 4f 23 6c c7 38 44 8d 40 08 4c 09 ea 44 39 c6
0x000078df3b4cbeeb:   72 37 4e 8b 6c c7 38 4f 23 6c c7 38 44 8d 40 09
0x000078df3b4cbefb:   4c 09 ea 44 39 c6 72 21 4e 8b 6c c7 38 83 c0 0a
0x000078df3b4cbf0b:   4f 23 6c c7 38 4c 09 ea 39 c6 72 0d 49 8b 74 c7
0x000078df3b4cbf1b:   38 48 23 74 c7 38 48 09 f2 48 85 d2 74 57 49 8b
0x000078df3b4cbf2b:   52 10 39 cb 0f 82 8b 00 00 00 48 8b 45 98 48 01
0x000078df3b4cbf3b:   c2 48 8b 72 08 89 c8 c1 e8 08 48 8b 04 c6 48 3b
0x000078df3b4cbf4b:   05 78 be be 00 0f 84 7f 00 00 00 be 01 00 00 00
0x000078df3b4cbf5b:   48 d3 e6 c1 e9 06 83 e1 03 48 89 f7 48 8d 0c c8
0x000078df3b4cbf6b:   48 8b 01 48 09 c7 48 89 39 48 85 c6 75 07 83 02
0x000078df3b4cbf7b:   01 0f 1f 40 00 48 8b 45 a0 48 85 c0 0f 85 33 fe
0x000078df3b4cbf8b:   ff ff 83 7d ac 03 76 08 8b 45 b4 39 45 b0 73 12
0x000078df3b4cbf9b:   4c 89 e7 e8 0d 9e 00 00 89 c1 85 c9 0f 85 33 fe
0x000078df3b4cbfab:   ff ff 48 83 c4 58 5b 41 5c 41 5d 41 5e 41 5f 5d
0x000078df3b4cbfbb:   c3 0f 1f 40 00 85 db 74 bc 4d 01 cb 89 d9 49 c1
0x000078df3b4cbfcb:   e3 05 4c 01 da e9 67 ff ff ff 89 ce 48 89 d7 89
0x000078df3b4cbfdb:   4d 8c 48 89 55 90 e8 3a 98 00 00 8b 4d 8c 48 8b
0x000078df3b4cbfeb:   55 90 e9 64 ff ff ff 66 66 2e 0f 1f 84 00 00 00
0x000078df3b4cbffb:   00 00 0f 1f 00 f3 0f 1e fa 55 48 89 e5 41 54 49
0x000078df3b4cc00b:   89 f4 be 0c 00 00 00 53 48 89 fb e8 f5 c6 47 00
0x000078df3b4cc01b:   4c 89 63 30 5b 41 5c 5d c3 66 66 2e 0f 1f 84 00
0x000078df3b4cc02b:   00 00 00 00 90 f3 0f 1e fa 55 48 89 e5 41 57 49
0x000078df3b4cc03b:   89 ff 41 56 41 55 41 54 53 89 f3 48 83 ec 08 89
0x000078df3b4cc04b:   77 28 48 8b 77 30 bf 20 00 00 00 e8 75 bb b5 ff
0x000078df3b4cc05b:   49 8b 77 30 48 89 c7 49 89 c4 e8 d6 70 71 00 49 


Stack slot to memory mapping:

stack at sp + 0 slots: 0x000078df180fc2d0 is pointing into the stack for thread: 0x000078de80378b30
stack at sp + 1 slots: 0x0000000d3b1b826b is an unknown value
stack at sp + 2 slots: 0x000078de6846ffe0 points into unknown readable memory: 0x000000020000000f | 0f 00 00 00 02 00 00 00
stack at sp + 3 slots: 0x000000000000a140 is an unknown value
stack at sp + 4 slots: 0x0 is null
stack at sp + 5 slots: 0x0000000100000101 is an unknown value
stack at sp + 6 slots: 0x0000000200000002 is an unknown value
stack at sp + 7 slots: 0x000078de80085a40 points into unknown readable memory: 0x0000000000000002 | 02 00 00 00 00 00 00 00


---------------  P R O C E S S  ---------------

Threads class SMR info:
_java_thread_list=0x000078de80379cd0, length=12, elements={
0x000078df34019810, 0x000078df34153250, 0x000078df341548e0, 0x000078df34156080,
0x000078df341576c0, 0x000078df34158c60, 0x000078df3415a7a0, 0x000078df3415be60,
0x000078df34167d00, 0x000078df3416b030, 0x000078de84158890, 0x000078de80378b30
}

Java Threads: ( => current thread )
  0x000078df34019810 JavaThread "main"                              [_thread_in_vm, id=11980, stack(0x000078df3a700000,0x000078df3a800000) (1024K)]
  0x000078df34153250 JavaThread "Reference Handler"          daemon [_thread_blocked, id=11988, stack(0x000078df380f0000,0x000078df381f0000) (1024K)]
  0x000078df341548e0 JavaThread "Finalizer"                  daemon [_thread_blocked, id=11989, stack(0x000078df33f00000,0x000078df34000000) (1024K)]
  0x000078df34156080 JavaThread "Signal Dispatcher"          daemon [_thread_blocked, id=11990, stack(0x000078df1c700000,0x000078df1c800000) (1024K)]
  0x000078df341576c0 JavaThread "Service Thread"             daemon [_thread_blocked, id=11991, stack(0x000078df18700000,0x000078df18800000) (1024K)]
  0x000078df34158c60 JavaThread "Monitor Deflation Thread"   daemon [_thread_blocked, id=11992, stack(0x000078df18600000,0x000078df18700000) (1024K)]
  0x000078df3415a7a0 JavaThread "C2 CompilerThread0"         daemon [_thread_in_native, id=11993, stack(0x000078df18500000,0x000078df18600000) (1024K)]
  0x000078df3415be60 JavaThread "C1 CompilerThread0"         daemon [_thread_in_native, id=11994, stack(0x000078df18400000,0x000078df18500000) (1024K)]
  0x000078df34167d00 JavaThread "Notification Thread"        daemon [_thread_blocked, id=11995, stack(0x000078df18300000,0x000078df18400000) (1024K)]
  0x000078df3416b030 JavaThread "Common-Cleaner"             daemon [_thread_blocked, id=11996, stack(0x000078df18200000,0x000078df18300000) (1024K)]
  0x000078de84158890 JavaThread "C2 CompilerThread1"         daemon [_thread_in_native, id=11998, stack(0x000078df18100000,0x000078df18200000) (1024K)]
=>0x000078de80378b30 JavaThread "C2 CompilerThread2"         daemon [_thread_in_native, id=11999, stack(0x000078df18000000,0x000078df18100000) (1024K)]
Total: 12

Other Threads:
  0x000078df3414a130 VMThread "VM Thread"                           [id=11987, stack(0x000078df381f1000,0x000078df382f1000) (1024K)]
  0x000078df34138280 WatcherThread "VM Periodic Task Thread"        [id=11986, stack(0x000078df382f2000,0x000078df383f2000) (1024K)]
  0x000078df340710c0 WorkerThread "GC Thread#0"                     [id=11981, stack(0x000078df39a20000,0x000078df39b20000) (1024K)]
  0x000078dea8008400 WorkerThread "GC Thread#1"                     [id=12000, stack(0x000078df13f00000,0x000078df14000000) (1024K)]
  0x000078dea8010e70 WorkerThread "GC Thread#2"                     [id=12001, stack(0x000078df13500000,0x000078df13600000) (1024K)]
  0x000078df34081a30 ConcurrentGCThread "G1 Main Marker"            [id=11982, stack(0x000078df39100000,0x000078df39200000) (1024K)]
  0x000078df340829e0 WorkerThread "G1 Conc#0"                       [id=11983, stack(0x000078df38fff000,0x000078df390ff000) (1024K)]
  0x000078df3411c9a0 ConcurrentGCThread "G1 Refine#0"               [id=11984, stack(0x000078df384f4000,0x000078df385f4000) (1024K)]
  0x000078df3411d960 ConcurrentGCThread "G1 Service"                [id=11985, stack(0x000078df383f3000,0x000078df384f3000) (1024K)]
Total: 9

Threads with active compile tasks:
C2 CompilerThread0  424 1401       4       jdk.internal.module.SystemModuleFinders$SystemModuleReader::find (59 bytes)
C1 CompilerThread0  424 1455       3       org.eclipse.sisu.space.asm.ClassReader::accept (1401 bytes)
C2 CompilerThread1  424 1402       4       jdk.internal.module.SystemModuleFinders$SystemModuleReader::containsImageLocation (42 bytes)
C2 CompilerThread2  424 1406   !   4       java.lang.String::<init> (890 bytes)
Total: 4

VM state: not at safepoint (normal execution)

VM Mutex/Monitor currently owned by a thread: None

Heap address: 0x0000000086600000, size: 1946 MB, Compressed Oops mode: 32-bit

CDS archive(s) mapped at: [0x000078debb000000-0x000078debbc97000-0x000078debbc97000), size 13201408, SharedBaseAddress: 0x000078debb000000, ArchiveRelocationMode: 1.
Compressed class space mapped at: 0x000078debc000000-0x000078defc000000, reserved size: 1073741824
Narrow klass base: 0x000078debb000000, Narrow klass shift: 0, Narrow klass range: 0x100000000

GC Precious Log:
 CardTable entry size: 512
 Card Set container configuration: InlinePtr #cards 5 size 8 Array Of Cards #cards 12 size 40 Howl #buckets 4 coarsen threshold 1843 Howl Bitmap #cards 512 size 80 coarsen threshold 460 Card regions per heap region 1 cards per card region 2048
 CPUs: 12 total, 12 available
 Memory: 7776M
 Large Page Support: Disabled
 NUMA Support: Disabled
 Compressed Oops: Enabled (32-bit)
 Heap Region Size: 1M
 Heap Min Capacity: 8M
 Heap Initial Capacity: 122M
 Heap Max Capacity: 1946M
 Pre-touch: Disabled
 Parallel Workers: 10
 Concurrent Workers: 3
 Concurrent Refinement Workers: 10
 Periodic GC: Disabled

Heap:
 garbage-first heap   total 126976K, used 18521K [0x0000000086600000, 0x0000000100000000)
  region size 1024K, 18 young (18432K), 3 survivors (3072K)
 Metaspace       used 7288K, committed 7488K, reserved 1114112K
  class space    used 842K, committed 960K, reserved 1048576K

Heap Regions: E=young(eden), S=young(survivor), O=old, HS=humongous(starts), HC=humongous(continues), CS=collection set, F=free, TAMS=top-at-mark-start, PB=parsable bottom
|   0|0x0000000086600000, 0x000000008660a000, 0x0000000086700000|  3%| O|  |TAMS 0x0000000086600000| PB 0x0000000086600000| Untracked 
|   1|0x0000000086700000, 0x0000000086700000, 0x0000000086800000|  0%| F|  |TAMS 0x0000000086700000| PB 0x0000000086700000| Untracked 
|   2|0x0000000086800000, 0x0000000086800000, 0x0000000086900000|  0%| F|  |TAMS 0x0000000086800000| PB 0x0000000086800000| Untracked 
|   3|0x0000000086900000, 0x0000000086900000, 0x0000000086a00000|  0%| F|  |TAMS 0x0000000086900000| PB 0x0000000086900000| Untracked 
|   4|0x0000000086a00000, 0x0000000086a00000, 0x0000000086b00000|  0%| F|  |TAMS 0x0000000086a00000| PB 0x0000000086a00000| Untracked 
|   5|0x0000000086b00000, 0x0000000086b00000, 0x0000000086c00000|  0%| F|  |TAMS 0x0000000086b00000| PB 0x0000000086b00000| Untracked 
|   6|0x0000000086c00000, 0x0000000086c00000, 0x0000000086d00000|  0%| F|  |TAMS 0x0000000086c00000| PB 0x0000000086c00000| Untracked 
|   7|0x0000000086d00000, 0x0000000086d00000, 0x0000000086e00000|  0%| F|  |TAMS 0x0000000086d00000| PB 0x0000000086d00000| Untracked 
|   8|0x0000000086e00000, 0x0000000086e00000, 0x0000000086f00000|  0%| F|  |TAMS 0x0000000086e00000| PB 0x0000000086e00000| Untracked 
|   9|0x0000000086f00000, 0x0000000086f00000, 0x0000000087000000|  0%| F|  |TAMS 0x0000000086f00000| PB 0x0000000086f00000| Untracked 
|  10|0x0000000087000000, 0x0000000087000000, 0x0000000087100000|  0%| F|  |TAMS 0x0000000087000000| PB 0x0000000087000000| Untracked 
|  11|0x0000000087100000, 0x0000000087100000, 0x0000000087200000|  0%| F|  |TAMS 0x0000000087100000| PB 0x0000000087100000| Untracked 
|  12|0x0000000087200000, 0x0000000087200000, 0x0000000087300000|  0%| F|  |TAMS 0x0000000087200000| PB 0x0000000087200000| Untracked 
|  13|0x0000000087300000, 0x0000000087300000, 0x0000000087400000|  0%| F|  |TAMS 0x0000000087300000| PB 0x0000000087300000| Untracked 
|  14|0x0000000087400000, 0x0000000087400000, 0x0000000087500000|  0%| F|  |TAMS 0x0000000087400000| PB 0x0000000087400000| Untracked 
|  15|0x0000000087500000, 0x0000000087500000, 0x0000000087600000|  0%| F|  |TAMS 0x0000000087500000| PB 0x0000000087500000| Untracked 
|  16|0x0000000087600000, 0x0000000087600000, 0x0000000087700000|  0%| F|  |TAMS 0x0000000087600000| PB 0x0000000087600000| Untracked 
|  17|0x0000000087700000, 0x0000000087700000, 0x0000000087800000|  0%| F|  |TAMS 0x0000000087700000| PB 0x0000000087700000| Untracked 
|  18|0x0000000087800000, 0x0000000087800000, 0x0000000087900000|  0%| F|  |TAMS 0x0000000087800000| PB 0x0000000087800000| Untracked 
|  19|0x0000000087900000, 0x0000000087900000, 0x0000000087a00000|  0%| F|  |TAMS 0x0000000087900000| PB 0x0000000087900000| Untracked 
|  20|0x0000000087a00000, 0x0000000087a00000, 0x0000000087b00000|  0%| F|  |TAMS 0x0000000087a00000| PB 0x0000000087a00000| Untracked 
|  21|0x0000000087b00000, 0x0000000087b00000, 0x0000000087c00000|  0%| F|  |TAMS 0x0000000087b00000| PB 0x0000000087b00000| Untracked 
|  22|0x0000000087c00000, 0x0000000087c00000, 0x0000000087d00000|  0%| F|  |TAMS 0x0000000087c00000| PB 0x0000000087c00000| Untracked 
|  23|0x0000000087d00000, 0x0000000087d00000, 0x0000000087e00000|  0%| F|  |TAMS 0x0000000087d00000| PB 0x0000000087d00000| Untracked 
|  24|0x0000000087e00000, 0x0000000087e00000, 0x0000000087f00000|  0%| F|  |TAMS 0x0000000087e00000| PB 0x0000000087e00000| Untracked 
|  25|0x0000000087f00000, 0x0000000087f00000, 0x0000000088000000|  0%| F|  |TAMS 0x0000000087f00000| PB 0x0000000087f00000| Untracked 
|  26|0x0000000088000000, 0x0000000088000000, 0x0000000088100000|  0%| F|  |TAMS 0x0000000088000000| PB 0x0000000088000000| Untracked 
|  27|0x0000000088100000, 0x0000000088100000, 0x0000000088200000|  0%| F|  |TAMS 0x0000000088100000| PB 0x0000000088100000| Untracked 
|  28|0x0000000088200000, 0x0000000088200000, 0x0000000088300000|  0%| F|  |TAMS 0x0000000088200000| PB 0x0000000088200000| Untracked 
|  29|0x0000000088300000, 0x0000000088300000, 0x0000000088400000|  0%| F|  |TAMS 0x0000000088300000| PB 0x0000000088300000| Untracked 
|  30|0x0000000088400000, 0x0000000088400000, 0x0000000088500000|  0%| F|  |TAMS 0x0000000088400000| PB 0x0000000088400000| Untracked 
|  31|0x0000000088500000, 0x0000000088500000, 0x0000000088600000|  0%| F|  |TAMS 0x0000000088500000| PB 0x0000000088500000| Untracked 
|  32|0x0000000088600000, 0x0000000088600000, 0x0000000088700000|  0%| F|  |TAMS 0x0000000088600000| PB 0x0000000088600000| Untracked 
|  33|0x0000000088700000, 0x0000000088700000, 0x0000000088800000|  0%| F|  |TAMS 0x0000000088700000| PB 0x0000000088700000| Untracked 
|  34|0x0000000088800000, 0x0000000088800000, 0x0000000088900000|  0%| F|  |TAMS 0x0000000088800000| PB 0x0000000088800000| Untracked 
|  35|0x0000000088900000, 0x0000000088900000, 0x0000000088a00000|  0%| F|  |TAMS 0x0000000088900000| PB 0x0000000088900000| Untracked 
|  36|0x0000000088a00000, 0x0000000088a00000, 0x0000000088b00000|  0%| F|  |TAMS 0x0000000088a00000| PB 0x0000000088a00000| Untracked 
|  37|0x0000000088b00000, 0x0000000088b00000, 0x0000000088c00000|  0%| F|  |TAMS 0x0000000088b00000| PB 0x0000000088b00000| Untracked 
|  38|0x0000000088c00000, 0x0000000088c00000, 0x0000000088d00000|  0%| F|  |TAMS 0x0000000088c00000| PB 0x0000000088c00000| Untracked 
|  39|0x0000000088d00000, 0x0000000088d00000, 0x0000000088e00000|  0%| F|  |TAMS 0x0000000088d00000| PB 0x0000000088d00000| Untracked 
|  40|0x0000000088e00000, 0x0000000088e00000, 0x0000000088f00000|  0%| F|  |TAMS 0x0000000088e00000| PB 0x0000000088e00000| Untracked 
|  41|0x0000000088f00000, 0x0000000088f00000, 0x0000000089000000|  0%| F|  |TAMS 0x0000000088f00000| PB 0x0000000088f00000| Untracked 
|  42|0x0000000089000000, 0x0000000089000000, 0x0000000089100000|  0%| F|  |TAMS 0x0000000089000000| PB 0x0000000089000000| Untracked 
|  43|0x0000000089100000, 0x0000000089100000, 0x0000000089200000|  0%| F|  |TAMS 0x0000000089100000| PB 0x0000000089100000| Untracked 
|  44|0x0000000089200000, 0x0000000089200000, 0x0000000089300000|  0%| F|  |TAMS 0x0000000089200000| PB 0x0000000089200000| Untracked 
|  45|0x0000000089300000, 0x0000000089300000, 0x0000000089400000|  0%| F|  |TAMS 0x0000000089300000| PB 0x0000000089300000| Untracked 
|  46|0x0000000089400000, 0x0000000089400000, 0x0000000089500000|  0%| F|  |TAMS 0x0000000089400000| PB 0x0000000089400000| Untracked 
|  47|0x0000000089500000, 0x0000000089500000, 0x0000000089600000|  0%| F|  |TAMS 0x0000000089500000| PB 0x0000000089500000| Untracked 
|  48|0x0000000089600000, 0x0000000089600000, 0x0000000089700000|  0%| F|  |TAMS 0x0000000089600000| PB 0x0000000089600000| Untracked 
|  49|0x0000000089700000, 0x0000000089700000, 0x0000000089800000|  0%| F|  |TAMS 0x0000000089700000| PB 0x0000000089700000| Untracked 
|  50|0x0000000089800000, 0x0000000089800000, 0x0000000089900000|  0%| F|  |TAMS 0x0000000089800000| PB 0x0000000089800000| Untracked 
|  51|0x0000000089900000, 0x0000000089900000, 0x0000000089a00000|  0%| F|  |TAMS 0x0000000089900000| PB 0x0000000089900000| Untracked 
|  52|0x0000000089a00000, 0x0000000089a00000, 0x0000000089b00000|  0%| F|  |TAMS 0x0000000089a00000| PB 0x0000000089a00000| Untracked 
|  53|0x0000000089b00000, 0x0000000089b00000, 0x0000000089c00000|  0%| F|  |TAMS 0x0000000089b00000| PB 0x0000000089b00000| Untracked 
|  54|0x0000000089c00000, 0x0000000089c00000, 0x0000000089d00000|  0%| F|  |TAMS 0x0000000089c00000| PB 0x0000000089c00000| Untracked 
|  55|0x0000000089d00000, 0x0000000089d00000, 0x0000000089e00000|  0%| F|  |TAMS 0x0000000089d00000| PB 0x0000000089d00000| Untracked 
|  56|0x0000000089e00000, 0x0000000089e00000, 0x0000000089f00000|  0%| F|  |TAMS 0x0000000089e00000| PB 0x0000000089e00000| Untracked 
|  57|0x0000000089f00000, 0x0000000089f00000, 0x000000008a000000|  0%| F|  |TAMS 0x0000000089f00000| PB 0x0000000089f00000| Untracked 
|  58|0x000000008a000000, 0x000000008a000000, 0x000000008a100000|  0%| F|  |TAMS 0x000000008a000000| PB 0x000000008a000000| Untracked 
|  59|0x000000008a100000, 0x000000008a100000, 0x000000008a200000|  0%| F|  |TAMS 0x000000008a100000| PB 0x000000008a100000| Untracked 
|  60|0x000000008a200000, 0x000000008a200000, 0x000000008a300000|  0%| F|  |TAMS 0x000000008a200000| PB 0x000000008a200000| Untracked 
|  61|0x000000008a300000, 0x000000008a300000, 0x000000008a400000|  0%| F|  |TAMS 0x000000008a300000| PB 0x000000008a300000| Untracked 
|  62|0x000000008a400000, 0x000000008a400000, 0x000000008a500000|  0%| F|  |TAMS 0x000000008a400000| PB 0x000000008a400000| Untracked 
|  63|0x000000008a500000, 0x000000008a500000, 0x000000008a600000|  0%| F|  |TAMS 0x000000008a500000| PB 0x000000008a500000| Untracked 
|  64|0x000000008a600000, 0x000000008a600000, 0x000000008a700000|  0%| F|  |TAMS 0x000000008a600000| PB 0x000000008a600000| Untracked 
|  65|0x000000008a700000, 0x000000008a700000, 0x000000008a800000|  0%| F|  |TAMS 0x000000008a700000| PB 0x000000008a700000| Untracked 
|  66|0x000000008a800000, 0x000000008a800000, 0x000000008a900000|  0%| F|  |TAMS 0x000000008a800000| PB 0x000000008a800000| Untracked 
|  67|0x000000008a900000, 0x000000008a900000, 0x000000008aa00000|  0%| F|  |TAMS 0x000000008a900000| PB 0x000000008a900000| Untracked 
|  68|0x000000008aa00000, 0x000000008aa00000, 0x000000008ab00000|  0%| F|  |TAMS 0x000000008aa00000| PB 0x000000008aa00000| Untracked 
|  69|0x000000008ab00000, 0x000000008ab00000, 0x000000008ac00000|  0%| F|  |TAMS 0x000000008ab00000| PB 0x000000008ab00000| Untracked 
|  70|0x000000008ac00000, 0x000000008ac00000, 0x000000008ad00000|  0%| F|  |TAMS 0x000000008ac00000| PB 0x000000008ac00000| Untracked 
|  71|0x000000008ad00000, 0x000000008ad00000, 0x000000008ae00000|  0%| F|  |TAMS 0x000000008ad00000| PB 0x000000008ad00000| Untracked 
|  72|0x000000008ae00000, 0x000000008ae00000, 0x000000008af00000|  0%| F|  |TAMS 0x000000008ae00000| PB 0x000000008ae00000| Untracked 
|  73|0x000000008af00000, 0x000000008af00000, 0x000000008b000000|  0%| F|  |TAMS 0x000000008af00000| PB 0x000000008af00000| Untracked 
|  74|0x000000008b000000, 0x000000008b000000, 0x000000008b100000|  0%| F|  |TAMS 0x000000008b000000| PB 0x000000008b000000| Untracked 
|  75|0x000000008b100000, 0x000000008b100000, 0x000000008b200000|  0%| F|  |TAMS 0x000000008b100000| PB 0x000000008b100000| Untracked 
|  76|0x000000008b200000, 0x000000008b200000, 0x000000008b300000|  0%| F|  |TAMS 0x000000008b200000| PB 0x000000008b200000| Untracked 
|  77|0x000000008b300000, 0x000000008b300000, 0x000000008b400000|  0%| F|  |TAMS 0x000000008b300000| PB 0x000000008b300000| Untracked 
|  78|0x000000008b400000, 0x000000008b400000, 0x000000008b500000|  0%| F|  |TAMS 0x000000008b400000| PB 0x000000008b400000| Untracked 
|  79|0x000000008b500000, 0x000000008b500000, 0x000000008b600000|  0%| F|  |TAMS 0x000000008b500000| PB 0x000000008b500000| Untracked 
|  80|0x000000008b600000, 0x000000008b600000, 0x000000008b700000|  0%| F|  |TAMS 0x000000008b600000| PB 0x000000008b600000| Untracked 
|  81|0x000000008b700000, 0x000000008b700000, 0x000000008b800000|  0%| F|  |TAMS 0x000000008b700000| PB 0x000000008b700000| Untracked 
|  82|0x000000008b800000, 0x000000008b800000, 0x000000008b900000|  0%| F|  |TAMS 0x000000008b800000| PB 0x000000008b800000| Untracked 
|  83|0x000000008b900000, 0x000000008b900000, 0x000000008ba00000|  0%| F|  |TAMS 0x000000008b900000| PB 0x000000008b900000| Untracked 
|  84|0x000000008ba00000, 0x000000008ba00000, 0x000000008bb00000|  0%| F|  |TAMS 0x000000008ba00000| PB 0x000000008ba00000| Untracked 
|  85|0x000000008bb00000, 0x000000008bb00000, 0x000000008bc00000|  0%| F|  |TAMS 0x000000008bb00000| PB 0x000000008bb00000| Untracked 
|  86|0x000000008bc00000, 0x000000008bc00000, 0x000000008bd00000|  0%| F|  |TAMS 0x000000008bc00000| PB 0x000000008bc00000| Untracked 
|  87|0x000000008bd00000, 0x000000008bd00000, 0x000000008be00000|  0%| F|  |TAMS 0x000000008bd00000| PB 0x000000008bd00000| Untracked 
|  88|0x000000008be00000, 0x000000008be00000, 0x000000008bf00000|  0%| F|  |TAMS 0x000000008be00000| PB 0x000000008be00000| Untracked 
|  89|0x000000008bf00000, 0x000000008bf00000, 0x000000008c000000|  0%| F|  |TAMS 0x000000008bf00000| PB 0x000000008bf00000| Untracked 
|  90|0x000000008c000000, 0x000000008c000000, 0x000000008c100000|  0%| F|  |TAMS 0x000000008c000000| PB 0x000000008c000000| Untracked 
|  91|0x000000008c100000, 0x000000008c100000, 0x000000008c200000|  0%| F|  |TAMS 0x000000008c100000| PB 0x000000008c100000| Untracked 
|  92|0x000000008c200000, 0x000000008c200000, 0x000000008c300000|  0%| F|  |TAMS 0x000000008c200000| PB 0x000000008c200000| Untracked 
|  93|0x000000008c300000, 0x000000008c300000, 0x000000008c400000|  0%| F|  |TAMS 0x000000008c300000| PB 0x000000008c300000| Untracked 
|  94|0x000000008c400000, 0x000000008c400000, 0x000000008c500000|  0%| F|  |TAMS 0x000000008c400000| PB 0x000000008c400000| Untracked 
|  95|0x000000008c500000, 0x000000008c500000, 0x000000008c600000|  0%| F|  |TAMS 0x000000008c500000| PB 0x000000008c500000| Untracked 
|  96|0x000000008c600000, 0x000000008c700000, 0x000000008c700000|100%| S|CS|TAMS 0x000000008c600000| PB 0x000000008c600000| Complete 
|  97|0x000000008c700000, 0x000000008c800000, 0x000000008c800000|100%| S|CS|TAMS 0x000000008c700000| PB 0x000000008c700000| Complete 
|  98|0x000000008c800000, 0x000000008c900000, 0x000000008c900000|100%| S|CS|TAMS 0x000000008c800000| PB 0x000000008c800000| Complete 
|  99|0x000000008c900000, 0x000000008c900000, 0x000000008ca00000|  0%| F|  |TAMS 0x000000008c900000| PB 0x000000008c900000| Untracked 
| 100|0x000000008ca00000, 0x000000008ca00000, 0x000000008cb00000|  0%| F|  |TAMS 0x000000008ca00000| PB 0x000000008ca00000| Untracked 
| 101|0x000000008cb00000, 0x000000008cb00000, 0x000000008cc00000|  0%| F|  |TAMS 0x000000008cb00000| PB 0x000000008cb00000| Untracked 
| 102|0x000000008cc00000, 0x000000008cc00000, 0x000000008cd00000|  0%| F|  |TAMS 0x000000008cc00000| PB 0x000000008cc00000| Untracked 
| 103|0x000000008cd00000, 0x000000008cd00000, 0x000000008ce00000|  0%| F|  |TAMS 0x000000008cd00000| PB 0x000000008cd00000| Untracked 
| 104|0x000000008ce00000, 0x000000008ce00000, 0x000000008cf00000|  0%| F|  |TAMS 0x000000008ce00000| PB 0x000000008ce00000| Untracked 
| 105|0x000000008cf00000, 0x000000008cf00000, 0x000000008d000000|  0%| F|  |TAMS 0x000000008cf00000| PB 0x000000008cf00000| Untracked 
| 106|0x000000008d000000, 0x000000008d000000, 0x000000008d100000|  0%| F|  |TAMS 0x000000008d000000| PB 0x000000008d000000| Untracked 
| 107|0x000000008d100000, 0x000000008d1c3e58, 0x000000008d200000| 76%| E|  |TAMS 0x000000008d100000| PB 0x000000008d100000| Complete 
| 108|0x000000008d200000, 0x000000008d300000, 0x000000008d300000|100%| E|CS|TAMS 0x000000008d200000| PB 0x000000008d200000| Complete 
| 109|0x000000008d300000, 0x000000008d400000, 0x000000008d400000|100%| E|CS|TAMS 0x000000008d300000| PB 0x000000008d300000| Complete 
| 110|0x000000008d400000, 0x000000008d500000, 0x000000008d500000|100%| E|CS|TAMS 0x000000008d400000| PB 0x000000008d400000| Complete 
| 111|0x000000008d500000, 0x000000008d600000, 0x000000008d600000|100%| E|CS|TAMS 0x000000008d500000| PB 0x000000008d500000| Complete 
| 112|0x000000008d600000, 0x000000008d700000, 0x000000008d700000|100%| E|CS|TAMS 0x000000008d600000| PB 0x000000008d600000| Complete 
| 113|0x000000008d700000, 0x000000008d800000, 0x000000008d800000|100%| E|CS|TAMS 0x000000008d700000| PB 0x000000008d700000| Complete 
| 114|0x000000008d800000, 0x000000008d900000, 0x000000008d900000|100%| E|CS|TAMS 0x000000008d800000| PB 0x000000008d800000| Complete 
| 115|0x000000008d900000, 0x000000008da00000, 0x000000008da00000|100%| E|CS|TAMS 0x000000008d900000| PB 0x000000008d900000| Complete 
| 116|0x000000008da00000, 0x000000008db00000, 0x000000008db00000|100%| E|CS|TAMS 0x000000008da00000| PB 0x000000008da00000| Complete 
| 117|0x000000008db00000, 0x000000008dc00000, 0x000000008dc00000|100%| E|CS|TAMS 0x000000008db00000| PB 0x000000008db00000| Complete 
| 118|0x000000008dc00000, 0x000000008dd00000, 0x000000008dd00000|100%| E|CS|TAMS 0x000000008dc00000| PB 0x000000008dc00000| Complete 
| 119|0x000000008dd00000, 0x000000008de00000, 0x000000008de00000|100%| E|CS|TAMS 0x000000008dd00000| PB 0x000000008dd00000| Complete 
| 120|0x000000008de00000, 0x000000008df00000, 0x000000008df00000|100%| E|CS|TAMS 0x000000008de00000| PB 0x000000008de00000| Complete 
| 121|0x000000008df00000, 0x000000008e000000, 0x000000008e000000|100%| E|CS|TAMS 0x000000008df00000| PB 0x000000008df00000| Complete 
|1944|0x00000000ffe00000, 0x00000000fff00000, 0x00000000fff00000|100%| O|  |TAMS 0x00000000ffe00000| PB 0x00000000ffe00000| Untracked 
|1945|0x00000000fff00000, 0x00000000fff0c710, 0x0000000100000000|  4%| O|  |TAMS 0x00000000fff00000| PB 0x00000000fff00000| Untracked 

Card table byte_map: [0x000078df39200000,0x000078df395cd000] _byte_map_base: 0x000078df38dcd000

Marking Bits: (CMBitMap*) 0x000078df34071bf0
 Bits: [0x000078df1a800000, 0x000078df1c668000)

Polling page: 0x000078df3c528000

Metaspace:

Usage:
  Non-class:      6.31 MB used.
      Class:    843.13 KB used.
       Both:      7.13 MB used.

Virtual space:
  Non-class space:       64.00 MB reserved,       6.44 MB ( 10%) committed,  1 nodes.
      Class space:        1.00 GB reserved,     960.00 KB ( <1%) committed,  1 nodes.
             Both:        1.06 GB reserved,       7.38 MB ( <1%) committed. 

Chunk freelists:
   Non-Class:  8.05 MB
       Class:  15.11 MB
        Both:  23.16 MB

MaxMetaspaceSize: unlimited
CompressedClassSpaceSize: 1.00 GB
Initial GC threshold: 21.00 MB
Current GC threshold: 21.00 MB
CDS: on
 - commit_granule_bytes: 65536.
 - commit_granule_words: 8192.
 - virtual_space_node_default_size: 8388608.
 - enlarge_chunks_in_place: 1.
 - use_allocation_guard: 0.


Internal statistics:

num_allocs_failed_limit: 0.
num_arena_births: 60.
num_arena_deaths: 0.
num_vsnodes_births: 2.
num_vsnodes_deaths: 0.
num_space_committed: 118.
num_space_uncommitted: 0.
num_chunks_returned_to_freelist: 0.
num_chunks_taken_from_freelist: 268.
num_chunk_merges: 0.
num_chunk_splits: 183.
num_chunks_enlarged: 153.
num_inconsistent_stats: 0.

CodeHeap 'non-profiled nmethods': size=120028Kb used=619Kb max_used=619Kb free=119408Kb
 bounds [0x000078df242c9000, 0x000078df24539000, 0x000078df2b800000]
CodeHeap 'profiled nmethods': size=120028Kb used=2647Kb max_used=2647Kb free=117381Kb
 bounds [0x000078df1c800000, 0x000078df1caa0000, 0x000078df23d37000]
CodeHeap 'non-nmethods': size=5704Kb used=1343Kb max_used=1396Kb free=4360Kb
 bounds [0x000078df23d37000, 0x000078df23fa7000, 0x000078df242c9000]
 total_blobs=1911 nmethods=1447 adapters=370
 compilation: enabled
              stopped_count=0, restarted_count=0
 full_count=0

Compilation events (20 events):
Event: 0.418 Thread 0x000078df3415be60 nmethod 1431 0x000078df1ca89390 code [0x000078df1ca89540, 0x000078df1ca89680]
Event: 0.418 Thread 0x000078df3415be60 1429       3       jdk.internal.loader.AbstractClassLoaderValue::<init> (5 bytes)
Event: 0.418 Thread 0x000078df3415be60 nmethod 1429 0x000078df1ca89790 code [0x000078df1ca89920, 0x000078df1ca89a80]
Event: 0.418 Thread 0x000078df3415be60 1430       1       java.util.Collections$1::hasNext (5 bytes)
Event: 0.418 Thread 0x000078df3415be60 nmethod 1430 0x000078df24363890 code [0x000078df24363a20, 0x000078df24363ae8]
Event: 0.418 Thread 0x000078df3415be60 1434       3       java.util.AbstractQueue::add (20 bytes)
Event: 0.418 Thread 0x000078df3415be60 nmethod 1434 0x000078df1ca89b10 code [0x000078df1ca89ce0, 0x000078df1ca89fb8]
Event: 0.418 Thread 0x000078df3415be60 1435       3       com.google.common.base.Preconditions::checkNotNull (18 bytes)
Event: 0.418 Thread 0x000078df3415be60 nmethod 1435 0x000078df1ca8a090 code [0x000078df1ca8a260, 0x000078df1ca8a5c8]
Event: 0.418 Thread 0x000078df3415be60 1436       3       org.eclipse.sisu.space.asm.ClassReader::getFirstAttributeOffset (136 bytes)
Event: 0.418 Thread 0x000078df3415be60 nmethod 1436 0x000078df1ca8a710 code [0x000078df1ca8a960, 0x000078df1ca8afc0]
Event: 0.418 Thread 0x000078df3415be60 1438       3       java.util.concurrent.ConcurrentHashMap$ValueIterator::<init> (12 bytes)
Event: 0.418 Thread 0x000078df3415be60 nmethod 1438 0x000078df1ca8b210 code [0x000078df1ca8b3c0, 0x000078df1ca8b4f8]
Event: 0.418 Thread 0x000078df3415be60 1437       3       java.lang.Class::isAnnotation (17 bytes)
Event: 0.418 Thread 0x000078df3415be60 nmethod 1437 0x000078df1ca8b590 code [0x000078df1ca8b720, 0x000078df1ca8b8a8]
Event: 0.419 Thread 0x000078df3415be60 1441       3       java.lang.invoke.Invokers::checkCustomized (23 bytes)
Event: 0.419 Thread 0x000078df3415be60 nmethod 1441 0x000078df1ca8b910 code [0x000078df1ca8bac0, 0x000078df1ca8bc80]
Event: 0.419 Thread 0x000078df3415be60 1442       3       java.lang.invoke.Invokers::maybeCustomize (5 bytes)
Event: 0.419 Thread 0x000078df3415be60 nmethod 1442 0x000078df1ca8bd90 code [0x000078df1ca8bf40, 0x000078df1ca8c0e8]
Event: 0.419 Thread 0x000078df3415be60 1443       3       java.lang.invoke.MethodHandle::maybeCustomize (38 bytes)

GC Heap History (2 events):
Event: 0.307 GC heap before
{Heap before GC invocations=0 (full 0):
 garbage-first heap   total 126976K, used 23601K [0x0000000086600000, 0x0000000100000000)
  region size 1024K, 23 young (23552K), 0 survivors (0K)
 Metaspace       used 5772K, committed 5952K, reserved 1114112K
  class space    used 664K, committed 768K, reserved 1048576K
}
Event: 0.310 GC heap after
{Heap after GC invocations=1 (full 0):
 garbage-first heap   total 126976K, used 4185K [0x0000000086600000, 0x0000000100000000)
  region size 1024K, 3 young (3072K), 3 survivors (3072K)
 Metaspace       used 5772K, committed 5952K, reserved 1114112K
  class space    used 664K, committed 768K, reserved 1048576K
}

Dll operation events (8 events):
Event: 0.001 Loaded shared library /usr/lib/jvm/java-21-openjdk-amd64/lib/libjava.so
Event: 0.016 Loaded shared library /usr/lib/jvm/java-21-openjdk-amd64/lib/libjsvml.so
Event: 0.019 Loaded shared library /usr/lib/jvm/java-21-openjdk-amd64/lib/libnio.so
Event: 0.020 Loaded shared library /usr/lib/jvm/java-21-openjdk-amd64/lib/libzip.so
Event: 0.025 Loaded shared library /usr/lib/jvm/java-21-openjdk-amd64/lib/libnet.so
Event: 0.077 Loaded shared library /usr/lib/jvm/java-21-openjdk-amd64/lib/libjimage.so
Event: 0.081 Loaded shared library /tmp/jansi-2.4.1-10ed063e9990cbf3-libjansi.so
Event: 0.086 Loaded shared library /usr/lib/jvm/java-21-openjdk-amd64/lib/libverify.so

Deoptimization events (20 events):
Event: 0.367 Thread 0x000078df34019810 DEOPT PACKING pc=0x000078df1ca3834b sp=0x000078df3a7fd530
Event: 0.367 Thread 0x000078df34019810 DEOPT UNPACKING pc=0x000078df23d8b72f sp=0x000078df3a7fc9c0 mode 0
Event: 0.371 Thread 0x000078df34019810 DEOPT PACKING pc=0x000078df1ca3674d sp=0x000078df3a7fc7f0
Event: 0.371 Thread 0x000078df34019810 DEOPT UNPACKING pc=0x000078df23d8b72f sp=0x000078df3a7fbc80 mode 0
Event: 0.372 Thread 0x000078df34019810 DEOPT PACKING pc=0x000078df1ca3674d sp=0x000078df3a7fc780
Event: 0.372 Thread 0x000078df34019810 DEOPT UNPACKING pc=0x000078df23d8b72f sp=0x000078df3a7fbc10 mode 0
Event: 0.389 Thread 0x000078df34019810 DEOPT PACKING pc=0x000078df1ca3674d sp=0x000078df3a7fd100
Event: 0.389 Thread 0x000078df34019810 DEOPT UNPACKING pc=0x000078df23d8b72f sp=0x000078df3a7fc590 mode 0
Event: 0.398 Thread 0x000078df34019810 Uncommon trap: trap_request=0xffffffc6 fr.pc=0x000078df24306890 relative=0x00000000000003b0
Event: 0.398 Thread 0x000078df34019810 Uncommon trap: reason=bimorphic_or_optimized_type_check action=maybe_recompile pc=0x000078df24306890 method=java.util.concurrent.ConcurrentHashMap.get(Ljava/lang/Object;)Ljava/lang/Object; @ 149 c2
Event: 0.398 Thread 0x000078df34019810 DEOPT PACKING pc=0x000078df24306890 sp=0x000078df3a7fcc80
Event: 0.398 Thread 0x000078df34019810 DEOPT UNPACKING pc=0x000078df23d8af99 sp=0x000078df3a7fcc20 mode 2
Event: 0.404 Thread 0x000078df34019810 DEOPT PACKING pc=0x000078df1ca3674d sp=0x000078df3a7fcd70
Event: 0.404 Thread 0x000078df34019810 DEOPT UNPACKING pc=0x000078df23d8b72f sp=0x000078df3a7fc200 mode 0
Event: 0.406 Thread 0x000078df34019810 Uncommon trap: trap_request=0xffffffc6 fr.pc=0x000078df24306890 relative=0x00000000000003b0
Event: 0.406 Thread 0x000078df34019810 Uncommon trap: reason=bimorphic_or_optimized_type_check action=maybe_recompile pc=0x000078df24306890 method=java.util.concurrent.ConcurrentHashMap.get(Ljava/lang/Object;)Ljava/lang/Object; @ 149 c2
Event: 0.406 Thread 0x000078df34019810 DEOPT PACKING pc=0x000078df24306890 sp=0x000078df3a7fcc80
Event: 0.406 Thread 0x000078df34019810 DEOPT UNPACKING pc=0x000078df23d8af99 sp=0x000078df3a7fcc20 mode 2
Event: 0.417 Thread 0x000078df34019810 DEOPT PACKING pc=0x000078df1ca3674d sp=0x000078df3a7fd250
Event: 0.417 Thread 0x000078df34019810 DEOPT UNPACKING pc=0x000078df23d8b72f sp=0x000078df3a7fc6e0 mode 0

Classes loaded (20 events):
Event: 0.289 Loading class java/lang/foreign/MemorySegment
Event: 0.289 Loading class java/lang/foreign/MemorySegment done
Event: 0.311 Loading class java/util/WeakHashMap$KeyIterator
Event: 0.311 Loading class java/util/WeakHashMap$HashIterator
Event: 0.311 Loading class java/util/WeakHashMap$HashIterator done
Event: 0.311 Loading class java/util/WeakHashMap$KeyIterator done
Event: 0.323 Loading class sun/reflect/generics/reflectiveObjects/TypeVariableImpl
Event: 0.323 Loading class sun/reflect/generics/reflectiveObjects/LazyReflectiveObjectGenerator
Event: 0.323 Loading class sun/reflect/generics/reflectiveObjects/LazyReflectiveObjectGenerator done
Event: 0.323 Loading class sun/reflect/generics/reflectiveObjects/TypeVariableImpl done
Event: 0.323 Loading class sun/reflect/generics/reflectiveObjects/ParameterizedTypeImpl
Event: 0.323 Loading class sun/reflect/generics/reflectiveObjects/ParameterizedTypeImpl done
Event: 0.344 Loading class java/lang/ArrayIndexOutOfBoundsException
Event: 0.344 Loading class java/lang/ArrayIndexOutOfBoundsException done
Event: 0.355 Loading class jdk/internal/foreign/MemorySessionImpl
Event: 0.355 Loading class java/lang/foreign/MemorySegment$Scope
Event: 0.355 Loading class java/lang/foreign/MemorySegment$Scope done
Event: 0.355 Loading class jdk/internal/foreign/MemorySessionImpl done
Event: 0.396 Loading class java/lang/Deprecated
Event: 0.396 Loading class java/lang/Deprecated done

Classes unloaded (0 events):
No events

Classes redefined (0 events):
No events

Internal exceptions (20 events):
Event: 0.082 Thread 0x000078df34019810 Exception <a 'java/lang/NullPointerException'{0x000000008db6c8e8}> (0x000000008db6c8e8) 
thrown [./src/hotspot/share/interpreter/linkResolver.cpp, line 1372]
Event: 0.082 Thread 0x000078df34019810 Exception <a 'java/lang/NullPointerException'{0x000000008db6cbc8}> (0x000000008db6cbc8) 
thrown [./src/hotspot/share/interpreter/linkResolver.cpp, line 1372]
Event: 0.082 Thread 0x000078df34019810 Exception <a 'java/lang/NullPointerException'{0x000000008db6cea8}> (0x000000008db6cea8) 
thrown [./src/hotspot/share/interpreter/linkResolver.cpp, line 1372]
Event: 0.083 Thread 0x000078df34019810 Exception <a 'java/lang/NullPointerException'{0x000000008db71dc0}> (0x000000008db71dc0) 
thrown [./src/hotspot/share/interpreter/linkResolver.cpp, line 1372]
Event: 0.084 Thread 0x000078df34019810 Exception <a 'java/lang/NullPointerException'{0x000000008dbfad08}> (0x000000008dbfad08) 
thrown [./src/hotspot/share/interpreter/linkResolver.cpp, line 1372]
Event: 0.084 Thread 0x000078df34019810 Exception <a 'java/lang/NullPointerException'{0x000000008dbfafe8}> (0x000000008dbfafe8) 
thrown [./src/hotspot/share/interpreter/linkResolver.cpp, line 1372]
Event: 0.084 Thread 0x000078df34019810 Exception <a 'java/lang/NullPointerException'{0x000000008dbfb2c8}> (0x000000008dbfb2c8) 
thrown [./src/hotspot/share/interpreter/linkResolver.cpp, line 1372]
Event: 0.084 Thread 0x000078df34019810 Exception <a 'java/lang/NullPointerException'{0x000000008dbfb610}> (0x000000008dbfb610) 
thrown [./src/hotspot/share/interpreter/linkResolver.cpp, line 1372]
Event: 0.091 Thread 0x000078df34019810 Exception <a 'java/lang/NoSuchMethodError'{0x000000008da72388}: 'void java.lang.invoke.DirectMethodHandle$Holder.invokeStatic(java.lang.Object, java.lang.Object)'> (0x000000008da72388) 
thrown [./src/hotspot/share/interpreter/linkResolver.cpp, line 772]
Event: 0.091 Thread 0x000078df34019810 Exception <a 'java/lang/NoSuchMethodError'{0x000000008da75798}: 'void java.lang.invoke.DirectMethodHandle$Holder.invokeStaticInit(java.lang.Object, java.lang.Object)'> (0x000000008da75798) 
thrown [./src/hotspot/share/interpreter/linkResolver.cpp, line 772]
Event: 0.096 Thread 0x000078df34019810 Exception <a 'java/lang/NoSuchMethodError'{0x000000008daba668}: 'void java.lang.invoke.DirectMethodHandle$Holder.invokeStatic(java.lang.Object, java.lang.Object, java.lang.Object)'> (0x000000008daba668) 
thrown [./src/hotspot/share/interpreter/linkResolver.cpp, line 772]
Event: 0.124 Thread 0x000078df34019810 Exception <a 'java/lang/NoSuchMethodError'{0x000000008d858ef8}: 'java.lang.Object java.lang.invoke.DirectMethodHandle$Holder.invokeSpecialIFC(java.lang.Object, java.lang.Object, java.lang.Object, java.lang.Object)'> (0x000000008d858ef8) 
thrown [./src/hotspot/share/interpreter/linkResolver.cpp, line 772]
Event: 0.203 Thread 0x000078df34019810 Exception <a 'java/lang/NoSuchMethodError'{0x000000008d3cde68}: 'void java.lang.invoke.DirectMethodHandle$Holder.invokeSpecial(java.lang.Object, java.lang.Object, java.lang.Object)'> (0x000000008d3cde68) 
thrown [./src/hotspot/share/interpreter/linkResolver.cpp, line 772]
Event: 0.219 Thread 0x000078df34019810 Exception <a 'java/lang/NoSuchMethodError'{0x000000008d122308}: 'java.lang.Object java.lang.invoke.DirectMethodHandle$Holder.invokeInterface(java.lang.Object, java.lang.Object)'> (0x000000008d122308) 
thrown [./src/hotspot/share/interpreter/linkResolver.cpp, line 772]
Event: 0.227 Thread 0x000078df34019810 Exception <a 'java/lang/NoSuchMethodError'{0x000000008d1bf200}: 'int java.lang.invoke.DirectMethodHandle$Holder.invokeStatic(java.lang.Object, java.lang.Object, java.lang.Object, java.lang.Object)'> (0x000000008d1bf200) 
thrown [./src/hotspot/share/interpreter/linkResolver.cpp, line 772]
Event: 0.227 Thread 0x000078df34019810 Exception <a 'java/lang/NoSuchMethodError'{0x000000008d1c28d0}: 'java.lang.Object java.lang.invoke.Invokers$Holder.invokeExact_MT(java.lang.Object, java.lang.Object, java.lang.Object, java.lang.Object, java.lang.Object, java.lang.Object)'> (0x000000008d1c28d0) 
thrown [./src/hotspot/share/interpreter/linkResolver.cpp, line 772]
Event: 0.228 Thread 0x000078df34019810 Exception <a 'java/lang/NoSuchMethodError'{0x000000008d1d1390}: 'int java.lang.invoke.DirectMethodHandle$Holder.invokeSpecialIFC(java.lang.Object, java.lang.Object, java.lang.Object, java.lang.Object, java.lang.Object)'> (0x000000008d1d1390) 
thrown [./src/hotspot/share/interpreter/linkResolver.cpp, line 772]
Event: 0.251 Thread 0x000078df34019810 Exception <a 'java/lang/NoSuchMethodError'{0x000000008cf592e8}: 'java.lang.Object java.lang.invoke.DirectMethodHandle$Holder.newInvokeSpecial(java.lang.Object, java.lang.Object, java.lang.Object, java.lang.Object, java.lang.Object)'> (0x000000008cf592e8) 
thrown [./src/hotspot/share/interpreter/linkResolver.cpp, line 772]
Event: 0.264 Thread 0x000078df34019810 Exception <a 'java/lang/NoSuchMethodError'{0x000000008ce59468}: 'int java.lang.invoke.DirectMethodHandle$Holder.invokeStaticInit(java.lang.Object, java.lang.Object)'> (0x000000008ce59468) 
thrown [./src/hotspot/share/interpreter/linkResolver.cpp, line 772]
Event: 0.268 Thread 0x000078df34019810 Exception <a 'java/lang/NoClassDefFoundError'{0x000000008ce8eef0}: javax/enterprise/inject/Typed> (0x000000008ce8eef0) 
thrown [./src/hotspot/share/classfile/systemDictionary.cpp, line 301]

ZGC Phase Switch (0 events):
No events

VM Operations (6 events):
Event: 0.078 Executing VM operation: HandshakeAllThreads (Deoptimize)
Event: 0.078 Executing VM operation: HandshakeAllThreads (Deoptimize) done
Event: 0.276 Executing VM operation: ICBufferFull
Event: 0.276 Executing VM operation: ICBufferFull done
Event: 0.307 Executing VM operation: G1CollectForAllocation (G1 Evacuation Pause)
Event: 0.310 Executing VM operation: G1CollectForAllocation (G1 Evacuation Pause) done

Memory protections (13 events):
Event: 0.001 Protecting memory [0x000078df3a700000,0x000078df3a704000] with protection modes 0
Event: 0.015 Protecting memory [0x000078df380f0000,0x000078df380f4000] with protection modes 0
Event: 0.015 Protecting memory [0x000078df33f00000,0x000078df33f04000] with protection modes 0
Event: 0.015 Protecting memory [0x000078df1c700000,0x000078df1c704000] with protection modes 0
Event: 0.015 Protecting memory [0x000078df18700000,0x000078df18704000] with protection modes 0
Event: 0.015 Protecting memory [0x000078df18600000,0x000078df18604000] with protection modes 0
Event: 0.015 Protecting memory [0x000078df18500000,0x000078df18504000] with protection modes 0
Event: 0.015 Protecting memory [0x000078df18400000,0x000078df18404000] with protection modes 0
Event: 0.017 Protecting memory [0x000078df18300000,0x000078df18304000] with protection modes 0
Event: 0.018 Protecting memory [0x000078df18200000,0x000078df18204000] with protection modes 0
Event: 0.076 Protecting memory [0x000078df18100000,0x000078df18104000] with protection modes 0
Event: 0.105 Protecting memory [0x000078df18100000,0x000078df18104000] with protection modes 0
Event: 0.283 Protecting memory [0x000078df18000000,0x000078df18004000] with protection modes 0

Nmethod flushes (0 events):
No events

Events (14 events):
Event: 0.009 Thread 0x000078df34019810 Thread added: 0x000078df34019810
Event: 0.014 Thread 0x000078df34019810 Thread added: 0x000078df34153250
Event: 0.015 Thread 0x000078df34019810 Thread added: 0x000078df341548e0
Event: 0.015 Thread 0x000078df34019810 Thread added: 0x000078df34156080
Event: 0.015 Thread 0x000078df34019810 Thread added: 0x000078df341576c0
Event: 0.015 Thread 0x000078df34019810 Thread added: 0x000078df34158c60
Event: 0.015 Thread 0x000078df34019810 Thread added: 0x000078df3415a7a0
Event: 0.015 Thread 0x000078df34019810 Thread added: 0x000078df3415be60
Event: 0.017 Thread 0x000078df34019810 Thread added: 0x000078df34167d00
Event: 0.018 Thread 0x000078df34019810 Thread added: 0x000078df3416b030
Event: 0.076 Thread 0x000078df34019810 Thread added: 0x000078df3437afa0
Event: 0.079 Thread 0x000078df3437afa0 Thread exited: 0x000078df3437afa0
Event: 0.105 Thread 0x000078df3415a7a0 Thread added: 0x000078de84158890
Event: 0.283 Thread 0x000078df3415be60 Thread added: 0x000078de80378b30


Dynamic libraries:
86600000-8e000000 rw-p 00000000 00:00 0 
8e000000-ffe00000 ---p 00000000 00:00 0 
ffe00000-fff0d000 rw-p 00cd6000 08:25 2543604                            /usr/lib/jvm/java-21-openjdk-amd64/lib/server/classes.jsa
fff0d000-100000000 rw-p 00000000 00:00 0 
5faad0f29000-5faad0f2a000 r--p 00000000 08:25 2148401                    /usr/lib/jvm/java-21-openjdk-amd64/bin/java
5faad0f2a000-5faad0f2b000 r-xp 00001000 08:25 2148401                    /usr/lib/jvm/java-21-openjdk-amd64/bin/java
5faad0f2b000-5faad0f2c000 r--p 00002000 08:25 2148401                    /usr/lib/jvm/java-21-openjdk-amd64/bin/java
5faad0f2c000-5faad0f2d000 r--p 00002000 08:25 2148401                    /usr/lib/jvm/java-21-openjdk-amd64/bin/java
5faad0f2d000-5faad0f2e000 rw-p 00003000 08:25 2148401                    /usr/lib/jvm/java-21-openjdk-amd64/bin/java
5fab04a95000-5fab04adc000 rw-p 00000000 00:00 0                          [heap]
78de5c000000-78de5c021000 rw-p 00000000 00:00 0 
78de5c021000-78de60000000 ---p 00000000 00:00 0 
78de60000000-78de60021000 rw-p 00000000 00:00 0 
78de60021000-78de64000000 ---p 00000000 00:00 0 
78de68000000-78de685d6000 rw-p 00000000 00:00 0 
78de685d6000-78de6c000000 ---p 00000000 00:00 0 
78de6c000000-78de6c58b000 rw-p 00000000 00:00 0 
78de6c58b000-78de70000000 ---p 00000000 00:00 0 
78de74000000-78de74021000 rw-p 00000000 00:00 0 
78de74021000-78de78000000 ---p 00000000 00:00 0 
78de78000000-78de78021000 rw-p 00000000 00:00 0 
78de78021000-78de7c000000 ---p 00000000 00:00 0 
78de80000000-78de804dd000 rw-p 00000000 00:00 0 
78de804dd000-78de84000000 ---p 00000000 00:00 0 
78de84000000-78de84683000 rw-p 00000000 00:00 0 
78de84683000-78de88000000 ---p 00000000 00:00 0 
78de8c000000-78de8c021000 rw-p 00000000 00:00 0 
78de8c021000-78de90000000 ---p 00000000 00:00 0 
78de90000000-78de90021000 rw-p 00000000 00:00 0 
78de90021000-78de94000000 ---p 00000000 00:00 0 
78de98000000-78de98021000 rw-p 00000000 00:00 0 
78de98021000-78de9c000000 ---p 00000000 00:00 0 
78de9c000000-78de9c021000 rw-p 00000000 00:00 0 
78de9c021000-78dea0000000 ---p 00000000 00:00 0 
78dea4000000-78dea4021000 rw-p 00000000 00:00 0 
78dea4021000-78dea8000000 ---p 00000000 00:00 0 
78dea8000000-78dea8021000 rw-p 00000000 00:00 0 
78dea8021000-78deac000000 ---p 00000000 00:00 0 
78deb0000000-78deb0270000 rw-p 00000000 00:00 0 
78deb0270000-78deb0400000 ---p 00000000 00:00 0 
78deb0400000-78deb0800000 rw-p 00000000 00:00 0 
78deb0800000-78deb4000000 ---p 00000000 00:00 0 
78deb4000000-78deb4021000 rw-p 00000000 00:00 0 
78deb4021000-78deb8000000 ---p 00000000 00:00 0 
78debb000000-78debbc97000 rw-p 00001000 08:25 2543604                    /usr/lib/jvm/java-21-openjdk-amd64/lib/server/classes.jsa
78debbc97000-78debc000000 ---p 00000000 00:00 0 
78debc000000-78debc030000 rw-p 00000000 00:00 0 
78debc030000-78debc070000 rw-p 00000000 00:00 0 
78debc070000-78debc0f0000 rw-p 00000000 00:00 0 
78debc0f0000-78defc000000 ---p 00000000 00:00 0 
78defc000000-78defc021000 rw-p 00000000 00:00 0 
78defc021000-78df00000000 ---p 00000000 00:00 0 
78df00000000-78df00021000 rw-p 00000000 00:00 0 
78df00021000-78df04000000 ---p 00000000 00:00 0 
78df08000000-78df08021000 rw-p 00000000 00:00 0 
78df08021000-78df0c000000 ---p 00000000 00:00 0 
78df0c000000-78df0c021000 rw-p 00000000 00:00 0 
78df0c021000-78df10000000 ---p 00000000 00:00 0 
78df12c00000-78df12ee2000 rw-p 00000000 00:00 0 
78df13000000-78df13003000 r-xp 00000000 08:25 2299424                    /tmp/jansi-2.4.1-10ed063e9990cbf3-libjansi.so
78df13003000-78df13202000 ---p 00003000 08:25 2299424                    /tmp/jansi-2.4.1-10ed063e9990cbf3-libjansi.so
78df13202000-78df13203000 r--p 00002000 08:25 2299424                    /tmp/jansi-2.4.1-10ed063e9990cbf3-libjansi.so
78df13203000-78df13204000 rw-p 00003000 08:25 2299424                    /tmp/jansi-2.4.1-10ed063e9990cbf3-libjansi.so
78df1337f000-78df134ff000 rw-p 00000000 00:00 0 
78df134ff000-78df13500000 ---p 00000000 00:00 0 
78df13500000-78df13600000 rw-p 00000000 00:00 0 
78df13600000-78df13e03000 r--p 00000000 08:25 1850347                    /usr/lib/locale/locale-archive
78df13eff000-78df13f00000 ---p 00000000 00:00 0 
78df13f00000-78df14000000 rw-p 00000000 00:00 0 
78df14000000-78df14021000 rw-p 00000000 00:00 0 
78df14021000-78df18004000 ---p 00000000 00:00 0 
78df18004000-78df18100000 rw-p 00000000 00:00 0 
78df18100000-78df18104000 ---p 00000000 00:00 0 
78df18104000-78df18200000 rw-p 00000000 00:00 0 
78df18200000-78df18204000 ---p 00000000 00:00 0 
78df18204000-78df18300000 rw-p 00000000 00:00 0 
78df18300000-78df18304000 ---p 00000000 00:00 0 
78df18304000-78df18400000 rw-p 00000000 00:00 0 
78df18400000-78df18404000 ---p 00000000 00:00 0 
78df18404000-78df18500000 rw-p 00000000 00:00 0 
78df18500000-78df18504000 ---p 00000000 00:00 0 
78df18504000-78df18600000 rw-p 00000000 00:00 0 
78df18600000-78df18604000 ---p 00000000 00:00 0 
78df18604000-78df18700000 rw-p 00000000 00:00 0 
78df18700000-78df18704000 ---p 00000000 00:00 0 
78df18704000-78df18800000 rw-p 00000000 00:00 0 
78df18800000-78df1a9e8000 rw-p 00000000 00:00 0 
78df1a9e8000-78df1c660000 ---p 00000000 00:00 0 
78df1c660000-78df1c668000 rw-p 00000000 00:00 0 
78df1c700000-78df1c704000 ---p 00000000 00:00 0 
78df1c704000-78df1c800000 rw-p 00000000 00:00 0 
78df1c800000-78df1caa0000 rwxp 00000000 00:00 0 
78df1caa0000-78df23d37000 ---p 00000000 00:00 0 
78df23d37000-78df23fa7000 rwxp 00000000 00:00 0 
78df23fa7000-78df242c9000 ---p 00000000 00:00 0 
78df242c9000-78df24539000 rwxp 00000000 00:00 0 
78df24539000-78df2b800000 ---p 00000000 00:00 0 
78df2b800000-78df33e0d000 r--s 00000000 08:25 2543601                    /usr/lib/jvm/java-21-openjdk-amd64/lib/modules
78df33f00000-78df33f04000 ---p 00000000 00:00 0 
78df33f04000-78df34000000 rw-p 00000000 00:00 0 
78df34000000-78df34875000 rw-p 00000000 00:00 0 
78df34875000-78df38000000 ---p 00000000 00:00 0 
78df3801f000-78df38024000 r--p 00000000 08:25 2543585                    /usr/lib/jvm/java-21-openjdk-amd64/lib/libjsvml.so
78df38024000-78df38065000 r-xp 00005000 08:25 2543585                    /usr/lib/jvm/java-21-openjdk-amd64/lib/libjsvml.so
78df38065000-78df380ee000 r--p 00046000 08:25 2543585                    /usr/lib/jvm/java-21-openjdk-amd64/lib/libjsvml.so
78df380ee000-78df380ef000 r--p 000ce000 08:25 2543585                    /usr/lib/jvm/java-21-openjdk-amd64/lib/libjsvml.so
78df380ef000-78df380f0000 rw-p 000cf000 08:25 2543585                    /usr/lib/jvm/java-21-openjdk-amd64/lib/libjsvml.so
78df380f0000-78df380f4000 ---p 00000000 00:00 0 
78df380f4000-78df381f0000 rw-p 00000000 00:00 0 
78df381f0000-78df381f1000 ---p 00000000 00:00 0 
78df381f1000-78df382f1000 rw-p 00000000 00:00 0 
78df382f1000-78df382f2000 ---p 00000000 00:00 0 
78df382f2000-78df383f2000 rw-p 00000000 00:00 0 
78df383f2000-78df383f3000 ---p 00000000 00:00 0 
78df383f3000-78df384f3000 rw-p 00000000 00:00 0 
78df384f3000-78df384f4000 ---p 00000000 00:00 0 
78df384f4000-78df385f4000 rw-p 00000000 00:00 0 
78df385f4000-78df38ffe000 rw-p 00000000 00:00 0 
78df38ffe000-78df38fff000 ---p 00000000 00:00 0 
78df38fff000-78df390ff000 rw-p 00000000 00:00 0 
78df390ff000-78df39100000 ---p 00000000 00:00 0 
78df39100000-78df39200000 rw-p 00000000 00:00 0 
78df39200000-78df3923d000 rw-p 00000000 00:00 0 
78df3923d000-78df395cc000 ---p 00000000 00:00 0 
78df395cc000-78df395cd000 rw-p 00000000 00:00 0 
78df39600000-78df3963d000 rw-p 00000000 00:00 0 
78df3963d000-78df399cc000 ---p 00000000 00:00 0 
78df399cc000-78df399cd000 rw-p 00000000 00:00 0 
78df39a04000-78df39a08000 r--p 00000000 08:25 2543599                    /usr/lib/jvm/java-21-openjdk-amd64/lib/libverify.so
78df39a08000-78df39a0f000 r-xp 00004000 08:25 2543599                    /usr/lib/jvm/java-21-openjdk-amd64/lib/libverify.so
78df39a0f000-78df39a11000 r--p 0000b000 08:25 2543599                    /usr/lib/jvm/java-21-openjdk-amd64/lib/libverify.so
78df39a11000-78df39a13000 r--p 0000c000 08:25 2543599                    /usr/lib/jvm/java-21-openjdk-amd64/lib/libverify.so
78df39a13000-78df39a14000 rw-p 0000e000 08:25 2543599                    /usr/lib/jvm/java-21-openjdk-amd64/lib/libverify.so
78df39a14000-78df39a16000 r--p 00000000 08:25 2543600                    /usr/lib/jvm/java-21-openjdk-amd64/lib/libzip.so
78df39a16000-78df39a1b000 r-xp 00002000 08:25 2543600                    /usr/lib/jvm/java-21-openjdk-amd64/lib/libzip.so
78df39a1b000-78df39a1d000 r--p 00007000 08:25 2543600                    /usr/lib/jvm/java-21-openjdk-amd64/lib/libzip.so
78df39a1d000-78df39a1e000 r--p 00008000 08:25 2543600                    /usr/lib/jvm/java-21-openjdk-amd64/lib/libzip.so
78df39a1e000-78df39a1f000 rw-p 00009000 08:25 2543600                    /usr/lib/jvm/java-21-openjdk-amd64/lib/libzip.so
78df39a1f000-78df39a20000 ---p 00000000 00:00 0 
78df39a20000-78df39b20000 rw-p 00000000 00:00 0 
78df39b20000-78df3a52f000 rw-p 00000000 00:00 0 
78df3a52f000-78df3a615000 ---p 00000000 00:00 0 
78df3a615000-78df3a61b000 rw-p 00000000 00:00 0 
78df3a61b000-78df3a700000 ---p 00000000 00:00 0 
78df3a700000-78df3a704000 ---p 00000000 00:00 0 
78df3a704000-78df3a800000 rw-p 00000000 00:00 0 
78df3a800000-78df3a89d000 r--p 00000000 08:25 1869011                    /usr/lib/x86_64-linux-gnu/libstdc++.so.6.0.33
78df3a89d000-78df3a9e5000 r-xp 0009d000 08:25 1869011                    /usr/lib/x86_64-linux-gnu/libstdc++.so.6.0.33
78df3a9e5000-78df3aa6c000 r--p 001e5000 08:25 1869011                    /usr/lib/x86_64-linux-gnu/libstdc++.so.6.0.33
78df3aa6c000-78df3aa77000 r--p 0026b000 08:25 1869011                    /usr/lib/x86_64-linux-gnu/libstdc++.so.6.0.33
78df3aa77000-78df3aa7a000 rw-p 00276000 08:25 1869011                    /usr/lib/x86_64-linux-gnu/libstdc++.so.6.0.33
78df3aa7a000-78df3aa7e000 rw-p 00000000 00:00 0 
78df3aa80000-78df3aa87000 r--s 00000000 08:25 1870331                    /usr/lib/x86_64-linux-gnu/gconv/gconv-modules.cache
78df3aa87000-78df3aa8a000 r--p 00000000 08:25 2543592                    /usr/lib/jvm/java-21-openjdk-amd64/lib/libnet.so
78df3aa8a000-78df3aa92000 r-xp 00003000 08:25 2543592                    /usr/lib/jvm/java-21-openjdk-amd64/lib/libnet.so
78df3aa92000-78df3aa94000 r--p 0000b000 08:25 2543592                    /usr/lib/jvm/java-21-openjdk-amd64/lib/libnet.so
78df3aa94000-78df3aa95000 r--p 0000c000 08:25 2543592                    /usr/lib/jvm/java-21-openjdk-amd64/lib/libnet.so
78df3aa95000-78df3aa96000 rw-p 0000d000 08:25 2543592                    /usr/lib/jvm/java-21-openjdk-amd64/lib/libnet.so
78df3aa96000-78df3ab17000 rw-p 00000000 00:00 0 
78df3ab17000-78df3ab27000 r--p 00000000 08:25 1868504                    /usr/lib/x86_64-linux-gnu/libm.so.6
78df3ab27000-78df3aba6000 r-xp 00010000 08:25 1868504                    /usr/lib/x86_64-linux-gnu/libm.so.6
78df3aba6000-78df3abfe000 r--p 0008f000 08:25 1868504                    /usr/lib/x86_64-linux-gnu/libm.so.6
78df3abfe000-78df3abff000 r--p 000e7000 08:25 1868504                    /usr/lib/x86_64-linux-gnu/libm.so.6
78df3abff000-78df3ac00000 rw-p 000e8000 08:25 1868504                    /usr/lib/x86_64-linux-gnu/libm.so.6
78df3ac00000-78df3aea1000 r--p 00000000 08:25 2543607                    /usr/lib/jvm/java-21-openjdk-amd64/lib/server/libjvm.so
78df3aea1000-78df3bd0d000 r-xp 002a1000 08:25 2543607                    /usr/lib/jvm/java-21-openjdk-amd64/lib/server/libjvm.so
78df3bd0d000-78df3bfe5000 r--p 0110d000 08:25 2543607                    /usr/lib/jvm/java-21-openjdk-amd64/lib/server/libjvm.so
78df3bfe5000-78df3c0b8000 r--p 013e5000 08:25 2543607                    /usr/lib/jvm/java-21-openjdk-amd64/lib/server/libjvm.so
78df3c0b8000-78df3c0e8000 rw-p 014b8000 08:25 2543607                    /usr/lib/jvm/java-21-openjdk-amd64/lib/server/libjvm.so
78df3c0e8000-78df3c14e000 rw-p 00000000 00:00 0 
78df3c14e000-78df3c155000 r--p 00000000 08:25 2543593                    /usr/lib/jvm/java-21-openjdk-amd64/lib/libnio.so
78df3c155000-78df3c15e000 r-xp 00007000 08:25 2543593                    /usr/lib/jvm/java-21-openjdk-amd64/lib/libnio.so
78df3c15e000-78df3c162000 r--p 00010000 08:25 2543593                    /usr/lib/jvm/java-21-openjdk-amd64/lib/libnio.so
78df3c162000-78df3c163000 r--p 00014000 08:25 2543593                    /usr/lib/jvm/java-21-openjdk-amd64/lib/libnio.so
78df3c163000-78df3c164000 rw-p 00015000 08:25 2543593                    /usr/lib/jvm/java-21-openjdk-amd64/lib/libnio.so
78df3c164000-78df3c200000 rw-p 00000000 00:00 0 
78df3c200000-78df3c228000 r--p 00000000 08:25 1867753                    /usr/lib/x86_64-linux-gnu/libc.so.6
78df3c228000-78df3c3b0000 r-xp 00028000 08:25 1867753                    /usr/lib/x86_64-linux-gnu/libc.so.6
78df3c3b0000-78df3c3ff000 r--p 001b0000 08:25 1867753                    /usr/lib/x86_64-linux-gnu/libc.so.6
78df3c3ff000-78df3c403000 r--p 001fe000 08:25 1867753                    /usr/lib/x86_64-linux-gnu/libc.so.6
78df3c403000-78df3c405000 rw-p 00202000 08:25 1867753                    /usr/lib/x86_64-linux-gnu/libc.so.6
78df3c405000-78df3c412000 rw-p 00000000 00:00 0 
78df3c415000-78df3c498000 rw-p 00000000 00:00 0 
78df3c498000-78df3c49f000 ---p 00000000 00:00 0 
78df3c49f000-78df3c4ac000 r--p 00000000 08:25 2543578                    /usr/lib/jvm/java-21-openjdk-amd64/lib/libjava.so
78df3c4ac000-78df3c4bb000 r-xp 0000d000 08:25 2543578                    /usr/lib/jvm/java-21-openjdk-amd64/lib/libjava.so
78df3c4bb000-78df3c4c0000 r--p 0001c000 08:25 2543578                    /usr/lib/jvm/java-21-openjdk-amd64/lib/libjava.so
78df3c4c0000-78df3c4c1000 r--p 00021000 08:25 2543578                    /usr/lib/jvm/java-21-openjdk-amd64/lib/libjava.so
78df3c4c1000-78df3c4c2000 rw-p 00022000 08:25 2543578                    /usr/lib/jvm/java-21-openjdk-amd64/lib/libjava.so
78df3c4c2000-78df3c4c3000 rw-p 00000000 00:00 0 
78df3c4c3000-78df3c4c7000 r--p 00000000 08:25 1868124                    /usr/lib/x86_64-linux-gnu/libgcc_s.so.1
78df3c4c7000-78df3c4eb000 r-xp 00004000 08:25 1868124                    /usr/lib/x86_64-linux-gnu/libgcc_s.so.1
78df3c4eb000-78df3c4ef000 r--p 00028000 08:25 1868124                    /usr/lib/x86_64-linux-gnu/libgcc_s.so.1
78df3c4ef000-78df3c4f0000 r--p 0002b000 08:25 1868124                    /usr/lib/x86_64-linux-gnu/libgcc_s.so.1
78df3c4f0000-78df3c4f1000 rw-p 0002c000 08:25 1868124                    /usr/lib/x86_64-linux-gnu/libgcc_s.so.1
78df3c4f1000-78df3c4f3000 rw-p 00000000 00:00 0 
78df3c4f3000-78df3c4f5000 r--p 00000000 08:25 2543582                    /usr/lib/jvm/java-21-openjdk-amd64/lib/libjli.so
78df3c4f5000-78df3c4ff000 r-xp 00002000 08:25 2543582                    /usr/lib/jvm/java-21-openjdk-amd64/lib/libjli.so
78df3c4ff000-78df3c502000 r--p 0000c000 08:25 2543582                    /usr/lib/jvm/java-21-openjdk-amd64/lib/libjli.so
78df3c502000-78df3c503000 r--p 0000f000 08:25 2543582                    /usr/lib/jvm/java-21-openjdk-amd64/lib/libjli.so
78df3c503000-78df3c504000 rw-p 00010000 08:25 2543582                    /usr/lib/jvm/java-21-openjdk-amd64/lib/libjli.so
78df3c504000-78df3c506000 r--p 00000000 08:25 1869333                    /usr/lib/x86_64-linux-gnu/libz.so.1.3
78df3c506000-78df3c518000 r-xp 00002000 08:25 1869333                    /usr/lib/x86_64-linux-gnu/libz.so.1.3
78df3c518000-78df3c51e000 r--p 00014000 08:25 1869333                    /usr/lib/x86_64-linux-gnu/libz.so.1.3
78df3c51e000-78df3c51f000 r--p 0001a000 08:25 1869333                    /usr/lib/x86_64-linux-gnu/libz.so.1.3
78df3c51f000-78df3c520000 rw-p 0001b000 08:25 1869333                    /usr/lib/x86_64-linux-gnu/libz.so.1.3
78df3c520000-78df3c528000 rw-s 00000000 08:25 2658427                    /tmp/hsperfdata_edu/11963
78df3c528000-78df3c529000 ---p 00000000 00:00 0 
78df3c529000-78df3c52a000 r--p 00000000 00:00 0 
78df3c52a000-78df3c52b000 ---p 00000000 00:00 0 
78df3c52b000-78df3c52d000 r--p 00000000 08:25 2543581                    /usr/lib/jvm/java-21-openjdk-amd64/lib/libjimage.so
78df3c52d000-78df3c530000 r-xp 00002000 08:25 2543581                    /usr/lib/jvm/java-21-openjdk-amd64/lib/libjimage.so
78df3c530000-78df3c531000 r--p 00005000 08:25 2543581                    /usr/lib/jvm/java-21-openjdk-amd64/lib/libjimage.so
78df3c531000-78df3c532000 r--p 00006000 08:25 2543581                    /usr/lib/jvm/java-21-openjdk-amd64/lib/libjimage.so
78df3c532000-78df3c533000 rw-p 00007000 08:25 2543581                    /usr/lib/jvm/java-21-openjdk-amd64/lib/libjimage.so
78df3c533000-78df3c535000 rw-p 00000000 00:00 0 
78df3c535000-78df3c536000 r--p 00000000 08:25 1867323                    /usr/lib/x86_64-linux-gnu/ld-linux-x86-64.so.2
78df3c536000-78df3c561000 r-xp 00001000 08:25 1867323                    /usr/lib/x86_64-linux-gnu/ld-linux-x86-64.so.2
78df3c561000-78df3c56b000 r--p 0002c000 08:25 1867323                    /usr/lib/x86_64-linux-gnu/ld-linux-x86-64.so.2
78df3c56b000-78df3c56d000 r--p 00036000 08:25 1867323                    /usr/lib/x86_64-linux-gnu/ld-linux-x86-64.so.2
78df3c56d000-78df3c56f000 rw-p 00038000 08:25 1867323                    /usr/lib/x86_64-linux-gnu/ld-linux-x86-64.so.2
7fff8c57b000-7fff8c59c000 rw-p 00000000 00:00 0                          [stack]
7fff8c5ba000-7fff8c5be000 r--p 00000000 00:00 0                          [vvar]
7fff8c5be000-7fff8c5c0000 r-xp 00000000 00:00 0                          [vdso]
ffffffffff600000-ffffffffff601000 --xp 00000000 00:00 0                  [vsyscall]
Total number of mappings: 225


VM Arguments:
jvm_args: -Dclassworlds.conf=/usr/lib/apache-netbeans/java/maven/bin/m2.conf -Dmaven.home=/usr/lib/apache-netbeans/java/maven -Dlibrary.jansi.path=/usr/lib/apache-netbeans/java/maven/lib/jansi-native -Dmaven.multiModuleProjectDirectory=/home/edu/IPC2-2025/AnalizadorLexico2/AnalizadorLexico 
java_command: org.codehaus.plexus.classworlds.launcher.Launcher -Dexec.vmArgs= -Dexec.args=${exec.vmArgs} -classpath %classpath ${exec.mainClass} ${exec.appArgs} -Dexec.appArgs= -Dexec.mainClass=com.mycompany.analizadorlexico.AnalizadorLexico -Dexec.executable=/usr/lib/jvm/java-21-openjdk-amd64/bin/java -Dmaven.ext.class.path=/usr/lib/apache-netbeans/java/maven-nblib/netbeans-eventspy.jar --no-transfer-progress process-classes org.codehaus.mojo:exec-maven-plugin:3.1.0:exec
java_class_path (initial): /usr/lib/apache-netbeans/java/maven/boot/plexus-classworlds-2.8.0.jar
Launcher Type: SUN_STANDARD

[Global flags]
     intx CICompilerCount                          = 4                                         {product} {ergonomic}
     uint ConcGCThreads                            = 3                                         {product} {ergonomic}
     uint G1ConcRefinementThreads                  = 10                                        {product} {ergonomic}
   size_t G1HeapRegionSize                         = 1048576                                   {product} {ergonomic}
    uintx GCDrainStackTargetSize                   = 64                                        {product} {ergonomic}
   size_t InitialHeapSize                          = 127926272                                 {product} {ergonomic}
   size_t MarkStackSize                            = 4194304                                   {product} {ergonomic}
   size_t MaxHeapSize                              = 2040528896                                {product} {ergonomic}
   size_t MaxNewSize                               = 1223688192                                {product} {ergonomic}
   size_t MinHeapDeltaBytes                        = 1048576                                   {product} {ergonomic}
   size_t MinHeapSize                              = 8388608                                   {product} {ergonomic}
    uintx NonNMethodCodeHeapSize                   = 5839372                                {pd product} {ergonomic}
    uintx NonProfiledCodeHeapSize                  = 122909434                              {pd product} {ergonomic}
    uintx ProfiledCodeHeapSize                     = 122909434                              {pd product} {ergonomic}
    uintx ReservedCodeCacheSize                    = 251658240                              {pd product} {ergonomic}
     bool SegmentedCodeCache                       = true                                      {product} {ergonomic}
   size_t SoftMaxHeapSize                          = 2040528896                             {manageable} {ergonomic}
     bool UseCompressedOops                        = true                           {product lp64_product} {ergonomic}
     bool UseG1GC                                  = true                                      {product} {ergonomic}

Logging:
Log output configuration:
 #0: stdout all=warning uptime,level,tags foldmultilines=false
 #1: stderr all=off uptime,level,tags foldmultilines=false

Environment Variables:
JAVA_HOME=/usr/lib/jvm/java-21-openjdk-amd64
PATH=/usr/local/sbin:/usr/local/bin:/usr/sbin:/usr/bin:/sbin:/bin:/usr/games:/usr/local/games:/snap/bin
SHELL=/bin/bash
DISPLAY=:0
LANG=es_GT.UTF-8

Active Locale:
LC_ALL=es_GT.UTF-8
LC_COLLATE=es_GT.UTF-8
LC_CTYPE=es_GT.UTF-8
LC_MESSAGES=es_GT.UTF-8
LC_MONETARY=es_GT.UTF-8
LC_NUMERIC=es_GT.UTF-8
LC_TIME=es_GT.UTF-8

Signal Handlers:
   SIGSEGV: crash_handler in libjvm.so, mask=11100100010111111101111111111110, flags=SA_RESTART|SA_SIGINFO, unblocked
    SIGBUS: crash_handler in libjvm.so, mask=11100100010111111101111111111110, flags=SA_RESTART|SA_SIGINFO, unblocked
    SIGFPE: crash_handler in libjvm.so, mask=11100100010111111101111111111110, flags=SA_RESTART|SA_SIGINFO, unblocked
   SIGPIPE: javaSignalHandler in libjvm.so, mask=11100100010111111101111111111110, flags=SA_RESTART|SA_SIGINFO, blocked
   SIGXFSZ: javaSignalHandler in libjvm.so, mask=11100100010111111101111111111110, flags=SA_RESTART|SA_SIGINFO, blocked
    SIGILL: crash_handler in libjvm.so, mask=11100100010111111101111111111110, flags=SA_RESTART|SA_SIGINFO, unblocked
   SIGUSR2: SR_handler in libjvm.so, mask=00000000000000000000000000000000, flags=SA_RESTART|SA_SIGINFO, blocked
    SIGHUP: UserHandler in libjvm.so, mask=11100100010111111101111111111110, flags=SA_RESTART|SA_SIGINFO, blocked
    SIGINT: SIG_IGN, mask=00000000000000000000000000000000, flags=none, blocked
   SIGTERM: UserHandler in libjvm.so, mask=11100100010111111101111111111110, flags=SA_RESTART|SA_SIGINFO, blocked
   SIGQUIT: UserHandler in libjvm.so, mask=11100100010111111101111111111110, flags=SA_RESTART|SA_SIGINFO, blocked
   SIGTRAP: crash_handler in libjvm.so, mask=11100100010111111101111111111110, flags=SA_RESTART|SA_SIGINFO, unblocked


Periodic native trim disabled

---------------  S Y S T E M  ---------------

OS:
DISTRIB_ID=LinuxMint
DISTRIB_RELEASE=22.1
DISTRIB_CODENAME=xia
DISTRIB_DESCRIPTION="Linux Mint 22.1 Xia"
uname: Linux 6.8.0-51-generic #52-Ubuntu SMP PREEMPT_DYNAMIC Thu Dec  5 13:09:44 UTC 2024 x86_64
OS uptime: 0 days 3:42 hours
libc: glibc 2.39 NPTL 2.39 
rlimit (soft/hard): STACK 8192k/infinity , CORE 0k/infinity , NPROC 30798/30798 , NOFILE 1048576/1048576 , AS infinity/infinity , CPU infinity/infinity , DATA infinity/infinity , FSIZE infinity/infinity , MEMLOCK 995356k/995356k
load average: 2.83 0.96 0.63

/proc/meminfo:
MemTotal:        7962872 kB
MemFree:         1557744 kB
MemAvailable:    3343672 kB
Buffers:           96912 kB
Cached:          2320292 kB
SwapCached:            0 kB
Active:          4363060 kB
Inactive:        1317472 kB
Active(anon):    3485464 kB
Inactive(anon):   158452 kB
Active(file):     877596 kB
Inactive(file):  1159020 kB
Unevictable:       73048 kB
Mlocked:              64 kB
SwapTotal:      15997944 kB
SwapFree:       15997688 kB
Zswap:                 0 kB
Zswapped:              0 kB
Dirty:               540 kB
Writeback:             0 kB
AnonPages:       3336644 kB
Mapped:           622752 kB
Shmem:            380588 kB
KReclaimable:     191352 kB
Slab:             343624 kB
SReclaimable:     191352 kB
SUnreclaim:       152272 kB
KernelStack:       16256 kB
PageTables:        41588 kB
SecPageTables:         0 kB
NFS_Unstable:          0 kB
Bounce:                0 kB
WritebackTmp:          0 kB
CommitLimit:    19979380 kB
Committed_AS:   16344336 kB
VmallocTotal:   34359738367 kB
VmallocUsed:       40832 kB
VmallocChunk:          0 kB
Percpu:             8016 kB
HardwareCorrupted:     0 kB
AnonHugePages:         0 kB
ShmemHugePages:        0 kB
ShmemPmdMapped:        0 kB
FileHugePages:         0 kB
FilePmdMapped:         0 kB
Unaccepted:            0 kB
HugePages_Total:       0
HugePages_Free:        0
HugePages_Rsvd:        0
HugePages_Surp:        0
Hugepagesize:       2048 kB
Hugetlb:               0 kB
DirectMap4k:      178724 kB
DirectMap2M:     4898816 kB
DirectMap1G:     3145728 kB

/sys/kernel/mm/transparent_hugepage/enabled: always [madvise] never
/sys/kernel/mm/transparent_hugepage/hpage_pmd_size: 2097152
/sys/kernel/mm/transparent_hugepage/defrag (defrag/compaction efforts parameter): always defer defer+madvise [madvise] never

Process Memory:
Virtual Size: 5044432K (peak: 5044432K)
Resident Set Size: 112300K (peak: 112300K) (anon: 87160K, file: 25140K, shmem: 0K)
Swapped out: 0K
C-Heap outstanding allocations: 52657K, retained: 7774K
glibc malloc tunables: (default)

/proc/sys/kernel/threads-max (system-wide limit on the number of threads): 61597
/proc/sys/vm/max_map_count (maximum number of memory map areas a process may have): 1048576
/proc/sys/vm/swappiness (control to define how aggressively the kernel swaps out anonymous memory): 60
/proc/sys/kernel/pid_max (system-wide limit on number of process identifiers): 4194304

container (cgroup) information:
container_type: cgroupv2
cpu_cpuset_cpus: not supported
cpu_memory_nodes: not supported
active_processor_count: 12
cpu_quota: no quota
cpu_period: 100000
cpu_shares: no shares
memory_limit_in_bytes: unlimited
memory_and_swap_limit_in_bytes: unlimited
memory_soft_limit_in_bytes: unlimited
memory_usage_in_bytes: 4296792 k
memory_max_usage_in_bytes: not supported
memory_swap_current_in_bytes: unlimited
memory_swap_max_limit_in_bytes: unlimited
maximum number of tasks: unlimited
current number of tasks: 505

Steal ticks since vm start: 0
Steal ticks percentage since vm start:  0.000

CPU: total 12 (initial active 12) (6 cores per cpu, 2 threads per core) family 6 model 165 stepping 3 microcode 0xfc, cx8, cmov, fxsr, ht, mmx, 3dnowpref, sse, sse2, sse3, ssse3, sse4.1, sse4.2, popcnt, lzcnt, tsc, tscinvbit, avx, avx2, aes, erms, clmul, bmi1, bmi2, adx, fma, vzeroupper, clflush, clflushopt, rdtscp, f16c
CPU Model and flags from /proc/cpuinfo:
model name	: Intel(R) Core(TM) i5-10400 CPU @ 2.90GHz
flags		: fpu vme de pse tsc msr pae mce cx8 apic sep mtrr pge mca cmov pat pse36 clflush dts acpi mmx fxsr sse sse2 ss ht tm pbe syscall nx pdpe1gb rdtscp lm constant_tsc art arch_perfmon pebs bts rep_good nopl xtopology nonstop_tsc cpuid aperfmperf pni pclmulqdq dtes64 monitor ds_cpl vmx est tm2 ssse3 sdbg fma cx16 xtpr pdcm pcid sse4_1 sse4_2 x2apic movbe popcnt tsc_deadline_timer aes xsave avx f16c rdrand lahf_lm abm 3dnowprefetch cpuid_fault epb ssbd ibrs ibpb stibp ibrs_enhanced tpr_shadow flexpriority ept vpid ept_ad fsgsbase tsc_adjust bmi1 avx2 smep bmi2 erms invpcid mpx rdseed adx smap clflushopt intel_pt xsaveopt xsavec xgetbv1 xsaves dtherm ida arat pln pts hwp hwp_notify hwp_act_window hwp_epp vnmi md_clear flush_l1d arch_capabilities

Online cpus: 0-11
Offline cpus: 
BIOS frequency limitation: <Not Available>
Frequency switch latency (ns): 0
Available cpu frequencies: <Not Available>
Current governor: powersave
Core performance/turbo boost: <Not Available>

Memory: 4k page, physical 7962872k(3343672k free), swap 15997944k(15997688k free)
Page Sizes: 4k

vm_info: OpenJDK 64-Bit Server VM (21.0.6+7-Ubuntu-124.04.1) for linux-amd64 JRE (21.0.6+7-Ubuntu-124.04.1), built on 2025-01-23T22:52:35Z by "buildd" with gcc 13.3.0

END.
