#
# A fatal error has been detected by the Java Runtime Environment:
#
#  SIGSEGV (0xb) at pc=0x00007a3d9fd8e208, pid=13513, tid=13553
#
# JRE version: OpenJDK Runtime Environment (21.0.6+7) (build 21.0.6+7-Ubuntu-124.04.1)
# Java VM: OpenJDK 64-Bit Server VM (21.0.6+7-Ubuntu-124.04.1, mixed mode, sharing, tiered, compressed oops, compressed class ptrs, g1 gc, linux-amd64)
# Problematic frame:
# V  [libjvm.so+0xd8e208]  PhaseChaitin::split_USE(MachSpillCopyNode::SpillType, Node*, Block*, Node*, unsigned int, unsigned int, bool, bool, GrowableArray<unsigned int>, int)+0x38
#
# Core dump will be written. Default location: Core dumps may be processed with "/usr/lib/systemd/systemd-coredump %P %u %g %s %t 9223372036854775808 %h" (or dumping to /home/edu/IPC2-2025/AnalizadorLexico2/AnalizadorLexico/core.13513)
#
# If you would like to submit a bug report, please visit:
#   https://bugs.launchpad.net/ubuntu/+source/openjdk-21
#

---------------  S U M M A R Y ------------

Command Line: -Dclassworlds.conf=/usr/lib/apache-netbeans/java/maven/bin/m2.conf -Dmaven.home=/usr/lib/apache-netbeans/java/maven -Dlibrary.jansi.path=/usr/lib/apache-netbeans/java/maven/lib/jansi-native -Dmaven.multiModuleProjectDirectory=/home/edu/IPC2-2025/AnalizadorLexico2/AnalizadorLexico org.codehaus.plexus.classworlds.launcher.Launcher -Dmaven.ext.class.path=/usr/lib/apache-netbeans/java/maven-nblib/netbeans-eventspy.jar --no-transfer-progress clean install

Host: Intel(R) Core(TM) i5-10400 CPU @ 2.90GHz, 12 cores, 7G, Linux Mint 22.1 Xia
Time: Thu Oct  2 14:53:07 2025 CST elapsed time: 0.350414 seconds (0d 0h 0m 0s)

---------------  T H R E A D  ---------------

Current thread (0x00007a3ce42f7290):  JavaThread "C2 CompilerThread2" daemon [_thread_in_native, id=13553, stack(0x00007a3d7c400000,0x00007a3d7c500000) (1024K)]


Current CompileTask:
C2:350 1013       4       java.io.InputStreamReader::read (11 bytes)

Stack: [0x00007a3d7c400000,0x00007a3d7c500000],  sp=0x00007a3d7c4fbfe0,  free space=1007k
Native frames: (J=compiled Java code, j=interpreted, Vv=VM code, C=native code)
V  [libjvm.so+0xd8e208]  PhaseChaitin::split_USE(MachSpillCopyNode::SpillType, Node*, Block*, Node*, unsigned int, unsigned int, bool, bool, GrowableArray<unsigned int>, int)+0x38
V  [libjvm.so+0xd9233c]  PhaseChaitin::Split(unsigned int, ResourceArea*)+0x35dc
V  [libjvm.so+0x5b9243]  PhaseChaitin::Register_Allocate()+0x523
V  [libjvm.so+0x6631c2]  Compile::Code_Gen()+0x332
V  [libjvm.so+0x666c06]  Compile::Compile(ciEnv*, ciMethod*, int, Options, DirectiveSet*)+0x1476
V  [libjvm.so+0x58ba7d]  C2Compiler::compile_method(ciEnv*, ciMethod*, int, bool, DirectiveSet*)+0x19d
V  [libjvm.so+0x66c9e3]  CompileBroker::invoke_compiler_on_method(CompileTask*)+0xc73
V  [libjvm.so+0x66fac8]  CompileBroker::compiler_thread_loop()+0x648
V  [libjvm.so+0x925536]  JavaThread::thread_main_inner()+0x1e6
V  [libjvm.so+0xf83ae7]  Thread::call_run()+0xa7
V  [libjvm.so+0xcfc025]  thread_native_entry(Thread*)+0xd5
C  [libc.so.6+0x9ca94]

siginfo: si_signo: 11 (SIGSEGV), si_code: 1 (SEGV_MAPERR), si_addr: 0x00007abda048e9d0

Registers:
RAX=0x00007abda048e940, RBX=0x0000000000000001, RCX=0x00007a3ce8244110, RDX=0x00007a3cd00a29f0
RSP=0x00007a3d7c4fbfe0, RBP=0x00007a3d7c4fc030, RSI=0x0000000000000008, RDI=0x00007a3cd00a33d0
R8 =0x00007a3cd00a33d0, R9 =0x0000000000000001, R10=0x00007a3cd00a29f0, R11=0x00007a3cd02a2210
R12=0x00007a3ce8244110, R13=0x00007a3cd00a33d0, R14=0x00007a3cd00a29f0, R15=0x0000000000000000
RIP=0x00007a3d9fd8e208, EFLAGS=0x0000000000010202, CSGSFS=0x002b000000000033, ERR=0x0000000000000004
  TRAPNO=0x000000000000000e

XMM[0]=0x00007a3cd00a0740 0x00007a3ce8044c78
XMM[1]=0x00007a3ce82bdcc0 0x00007a3ce82bdc20
XMM[2]=0x00007a3ce82bece0 0x00007a3ce82beb40
XMM[3]=0x00007a3ce82be4a0 0x00007a3ce82be400
XMM[4]=0x00007a3cd02a1e20 0x00007a3cd02a1d60
XMM[5]=0x00007a3cd02a1b20 0x00007a3cd02a1a60
XMM[6]=0x00007a3cd02a1820 0x00007a3cd02a1760
XMM[7]=0x00007a3ce8300b10 0x000005d700000000
XMM[8]=0x00007a3cd0220ab8 0x00007a3cd02209c8
XMM[9]=0x00007a3ce40467b0 0x00007a3ce4046750
XMM[10]=0x00007a3ce4046150 0x00007a3ce4046210
XMM[11]=0x00007a3ce40461b0 0x00007a3ce4046270
XMM[12]=0x00007a3ce40460f0 0x00007a3ce4046090
XMM[13]=0x0000000000000000 0x0000000000000000
XMM[14]=0x0000000000000000 0x0000000000000000
XMM[15]=0x0000000000000000 0x0000000000000000
  MXCSR=0x00001fa0


Register to memory mapping:

RAX=0x00007abda048e940 is an unknown value
RBX=0x0000000000000001 is an unknown value
RCX=0x00007a3ce8244110 points into unknown readable memory: 0x00007a3da03e74b0 | b0 74 3e a0 3d 7a 00 00
RDX=0x00007a3cd00a29f0 points into unknown readable memory: 0x00007a3da0402818 | 18 28 40 a0 3d 7a 00 00
RSP=0x00007a3d7c4fbfe0 is pointing into the stack for thread: 0x00007a3ce42f7290
RBP=0x00007a3d7c4fc030 is pointing into the stack for thread: 0x00007a3ce42f7290
RSI=0x0000000000000008 is an unknown value
RDI=0x00007a3cd00a33d0 points into unknown readable memory: 0x00007abda048e940 | 40 e9 48 a0 bd 7a 00 00
R8 =0x00007a3cd00a33d0 points into unknown readable memory: 0x00007abda048e940 | 40 e9 48 a0 bd 7a 00 00
R9 =0x0000000000000001 is an unknown value
R10=0x00007a3cd00a29f0 points into unknown readable memory: 0x00007a3da0402818 | 18 28 40 a0 3d 7a 00 00
R11=0x00007a3cd02a2210 points into unknown readable memory: 0x0000000000000000 | 00 00 00 00 00 00 00 00
R12=0x00007a3ce8244110 points into unknown readable memory: 0x00007a3da03e74b0 | b0 74 3e a0 3d 7a 00 00
R13=0x00007a3cd00a33d0 points into unknown readable memory: 0x00007abda048e940 | 40 e9 48 a0 bd 7a 00 00
R14=0x00007a3cd00a29f0 points into unknown readable memory: 0x00007a3da0402818 | 18 28 40 a0 3d 7a 00 00
R15=0x0 is null

Top of Stack: (sp=0x00007a3d7c4fbfe0)
0x00007a3d7c4fbfe0:   00007a3ce812e2a0 00007a3c00000001
0x00007a3d7c4fbff0:   000000087c4fc19c 00007a3d7c4fc6d0
0x00007a3d7c4fc000:   0000000300000003 0000000000000000
0x00007a3d7c4fc010:   0000000000000001 00007a3ce8244110
0x00007a3d7c4fc020:   00007a3cd00a33d0 00007a3d7c4fc6d0
0x00007a3d7c4fc030:   00007a3d7c4fc2d0 00007a3d9fd9233c
0x00007a3d7c4fc040:   0000000000000db0 0000000000000001
0x00007a3d7c4fc050:   0000000000000000 00007a3d7c4fc240
0x00007a3d7c4fc060:   0000000000000000 00007a3d9fd927d1
0x00007a3d7c4fc070:   00007a3ccc001bd0 00007a3ccc001be0
0x00007a3d7c4fc080:   00000000000003d8 00007a3ccc001fb8
0x00007a3d7c4fc090:   0000000000000246 00017a3c00000000
0x00007a3d7c4fc0a0:   00007a3ce830696a 00007a3d7c4fc1e0
0x00007a3d7c4fc0b0:   00007a3ccc001bd0 00007a3ccc001be0
0x00007a3d7c4fc0c0:   00007a3d7c4fc360 00007a3ce4045eb0
0x00007a3d7c4fc0d0:   00007a3ce4045eb0 00007a3d98597bb0
0x00007a3d7c4fc0e0:   00007a3ce83067b8 00007a3ccc2b7000
0x00007a3d7c4fc0f0:   00000000000000ce 00007a3ce8306000
0x00007a3d7c4fc100:   00007a3ce8302270 00007a3d7c4fc360
0x00007a3d7c4fc110:   00007a3ce80686f8 00007a3d98597bf0
0x00007a3d7c4fc120:   00007a3ce81a23e0 00007a3ce40dc640
0x00007a3d7c4fc130:   0000000000000000 00007a3d00000001
0x00007a3d7c4fc140:   0000000000000000 00007a3ce83039d0
0x00007a3d7c4fc150:   0000000000000000 00007a3ce8023e58
0x00007a3d7c4fc160:   00007a3d7c4fc7b0 00007a3ce82443d0
0x00007a3d7c4fc170:   000000000000018d 0000000000000008
0x00007a3d7c4fc180:   0000000000000c92 00007a3cd00a29f0
0x00007a3d7c4fc190:   00007a3ce8304c08 00000db000000000
0x00007a3d7c4fc1a0:   000005d700000038 00007a3ce82ff3b0
0x00007a3d7c4fc1b0:   00007a3d7c4fc360 00007a3ccc29ef00
0x00007a3d7c4fc1c0:   000005d700000000 00007a3ce8300b10
0x00007a3d7c4fc1d0:   00007a3d7c4fc360 00007a3d7c4fdb90 

Instructions: (pc=0x00007a3d9fd8e208)
0x00007a3d9fd8e108:   89 1c d0 8b 45 c8 48 89 1c d1 48 83 c4 28 5b 41
0x00007a3d9fd8e118:   5c 41 5d 41 5e 41 5f 5d c3 0f 1f 80 00 00 00 00
0x00007a3d9fd8e128:   48 8b 41 08 48 3b 70 08 75 8d 31 c0 41 39 d4 73
0x00007a3d9fd8e138:   07 44 89 e0 48 8b 04 c7 48 39 c6 0f 85 76 ff ff
0x00007a3d9fd8e148:   ff 41 8b 5f 28 48 89 75 c8 44 8d 63 ff 41 39 d4
0x00007a3d9fd8e158:   0f 83 d2 50 51 ff 44 89 e0 48 8b 14 c7 48 8b 02
0x00007a3d9fd8e168:   48 89 55 b8 48 89 d7 ff 50 20 48 8b 55 b8 48 8b
0x00007a3d9fd8e178:   75 c8 48 39 c2 74 09 45 2b 67 48 41 8d 5c 24 01
0x00007a3d9fd8e188:   48 89 75 c8 41 3b 5f 18 0f 83 a4 50 51 ff 49 8b
0x00007a3d9fd8e198:   47 20 48 8b 3c d8 48 8b 07 ff 10 31 d2 48 8b 75
0x00007a3d9fd8e1a8:   c8 3d b4 00 00 00 49 8b 47 40 0f 94 c2 45 31 e4
0x00007a3d9fd8e1b8:   4c 8b 3c d0 e9 fe fe ff ff 90 66 66 2e 0f 1f 84
0x00007a3d9fd8e1c8:   00 00 00 00 00 0f 1f 00 f3 0f 1e fa 55 48 89 e5
0x00007a3d9fd8e1d8:   41 57 41 56 49 89 d6 41 55 4d 89 c5 41 54 49 89
0x00007a3d9fd8e1e8:   cc 53 44 89 cb 48 83 ec 28 8b 45 18 44 8b 7d 20
0x00007a3d9fd8e1f8:   48 89 7d c8 89 75 c4 4c 89 c7 89 45 b8 49 8b 00
0x00007a3d9fd8e208:   ff 90 90 00 00 00 48 85 c0 0f 84 a1 01 00 00 48
0x00007a3d9fd8e218:   89 c7 48 89 45 b0 e8 ad 5f 80 ff 48 8b 7d b0 89
0x00007a3d9fd8e228:   45 c0 e8 d1 5f 80 ff 8b 55 c0 39 d3 72 14 39 c3
0x00007a3d9fd8e238:   73 10 41 8b 46 2c 83 e0 03 83 f8 02 0f 84 9e 01
0x00007a3d9fd8e248:   00 00 45 84 ff 74 24 49 8b 45 00 4c 89 ef ff 90
0x00007a3d9fd8e258:   b8 00 00 00 83 f8 ff 74 0a 89 c6 4c 89 ef e8 15
0x00007a3d9fd8e268:   24 e5 ff 39 c3 0f 84 a5 02 00 00 41 8b 45 2c 83
0x00007a3d9fd8e278:   e0 0f 83 f8 0c 0f 85 1d 01 00 00 48 8b 45 c8 48
0x00007a3d9fd8e288:   8b 50 48 41 8b 44 24 18 85 c0 0f 84 ca 4f 51 ff
0x00007a3d9fd8e298:   49 8b 44 24 20 48 8b 08 89 d8 48 8b 49 08 48 8b
0x00007a3d9fd8e2a8:   04 c1 8b 48 28 48 8b 42 78 4c 8b 24 c8 41 8b 44
0x00007a3d9fd8e2b8:   24 28 44 8d 78 ff 45 3b 7c 24 18 0f 83 8f 4f 51
0x00007a3d9fd8e2c8:   ff 49 8b 54 24 20 44 89 f8 48 8b 14 c2 48 8b 02
0x00007a3d9fd8e2d8:   48 89 55 b8 48 89 d7 ff 50 20 48 8b 55 b8 48 39
0x00007a3d9fd8e2e8:   c2 74 05 45 2b 7c 24 48 8b 75 c4 48 8b 7d c8 4c
0x00007a3d9fd8e2f8:   89 f2 41 89 d8 4c 89 e9 e8 cb f5 ff ff 49 89 c6 


Stack slot to memory mapping:

stack at sp + 0 slots: 0x00007a3ce812e2a0 points into unknown readable memory: 0x00007a3ce812e2e0 | e0 e2 12 e8 3c 7a 00 00
stack at sp + 1 slots: 0x00007a3c00000001 is an unknown value
stack at sp + 2 slots: 0x000000087c4fc19c is an unknown value
stack at sp + 3 slots: 0x00007a3d7c4fc6d0 is pointing into the stack for thread: 0x00007a3ce42f7290
stack at sp + 4 slots: 0x0000000300000003 is an unknown value
stack at sp + 5 slots: 0x0 is null
stack at sp + 6 slots: 0x0000000000000001 is an unknown value
stack at sp + 7 slots: 0x00007a3ce8244110 points into unknown readable memory: 0x00007a3da03e74b0 | b0 74 3e a0 3d 7a 00 00


---------------  P R O C E S S  ---------------

Threads class SMR info:
_java_thread_list=0x00007a3ce42f8430, length=12, elements={
0x00007a3d980195d0, 0x00007a3d98153070, 0x00007a3d98154700, 0x00007a3d98155ea0,
0x00007a3d981574e0, 0x00007a3d98158a80, 0x00007a3d9815a5c0, 0x00007a3d98163c70,
0x00007a3d9816fb10, 0x00007a3d98172e40, 0x00007a3ce4127e20, 0x00007a3ce42f7290
}

Java Threads: ( => current thread )
  0x00007a3d980195d0 JavaThread "main"                              [_thread_in_Java, id=13530, stack(0x00007a3d9eb00000,0x00007a3d9ec00000) (1024K)]
  0x00007a3d98153070 JavaThread "Reference Handler"          daemon [_thread_blocked, id=13541, stack(0x00007a3d9c414000,0x00007a3d9c514000) (1024K)]
  0x00007a3d98154700 JavaThread "Finalizer"                  daemon [_thread_blocked, id=13542, stack(0x00007a3d9c314000,0x00007a3d9c414000) (1024K)]
  0x00007a3d98155ea0 JavaThread "Signal Dispatcher"          daemon [_thread_blocked, id=13543, stack(0x00007a3d9c214000,0x00007a3d9c314000) (1024K)]
  0x00007a3d981574e0 JavaThread "Service Thread"             daemon [_thread_blocked, id=13544, stack(0x00007a3d9c114000,0x00007a3d9c214000) (1024K)]
  0x00007a3d98158a80 JavaThread "Monitor Deflation Thread"   daemon [_thread_blocked, id=13545, stack(0x00007a3d9c014000,0x00007a3d9c114000) (1024K)]
  0x00007a3d9815a5c0 JavaThread "C2 CompilerThread0"         daemon [_thread_in_native, id=13546, stack(0x00007a3d97f00000,0x00007a3d98000000) (1024K)]
  0x00007a3d98163c70 JavaThread "C1 CompilerThread0"         daemon [_thread_blocked, id=13547, stack(0x00007a3d80700000,0x00007a3d80800000) (1024K)]
  0x00007a3d9816fb10 JavaThread "Notification Thread"        daemon [_thread_blocked, id=13549, stack(0x00007a3d7c700000,0x00007a3d7c800000) (1024K)]
  0x00007a3d98172e40 JavaThread "Common-Cleaner"             daemon [_thread_blocked, id=13550, stack(0x00007a3d7c600000,0x00007a3d7c700000) (1024K)]
  0x00007a3ce4127e20 JavaThread "C2 CompilerThread1"         daemon [_thread_in_native, id=13552, stack(0x00007a3d7c500000,0x00007a3d7c600000) (1024K)]
=>0x00007a3ce42f7290 JavaThread "C2 CompilerThread2"         daemon [_thread_in_native, id=13553, stack(0x00007a3d7c400000,0x00007a3d7c500000) (1024K)]
Total: 12

Other Threads:
  0x00007a3d98149f50 VMThread "VM Thread"                           [id=13540, stack(0x00007a3d9c515000,0x00007a3d9c615000) (1024K)]
  0x00007a3d981380a0 WatcherThread "VM Periodic Task Thread"        [id=13537, stack(0x00007a3d9c616000,0x00007a3d9c716000) (1024K)]
  0x00007a3d98070e80 WorkerThread "GC Thread#0"                     [id=13531, stack(0x00007a3d9de20000,0x00007a3d9df20000) (1024K)]
  0x00007a3d0c008400 WorkerThread "GC Thread#1"                     [id=13554, stack(0x00007a3d7c300000,0x00007a3d7c400000) (1024K)]
  0x00007a3d0c010e70 WorkerThread "GC Thread#2"                     [id=13555, stack(0x00007a3d7c07f000,0x00007a3d7c17f000) (1024K)]
  0x00007a3d980817f0 ConcurrentGCThread "G1 Main Marker"            [id=13532, stack(0x00007a3d9d500000,0x00007a3d9d600000) (1024K)]
  0x00007a3d980827a0 WorkerThread "G1 Conc#0"                       [id=13534, stack(0x00007a3d9d3ff000,0x00007a3d9d4ff000) (1024K)]
  0x00007a3d9811c760 ConcurrentGCThread "G1 Refine#0"               [id=13535, stack(0x00007a3d9c8f4000,0x00007a3d9c9f4000) (1024K)]
  0x00007a3d9811d720 ConcurrentGCThread "G1 Service"                [id=13536, stack(0x00007a3d9c7f3000,0x00007a3d9c8f3000) (1024K)]
Total: 9

Threads with active compile tasks:
C2 CompilerThread0  353 1018       4       org.codehaus.plexus.util.InterpolationFilterReader::read (477 bytes)
C2 CompilerThread1  353 1017       4       org.codehaus.plexus.util.xml.XmlReader::read (11 bytes)
C2 CompilerThread2  353 1013       4       java.io.InputStreamReader::read (11 bytes)
Total: 3

VM state: not at safepoint (normal execution)

VM Mutex/Monitor currently owned by a thread: None

Heap address: 0x0000000086600000, size: 1946 MB, Compressed Oops mode: 32-bit

CDS archive(s) mapped at: [0x00007a3d1f000000-0x00007a3d1fc97000-0x00007a3d1fc97000), size 13201408, SharedBaseAddress: 0x00007a3d1f000000, ArchiveRelocationMode: 1.
Compressed class space mapped at: 0x00007a3d20000000-0x00007a3d60000000, reserved size: 1073741824
Narrow klass base: 0x00007a3d1f000000, Narrow klass shift: 0, Narrow klass range: 0x100000000

GC Precious Log:
 CardTable entry size: 512
 Card Set container configuration: InlinePtr #cards 5 size 8 Array Of Cards #cards 12 size 40 Howl #buckets 4 coarsen threshold 1843 Howl Bitmap #cards 512 size 80 coarsen threshold 460 Card regions per heap region 1 cards per card region 2048
 CPUs: 12 total, 12 available
 Memory: 7776M
 Large Page Support: Disabled
 NUMA Support: Disabled
 Compressed Oops: Enabled (32-bit)
 Heap Region Size: 1M
 Heap Min Capacity: 8M
 Heap Initial Capacity: 122M
 Heap Max Capacity: 1946M
 Pre-touch: Disabled
 Parallel Workers: 10
 Concurrent Workers: 3
 Concurrent Refinement Workers: 10
 Periodic GC: Disabled

Heap:
 garbage-first heap   total 126976K, used 5169K [0x0000000086600000, 0x0000000100000000)
  region size 1024K, 5 young (5120K), 3 survivors (3072K)
 Metaspace       used 5815K, committed 6016K, reserved 1114112K
  class space    used 673K, committed 768K, reserved 1048576K

Heap Regions: E=young(eden), S=young(survivor), O=old, HS=humongous(starts), HC=humongous(continues), CS=collection set, F=free, TAMS=top-at-mark-start, PB=parsable bottom
|   0|0x0000000086600000, 0x0000000086600000, 0x0000000086700000|  0%| F|  |TAMS 0x0000000086600000| PB 0x0000000086600000| Untracked 
|   1|0x0000000086700000, 0x0000000086700000, 0x0000000086800000|  0%| F|  |TAMS 0x0000000086700000| PB 0x0000000086700000| Untracked 
|   2|0x0000000086800000, 0x0000000086800000, 0x0000000086900000|  0%| F|  |TAMS 0x0000000086800000| PB 0x0000000086800000| Untracked 
|   3|0x0000000086900000, 0x0000000086900000, 0x0000000086a00000|  0%| F|  |TAMS 0x0000000086900000| PB 0x0000000086900000| Untracked 
|   4|0x0000000086a00000, 0x0000000086a00000, 0x0000000086b00000|  0%| F|  |TAMS 0x0000000086a00000| PB 0x0000000086a00000| Untracked 
|   5|0x0000000086b00000, 0x0000000086b00000, 0x0000000086c00000|  0%| F|  |TAMS 0x0000000086b00000| PB 0x0000000086b00000| Untracked 
|   6|0x0000000086c00000, 0x0000000086c00000, 0x0000000086d00000|  0%| F|  |TAMS 0x0000000086c00000| PB 0x0000000086c00000| Untracked 
|   7|0x0000000086d00000, 0x0000000086d00000, 0x0000000086e00000|  0%| F|  |TAMS 0x0000000086d00000| PB 0x0000000086d00000| Untracked 
|   8|0x0000000086e00000, 0x0000000086e00000, 0x0000000086f00000|  0%| F|  |TAMS 0x0000000086e00000| PB 0x0000000086e00000| Untracked 
|   9|0x0000000086f00000, 0x0000000086f00000, 0x0000000087000000|  0%| F|  |TAMS 0x0000000086f00000| PB 0x0000000086f00000| Untracked 
|  10|0x0000000087000000, 0x0000000087000000, 0x0000000087100000|  0%| F|  |TAMS 0x0000000087000000| PB 0x0000000087000000| Untracked 
|  11|0x0000000087100000, 0x0000000087100000, 0x0000000087200000|  0%| F|  |TAMS 0x0000000087100000| PB 0x0000000087100000| Untracked 
|  12|0x0000000087200000, 0x0000000087200000, 0x0000000087300000|  0%| F|  |TAMS 0x0000000087200000| PB 0x0000000087200000| Untracked 
|  13|0x0000000087300000, 0x0000000087300000, 0x0000000087400000|  0%| F|  |TAMS 0x0000000087300000| PB 0x0000000087300000| Untracked 
|  14|0x0000000087400000, 0x0000000087400000, 0x0000000087500000|  0%| F|  |TAMS 0x0000000087400000| PB 0x0000000087400000| Untracked 
|  15|0x0000000087500000, 0x0000000087500000, 0x0000000087600000|  0%| F|  |TAMS 0x0000000087500000| PB 0x0000000087500000| Untracked 
|  16|0x0000000087600000, 0x0000000087600000, 0x0000000087700000|  0%| F|  |TAMS 0x0000000087600000| PB 0x0000000087600000| Untracked 
|  17|0x0000000087700000, 0x0000000087700000, 0x0000000087800000|  0%| F|  |TAMS 0x0000000087700000| PB 0x0000000087700000| Untracked 
|  18|0x0000000087800000, 0x0000000087800000, 0x0000000087900000|  0%| F|  |TAMS 0x0000000087800000| PB 0x0000000087800000| Untracked 
|  19|0x0000000087900000, 0x0000000087900000, 0x0000000087a00000|  0%| F|  |TAMS 0x0000000087900000| PB 0x0000000087900000| Untracked 
|  20|0x0000000087a00000, 0x0000000087a00000, 0x0000000087b00000|  0%| F|  |TAMS 0x0000000087a00000| PB 0x0000000087a00000| Untracked 
|  21|0x0000000087b00000, 0x0000000087b00000, 0x0000000087c00000|  0%| F|  |TAMS 0x0000000087b00000| PB 0x0000000087b00000| Untracked 
|  22|0x0000000087c00000, 0x0000000087c00000, 0x0000000087d00000|  0%| F|  |TAMS 0x0000000087c00000| PB 0x0000000087c00000| Untracked 
|  23|0x0000000087d00000, 0x0000000087d00000, 0x0000000087e00000|  0%| F|  |TAMS 0x0000000087d00000| PB 0x0000000087d00000| Untracked 
|  24|0x0000000087e00000, 0x0000000087e00000, 0x0000000087f00000|  0%| F|  |TAMS 0x0000000087e00000| PB 0x0000000087e00000| Untracked 
|  25|0x0000000087f00000, 0x0000000087f00000, 0x0000000088000000|  0%| F|  |TAMS 0x0000000087f00000| PB 0x0000000087f00000| Untracked 
|  26|0x0000000088000000, 0x0000000088000000, 0x0000000088100000|  0%| F|  |TAMS 0x0000000088000000| PB 0x0000000088000000| Untracked 
|  27|0x0000000088100000, 0x0000000088100000, 0x0000000088200000|  0%| F|  |TAMS 0x0000000088100000| PB 0x0000000088100000| Untracked 
|  28|0x0000000088200000, 0x0000000088200000, 0x0000000088300000|  0%| F|  |TAMS 0x0000000088200000| PB 0x0000000088200000| Untracked 
|  29|0x0000000088300000, 0x0000000088300000, 0x0000000088400000|  0%| F|  |TAMS 0x0000000088300000| PB 0x0000000088300000| Untracked 
|  30|0x0000000088400000, 0x0000000088400000, 0x0000000088500000|  0%| F|  |TAMS 0x0000000088400000| PB 0x0000000088400000| Untracked 
|  31|0x0000000088500000, 0x0000000088500000, 0x0000000088600000|  0%| F|  |TAMS 0x0000000088500000| PB 0x0000000088500000| Untracked 
|  32|0x0000000088600000, 0x0000000088600000, 0x0000000088700000|  0%| F|  |TAMS 0x0000000088600000| PB 0x0000000088600000| Untracked 
|  33|0x0000000088700000, 0x0000000088700000, 0x0000000088800000|  0%| F|  |TAMS 0x0000000088700000| PB 0x0000000088700000| Untracked 
|  34|0x0000000088800000, 0x0000000088800000, 0x0000000088900000|  0%| F|  |TAMS 0x0000000088800000| PB 0x0000000088800000| Untracked 
|  35|0x0000000088900000, 0x0000000088900000, 0x0000000088a00000|  0%| F|  |TAMS 0x0000000088900000| PB 0x0000000088900000| Untracked 
|  36|0x0000000088a00000, 0x0000000088a00000, 0x0000000088b00000|  0%| F|  |TAMS 0x0000000088a00000| PB 0x0000000088a00000| Untracked 
|  37|0x0000000088b00000, 0x0000000088b00000, 0x0000000088c00000|  0%| F|  |TAMS 0x0000000088b00000| PB 0x0000000088b00000| Untracked 
|  38|0x0000000088c00000, 0x0000000088c00000, 0x0000000088d00000|  0%| F|  |TAMS 0x0000000088c00000| PB 0x0000000088c00000| Untracked 
|  39|0x0000000088d00000, 0x0000000088d00000, 0x0000000088e00000|  0%| F|  |TAMS 0x0000000088d00000| PB 0x0000000088d00000| Untracked 
|  40|0x0000000088e00000, 0x0000000088e00000, 0x0000000088f00000|  0%| F|  |TAMS 0x0000000088e00000| PB 0x0000000088e00000| Untracked 
|  41|0x0000000088f00000, 0x0000000088f00000, 0x0000000089000000|  0%| F|  |TAMS 0x0000000088f00000| PB 0x0000000088f00000| Untracked 
|  42|0x0000000089000000, 0x0000000089000000, 0x0000000089100000|  0%| F|  |TAMS 0x0000000089000000| PB 0x0000000089000000| Untracked 
|  43|0x0000000089100000, 0x0000000089100000, 0x0000000089200000|  0%| F|  |TAMS 0x0000000089100000| PB 0x0000000089100000| Untracked 
|  44|0x0000000089200000, 0x0000000089200000, 0x0000000089300000|  0%| F|  |TAMS 0x0000000089200000| PB 0x0000000089200000| Untracked 
|  45|0x0000000089300000, 0x0000000089300000, 0x0000000089400000|  0%| F|  |TAMS 0x0000000089300000| PB 0x0000000089300000| Untracked 
|  46|0x0000000089400000, 0x0000000089400000, 0x0000000089500000|  0%| F|  |TAMS 0x0000000089400000| PB 0x0000000089400000| Untracked 
|  47|0x0000000089500000, 0x0000000089500000, 0x0000000089600000|  0%| F|  |TAMS 0x0000000089500000| PB 0x0000000089500000| Untracked 
|  48|0x0000000089600000, 0x0000000089600000, 0x0000000089700000|  0%| F|  |TAMS 0x0000000089600000| PB 0x0000000089600000| Untracked 
|  49|0x0000000089700000, 0x0000000089700000, 0x0000000089800000|  0%| F|  |TAMS 0x0000000089700000| PB 0x0000000089700000| Untracked 
|  50|0x0000000089800000, 0x0000000089800000, 0x0000000089900000|  0%| F|  |TAMS 0x0000000089800000| PB 0x0000000089800000| Untracked 
|  51|0x0000000089900000, 0x0000000089900000, 0x0000000089a00000|  0%| F|  |TAMS 0x0000000089900000| PB 0x0000000089900000| Untracked 
|  52|0x0000000089a00000, 0x0000000089a00000, 0x0000000089b00000|  0%| F|  |TAMS 0x0000000089a00000| PB 0x0000000089a00000| Untracked 
|  53|0x0000000089b00000, 0x0000000089b00000, 0x0000000089c00000|  0%| F|  |TAMS 0x0000000089b00000| PB 0x0000000089b00000| Untracked 
|  54|0x0000000089c00000, 0x0000000089c00000, 0x0000000089d00000|  0%| F|  |TAMS 0x0000000089c00000| PB 0x0000000089c00000| Untracked 
|  55|0x0000000089d00000, 0x0000000089d00000, 0x0000000089e00000|  0%| F|  |TAMS 0x0000000089d00000| PB 0x0000000089d00000| Untracked 
|  56|0x0000000089e00000, 0x0000000089e00000, 0x0000000089f00000|  0%| F|  |TAMS 0x0000000089e00000| PB 0x0000000089e00000| Untracked 
|  57|0x0000000089f00000, 0x0000000089f00000, 0x000000008a000000|  0%| F|  |TAMS 0x0000000089f00000| PB 0x0000000089f00000| Untracked 
|  58|0x000000008a000000, 0x000000008a000000, 0x000000008a100000|  0%| F|  |TAMS 0x000000008a000000| PB 0x000000008a000000| Untracked 
|  59|0x000000008a100000, 0x000000008a100000, 0x000000008a200000|  0%| F|  |TAMS 0x000000008a100000| PB 0x000000008a100000| Untracked 
|  60|0x000000008a200000, 0x000000008a200000, 0x000000008a300000|  0%| F|  |TAMS 0x000000008a200000| PB 0x000000008a200000| Untracked 
|  61|0x000000008a300000, 0x000000008a300000, 0x000000008a400000|  0%| F|  |TAMS 0x000000008a300000| PB 0x000000008a300000| Untracked 
|  62|0x000000008a400000, 0x000000008a400000, 0x000000008a500000|  0%| F|  |TAMS 0x000000008a400000| PB 0x000000008a400000| Untracked 
|  63|0x000000008a500000, 0x000000008a500000, 0x000000008a600000|  0%| F|  |TAMS 0x000000008a500000| PB 0x000000008a500000| Untracked 
|  64|0x000000008a600000, 0x000000008a600000, 0x000000008a700000|  0%| F|  |TAMS 0x000000008a600000| PB 0x000000008a600000| Untracked 
|  65|0x000000008a700000, 0x000000008a700000, 0x000000008a800000|  0%| F|  |TAMS 0x000000008a700000| PB 0x000000008a700000| Untracked 
|  66|0x000000008a800000, 0x000000008a800000, 0x000000008a900000|  0%| F|  |TAMS 0x000000008a800000| PB 0x000000008a800000| Untracked 
|  67|0x000000008a900000, 0x000000008a900000, 0x000000008aa00000|  0%| F|  |TAMS 0x000000008a900000| PB 0x000000008a900000| Untracked 
|  68|0x000000008aa00000, 0x000000008aa00000, 0x000000008ab00000|  0%| F|  |TAMS 0x000000008aa00000| PB 0x000000008aa00000| Untracked 
|  69|0x000000008ab00000, 0x000000008ab00000, 0x000000008ac00000|  0%| F|  |TAMS 0x000000008ab00000| PB 0x000000008ab00000| Untracked 
|  70|0x000000008ac00000, 0x000000008ac00000, 0x000000008ad00000|  0%| F|  |TAMS 0x000000008ac00000| PB 0x000000008ac00000| Untracked 
|  71|0x000000008ad00000, 0x000000008ad00000, 0x000000008ae00000|  0%| F|  |TAMS 0x000000008ad00000| PB 0x000000008ad00000| Untracked 
|  72|0x000000008ae00000, 0x000000008ae00000, 0x000000008af00000|  0%| F|  |TAMS 0x000000008ae00000| PB 0x000000008ae00000| Untracked 
|  73|0x000000008af00000, 0x000000008af00000, 0x000000008b000000|  0%| F|  |TAMS 0x000000008af00000| PB 0x000000008af00000| Untracked 
|  74|0x000000008b000000, 0x000000008b000000, 0x000000008b100000|  0%| F|  |TAMS 0x000000008b000000| PB 0x000000008b000000| Untracked 
|  75|0x000000008b100000, 0x000000008b100000, 0x000000008b200000|  0%| F|  |TAMS 0x000000008b100000| PB 0x000000008b100000| Untracked 
|  76|0x000000008b200000, 0x000000008b200000, 0x000000008b300000|  0%| F|  |TAMS 0x000000008b200000| PB 0x000000008b200000| Untracked 
|  77|0x000000008b300000, 0x000000008b300000, 0x000000008b400000|  0%| F|  |TAMS 0x000000008b300000| PB 0x000000008b300000| Untracked 
|  78|0x000000008b400000, 0x000000008b400000, 0x000000008b500000|  0%| F|  |TAMS 0x000000008b400000| PB 0x000000008b400000| Untracked 
|  79|0x000000008b500000, 0x000000008b500000, 0x000000008b600000|  0%| F|  |TAMS 0x000000008b500000| PB 0x000000008b500000| Untracked 
|  80|0x000000008b600000, 0x000000008b600000, 0x000000008b700000|  0%| F|  |TAMS 0x000000008b600000| PB 0x000000008b600000| Untracked 
|  81|0x000000008b700000, 0x000000008b700000, 0x000000008b800000|  0%| F|  |TAMS 0x000000008b700000| PB 0x000000008b700000| Untracked 
|  82|0x000000008b800000, 0x000000008b800000, 0x000000008b900000|  0%| F|  |TAMS 0x000000008b800000| PB 0x000000008b800000| Untracked 
|  83|0x000000008b900000, 0x000000008b900000, 0x000000008ba00000|  0%| F|  |TAMS 0x000000008b900000| PB 0x000000008b900000| Untracked 
|  84|0x000000008ba00000, 0x000000008ba00000, 0x000000008bb00000|  0%| F|  |TAMS 0x000000008ba00000| PB 0x000000008ba00000| Untracked 
|  85|0x000000008bb00000, 0x000000008bb00000, 0x000000008bc00000|  0%| F|  |TAMS 0x000000008bb00000| PB 0x000000008bb00000| Untracked 
|  86|0x000000008bc00000, 0x000000008bc00000, 0x000000008bd00000|  0%| F|  |TAMS 0x000000008bc00000| PB 0x000000008bc00000| Untracked 
|  87|0x000000008bd00000, 0x000000008bd00000, 0x000000008be00000|  0%| F|  |TAMS 0x000000008bd00000| PB 0x000000008bd00000| Untracked 
|  88|0x000000008be00000, 0x000000008be00000, 0x000000008bf00000|  0%| F|  |TAMS 0x000000008be00000| PB 0x000000008be00000| Untracked 
|  89|0x000000008bf00000, 0x000000008bf00000, 0x000000008c000000|  0%| F|  |TAMS 0x000000008bf00000| PB 0x000000008bf00000| Untracked 
|  90|0x000000008c000000, 0x000000008c000000, 0x000000008c100000|  0%| F|  |TAMS 0x000000008c000000| PB 0x000000008c000000| Untracked 
|  91|0x000000008c100000, 0x000000008c100000, 0x000000008c200000|  0%| F|  |TAMS 0x000000008c100000| PB 0x000000008c100000| Untracked 
|  92|0x000000008c200000, 0x000000008c200000, 0x000000008c300000|  0%| F|  |TAMS 0x000000008c200000| PB 0x000000008c200000| Untracked 
|  93|0x000000008c300000, 0x000000008c300000, 0x000000008c400000|  0%| F|  |TAMS 0x000000008c300000| PB 0x000000008c300000| Untracked 
|  94|0x000000008c400000, 0x000000008c400000, 0x000000008c500000|  0%| F|  |TAMS 0x000000008c400000| PB 0x000000008c400000| Untracked 
|  95|0x000000008c500000, 0x000000008c500000, 0x000000008c600000|  0%| F|  |TAMS 0x000000008c500000| PB 0x000000008c500000| Untracked 
|  96|0x000000008c600000, 0x000000008c700000, 0x000000008c700000|100%| S|CS|TAMS 0x000000008c600000| PB 0x000000008c600000| Complete 
|  97|0x000000008c700000, 0x000000008c800000, 0x000000008c800000|100%| S|CS|TAMS 0x000000008c700000| PB 0x000000008c700000| Complete 
|  98|0x000000008c800000, 0x000000008c900000, 0x000000008c900000|100%| S|CS|TAMS 0x000000008c800000| PB 0x000000008c800000| Complete 
|  99|0x000000008c900000, 0x000000008c900000, 0x000000008ca00000|  0%| F|  |TAMS 0x000000008c900000| PB 0x000000008c900000| Untracked 
| 100|0x000000008ca00000, 0x000000008ca00000, 0x000000008cb00000|  0%| F|  |TAMS 0x000000008ca00000| PB 0x000000008ca00000| Untracked 
| 101|0x000000008cb00000, 0x000000008cb00000, 0x000000008cc00000|  0%| F|  |TAMS 0x000000008cb00000| PB 0x000000008cb00000| Untracked 
| 102|0x000000008cc00000, 0x000000008cc00000, 0x000000008cd00000|  0%| F|  |TAMS 0x000000008cc00000| PB 0x000000008cc00000| Untracked 
| 103|0x000000008cd00000, 0x000000008cd00000, 0x000000008ce00000|  0%| F|  |TAMS 0x000000008cd00000| PB 0x000000008cd00000| Untracked 
| 104|0x000000008ce00000, 0x000000008ce00000, 0x000000008cf00000|  0%| F|  |TAMS 0x000000008ce00000| PB 0x000000008ce00000| Untracked 
| 105|0x000000008cf00000, 0x000000008cf00000, 0x000000008d000000|  0%| F|  |TAMS 0x000000008cf00000| PB 0x000000008cf00000| Untracked 
| 106|0x000000008d000000, 0x000000008d000000, 0x000000008d100000|  0%| F|  |TAMS 0x000000008d000000| PB 0x000000008d000000| Untracked 
| 107|0x000000008d100000, 0x000000008d100000, 0x000000008d200000|  0%| F|  |TAMS 0x000000008d100000| PB 0x000000008d100000| Untracked 
| 108|0x000000008d200000, 0x000000008d200000, 0x000000008d300000|  0%| F|  |TAMS 0x000000008d200000| PB 0x000000008d200000| Untracked 
| 109|0x000000008d300000, 0x000000008d300000, 0x000000008d400000|  0%| F|  |TAMS 0x000000008d300000| PB 0x000000008d300000| Untracked 
| 110|0x000000008d400000, 0x000000008d400000, 0x000000008d500000|  0%| F|  |TAMS 0x000000008d400000| PB 0x000000008d400000| Untracked 
| 111|0x000000008d500000, 0x000000008d500000, 0x000000008d600000|  0%| F|  |TAMS 0x000000008d500000| PB 0x000000008d500000| Untracked 
| 112|0x000000008d600000, 0x000000008d600000, 0x000000008d700000|  0%| F|  |TAMS 0x000000008d600000| PB 0x000000008d600000| Untracked 
| 113|0x000000008d700000, 0x000000008d700000, 0x000000008d800000|  0%| F|  |TAMS 0x000000008d700000| PB 0x000000008d700000| Untracked 
| 114|0x000000008d800000, 0x000000008d800000, 0x000000008d900000|  0%| F|  |TAMS 0x000000008d800000| PB 0x000000008d800000| Untracked 
| 115|0x000000008d900000, 0x000000008d900000, 0x000000008da00000|  0%| F|  |TAMS 0x000000008d900000| PB 0x000000008d900000| Untracked 
| 116|0x000000008da00000, 0x000000008da00000, 0x000000008db00000|  0%| F|  |TAMS 0x000000008da00000| PB 0x000000008da00000| Untracked 
| 117|0x000000008db00000, 0x000000008db00000, 0x000000008dc00000|  0%| F|  |TAMS 0x000000008db00000| PB 0x000000008db00000| Untracked 
| 118|0x000000008dc00000, 0x000000008dc00000, 0x000000008dd00000|  0%| F|  |TAMS 0x000000008dc00000| PB 0x000000008dc00000| Untracked 
| 119|0x000000008dd00000, 0x000000008dd00000, 0x000000008de00000|  0%| F|  |TAMS 0x000000008dd00000| PB 0x000000008dd00000| Untracked 
| 120|0x000000008de00000, 0x000000008df00000, 0x000000008df00000|100%| E|  |TAMS 0x000000008de00000| PB 0x000000008de00000| Complete 
| 121|0x000000008df00000, 0x000000008e000000, 0x000000008e000000|100%| E|CS|TAMS 0x000000008df00000| PB 0x000000008df00000| Complete 
|1944|0x00000000ffe00000, 0x00000000fff00000, 0x00000000fff00000|100%| O|  |TAMS 0x00000000ffe00000| PB 0x00000000ffe00000| Untracked 
|1945|0x00000000fff00000, 0x00000000fff0c710, 0x0000000100000000|  4%| O|  |TAMS 0x00000000fff00000| PB 0x00000000fff00000| Untracked 

Card table byte_map: [0x00007a3d9d600000,0x00007a3d9d9cd000] _byte_map_base: 0x00007a3d9d1cd000

Marking Bits: (CMBitMap*) 0x00007a3d980719b0
 Bits: [0x00007a3d7e800000, 0x00007a3d80668000)

Polling page: 0x00007a3da0886000

Metaspace:

Usage:
  Non-class:      5.03 MB used.
      Class:    675.43 KB used.
       Both:      5.69 MB used.

Virtual space:
  Non-class space:       64.00 MB reserved,       5.12 MB (  8%) committed,  1 nodes.
      Class space:        1.00 GB reserved,     768.00 KB ( <1%) committed,  1 nodes.
             Both:        1.06 GB reserved,       5.88 MB ( <1%) committed. 

Chunk freelists:
   Non-Class:  9.09 MB
       Class:  15.27 MB
        Both:  24.36 MB

MaxMetaspaceSize: unlimited
CompressedClassSpaceSize: 1.00 GB
Initial GC threshold: 21.00 MB
Current GC threshold: 21.00 MB
CDS: on
 - commit_granule_bytes: 65536.
 - commit_granule_words: 8192.
 - virtual_space_node_default_size: 8388608.
 - enlarge_chunks_in_place: 1.
 - use_allocation_guard: 0.


Internal statistics:

num_allocs_failed_limit: 0.
num_arena_births: 58.
num_arena_deaths: 0.
num_vsnodes_births: 2.
num_vsnodes_deaths: 0.
num_space_committed: 94.
num_space_uncommitted: 0.
num_chunks_returned_to_freelist: 0.
num_chunks_taken_from_freelist: 223.
num_chunk_merges: 0.
num_chunk_splits: 143.
num_chunks_enlarged: 117.
num_inconsistent_stats: 0.

CodeHeap 'non-profiled nmethods': size=120028Kb used=385Kb max_used=385Kb free=119642Kb
 bounds [0x00007a3d882c9000, 0x00007a3d88539000, 0x00007a3d8f800000]
CodeHeap 'profiled nmethods': size=120028Kb used=2035Kb max_used=2035Kb free=117992Kb
 bounds [0x00007a3d80800000, 0x00007a3d80a70000, 0x00007a3d87d37000]
CodeHeap 'non-nmethods': size=5704Kb used=1342Kb max_used=1374Kb free=4361Kb
 bounds [0x00007a3d87d37000, 0x00007a3d87fa7000, 0x00007a3d882c9000]
 total_blobs=1519 nmethods=1056 adapters=369
 compilation: enabled
              stopped_count=0, restarted_count=0
 full_count=0

Compilation events (20 events):
Event: 0.335 Thread 0x00007a3d98163c70 nmethod 1054 0x00007a3d88320e90 code [0x00007a3d88321020, 0x00007a3d883210e0]
Event: 0.335 Thread 0x00007a3d98163c70 1055       2       java.io.File::<init> (47 bytes)
Event: 0.335 Thread 0x00007a3d98163c70 nmethod 1055 0x00007a3d809f3a90 code [0x00007a3d809f3c60, 0x00007a3d809f3f28]
Event: 0.335 Thread 0x00007a3d98163c70 1057   !   3       sun.nio.cs.StreamDecoder::read (78 bytes)
Event: 0.336 Thread 0x00007a3d98163c70 nmethod 1057 0x00007a3d809f4090 code [0x00007a3d809f4340, 0x00007a3d809f51f8]
Event: 0.337 Thread 0x00007a3ce4127e20 nmethod 1021 0x00007a3d88321190 code [0x00007a3d88321300, 0x00007a3d883214f8]
Event: 0.337 Thread 0x00007a3ce4127e20 1030       4       sun.nio.cs.StreamDecoder::implRead (232 bytes)
Event: 0.338 Thread 0x00007a3d98163c70 1058       2       org.eclipse.sisu.plexus.PlexusXmlScanner::TEXT (10 bytes)
Event: 0.338 Thread 0x00007a3d98163c70 nmethod 1058 0x00007a3d809f5710 code [0x00007a3d809f58e0, 0x00007a3d809f5aa0]
Event: 0.338 Thread 0x00007a3d98163c70 1059       2       org.codehaus.plexus.util.xml.pull.MXParser::nextText (103 bytes)
Event: 0.339 Thread 0x00007a3d98163c70 nmethod 1059 0x00007a3d809f5c10 code [0x00007a3d809f5e80, 0x00007a3d809f6588]
Event: 0.341 Thread 0x00007a3d9815a5c0 nmethod 1009 0x00007a3d88321610 code [0x00007a3d883219e0, 0x00007a3d88323f78]
Event: 0.341 Thread 0x00007a3d9815a5c0 1060   !   4       sun.nio.cs.StreamDecoder::read (78 bytes)
Event: 0.343 Thread 0x00007a3d98163c70 1061       2       java.util.Collections::emptyMap (4 bytes)
Event: 0.343 Thread 0x00007a3d98163c70 nmethod 1061 0x00007a3d809f6910 code [0x00007a3d809f6aa0, 0x00007a3d809f6b88]
Event: 0.343 Thread 0x00007a3d98163c70 1062       2       java.util.HashMap::isEmpty (13 bytes)
Event: 0.343 Thread 0x00007a3d98163c70 nmethod 1062 0x00007a3d809f6c10 code [0x00007a3d809f6da0, 0x00007a3d809f6eb0]
Event: 0.343 Thread 0x00007a3d98163c70 1063       3       sun.nio.cs.StreamDecoder::lockedRead (189 bytes)
Event: 0.344 Thread 0x00007a3d98163c70 nmethod 1063 0x00007a3d809f6f10 code [0x00007a3d809f7180, 0x00007a3d809f7bd8]
Event: 0.344 Thread 0x00007a3d9815a5c0 nmethod 1060 0x00007a3d88325b10 code [0x00007a3d88325d00, 0x00007a3d88326238]

GC Heap History (1 events):
Event: 0.344 GC heap before
{Heap before GC invocations=0 (full 0):
 garbage-first heap   total 126976K, used 24625K [0x0000000086600000, 0x0000000100000000)
  region size 1024K, 23 young (23552K), 0 survivors (0K)
 Metaspace       used 5745K, committed 5952K, reserved 1114112K
  class space    used 664K, committed 768K, reserved 1048576K
}

Dll operation events (8 events):
Event: 0.001 Loaded shared library /usr/lib/jvm/java-21-openjdk-amd64/lib/libjava.so
Event: 0.019 Loaded shared library /usr/lib/jvm/java-21-openjdk-amd64/lib/libjsvml.so
Event: 0.024 Loaded shared library /usr/lib/jvm/java-21-openjdk-amd64/lib/libnio.so
Event: 0.028 Loaded shared library /usr/lib/jvm/java-21-openjdk-amd64/lib/libzip.so
Event: 0.036 Loaded shared library /usr/lib/jvm/java-21-openjdk-amd64/lib/libnet.so
Event: 0.095 Loaded shared library /usr/lib/jvm/java-21-openjdk-amd64/lib/libjimage.so
Event: 0.100 Loaded shared library /tmp/jansi-2.4.1-2a659c84497a5758-libjansi.so
Event: 0.106 Loaded shared library /usr/lib/jvm/java-21-openjdk-amd64/lib/libverify.so

Deoptimization events (20 events):
Event: 0.189 Thread 0x00007a3d980195d0 DEOPT PACKING pc=0x00007a3d882d42ec sp=0x00007a3d9ebfa280
Event: 0.189 Thread 0x00007a3d980195d0 DEOPT UNPACKING pc=0x00007a3d87d8af99 sp=0x00007a3d9ebfa230 mode 2
Event: 0.198 Thread 0x00007a3d980195d0 DEOPT PACKING pc=0x00007a3d80826a50 sp=0x00007a3d9ebfcb10
Event: 0.198 Thread 0x00007a3d980195d0 DEOPT UNPACKING pc=0x00007a3d87d8b72f sp=0x00007a3d9ebfbfc0 mode 0
Event: 0.306 Thread 0x00007a3d980195d0 Uncommon trap: trap_request=0xffffff76 fr.pc=0x00007a3d882f8e0c relative=0x00000000000001cc
Event: 0.306 Thread 0x00007a3d980195d0 Uncommon trap: reason=predicate action=maybe_recompile pc=0x00007a3d882f8e0c method=java.util.regex.Pattern$BmpCharPropertyGreedy.match(Ljava/util/regex/Matcher;ILjava/lang/CharSequence;)Z @ 12 c2
Event: 0.306 Thread 0x00007a3d980195d0 DEOPT PACKING pc=0x00007a3d882f8e0c sp=0x00007a3d9ebfd380
Event: 0.306 Thread 0x00007a3d980195d0 DEOPT UNPACKING pc=0x00007a3d87d8af99 sp=0x00007a3d9ebfd358 mode 2
Event: 0.306 Thread 0x00007a3d980195d0 Uncommon trap: trap_request=0xffffff45 fr.pc=0x00007a3d882f0fec relative=0x00000000000000cc
Event: 0.306 Thread 0x00007a3d980195d0 Uncommon trap: reason=unstable_if action=reinterpret pc=0x00007a3d882f0fec method=org.codehaus.plexus.util.xml.pull.MXParser.more()C @ 8 c2
Event: 0.306 Thread 0x00007a3d980195d0 DEOPT PACKING pc=0x00007a3d882f0fec sp=0x00007a3d9ebfd740
Event: 0.306 Thread 0x00007a3d980195d0 DEOPT UNPACKING pc=0x00007a3d87d8af99 sp=0x00007a3d9ebfd6f0 mode 2
Event: 0.335 Thread 0x00007a3d980195d0 Uncommon trap: trap_request=0xffffff45 fr.pc=0x00007a3d8831e4cc relative=0x00000000000018ec
Event: 0.335 Thread 0x00007a3d980195d0 Uncommon trap: reason=unstable_if action=reinterpret pc=0x00007a3d8831e4cc method=java.nio.charset.CoderResult.isOverflow()Z @ 5 c2
Event: 0.335 Thread 0x00007a3d980195d0 DEOPT PACKING pc=0x00007a3d8831e4cc sp=0x00007a3d9ebfd3b0
Event: 0.335 Thread 0x00007a3d980195d0 DEOPT UNPACKING pc=0x00007a3d87d8af99 sp=0x00007a3d9ebfcf30 mode 2
Event: 0.343 Thread 0x00007a3d980195d0 Uncommon trap: trap_request=0xffffff45 fr.pc=0x00007a3d88323090 relative=0x00000000000016b0
Event: 0.343 Thread 0x00007a3d980195d0 Uncommon trap: reason=unstable_if action=reinterpret pc=0x00007a3d88323090 method=java.nio.charset.CoderResult.isOverflow()Z @ 5 c2
Event: 0.343 Thread 0x00007a3d980195d0 DEOPT PACKING pc=0x00007a3d88323090 sp=0x00007a3d9ebfd260
Event: 0.343 Thread 0x00007a3d980195d0 DEOPT UNPACKING pc=0x00007a3d87d8af99 sp=0x00007a3d9ebfce90 mode 2

Classes loaded (20 events):
Event: 0.291 Loading class java/util/concurrent/TimeoutException
Event: 0.291 Loading class java/util/concurrent/TimeoutException done
Event: 0.291 Loading class java/util/concurrent/CancellationException
Event: 0.291 Loading class java/util/concurrent/CancellationException done
Event: 0.291 Loading class java/security/PrivilegedActionException
Event: 0.291 Loading class java/security/PrivilegedActionException done
Event: 0.291 Loading class sun/misc/Unsafe
Event: 0.291 Loading class sun/misc/Unsafe done
Event: 0.292 Loading class java/lang/invoke/DirectMethodHandle$StaticAccessor
Event: 0.292 Loading class java/lang/invoke/DirectMethodHandle$StaticAccessor done
Event: 0.294 Loading class java/lang/reflect/ParameterizedType
Event: 0.294 Loading class java/lang/reflect/ParameterizedType done
Event: 0.296 Loading class java/lang/reflect/WildcardType
Event: 0.296 Loading class java/lang/reflect/WildcardType done
Event: 0.297 Loading class sun/reflect/generics/tree/TypeVariableSignature
Event: 0.297 Loading class sun/reflect/generics/tree/TypeVariableSignature done
Event: 0.304 Loading class java/lang/annotation/IncompleteAnnotationException
Event: 0.304 Loading class java/lang/annotation/IncompleteAnnotationException done
Event: 0.325 Loading class java/lang/foreign/MemorySegment
Event: 0.325 Loading class java/lang/foreign/MemorySegment done

Classes unloaded (0 events):
No events

Classes redefined (0 events):
No events

Internal exceptions (20 events):
Event: 0.101 Thread 0x00007a3d980195d0 Exception <a 'java/lang/NullPointerException'{0x000000008db6c628}> (0x000000008db6c628) 
thrown [./src/hotspot/share/interpreter/linkResolver.cpp, line 1372]
Event: 0.101 Thread 0x00007a3d980195d0 Exception <a 'java/lang/NullPointerException'{0x000000008db6c908}> (0x000000008db6c908) 
thrown [./src/hotspot/share/interpreter/linkResolver.cpp, line 1372]
Event: 0.101 Thread 0x00007a3d980195d0 Exception <a 'java/lang/NullPointerException'{0x000000008db6cbe8}> (0x000000008db6cbe8) 
thrown [./src/hotspot/share/interpreter/linkResolver.cpp, line 1372]
Event: 0.102 Thread 0x00007a3d980195d0 Exception <a 'java/lang/NullPointerException'{0x000000008db71b00}> (0x000000008db71b00) 
thrown [./src/hotspot/share/interpreter/linkResolver.cpp, line 1372]
Event: 0.103 Thread 0x00007a3d980195d0 Exception <a 'java/lang/NullPointerException'{0x000000008dbfad08}> (0x000000008dbfad08) 
thrown [./src/hotspot/share/interpreter/linkResolver.cpp, line 1372]
Event: 0.103 Thread 0x00007a3d980195d0 Exception <a 'java/lang/NullPointerException'{0x000000008dbfafe8}> (0x000000008dbfafe8) 
thrown [./src/hotspot/share/interpreter/linkResolver.cpp, line 1372]
Event: 0.103 Thread 0x00007a3d980195d0 Exception <a 'java/lang/NullPointerException'{0x000000008dbfb2c8}> (0x000000008dbfb2c8) 
thrown [./src/hotspot/share/interpreter/linkResolver.cpp, line 1372]
Event: 0.103 Thread 0x00007a3d980195d0 Exception <a 'java/lang/NullPointerException'{0x000000008dbfb610}> (0x000000008dbfb610) 
thrown [./src/hotspot/share/interpreter/linkResolver.cpp, line 1372]
Event: 0.111 Thread 0x00007a3d980195d0 Exception <a 'java/lang/NoSuchMethodError'{0x000000008da72370}: 'void java.lang.invoke.DirectMethodHandle$Holder.invokeStatic(java.lang.Object, java.lang.Object)'> (0x000000008da72370) 
thrown [./src/hotspot/share/interpreter/linkResolver.cpp, line 772]
Event: 0.112 Thread 0x00007a3d980195d0 Exception <a 'java/lang/NoSuchMethodError'{0x000000008da75780}: 'void java.lang.invoke.DirectMethodHandle$Holder.invokeStaticInit(java.lang.Object, java.lang.Object)'> (0x000000008da75780) 
thrown [./src/hotspot/share/interpreter/linkResolver.cpp, line 772]
Event: 0.119 Thread 0x00007a3d980195d0 Exception <a 'java/lang/NoSuchMethodError'{0x000000008dab8c80}: 'void java.lang.invoke.DirectMethodHandle$Holder.invokeStatic(java.lang.Object, java.lang.Object, java.lang.Object)'> (0x000000008dab8c80) 
thrown [./src/hotspot/share/interpreter/linkResolver.cpp, line 772]
Event: 0.153 Thread 0x00007a3d980195d0 Exception <a 'java/lang/NoSuchMethodError'{0x000000008d856948}: 'java.lang.Object java.lang.invoke.DirectMethodHandle$Holder.invokeSpecialIFC(java.lang.Object, java.lang.Object, java.lang.Object, java.lang.Object)'> (0x000000008d856948) 
thrown [./src/hotspot/share/interpreter/linkResolver.cpp, line 772]
Event: 0.236 Thread 0x00007a3d980195d0 Exception <a 'java/lang/NoSuchMethodError'{0x000000008d3cb768}: 'void java.lang.invoke.DirectMethodHandle$Holder.invokeSpecial(java.lang.Object, java.lang.Object, java.lang.Object)'> (0x000000008d3cb768) 
thrown [./src/hotspot/share/interpreter/linkResolver.cpp, line 772]
Event: 0.252 Thread 0x00007a3d980195d0 Exception <a 'java/lang/NoSuchMethodError'{0x000000008d11f510}: 'java.lang.Object java.lang.invoke.DirectMethodHandle$Holder.invokeInterface(java.lang.Object, java.lang.Object)'> (0x000000008d11f510) 
thrown [./src/hotspot/share/interpreter/linkResolver.cpp, line 772]
Event: 0.260 Thread 0x00007a3d980195d0 Exception <a 'java/lang/NoSuchMethodError'{0x000000008d1bb930}: 'int java.lang.invoke.DirectMethodHandle$Holder.invokeStatic(java.lang.Object, java.lang.Object, java.lang.Object, java.lang.Object)'> (0x000000008d1bb930) 
thrown [./src/hotspot/share/interpreter/linkResolver.cpp, line 772]
Event: 0.260 Thread 0x00007a3d980195d0 Exception <a 'java/lang/NoSuchMethodError'{0x000000008d1bf000}: 'java.lang.Object java.lang.invoke.Invokers$Holder.invokeExact_MT(java.lang.Object, java.lang.Object, java.lang.Object, java.lang.Object, java.lang.Object, java.lang.Object)'> (0x000000008d1bf000) 
thrown [./src/hotspot/share/interpreter/linkResolver.cpp, line 772]
Event: 0.262 Thread 0x00007a3d980195d0 Exception <a 'java/lang/NoSuchMethodError'{0x000000008d1cdb00}: 'int java.lang.invoke.DirectMethodHandle$Holder.invokeSpecialIFC(java.lang.Object, java.lang.Object, java.lang.Object, java.lang.Object, java.lang.Object)'> (0x000000008d1cdb00) 
thrown [./src/hotspot/share/interpreter/linkResolver.cpp, line 772]
Event: 0.285 Thread 0x00007a3d980195d0 Exception <a 'java/lang/NoSuchMethodError'{0x000000008cf56818}: 'java.lang.Object java.lang.invoke.DirectMethodHandle$Holder.newInvokeSpecial(java.lang.Object, java.lang.Object, java.lang.Object, java.lang.Object, java.lang.Object)'> (0x000000008cf56818) 
thrown [./src/hotspot/share/interpreter/linkResolver.cpp, line 772]
Event: 0.300 Thread 0x00007a3d980195d0 Exception <a 'java/lang/NoSuchMethodError'{0x000000008ce56788}: 'int java.lang.invoke.DirectMethodHandle$Holder.invokeStaticInit(java.lang.Object, java.lang.Object)'> (0x000000008ce56788) 
thrown [./src/hotspot/share/interpreter/linkResolver.cpp, line 772]
Event: 0.304 Thread 0x00007a3d980195d0 Exception <a 'java/lang/NoClassDefFoundError'{0x000000008ce8ca10}: javax/enterprise/inject/Typed> (0x000000008ce8ca10) 
thrown [./src/hotspot/share/classfile/systemDictionary.cpp, line 301]

ZGC Phase Switch (0 events):
No events

VM Operations (5 events):
Event: 0.097 Executing VM operation: HandshakeAllThreads (Deoptimize)
Event: 0.097 Executing VM operation: HandshakeAllThreads (Deoptimize) done
Event: 0.321 Executing VM operation: ICBufferFull
Event: 0.321 Executing VM operation: ICBufferFull done
Event: 0.344 Executing VM operation: G1CollectForAllocation (G1 Evacuation Pause)

Memory protections (13 events):
Event: 0.001 Protecting memory [0x00007a3d9eb00000,0x00007a3d9eb04000] with protection modes 0
Event: 0.017 Protecting memory [0x00007a3d9c414000,0x00007a3d9c418000] with protection modes 0
Event: 0.018 Protecting memory [0x00007a3d9c314000,0x00007a3d9c318000] with protection modes 0
Event: 0.018 Protecting memory [0x00007a3d9c214000,0x00007a3d9c218000] with protection modes 0
Event: 0.018 Protecting memory [0x00007a3d9c114000,0x00007a3d9c118000] with protection modes 0
Event: 0.018 Protecting memory [0x00007a3d9c014000,0x00007a3d9c018000] with protection modes 0
Event: 0.018 Protecting memory [0x00007a3d97f00000,0x00007a3d97f04000] with protection modes 0
Event: 0.018 Protecting memory [0x00007a3d80700000,0x00007a3d80704000] with protection modes 0
Event: 0.022 Protecting memory [0x00007a3d7c700000,0x00007a3d7c704000] with protection modes 0
Event: 0.023 Protecting memory [0x00007a3d7c600000,0x00007a3d7c604000] with protection modes 0
Event: 0.095 Protecting memory [0x00007a3d7c500000,0x00007a3d7c504000] with protection modes 0
Event: 0.101 Protecting memory [0x00007a3d7c500000,0x00007a3d7c504000] with protection modes 0
Event: 0.319 Protecting memory [0x00007a3d7c400000,0x00007a3d7c404000] with protection modes 0

Nmethod flushes (0 events):
No events

Events (14 events):
Event: 0.010 Thread 0x00007a3d980195d0 Thread added: 0x00007a3d980195d0
Event: 0.017 Thread 0x00007a3d980195d0 Thread added: 0x00007a3d98153070
Event: 0.018 Thread 0x00007a3d980195d0 Thread added: 0x00007a3d98154700
Event: 0.018 Thread 0x00007a3d980195d0 Thread added: 0x00007a3d98155ea0
Event: 0.018 Thread 0x00007a3d980195d0 Thread added: 0x00007a3d981574e0
Event: 0.018 Thread 0x00007a3d980195d0 Thread added: 0x00007a3d98158a80
Event: 0.018 Thread 0x00007a3d980195d0 Thread added: 0x00007a3d9815a5c0
Event: 0.018 Thread 0x00007a3d980195d0 Thread added: 0x00007a3d98163c70
Event: 0.022 Thread 0x00007a3d980195d0 Thread added: 0x00007a3d9816fb10
Event: 0.023 Thread 0x00007a3d980195d0 Thread added: 0x00007a3d98172e40
Event: 0.095 Thread 0x00007a3d980195d0 Thread added: 0x00007a3d9837ab90
Event: 0.098 Thread 0x00007a3d9837ab90 Thread exited: 0x00007a3d9837ab90
Event: 0.101 Thread 0x00007a3d98163c70 Thread added: 0x00007a3ce4127e20
Event: 0.319 Thread 0x00007a3d98163c70 Thread added: 0x00007a3ce42f7290


Dynamic libraries:
86600000-8e000000 rw-p 00000000 00:00 0 
8e000000-ffe00000 ---p 00000000 00:00 0 
ffe00000-fff0d000 rw-p 00cd6000 08:25 2543604                            /usr/lib/jvm/java-21-openjdk-amd64/lib/server/classes.jsa
fff0d000-100000000 rw-p 00000000 00:00 0 
640ce18f7000-640ce18f8000 r--p 00000000 08:25 2148401                    /usr/lib/jvm/java-21-openjdk-amd64/bin/java
640ce18f8000-640ce18f9000 r-xp 00001000 08:25 2148401                    /usr/lib/jvm/java-21-openjdk-amd64/bin/java
640ce18f9000-640ce18fa000 r--p 00002000 08:25 2148401                    /usr/lib/jvm/java-21-openjdk-amd64/bin/java
640ce18fa000-640ce18fb000 r--p 00002000 08:25 2148401                    /usr/lib/jvm/java-21-openjdk-amd64/bin/java
640ce18fb000-640ce18fc000 rw-p 00003000 08:25 2148401                    /usr/lib/jvm/java-21-openjdk-amd64/bin/java
640cefe2f000-640cefe76000 rw-p 00000000 00:00 0                          [heap]
7a3cc0000000-7a3cc0021000 rw-p 00000000 00:00 0 
7a3cc0021000-7a3cc4000000 ---p 00000000 00:00 0 
7a3cc4000000-7a3cc4021000 rw-p 00000000 00:00 0 
7a3cc4021000-7a3cc8000000 ---p 00000000 00:00 0 
7a3ccc000000-7a3ccc30c000 rw-p 00000000 00:00 0 
7a3ccc30c000-7a3cd0000000 ---p 00000000 00:00 0 
7a3cd0000000-7a3cd03c8000 rw-p 00000000 00:00 0 
7a3cd03c8000-7a3cd4000000 ---p 00000000 00:00 0 
7a3cd8000000-7a3cd8021000 rw-p 00000000 00:00 0 
7a3cd8021000-7a3cdc000000 ---p 00000000 00:00 0 
7a3cdc000000-7a3cdc021000 rw-p 00000000 00:00 0 
7a3cdc021000-7a3ce0000000 ---p 00000000 00:00 0 
7a3ce4000000-7a3ce43e7000 rw-p 00000000 00:00 0 
7a3ce43e7000-7a3ce8000000 ---p 00000000 00:00 0 
7a3ce8000000-7a3ce850b000 rw-p 00000000 00:00 0 
7a3ce850b000-7a3cec000000 ---p 00000000 00:00 0 
7a3cf0000000-7a3cf0021000 rw-p 00000000 00:00 0 
7a3cf0021000-7a3cf4000000 ---p 00000000 00:00 0 
7a3cf4000000-7a3cf4021000 rw-p 00000000 00:00 0 
7a3cf4021000-7a3cf8000000 ---p 00000000 00:00 0 
7a3cfc000000-7a3cfc021000 rw-p 00000000 00:00 0 
7a3cfc021000-7a3d00000000 ---p 00000000 00:00 0 
7a3d00000000-7a3d00021000 rw-p 00000000 00:00 0 
7a3d00021000-7a3d04000000 ---p 00000000 00:00 0 
7a3d08000000-7a3d08021000 rw-p 00000000 00:00 0 
7a3d08021000-7a3d0c000000 ---p 00000000 00:00 0 
7a3d0c000000-7a3d0c021000 rw-p 00000000 00:00 0 
7a3d0c021000-7a3d10000000 ---p 00000000 00:00 0 
7a3d14000000-7a3d14230000 rw-p 00000000 00:00 0 
7a3d14230000-7a3d14400000 ---p 00000000 00:00 0 
7a3d14400000-7a3d146f0000 rw-p 00000000 00:00 0 
7a3d146f0000-7a3d18000000 ---p 00000000 00:00 0 
7a3d18000000-7a3d18021000 rw-p 00000000 00:00 0 
7a3d18021000-7a3d1c000000 ---p 00000000 00:00 0 
7a3d1f000000-7a3d1fc97000 rw-p 00001000 08:25 2543604                    /usr/lib/jvm/java-21-openjdk-amd64/lib/server/classes.jsa
7a3d1fc97000-7a3d20000000 ---p 00000000 00:00 0 
7a3d20000000-7a3d20030000 rw-p 00000000 00:00 0 
7a3d20030000-7a3d20070000 rw-p 00000000 00:00 0 
7a3d20070000-7a3d200c0000 rw-p 00000000 00:00 0 
7a3d200c0000-7a3d60000000 ---p 00000000 00:00 0 
7a3d60000000-7a3d60021000 rw-p 00000000 00:00 0 
7a3d60021000-7a3d64000000 ---p 00000000 00:00 0 
7a3d64000000-7a3d64021000 rw-p 00000000 00:00 0 
7a3d64021000-7a3d68000000 ---p 00000000 00:00 0 
7a3d6c000000-7a3d6c021000 rw-p 00000000 00:00 0 
7a3d6c021000-7a3d70000000 ---p 00000000 00:00 0 
7a3d70000000-7a3d70021000 rw-p 00000000 00:00 0 
7a3d70021000-7a3d74000000 ---p 00000000 00:00 0 
7a3d76c00000-7a3d76ee2000 rw-p 00000000 00:00 0 
7a3d77000000-7a3d77003000 r-xp 00000000 08:25 2299437                    /tmp/jansi-2.4.1-2a659c84497a5758-libjansi.so
7a3d77003000-7a3d77202000 ---p 00003000 08:25 2299437                    /tmp/jansi-2.4.1-2a659c84497a5758-libjansi.so
7a3d77202000-7a3d77203000 r--p 00002000 08:25 2299437                    /tmp/jansi-2.4.1-2a659c84497a5758-libjansi.so
7a3d77203000-7a3d77204000 rw-p 00003000 08:25 2299437                    /tmp/jansi-2.4.1-2a659c84497a5758-libjansi.so
7a3d77600000-7a3d77e03000 r--p 00000000 08:25 1850347                    /usr/lib/locale/locale-archive
7a3d78000000-7a3d78021000 rw-p 00000000 00:00 0 
7a3d78021000-7a3d7c000000 ---p 00000000 00:00 0 
7a3d7c07e000-7a3d7c07f000 ---p 00000000 00:00 0 
7a3d7c07f000-7a3d7c17f000 rw-p 00000000 00:00 0 
7a3d7c17f000-7a3d7c2ff000 rw-p 00000000 00:00 0 
7a3d7c2ff000-7a3d7c300000 ---p 00000000 00:00 0 
7a3d7c300000-7a3d7c400000 rw-p 00000000 00:00 0 
7a3d7c400000-7a3d7c404000 ---p 00000000 00:00 0 
7a3d7c404000-7a3d7c500000 rw-p 00000000 00:00 0 
7a3d7c500000-7a3d7c504000 ---p 00000000 00:00 0 
7a3d7c504000-7a3d7c600000 rw-p 00000000 00:00 0 
7a3d7c600000-7a3d7c604000 ---p 00000000 00:00 0 
7a3d7c604000-7a3d7c700000 rw-p 00000000 00:00 0 
7a3d7c700000-7a3d7c704000 ---p 00000000 00:00 0 
7a3d7c704000-7a3d7c800000 rw-p 00000000 00:00 0 
7a3d7c800000-7a3d7e9e8000 rw-p 00000000 00:00 0 
7a3d7e9e8000-7a3d80660000 ---p 00000000 00:00 0 
7a3d80660000-7a3d80668000 rw-p 00000000 00:00 0 
7a3d80700000-7a3d80704000 ---p 00000000 00:00 0 
7a3d80704000-7a3d80800000 rw-p 00000000 00:00 0 
7a3d80800000-7a3d80a70000 rwxp 00000000 00:00 0 
7a3d80a70000-7a3d87d37000 ---p 00000000 00:00 0 
7a3d87d37000-7a3d87fa7000 rwxp 00000000 00:00 0 
7a3d87fa7000-7a3d882c9000 ---p 00000000 00:00 0 
7a3d882c9000-7a3d88539000 rwxp 00000000 00:00 0 
7a3d88539000-7a3d8f800000 ---p 00000000 00:00 0 
7a3d8f800000-7a3d97e0d000 r--s 00000000 08:25 2543601                    /usr/lib/jvm/java-21-openjdk-amd64/lib/modules
7a3d97e2f000-7a3d97e34000 r--p 00000000 08:25 2543585                    /usr/lib/jvm/java-21-openjdk-amd64/lib/libjsvml.so
7a3d97e34000-7a3d97e75000 r-xp 00005000 08:25 2543585                    /usr/lib/jvm/java-21-openjdk-amd64/lib/libjsvml.so
7a3d97e75000-7a3d97efe000 r--p 00046000 08:25 2543585                    /usr/lib/jvm/java-21-openjdk-amd64/lib/libjsvml.so
7a3d97efe000-7a3d97eff000 r--p 000ce000 08:25 2543585                    /usr/lib/jvm/java-21-openjdk-amd64/lib/libjsvml.so
7a3d97eff000-7a3d97f00000 rw-p 000cf000 08:25 2543585                    /usr/lib/jvm/java-21-openjdk-amd64/lib/libjsvml.so
7a3d97f00000-7a3d97f04000 ---p 00000000 00:00 0 
7a3d97f04000-7a3d98000000 rw-p 00000000 00:00 0 
7a3d98000000-7a3d98696000 rw-p 00000000 00:00 0 
7a3d98696000-7a3d9c000000 ---p 00000000 00:00 0 
7a3d9c014000-7a3d9c018000 ---p 00000000 00:00 0 
7a3d9c018000-7a3d9c114000 rw-p 00000000 00:00 0 
7a3d9c114000-7a3d9c118000 ---p 00000000 00:00 0 
7a3d9c118000-7a3d9c214000 rw-p 00000000 00:00 0 
7a3d9c214000-7a3d9c218000 ---p 00000000 00:00 0 
7a3d9c218000-7a3d9c314000 rw-p 00000000 00:00 0 
7a3d9c314000-7a3d9c318000 ---p 00000000 00:00 0 
7a3d9c318000-7a3d9c414000 rw-p 00000000 00:00 0 
7a3d9c414000-7a3d9c418000 ---p 00000000 00:00 0 
7a3d9c418000-7a3d9c514000 rw-p 00000000 00:00 0 
7a3d9c514000-7a3d9c515000 ---p 00000000 00:00 0 
7a3d9c515000-7a3d9c615000 rw-p 00000000 00:00 0 
7a3d9c615000-7a3d9c616000 ---p 00000000 00:00 0 
7a3d9c616000-7a3d9c716000 rw-p 00000000 00:00 0 
7a3d9c716000-7a3d9c7f2000 rw-p 00000000 00:00 0 
7a3d9c7f2000-7a3d9c7f3000 ---p 00000000 00:00 0 
7a3d9c7f3000-7a3d9c8f3000 rw-p 00000000 00:00 0 
7a3d9c8f3000-7a3d9c8f4000 ---p 00000000 00:00 0 
7a3d9c8f4000-7a3d9c9f4000 rw-p 00000000 00:00 0 
7a3d9c9f4000-7a3d9d3fe000 rw-p 00000000 00:00 0 
7a3d9d3fe000-7a3d9d3ff000 ---p 00000000 00:00 0 
7a3d9d3ff000-7a3d9d4ff000 rw-p 00000000 00:00 0 
7a3d9d4ff000-7a3d9d500000 ---p 00000000 00:00 0 
7a3d9d500000-7a3d9d600000 rw-p 00000000 00:00 0 
7a3d9d600000-7a3d9d63d000 rw-p 00000000 00:00 0 
7a3d9d63d000-7a3d9d9cc000 ---p 00000000 00:00 0 
7a3d9d9cc000-7a3d9d9cd000 rw-p 00000000 00:00 0 
7a3d9da00000-7a3d9da3d000 rw-p 00000000 00:00 0 
7a3d9da3d000-7a3d9ddcc000 ---p 00000000 00:00 0 
7a3d9ddcc000-7a3d9ddcd000 rw-p 00000000 00:00 0 
7a3d9de1f000-7a3d9de20000 ---p 00000000 00:00 0 
7a3d9de20000-7a3d9df20000 rw-p 00000000 00:00 0 
7a3d9df20000-7a3d9e92f000 rw-p 00000000 00:00 0 
7a3d9e92f000-7a3d9ea15000 ---p 00000000 00:00 0 
7a3d9ea15000-7a3d9ea1a000 rw-p 00000000 00:00 0 
7a3d9ea1a000-7a3d9eb00000 ---p 00000000 00:00 0 
7a3d9eb00000-7a3d9eb04000 ---p 00000000 00:00 0 
7a3d9eb04000-7a3d9ec00000 rw-p 00000000 00:00 0 
7a3d9ec00000-7a3d9ec9d000 r--p 00000000 08:25 1869011                    /usr/lib/x86_64-linux-gnu/libstdc++.so.6.0.33
7a3d9ec9d000-7a3d9ede5000 r-xp 0009d000 08:25 1869011                    /usr/lib/x86_64-linux-gnu/libstdc++.so.6.0.33
7a3d9ede5000-7a3d9ee6c000 r--p 001e5000 08:25 1869011                    /usr/lib/x86_64-linux-gnu/libstdc++.so.6.0.33
7a3d9ee6c000-7a3d9ee77000 r--p 0026b000 08:25 1869011                    /usr/lib/x86_64-linux-gnu/libstdc++.so.6.0.33
7a3d9ee77000-7a3d9ee7a000 rw-p 00276000 08:25 1869011                    /usr/lib/x86_64-linux-gnu/libstdc++.so.6.0.33
7a3d9ee7a000-7a3d9ee7e000 rw-p 00000000 00:00 0 
7a3d9ee9e000-7a3d9eea5000 r--s 00000000 08:25 1870331                    /usr/lib/x86_64-linux-gnu/gconv/gconv-modules.cache
7a3d9eea5000-7a3d9eea9000 r--p 00000000 08:25 2543599                    /usr/lib/jvm/java-21-openjdk-amd64/lib/libverify.so
7a3d9eea9000-7a3d9eeb0000 r-xp 00004000 08:25 2543599                    /usr/lib/jvm/java-21-openjdk-amd64/lib/libverify.so
7a3d9eeb0000-7a3d9eeb2000 r--p 0000b000 08:25 2543599                    /usr/lib/jvm/java-21-openjdk-amd64/lib/libverify.so
7a3d9eeb2000-7a3d9eeb4000 r--p 0000c000 08:25 2543599                    /usr/lib/jvm/java-21-openjdk-amd64/lib/libverify.so
7a3d9eeb4000-7a3d9eeb5000 rw-p 0000e000 08:25 2543599                    /usr/lib/jvm/java-21-openjdk-amd64/lib/libverify.so
7a3d9eeb5000-7a3d9eeb7000 r--p 00000000 08:25 2543600                    /usr/lib/jvm/java-21-openjdk-amd64/lib/libzip.so
7a3d9eeb7000-7a3d9eebc000 r-xp 00002000 08:25 2543600                    /usr/lib/jvm/java-21-openjdk-amd64/lib/libzip.so
7a3d9eebc000-7a3d9eebe000 r--p 00007000 08:25 2543600                    /usr/lib/jvm/java-21-openjdk-amd64/lib/libzip.so
7a3d9eebe000-7a3d9eebf000 r--p 00008000 08:25 2543600                    /usr/lib/jvm/java-21-openjdk-amd64/lib/libzip.so
7a3d9eebf000-7a3d9eec0000 rw-p 00009000 08:25 2543600                    /usr/lib/jvm/java-21-openjdk-amd64/lib/libzip.so
7a3d9eec0000-7a3d9eec7000 r--p 00000000 08:25 2543593                    /usr/lib/jvm/java-21-openjdk-amd64/lib/libnio.so
7a3d9eec7000-7a3d9eed0000 r-xp 00007000 08:25 2543593                    /usr/lib/jvm/java-21-openjdk-amd64/lib/libnio.so
7a3d9eed0000-7a3d9eed4000 r--p 00010000 08:25 2543593                    /usr/lib/jvm/java-21-openjdk-amd64/lib/libnio.so
7a3d9eed4000-7a3d9eed5000 r--p 00014000 08:25 2543593                    /usr/lib/jvm/java-21-openjdk-amd64/lib/libnio.so
7a3d9eed5000-7a3d9eed6000 rw-p 00015000 08:25 2543593                    /usr/lib/jvm/java-21-openjdk-amd64/lib/libnio.so
7a3d9eed6000-7a3d9ef17000 rw-p 00000000 00:00 0 
7a3d9ef17000-7a3d9ef27000 r--p 00000000 08:25 1868504                    /usr/lib/x86_64-linux-gnu/libm.so.6
7a3d9ef27000-7a3d9efa6000 r-xp 00010000 08:25 1868504                    /usr/lib/x86_64-linux-gnu/libm.so.6
7a3d9efa6000-7a3d9effe000 r--p 0008f000 08:25 1868504                    /usr/lib/x86_64-linux-gnu/libm.so.6
7a3d9effe000-7a3d9efff000 r--p 000e7000 08:25 1868504                    /usr/lib/x86_64-linux-gnu/libm.so.6
7a3d9efff000-7a3d9f000000 rw-p 000e8000 08:25 1868504                    /usr/lib/x86_64-linux-gnu/libm.so.6
7a3d9f000000-7a3d9f2a1000 r--p 00000000 08:25 2543607                    /usr/lib/jvm/java-21-openjdk-amd64/lib/server/libjvm.so
7a3d9f2a1000-7a3da010d000 r-xp 002a1000 08:25 2543607                    /usr/lib/jvm/java-21-openjdk-amd64/lib/server/libjvm.so
7a3da010d000-7a3da03e5000 r--p 0110d000 08:25 2543607                    /usr/lib/jvm/java-21-openjdk-amd64/lib/server/libjvm.so
7a3da03e5000-7a3da04b8000 r--p 013e5000 08:25 2543607                    /usr/lib/jvm/java-21-openjdk-amd64/lib/server/libjvm.so
7a3da04b8000-7a3da04e8000 rw-p 014b8000 08:25 2543607                    /usr/lib/jvm/java-21-openjdk-amd64/lib/server/libjvm.so
7a3da04e8000-7a3da054e000 rw-p 00000000 00:00 0 
7a3da054f000-7a3da0552000 r--p 00000000 08:25 2543592                    /usr/lib/jvm/java-21-openjdk-amd64/lib/libnet.so
7a3da0552000-7a3da055a000 r-xp 00003000 08:25 2543592                    /usr/lib/jvm/java-21-openjdk-amd64/lib/libnet.so
7a3da055a000-7a3da055c000 r--p 0000b000 08:25 2543592                    /usr/lib/jvm/java-21-openjdk-amd64/lib/libnet.so
7a3da055c000-7a3da055d000 r--p 0000c000 08:25 2543592                    /usr/lib/jvm/java-21-openjdk-amd64/lib/libnet.so
7a3da055d000-7a3da055e000 rw-p 0000d000 08:25 2543592                    /usr/lib/jvm/java-21-openjdk-amd64/lib/libnet.so
7a3da055e000-7a3da05dc000 rw-p 00000000 00:00 0 
7a3da05dc000-7a3da05e9000 r--p 00000000 08:25 2543578                    /usr/lib/jvm/java-21-openjdk-amd64/lib/libjava.so
7a3da05e9000-7a3da05f8000 r-xp 0000d000 08:25 2543578                    /usr/lib/jvm/java-21-openjdk-amd64/lib/libjava.so
7a3da05f8000-7a3da05fd000 r--p 0001c000 08:25 2543578                    /usr/lib/jvm/java-21-openjdk-amd64/lib/libjava.so
7a3da05fd000-7a3da05fe000 r--p 00021000 08:25 2543578                    /usr/lib/jvm/java-21-openjdk-amd64/lib/libjava.so
7a3da05fe000-7a3da05ff000 rw-p 00022000 08:25 2543578                    /usr/lib/jvm/java-21-openjdk-amd64/lib/libjava.so
7a3da05ff000-7a3da0600000 rw-p 00000000 00:00 0 
7a3da0600000-7a3da0628000 r--p 00000000 08:25 1867753                    /usr/lib/x86_64-linux-gnu/libc.so.6
7a3da0628000-7a3da07b0000 r-xp 00028000 08:25 1867753                    /usr/lib/x86_64-linux-gnu/libc.so.6
7a3da07b0000-7a3da07ff000 r--p 001b0000 08:25 1867753                    /usr/lib/x86_64-linux-gnu/libc.so.6
7a3da07ff000-7a3da0803000 r--p 001fe000 08:25 1867753                    /usr/lib/x86_64-linux-gnu/libc.so.6
7a3da0803000-7a3da0805000 rw-p 00202000 08:25 1867753                    /usr/lib/x86_64-linux-gnu/libc.so.6
7a3da0805000-7a3da0812000 rw-p 00000000 00:00 0 
7a3da0815000-7a3da081a000 rw-p 00000000 00:00 0 
7a3da081a000-7a3da0821000 ---p 00000000 00:00 0 
7a3da0821000-7a3da0825000 r--p 00000000 08:25 1868124                    /usr/lib/x86_64-linux-gnu/libgcc_s.so.1
7a3da0825000-7a3da0849000 r-xp 00004000 08:25 1868124                    /usr/lib/x86_64-linux-gnu/libgcc_s.so.1
7a3da0849000-7a3da084d000 r--p 00028000 08:25 1868124                    /usr/lib/x86_64-linux-gnu/libgcc_s.so.1
7a3da084d000-7a3da084e000 r--p 0002b000 08:25 1868124                    /usr/lib/x86_64-linux-gnu/libgcc_s.so.1
7a3da084e000-7a3da084f000 rw-p 0002c000 08:25 1868124                    /usr/lib/x86_64-linux-gnu/libgcc_s.so.1
7a3da084f000-7a3da0851000 rw-p 00000000 00:00 0 
7a3da0851000-7a3da0853000 r--p 00000000 08:25 2543582                    /usr/lib/jvm/java-21-openjdk-amd64/lib/libjli.so
7a3da0853000-7a3da085d000 r-xp 00002000 08:25 2543582                    /usr/lib/jvm/java-21-openjdk-amd64/lib/libjli.so
7a3da085d000-7a3da0860000 r--p 0000c000 08:25 2543582                    /usr/lib/jvm/java-21-openjdk-amd64/lib/libjli.so
7a3da0860000-7a3da0861000 r--p 0000f000 08:25 2543582                    /usr/lib/jvm/java-21-openjdk-amd64/lib/libjli.so
7a3da0861000-7a3da0862000 rw-p 00010000 08:25 2543582                    /usr/lib/jvm/java-21-openjdk-amd64/lib/libjli.so
7a3da0862000-7a3da0864000 r--p 00000000 08:25 1869333                    /usr/lib/x86_64-linux-gnu/libz.so.1.3
7a3da0864000-7a3da0876000 r-xp 00002000 08:25 1869333                    /usr/lib/x86_64-linux-gnu/libz.so.1.3
7a3da0876000-7a3da087c000 r--p 00014000 08:25 1869333                    /usr/lib/x86_64-linux-gnu/libz.so.1.3
7a3da087c000-7a3da087d000 r--p 0001a000 08:25 1869333                    /usr/lib/x86_64-linux-gnu/libz.so.1.3
7a3da087d000-7a3da087e000 rw-p 0001b000 08:25 1869333                    /usr/lib/x86_64-linux-gnu/libz.so.1.3
7a3da087e000-7a3da0886000 rw-s 00000000 08:25 2658503                    /tmp/hsperfdata_edu/13513
7a3da0886000-7a3da0887000 ---p 00000000 00:00 0 
7a3da0887000-7a3da0888000 r--p 00000000 00:00 0 
7a3da0888000-7a3da0889000 ---p 00000000 00:00 0 
7a3da0889000-7a3da088b000 r--p 00000000 08:25 2543581                    /usr/lib/jvm/java-21-openjdk-amd64/lib/libjimage.so
7a3da088b000-7a3da088e000 r-xp 00002000 08:25 2543581                    /usr/lib/jvm/java-21-openjdk-amd64/lib/libjimage.so
7a3da088e000-7a3da088f000 r--p 00005000 08:25 2543581                    /usr/lib/jvm/java-21-openjdk-amd64/lib/libjimage.so
7a3da088f000-7a3da0890000 r--p 00006000 08:25 2543581                    /usr/lib/jvm/java-21-openjdk-amd64/lib/libjimage.so
7a3da0890000-7a3da0891000 rw-p 00007000 08:25 2543581                    /usr/lib/jvm/java-21-openjdk-amd64/lib/libjimage.so
7a3da0891000-7a3da0893000 rw-p 00000000 00:00 0 
7a3da0893000-7a3da0894000 r--p 00000000 08:25 1867323                    /usr/lib/x86_64-linux-gnu/ld-linux-x86-64.so.2
7a3da0894000-7a3da08bf000 r-xp 00001000 08:25 1867323                    /usr/lib/x86_64-linux-gnu/ld-linux-x86-64.so.2
7a3da08bf000-7a3da08c9000 r--p 0002c000 08:25 1867323                    /usr/lib/x86_64-linux-gnu/ld-linux-x86-64.so.2
7a3da08c9000-7a3da08cb000 r--p 00036000 08:25 1867323                    /usr/lib/x86_64-linux-gnu/ld-linux-x86-64.so.2
7a3da08cb000-7a3da08cd000 rw-p 00038000 08:25 1867323                    /usr/lib/x86_64-linux-gnu/ld-linux-x86-64.so.2
7ffe5e36b000-7ffe5e38c000 rw-p 00000000 00:00 0                          [stack]
7ffe5e3fa000-7ffe5e3fe000 r--p 00000000 00:00 0                          [vvar]
7ffe5e3fe000-7ffe5e400000 r-xp 00000000 00:00 0                          [vdso]
ffffffffff600000-ffffffffff601000 --xp 00000000 00:00 0                  [vsyscall]
Total number of mappings: 227


VM Arguments:
jvm_args: -Dclassworlds.conf=/usr/lib/apache-netbeans/java/maven/bin/m2.conf -Dmaven.home=/usr/lib/apache-netbeans/java/maven -Dlibrary.jansi.path=/usr/lib/apache-netbeans/java/maven/lib/jansi-native -Dmaven.multiModuleProjectDirectory=/home/edu/IPC2-2025/AnalizadorLexico2/AnalizadorLexico 
java_command: org.codehaus.plexus.classworlds.launcher.Launcher -Dmaven.ext.class.path=/usr/lib/apache-netbeans/java/maven-nblib/netbeans-eventspy.jar --no-transfer-progress clean install
java_class_path (initial): /usr/lib/apache-netbeans/java/maven/boot/plexus-classworlds-2.8.0.jar
Launcher Type: SUN_STANDARD

[Global flags]
     intx CICompilerCount                          = 4                                         {product} {ergonomic}
     uint ConcGCThreads                            = 3                                         {product} {ergonomic}
     uint G1ConcRefinementThreads                  = 10                                        {product} {ergonomic}
   size_t G1HeapRegionSize                         = 1048576                                   {product} {ergonomic}
    uintx GCDrainStackTargetSize                   = 64                                        {product} {ergonomic}
   size_t InitialHeapSize                          = 127926272                                 {product} {ergonomic}
   size_t MarkStackSize                            = 4194304                                   {product} {ergonomic}
   size_t MaxHeapSize                              = 2040528896                                {product} {ergonomic}
   size_t MaxNewSize                               = 1223688192                                {product} {ergonomic}
   size_t MinHeapDeltaBytes                        = 1048576                                   {product} {ergonomic}
   size_t MinHeapSize                              = 8388608                                   {product} {ergonomic}
    uintx NonNMethodCodeHeapSize                   = 5839372                                {pd product} {ergonomic}
    uintx NonProfiledCodeHeapSize                  = 122909434                              {pd product} {ergonomic}
    uintx ProfiledCodeHeapSize                     = 122909434                              {pd product} {ergonomic}
    uintx ReservedCodeCacheSize                    = 251658240                              {pd product} {ergonomic}
     bool SegmentedCodeCache                       = true                                      {product} {ergonomic}
   size_t SoftMaxHeapSize                          = 2040528896                             {manageable} {ergonomic}
     bool UseCompressedOops                        = true                           {product lp64_product} {ergonomic}
     bool UseG1GC                                  = true                                      {product} {ergonomic}

Logging:
Log output configuration:
 #0: stdout all=warning uptime,level,tags foldmultilines=false
 #1: stderr all=off uptime,level,tags foldmultilines=false

Environment Variables:
JAVA_HOME=/usr/lib/jvm/java-21-openjdk-amd64
PATH=/usr/local/sbin:/usr/local/bin:/usr/sbin:/usr/bin:/sbin:/bin:/usr/games:/usr/local/games:/snap/bin
SHELL=/bin/bash
DISPLAY=:0
LANG=es_GT.UTF-8

Active Locale:
LC_ALL=es_GT.UTF-8
LC_COLLATE=es_GT.UTF-8
LC_CTYPE=es_GT.UTF-8
LC_MESSAGES=es_GT.UTF-8
LC_MONETARY=es_GT.UTF-8
LC_NUMERIC=es_GT.UTF-8
LC_TIME=es_GT.UTF-8

Signal Handlers:
   SIGSEGV: crash_handler in libjvm.so, mask=11100100010111111101111111111110, flags=SA_RESTART|SA_SIGINFO, unblocked
    SIGBUS: crash_handler in libjvm.so, mask=11100100010111111101111111111110, flags=SA_RESTART|SA_SIGINFO, unblocked
    SIGFPE: crash_handler in libjvm.so, mask=11100100010111111101111111111110, flags=SA_RESTART|SA_SIGINFO, unblocked
   SIGPIPE: javaSignalHandler in libjvm.so, mask=11100100010111111101111111111110, flags=SA_RESTART|SA_SIGINFO, blocked
   SIGXFSZ: javaSignalHandler in libjvm.so, mask=11100100010111111101111111111110, flags=SA_RESTART|SA_SIGINFO, blocked
    SIGILL: crash_handler in libjvm.so, mask=11100100010111111101111111111110, flags=SA_RESTART|SA_SIGINFO, unblocked
   SIGUSR2: SR_handler in libjvm.so, mask=00000000000000000000000000000000, flags=SA_RESTART|SA_SIGINFO, blocked
    SIGHUP: UserHandler in libjvm.so, mask=11100100010111111101111111111110, flags=SA_RESTART|SA_SIGINFO, blocked
    SIGINT: SIG_IGN, mask=00000000000000000000000000000000, flags=none, blocked
   SIGTERM: UserHandler in libjvm.so, mask=11100100010111111101111111111110, flags=SA_RESTART|SA_SIGINFO, blocked
   SIGQUIT: UserHandler in libjvm.so, mask=11100100010111111101111111111110, flags=SA_RESTART|SA_SIGINFO, blocked
   SIGTRAP: crash_handler in libjvm.so, mask=11100100010111111101111111111110, flags=SA_RESTART|SA_SIGINFO, unblocked


Periodic native trim disabled

---------------  S Y S T E M  ---------------

OS:
DISTRIB_ID=LinuxMint
DISTRIB_RELEASE=22.1
DISTRIB_CODENAME=xia
DISTRIB_DESCRIPTION="Linux Mint 22.1 Xia"
uname: Linux 6.8.0-51-generic #52-Ubuntu SMP PREEMPT_DYNAMIC Thu Dec  5 13:09:44 UTC 2024 x86_64
OS uptime: 0 days 5:22 hours
libc: glibc 2.39 NPTL 2.39 
rlimit (soft/hard): STACK 8192k/infinity , CORE 0k/infinity , NPROC 30798/30798 , NOFILE 1048576/1048576 , AS infinity/infinity , CPU infinity/infinity , DATA infinity/infinity , FSIZE infinity/infinity , MEMLOCK 995356k/995356k
load average: 3.38 1.52 0.73

/proc/meminfo:
MemTotal:        7962864 kB
MemFree:          831028 kB
MemAvailable:    2726500 kB
Buffers:           85832 kB
Cached:          2393592 kB
SwapCached:            8 kB
Active:          2892440 kB
Inactive:        3475468 kB
Active(anon):    2520196 kB
Inactive(anon):  1817204 kB
Active(file):     372244 kB
Inactive(file):  1658264 kB
Unevictable:       77832 kB
Mlocked:              64 kB
SwapTotal:      15997944 kB
SwapFree:       15997688 kB
Zswap:                 0 kB
Zswapped:              0 kB
Dirty:             74576 kB
Writeback:             8 kB
AnonPages:       3966624 kB
Mapped:           771148 kB
Shmem:            448836 kB
KReclaimable:     193904 kB
Slab:             352020 kB
SReclaimable:     193904 kB
SUnreclaim:       158116 kB
KernelStack:       17676 kB
PageTables:        46280 kB
SecPageTables:         0 kB
NFS_Unstable:          0 kB
Bounce:                0 kB
WritebackTmp:          0 kB
CommitLimit:    19979376 kB
Committed_AS:   18183604 kB
VmallocTotal:   34359738367 kB
VmallocUsed:       42348 kB
VmallocChunk:          0 kB
Percpu:             8208 kB
HardwareCorrupted:     0 kB
AnonHugePages:         0 kB
ShmemHugePages:        0 kB
ShmemPmdMapped:        0 kB
FileHugePages:         0 kB
FilePmdMapped:         0 kB
Unaccepted:            0 kB
HugePages_Total:       0
HugePages_Free:        0
HugePages_Rsvd:        0
HugePages_Surp:        0
Hugepagesize:       2048 kB
Hugetlb:               0 kB
DirectMap4k:      172580 kB
DirectMap2M:     4904960 kB
DirectMap1G:     3145728 kB

/sys/kernel/mm/transparent_hugepage/enabled: always [madvise] never
/sys/kernel/mm/transparent_hugepage/hpage_pmd_size: 2097152
/sys/kernel/mm/transparent_hugepage/defrag (defrag/compaction efforts parameter): always defer defer+madvise [madvise] never

Process Memory:
Virtual Size: 5044432K (peak: 5044432K)
Resident Set Size: 100304K (peak: 100304K) (anon: 75036K, file: 25268K, shmem: 0K)
Swapped out: 0K
C-Heap outstanding allocations: 46065K, retained: 5434K
glibc malloc tunables: (default)

/proc/sys/kernel/threads-max (system-wide limit on the number of threads): 61597
/proc/sys/vm/max_map_count (maximum number of memory map areas a process may have): 1048576
/proc/sys/vm/swappiness (control to define how aggressively the kernel swaps out anonymous memory): 60
/proc/sys/kernel/pid_max (system-wide limit on number of process identifiers): 4194304

container (cgroup) information:
container_type: cgroupv2
cpu_cpuset_cpus: not supported
cpu_memory_nodes: not supported
active_processor_count: 12
cpu_quota: no quota
cpu_period: 100000
cpu_shares: no shares
memory_limit_in_bytes: unlimited
memory_and_swap_limit_in_bytes: unlimited
memory_soft_limit_in_bytes: unlimited
memory_usage_in_bytes: 4583016 k
memory_max_usage_in_bytes: not supported
memory_swap_current_in_bytes: unlimited
memory_swap_max_limit_in_bytes: unlimited
maximum number of tasks: unlimited
current number of tasks: 599

Steal ticks since vm start: 0
Steal ticks percentage since vm start:  0.000

CPU: total 12 (initial active 12) (6 cores per cpu, 2 threads per core) family 6 model 165 stepping 3 microcode 0xfc, cx8, cmov, fxsr, ht, mmx, 3dnowpref, sse, sse2, sse3, ssse3, sse4.1, sse4.2, popcnt, lzcnt, tsc, tscinvbit, avx, avx2, aes, erms, clmul, bmi1, bmi2, adx, fma, vzeroupper, clflush, clflushopt, rdtscp, f16c
CPU Model and flags from /proc/cpuinfo:
model name	: Intel(R) Core(TM) i5-10400 CPU @ 2.90GHz
flags		: fpu vme de pse tsc msr pae mce cx8 apic sep mtrr pge mca cmov pat pse36 clflush dts acpi mmx fxsr sse sse2 ss ht tm pbe syscall nx pdpe1gb rdtscp lm constant_tsc art arch_perfmon pebs bts rep_good nopl xtopology nonstop_tsc cpuid aperfmperf pni pclmulqdq dtes64 monitor ds_cpl vmx est tm2 ssse3 sdbg fma cx16 xtpr pdcm pcid sse4_1 sse4_2 x2apic movbe popcnt tsc_deadline_timer aes xsave avx f16c rdrand lahf_lm abm 3dnowprefetch cpuid_fault epb ssbd ibrs ibpb stibp ibrs_enhanced tpr_shadow flexpriority ept vpid ept_ad fsgsbase tsc_adjust bmi1 avx2 smep bmi2 erms invpcid mpx rdseed adx smap clflushopt intel_pt xsaveopt xsavec xgetbv1 xsaves dtherm ida arat pln pts hwp hwp_notify hwp_act_window hwp_epp vnmi md_clear flush_l1d arch_capabilities

Online cpus: 0-11
Offline cpus: 
BIOS frequency limitation: <Not Available>
Frequency switch latency (ns): 0
Available cpu frequencies: <Not Available>
Current governor: powersave
Core performance/turbo boost: <Not Available>

Memory: 4k page, physical 7962864k(2726500k free), swap 15997944k(15997688k free)
Page Sizes: 4k

vm_info: OpenJDK 64-Bit Server VM (21.0.6+7-Ubuntu-124.04.1) for linux-amd64 JRE (21.0.6+7-Ubuntu-124.04.1), built on 2025-01-23T22:52:35Z by "buildd" with gcc 13.3.0

END.
