#
# A fatal error has been detected by the Java Runtime Environment:
#
#  SIGSEGV (0xb) at pc=0x000073dc7c447faf, pid=12443, tid=12474
#
# JRE version: OpenJDK Runtime Environment (21.0.6+7) (build 21.0.6+7-Ubuntu-124.04.1)
# Java VM: OpenJDK 64-Bit Server VM (21.0.6+7-Ubuntu-124.04.1, mixed mode, sharing, tiered, compressed oops, compressed class ptrs, g1 gc, linux-amd64)
# Problematic frame:
# V  [libjvm.so+0xc47faf]  Matcher::specialize_generic_vector_operands()+0x12f
#
# Core dump will be written. Default location: Core dumps may be processed with "/usr/lib/systemd/systemd-coredump %P %u %g %s %t 9223372036854775808 %h" (or dumping to /home/edu/IPC2-2025/AnalizadorLexico2/AnalizadorLexico/core.12443)
#
# If you would like to submit a bug report, please visit:
#   https://bugs.launchpad.net/ubuntu/+source/openjdk-21
#

---------------  S U M M A R Y ------------

Command Line: -Dclassworlds.conf=/usr/lib/apache-netbeans/java/maven/bin/m2.conf -Dmaven.home=/usr/lib/apache-netbeans/java/maven -Dlibrary.jansi.path=/usr/lib/apache-netbeans/java/maven/lib/jansi-native -Dmaven.multiModuleProjectDirectory=/home/edu/IPC2-2025/AnalizadorLexico2/AnalizadorLexico org.codehaus.plexus.classworlds.launcher.Launcher -Dmaven.ext.class.path=/usr/lib/apache-netbeans/java/maven-nblib/netbeans-eventspy.jar --no-transfer-progress clean install

Host: Intel(R) Core(TM) i5-10400 CPU @ 2.90GHz, 12 cores, 7G, Linux Mint 22.1 Xia
Time: Tue Sep 30 12:52:12 2025 CST elapsed time: 1.366727 seconds (0d 0h 0m 1s)

---------------  T H R E A D  ---------------

Current thread (0x000073dc7415a5c0):  JavaThread "C2 CompilerThread0" daemon [_thread_in_native, id=12474, stack(0x000073dc73f00000,0x000073dc74000000) (1024K)]


Current CompileTask:
C2:1366 3938       4       java.lang.invoke.MethodType::makeImpl (109 bytes)

Stack: [0x000073dc73f00000,0x000073dc74000000],  sp=0x000073dc73ffc400,  free space=1009k
Native frames: (J=compiled Java code, j=interpreted, Vv=VM code, C=native code)
V  [libjvm.so+0xc47faf]  Matcher::specialize_generic_vector_operands()+0x12f
V  [libjvm.so+0xc49f08]  Matcher::match()+0xa28
V  [libjvm.so+0x662f4d]  Compile::Code_Gen()+0xbd
V  [libjvm.so+0x666c06]  Compile::Compile(ciEnv*, ciMethod*, int, Options, DirectiveSet*)+0x1476
V  [libjvm.so+0x58ba7d]  C2Compiler::compile_method(ciEnv*, ciMethod*, int, bool, DirectiveSet*)+0x19d
V  [libjvm.so+0x66c9e3]  CompileBroker::invoke_compiler_on_method(CompileTask*)+0xc73
V  [libjvm.so+0x66fac8]  CompileBroker::compiler_thread_loop()+0x648
V  [libjvm.so+0x925536]  JavaThread::thread_main_inner()+0x1e6
V  [libjvm.so+0xf83ae7]  Thread::call_run()+0xa7
V  [libjvm.so+0xcfc025]  thread_native_entry(Thread*)+0xd5
C  [libc.so.6+0x9ca94]

siginfo: si_signo: 11 (SIGSEGV), si_code: 1 (SEGV_MAPERR), si_addr: 0x0000735bacac8160

Registers:
RAX=0x000000000000113f, RBX=0x0000000000007620, RCX=0x000073dbc4a5da60, RDX=0x000073dbc4a65080
RSP=0x000073dc73ffc400, RBP=0x000073dc73ffc4c0, RSI=0x0000000000000ec4, RDI=0x000073dbac911a30
R8 =0x000073dbc06a45f8, R9 =0x0000000000000000, R10=0x0000000000000001, R11=0x0000000000000206
R12=0x000073dc73ffcb10, R13=0x0000000000000001, R14=0x0000735bacac8138, R15=0x000073dbacb7ca10
RIP=0x000073dc7c447faf, EFLAGS=0x0000000000010206, CSGSFS=0x002b000000000033, ERR=0x0000000000000004
  TRAPNO=0x000000000000000e

XMM[0]=0x0000000000000000 0x0000000000000000
XMM[1]=0x0000000000000000 0x0000000000000000
XMM[2]=0x0000000000000000 0x000073dbc425faf0
XMM[3]=0x0000000000000000 0x0000000000000000
XMM[4]=0x0000000000000000 0x0000000000000000
XMM[5]=0x0000000000000000 0x0000000000000000
XMM[6]=0x000000000000c000 0x0000000000000000
XMM[7]=0x0000000900000009 0x0000000000000000
XMM[8]=0x000073dbc46c7980 0x000073dbc46c7920
XMM[9]=0x000073dbc46c78c0 0x000073dbc46c7860
XMM[10]=0x000073dbc46c7260 0x000073dbc46c7320
XMM[11]=0x000073dbc46c72c0 0x000073dbc46c7380
XMM[12]=0x000073dbc46c7200 0x000073dbc46c71a0
XMM[13]=0x550c7dc3243185be 0x12835b01d807aa98
XMM[14]=0xab1c5ed5923f82a4 0x59f111f13956c25b
XMM[15]=0x0000000000000000 0x0000000000000000
  MXCSR=0x00001fa0


Register to memory mapping:

RAX=0x000000000000113f is an unknown value
RBX=0x0000000000007620 is an unknown value
RCX=0x000073dbc4a5da60 points into unknown readable memory: 0x000073dbc06a45f8 | f8 45 6a c0 db 73 00 00
RDX=0x000073dbc4a65080 points into unknown readable memory: 0x0000735bacb7ca10 | 10 ca b7 ac 5b 73 00 00
RSP=0x000073dc73ffc400 is pointing into the stack for thread: 0x000073dc7415a5c0
RBP=0x000073dc73ffc4c0 is pointing into the stack for thread: 0x000073dc7415a5c0
RSI=0x0000000000000ec4 is an unknown value
RDI=0x000073dbac911a30 points into unknown readable memory: 0x000073dc7cc04538 | 38 45 c0 7c dc 73 00 00
R8 =0x000073dbc06a45f8 points into unknown readable memory: 0x000073dc7cc13ed0 | d0 3e c1 7c dc 73 00 00
R9 =0x0 is null
R10=0x0000000000000001 is an unknown value
R11=0x0000000000000206 is an unknown value
R12=0x000073dc73ffcb10 is pointing into the stack for thread: 0x000073dc7415a5c0
R13=0x0000000000000001 is an unknown value
R14=0x0000735bacac8138 is an unknown value
R15=0x000073dbacb7ca10 points into unknown readable memory: 0x000073dc7cc99370 | 70 93 c9 7c dc 73 00 00

Top of Stack: (sp=0x000073dc73ffc400)
0x000073dc73ffc400:   000073dbacadc1c0 000073dbacae0aa0
0x000073dc73ffc410:   00000000001be8a0 000073dbacae41a8
0x000073dc73ffc420:   000073dbacadc1c0 000073dbacae0aa0
0x000073dc73ffc430:   000073dc74158a20 000073dc73ffc440
0x000073dc73ffc440:   000073dc74158a20 000073dc00004000
0x000073dc73ffc450:   000073dbc4a5da60 000000000000113f
0x000073dc73ffc460:   0000000700000200 000073dbac88f940
0x000073dc73ffc470:   000073dc00000200 000073dc74158a20
0x000073dc73ffc480:   000073dc00000ec5 000073dc7cd45f8d
0x000073dc73ffc490:   000073dc73ffc4c0 000073dc73ffcb10
0x000073dc73ffc4a0:   000073dbacbebff8 000073dbc46cce60
0x000073dc73ffc4b0:   000073dc7cd45f83 000073dc73ffc500
0x000073dc73ffc4c0:   000073dc73ffc5b0 000073dc7c449f08
0x000073dc73ffc4d0:   000073dc73ffc4e0 000073dbc4150558
0x000073dc73ffc4e0:   000073dc73ffc500 000073dbc4150550
0x000073dc73ffc4f0:   000073dbc46cce60 000073dc73ffde40
0x000073dc73ffc500:   0000000000100000 0000000000000000
0x000073dc73ffc510:   0000000000000000 0000000000000000
0x000073dc73ffc520:   0000000000000000 000073dc7c92db73
0x000073dc73ffc530:   0000000000000000 0000000000000000
0x000073dc73ffc540:   0000000000000000 000073dc7c92db73
0x000073dc73ffc550:   0000000000000000 0000000000000000
0x000073dc73ffc560:   000073dc7c9adc40 000073dc7c9ac200
0x000073dc73ffc570:   000073dc7c9aff40 000073dc7c9af680
0x000073dc73ffc580:   000073dc7ccb91c0 000073dc73ffcb10
0x000073dc73ffc590:   000073dc73ffc840 000073dc7ccfe0b9
0x000073dc73ffc5a0:   000073dc73ffdb90 000073dc7c9191c0
0x000073dc73ffc5b0:   000073dc73ffcf30 000073dc7be62f4d
0x000073dc73ffc5c0:   0000000000000000 0000000000000000
0x000073dc73ffc5d0:   0000000000000000 0000000000000000
0x000073dc73ffc5e0:   0000000000000000 0000000000000000
0x000073dc73ffc5f0:   0000000000000000 0000000000000000 

Instructions: (pc=0x000073dc7c447faf)
0x000073dc7c447eaf:   00 00 00 48 8b 00 48 8b 88 18 03 00 00 f3 0f 6f
0x000073dc7c447ebf:   41 10 48 8b 41 20 48 89 4d 80 48 8b 71 28 48 89
0x000073dc7c447ecf:   8d 70 ff ff ff 0f 12 d0 48 89 85 58 ff ff ff 66
0x000073dc7c447edf:   48 0f 7e d7 48 89 b5 50 ff ff ff 48 29 f8 0f 29
0x000073dc7c447eef:   85 40 ff ff ff 66 0f d6 95 68 ff ff ff 66 0f d6
0x000073dc7c447eff:   85 60 ff ff ff 48 83 f8 1f 0f 86 42 02 00 00 48
0x000073dc7c447f0f:   8d 47 20 ba 20 00 00 00 48 89 41 18 31 f6 48 89
0x000073dc7c447f1f:   7d 90 48 8d 5d 80 41 bd 01 00 00 00 e8 00 94 65
0x000073dc7c447f2f:   ff 48 8d 7d a0 c7 45 98 00 00 00 00 48 89 9d 78
0x000073dc7c447f3f:   ff ff ff e8 79 b1 39 00 49 8b 7c 24 10 48 89 de
0x000073dc7c447f4f:   c7 45 c0 00 00 00 00 e8 95 da a0 ff 0f 1f 44 00
0x000073dc7c447f5f:   00 8b 45 98 85 c0 0f 84 05 01 00 00 8b 75 c0 89
0x000073dc7c447f6f:   f3 48 c1 e3 03 39 c6 72 0b c7 45 c0 00 00 00 00
0x000073dc7c447f7f:   31 db 31 f6 48 8b 4d 90 83 e8 01 48 8d 14 19 4c
0x000073dc7c447f8f:   8b 32 89 45 98 4c 8b 3c c1 3b 75 88 0f 83 8f 01
0x000073dc7c447f9f:   00 00 4c 89 3a 8b 45 98 85 c0 74 04 83 45 c0 01
0x000073dc7c447faf:   41 8b 4e 28 89 c8 c1 e8 05 3b 45 a0 0f 83 17 01
0x000073dc7c447fbf:   00 00 48 8b 75 a8 44 89 ea d3 e2 f7 d2 21 14 86
0x000073dc7c447fcf:   41 8b 46 2c 83 e0 03 83 f8 02 75 85 4c 89 f7 e8
0x000073dc7c447fdf:   5d 54 6a ff 84 c0 0f 85 0d 01 00 00 41 8b 46 2c
0x000073dc7c447fef:   83 e0 3f 83 f8 22 0f 84 65 ff ff ff 66 41 83 7e
0x000073dc7c447fff:   36 00 0f 84 59 ff ff ff 45 31 ff 66 0f 1f 44 00
0x000073dc7c44800f:   00 49 8b 46 38 4a 8d 1c fd 00 00 00 00 4a 8b 3c
0x000073dc7c44801f:   f8 e8 5b 54 6a ff 84 c0 75 17 41 0f b7 46 36 49
0x000073dc7c44802f:   83 c7 01 41 39 c7 72 d9 e9 24 ff ff ff 0f 1f 40
0x000073dc7c44803f:   00 44 89 fa 4c 89 f6 4c 89 e7 49 03 5e 38 e8 2e
0x000073dc7c44804f:   ef ff ff 49 83 c7 01 48 89 03 41 0f b7 46 36 41
0x000073dc7c44805f:   39 c7 72 ad 8b 45 98 85 c0 0f 85 fd fe ff ff 66
0x000073dc7c44806f:   90 48 8b 9d 60 ff ff ff 48 83 3b 00 74 1b 48 8b
0x000073dc7c44807f:   bd 70 ff ff ff 48 8b b5 50 ff ff ff e8 40 24 7f
0x000073dc7c44808f:   ff 48 89 df e8 28 1b 7f ff 48 8b 85 70 ff ff ff
0x000073dc7c44809f:   48 8b 8d 68 ff ff ff 48 39 48 18 74 17 48 8b 8d 


Stack slot to memory mapping:

stack at sp + 0 slots: 0x000073dbacadc1c0 points into unknown readable memory: 0x000073dbc4a5da50 | 50 da a5 c4 db 73 00 00
stack at sp + 1 slots: 0x000073dbacae0aa0 points into unknown readable memory: 0x0000000000000000 | 00 00 00 00 00 00 00 00
stack at sp + 2 slots: 0x00000000001be8a0 is an unknown value
stack at sp + 3 slots: 0x000073dbacae41a8 points into unknown readable memory: 0x0000000000007ff5 | f5 7f 00 00 00 00 00 00
stack at sp + 4 slots: 0x000073dbacadc1c0 points into unknown readable memory: 0x000073dbc4a5da50 | 50 da a5 c4 db 73 00 00
stack at sp + 5 slots: 0x000073dbacae0aa0 points into unknown readable memory: 0x0000000000000000 | 00 00 00 00 00 00 00 00
stack at sp + 6 slots: 0x000073dc74158a20 points into unknown readable memory: 0x000000073dc74107 | 07 41 c7 3d 07 00 00 00
stack at sp + 7 slots: 0x000073dc73ffc440 is pointing into the stack for thread: 0x000073dc7415a5c0


---------------  P R O C E S S  ---------------

Threads class SMR info:
_java_thread_list=0x000073dbc01a12c0, length=12, elements={
0x000073dc740195d0, 0x000073dc74153070, 0x000073dc74154700, 0x000073dc74155ea0,
0x000073dc741574e0, 0x000073dc74158a80, 0x000073dc7415a5c0, 0x000073dc7415bc80,
0x000073dc74167b20, 0x000073dc7416ae50, 0x000073dbc010ff50, 0x000073dbc01a0170
}

Java Threads: ( => current thread )
  0x000073dc740195d0 JavaThread "main"                              [_thread_blocked, id=12461, stack(0x000073dc7b300000,0x000073dc7b400000) (1024K)]
  0x000073dc74153070 JavaThread "Reference Handler"          daemon [_thread_blocked, id=12469, stack(0x000073dc78c14000,0x000073dc78d14000) (1024K)]
  0x000073dc74154700 JavaThread "Finalizer"                  daemon [_thread_blocked, id=12470, stack(0x000073dc78300000,0x000073dc78400000) (1024K)]
  0x000073dc74155ea0 JavaThread "Signal Dispatcher"          daemon [_thread_blocked, id=12471, stack(0x000073dc78200000,0x000073dc78300000) (1024K)]
  0x000073dc741574e0 JavaThread "Service Thread"             daemon [_thread_blocked, id=12472, stack(0x000073dc78100000,0x000073dc78200000) (1024K)]
  0x000073dc74158a80 JavaThread "Monitor Deflation Thread"   daemon [_thread_blocked, id=12473, stack(0x000073dc78000000,0x000073dc78100000) (1024K)]
=>0x000073dc7415a5c0 JavaThread "C2 CompilerThread0"         daemon [_thread_in_native, id=12474, stack(0x000073dc73f00000,0x000073dc74000000) (1024K)]
  0x000073dc7415bc80 JavaThread "C1 CompilerThread0"         daemon [_thread_blocked, id=12475, stack(0x000073dc5c700000,0x000073dc5c800000) (1024K)]
  0x000073dc74167b20 JavaThread "Notification Thread"        daemon [_thread_blocked, id=12476, stack(0x000073dc58700000,0x000073dc58800000) (1024K)]
  0x000073dc7416ae50 JavaThread "Common-Cleaner"             daemon [_thread_blocked, id=12477, stack(0x000073dc58600000,0x000073dc58700000) (1024K)]
  0x000073dbc010ff50 JavaThread "C2 CompilerThread1"         daemon [_thread_in_native, id=12479, stack(0x000073dc58500000,0x000073dc58600000) (1024K)]
  0x000073dbc01a0170 JavaThread "C2 CompilerThread2"         daemon [_thread_blocked, id=12480, stack(0x000073dc58400000,0x000073dc58500000) (1024K)]
Total: 12

Other Threads:
  0x000073dc74149f50 VMThread "VM Thread"                           [id=12468, stack(0x000073dc78d15000,0x000073dc78e15000) (1024K)]
  0x000073dc741380a0 WatcherThread "VM Periodic Task Thread"        [id=12467, stack(0x000073dc78e16000,0x000073dc78f16000) (1024K)]
  0x000073dc74070e80 WorkerThread "GC Thread#0"                     [id=12462, stack(0x000073dc7a620000,0x000073dc7a720000) (1024K)]
  0x000073dbe8008400 WorkerThread "GC Thread#1"                     [id=12481, stack(0x000073dc58300000,0x000073dc58400000) (1024K)]
  0x000073dbe8010e30 WorkerThread "GC Thread#2"                     [id=12482, stack(0x000073dc581ff000,0x000073dc582ff000) (1024K)]
  0x000073dbe8010300 WorkerThread "GC Thread#3"                     [id=12483, stack(0x000073dc580fe000,0x000073dc581fe000) (1024K)]
  0x000073dbe80138d0 WorkerThread "GC Thread#4"                     [id=12484, stack(0x000073dc53f00000,0x000073dc54000000) (1024K)]
  0x000073dbe80141c0 WorkerThread "GC Thread#5"                     [id=12485, stack(0x000073dc53dff000,0x000073dc53eff000) (1024K)]
  0x000073dbe8014cb0 WorkerThread "GC Thread#6"                     [id=12486, stack(0x000073dc53cfe000,0x000073dc53dfe000) (1024K)]
  0x000073dbe80157a0 WorkerThread "GC Thread#7"                     [id=12487, stack(0x000073dc53900000,0x000073dc53a00000) (1024K)]
  0x000073dbe80162b0 WorkerThread "GC Thread#8"                     [id=12488, stack(0x000073dc537ff000,0x000073dc538ff000) (1024K)]
  0x000073dc740817f0 ConcurrentGCThread "G1 Main Marker"            [id=12463, stack(0x000073dc79d00000,0x000073dc79e00000) (1024K)]
  0x000073dc740827a0 WorkerThread "G1 Conc#0"                       [id=12464, stack(0x000073dc79bff000,0x000073dc79cff000) (1024K)]
  0x000073dc7411c760 ConcurrentGCThread "G1 Refine#0"               [id=12465, stack(0x000073dc790f4000,0x000073dc791f4000) (1024K)]
  0x000073dc7411d720 ConcurrentGCThread "G1 Service"                [id=12466, stack(0x000073dc78ff3000,0x000073dc790f3000) (1024K)]
Total: 15

Threads with active compile tasks:
C2 CompilerThread0  1369 3938       4       java.lang.invoke.MethodType::makeImpl (109 bytes)
C2 CompilerThread1  1369 3867       4       java.lang.invoke.MethodType::methodType (69 bytes)
C2 CompilerThread2  1369 4083       4       jdk.internal.jimage.BasicImageReader::match (37 bytes)
Total: 3

VM state: at safepoint (normal execution)

VM Mutex/Monitor currently owned by a thread:  ([mutex/lock_event])
[0x000073dc7cd19cf8] Threads_lock - owner thread: 0x000073dc74149f50
[0x000073dc7cd19bf8] Heap_lock - owner thread: 0x000073dc740195d0

Heap address: 0x0000000086600000, size: 1946 MB, Compressed Oops mode: 32-bit

CDS archive(s) mapped at: [0x000073dbfb000000-0x000073dbfbc97000-0x000073dbfbc97000), size 13201408, SharedBaseAddress: 0x000073dbfb000000, ArchiveRelocationMode: 1.
Compressed class space mapped at: 0x000073dbfc000000-0x000073dc3c000000, reserved size: 1073741824
Narrow klass base: 0x000073dbfb000000, Narrow klass shift: 0, Narrow klass range: 0x100000000

GC Precious Log:
 CardTable entry size: 512
 Card Set container configuration: InlinePtr #cards 5 size 8 Array Of Cards #cards 12 size 40 Howl #buckets 4 coarsen threshold 1843 Howl Bitmap #cards 512 size 80 coarsen threshold 460 Card regions per heap region 1 cards per card region 2048
 CPUs: 12 total, 12 available
 Memory: 7776M
 Large Page Support: Disabled
 NUMA Support: Disabled
 Compressed Oops: Enabled (32-bit)
 Heap Region Size: 1M
 Heap Min Capacity: 8M
 Heap Initial Capacity: 122M
 Heap Max Capacity: 1946M
 Pre-touch: Disabled
 Parallel Workers: 10
 Concurrent Workers: 3
 Concurrent Refinement Workers: 10
 Periodic GC: Disabled

Heap:
 garbage-first heap   total 126976K, used 72857K [0x0000000086600000, 0x0000000100000000)
  region size 1024K, 61 young (62464K), 1 survivors (1024K)
 Metaspace       used 21215K, committed 21504K, reserved 1114112K
  class space    used 2478K, committed 2624K, reserved 1048576K

Heap Regions: E=young(eden), S=young(survivor), O=old, HS=humongous(starts), HC=humongous(continues), CS=collection set, F=free, TAMS=top-at-mark-start, PB=parsable bottom
|   0|0x0000000086600000, 0x0000000086700000, 0x0000000086700000|100%| O|  |TAMS 0x000000008660a000| PB 0x0000000086600000| Untracked 
|   1|0x0000000086700000, 0x0000000086800000, 0x0000000086800000|100%|HS|  |TAMS 0x0000000086800000| PB 0x0000000086700000| Complete 
|   2|0x0000000086800000, 0x0000000086900000, 0x0000000086900000|100%|HC|  |TAMS 0x0000000086900000| PB 0x0000000086800000| Complete 
|   3|0x0000000086900000, 0x0000000086a00000, 0x0000000086a00000|100%|HS|  |TAMS 0x0000000086a00000| PB 0x0000000086900000| Complete 
|   4|0x0000000086a00000, 0x0000000086b00000, 0x0000000086b00000|100%|HC|  |TAMS 0x0000000086b00000| PB 0x0000000086a00000| Complete 
|   5|0x0000000086b00000, 0x0000000086b19640, 0x0000000086c00000|  9%| O|  |TAMS 0x0000000086b00000| PB 0x0000000086b00000| Untracked 
|   6|0x0000000086c00000, 0x0000000086c00000, 0x0000000086d00000|  0%| F|  |TAMS 0x0000000086c00000| PB 0x0000000086c00000| Untracked 
|   7|0x0000000086d00000, 0x0000000086d00000, 0x0000000086e00000|  0%| F|  |TAMS 0x0000000086d00000| PB 0x0000000086d00000| Untracked 
|   8|0x0000000086e00000, 0x0000000086e00000, 0x0000000086f00000|  0%| F|  |TAMS 0x0000000086e00000| PB 0x0000000086e00000| Untracked 
|   9|0x0000000086f00000, 0x0000000086f00000, 0x0000000087000000|  0%| F|  |TAMS 0x0000000086f00000| PB 0x0000000086f00000| Untracked 
|  10|0x0000000087000000, 0x0000000087000000, 0x0000000087100000|  0%| F|  |TAMS 0x0000000087000000| PB 0x0000000087000000| Untracked 
|  11|0x0000000087100000, 0x0000000087100000, 0x0000000087200000|  0%| F|  |TAMS 0x0000000087100000| PB 0x0000000087100000| Untracked 
|  12|0x0000000087200000, 0x0000000087200000, 0x0000000087300000|  0%| F|  |TAMS 0x0000000087200000| PB 0x0000000087200000| Untracked 
|  13|0x0000000087300000, 0x0000000087300000, 0x0000000087400000|  0%| F|  |TAMS 0x0000000087300000| PB 0x0000000087300000| Untracked 
|  14|0x0000000087400000, 0x0000000087400000, 0x0000000087500000|  0%| F|  |TAMS 0x0000000087400000| PB 0x0000000087400000| Untracked 
|  15|0x0000000087500000, 0x0000000087500000, 0x0000000087600000|  0%| F|  |TAMS 0x0000000087500000| PB 0x0000000087500000| Untracked 
|  16|0x0000000087600000, 0x0000000087600000, 0x0000000087700000|  0%| F|  |TAMS 0x0000000087600000| PB 0x0000000087600000| Untracked 
|  17|0x0000000087700000, 0x0000000087700000, 0x0000000087800000|  0%| F|  |TAMS 0x0000000087700000| PB 0x0000000087700000| Untracked 
|  18|0x0000000087800000, 0x0000000087800000, 0x0000000087900000|  0%| F|  |TAMS 0x0000000087800000| PB 0x0000000087800000| Untracked 
|  19|0x0000000087900000, 0x0000000087900000, 0x0000000087a00000|  0%| F|  |TAMS 0x0000000087900000| PB 0x0000000087900000| Untracked 
|  20|0x0000000087a00000, 0x0000000087a00000, 0x0000000087b00000|  0%| F|  |TAMS 0x0000000087a00000| PB 0x0000000087a00000| Untracked 
|  21|0x0000000087b00000, 0x0000000087b00000, 0x0000000087c00000|  0%| F|  |TAMS 0x0000000087b00000| PB 0x0000000087b00000| Untracked 
|  22|0x0000000087c00000, 0x0000000087c00000, 0x0000000087d00000|  0%| F|  |TAMS 0x0000000087c00000| PB 0x0000000087c00000| Untracked 
|  23|0x0000000087d00000, 0x0000000087d00000, 0x0000000087e00000|  0%| F|  |TAMS 0x0000000087d00000| PB 0x0000000087d00000| Untracked 
|  24|0x0000000087e00000, 0x0000000087e00000, 0x0000000087f00000|  0%| F|  |TAMS 0x0000000087e00000| PB 0x0000000087e00000| Untracked 
|  25|0x0000000087f00000, 0x0000000087f00000, 0x0000000088000000|  0%| F|  |TAMS 0x0000000087f00000| PB 0x0000000087f00000| Untracked 
|  26|0x0000000088000000, 0x0000000088000000, 0x0000000088100000|  0%| F|  |TAMS 0x0000000088000000| PB 0x0000000088000000| Untracked 
|  27|0x0000000088100000, 0x0000000088100000, 0x0000000088200000|  0%| F|  |TAMS 0x0000000088100000| PB 0x0000000088100000| Untracked 
|  28|0x0000000088200000, 0x0000000088200000, 0x0000000088300000|  0%| F|  |TAMS 0x0000000088200000| PB 0x0000000088200000| Untracked 
|  29|0x0000000088300000, 0x0000000088300000, 0x0000000088400000|  0%| F|  |TAMS 0x0000000088300000| PB 0x0000000088300000| Untracked 
|  30|0x0000000088400000, 0x0000000088400000, 0x0000000088500000|  0%| F|  |TAMS 0x0000000088400000| PB 0x0000000088400000| Untracked 
|  31|0x0000000088500000, 0x0000000088500000, 0x0000000088600000|  0%| F|  |TAMS 0x0000000088500000| PB 0x0000000088500000| Untracked 
|  32|0x0000000088600000, 0x0000000088600000, 0x0000000088700000|  0%| F|  |TAMS 0x0000000088600000| PB 0x0000000088600000| Untracked 
|  33|0x0000000088700000, 0x0000000088700000, 0x0000000088800000|  0%| F|  |TAMS 0x0000000088700000| PB 0x0000000088700000| Untracked 
|  34|0x0000000088800000, 0x0000000088800000, 0x0000000088900000|  0%| F|  |TAMS 0x0000000088800000| PB 0x0000000088800000| Untracked 
|  35|0x0000000088900000, 0x0000000088900000, 0x0000000088a00000|  0%| F|  |TAMS 0x0000000088900000| PB 0x0000000088900000| Untracked 
|  36|0x0000000088a00000, 0x0000000088a00000, 0x0000000088b00000|  0%| F|  |TAMS 0x0000000088a00000| PB 0x0000000088a00000| Untracked 
|  37|0x0000000088b00000, 0x0000000088b00000, 0x0000000088c00000|  0%| F|  |TAMS 0x0000000088b00000| PB 0x0000000088b00000| Untracked 
|  38|0x0000000088c00000, 0x0000000088c00000, 0x0000000088d00000|  0%| F|  |TAMS 0x0000000088c00000| PB 0x0000000088c00000| Untracked 
|  39|0x0000000088d00000, 0x0000000088d00000, 0x0000000088e00000|  0%| F|  |TAMS 0x0000000088d00000| PB 0x0000000088d00000| Untracked 
|  40|0x0000000088e00000, 0x0000000088e00000, 0x0000000088f00000|  0%| F|  |TAMS 0x0000000088e00000| PB 0x0000000088e00000| Untracked 
|  41|0x0000000088f00000, 0x0000000088f00000, 0x0000000089000000|  0%| F|  |TAMS 0x0000000088f00000| PB 0x0000000088f00000| Untracked 
|  42|0x0000000089000000, 0x0000000089000000, 0x0000000089100000|  0%| F|  |TAMS 0x0000000089000000| PB 0x0000000089000000| Untracked 
|  43|0x0000000089100000, 0x0000000089100000, 0x0000000089200000|  0%| F|  |TAMS 0x0000000089100000| PB 0x0000000089100000| Untracked 
|  44|0x0000000089200000, 0x0000000089200000, 0x0000000089300000|  0%| F|  |TAMS 0x0000000089200000| PB 0x0000000089200000| Untracked 
|  45|0x0000000089300000, 0x0000000089300000, 0x0000000089400000|  0%| F|  |TAMS 0x0000000089300000| PB 0x0000000089300000| Untracked 
|  46|0x0000000089400000, 0x0000000089400000, 0x0000000089500000|  0%| F|  |TAMS 0x0000000089400000| PB 0x0000000089400000| Untracked 
|  47|0x0000000089500000, 0x0000000089500000, 0x0000000089600000|  0%| F|  |TAMS 0x0000000089500000| PB 0x0000000089500000| Untracked 
|  48|0x0000000089600000, 0x0000000089600000, 0x0000000089700000|  0%| F|  |TAMS 0x0000000089600000| PB 0x0000000089600000| Untracked 
|  49|0x0000000089700000, 0x0000000089700000, 0x0000000089800000|  0%| F|  |TAMS 0x0000000089700000| PB 0x0000000089700000| Untracked 
|  50|0x0000000089800000, 0x0000000089800000, 0x0000000089900000|  0%| F|  |TAMS 0x0000000089800000| PB 0x0000000089800000| Untracked 
|  51|0x0000000089900000, 0x0000000089900000, 0x0000000089a00000|  0%| F|  |TAMS 0x0000000089900000| PB 0x0000000089900000| Untracked 
|  52|0x0000000089a00000, 0x0000000089a00000, 0x0000000089b00000|  0%| F|  |TAMS 0x0000000089a00000| PB 0x0000000089a00000| Untracked 
|  53|0x0000000089b00000, 0x0000000089b00000, 0x0000000089c00000|  0%| F|  |TAMS 0x0000000089b00000| PB 0x0000000089b00000| Untracked 
|  54|0x0000000089c00000, 0x0000000089cfbf40, 0x0000000089d00000| 98%| S|  |TAMS 0x0000000089c00000| PB 0x0000000089c00000| Complete 
|  55|0x0000000089d00000, 0x0000000089d90000, 0x0000000089e00000| 56%| E|CS|TAMS 0x0000000089d00000| PB 0x0000000089d00000| Complete 
|  56|0x0000000089e00000, 0x0000000089f00000, 0x0000000089f00000|100%| E|CS|TAMS 0x0000000089e00000| PB 0x0000000089e00000| Complete 
|  57|0x0000000089f00000, 0x000000008a000000, 0x000000008a000000|100%| E|CS|TAMS 0x0000000089f00000| PB 0x0000000089f00000| Complete 
|  58|0x000000008a000000, 0x000000008a100000, 0x000000008a100000|100%| E|CS|TAMS 0x000000008a000000| PB 0x000000008a000000| Complete 
|  59|0x000000008a100000, 0x000000008a200000, 0x000000008a200000|100%| E|CS|TAMS 0x000000008a100000| PB 0x000000008a100000| Complete 
|  60|0x000000008a200000, 0x000000008a300000, 0x000000008a300000|100%| E|CS|TAMS 0x000000008a200000| PB 0x000000008a200000| Complete 
|  61|0x000000008a300000, 0x000000008a400000, 0x000000008a400000|100%| E|CS|TAMS 0x000000008a300000| PB 0x000000008a300000| Complete 
|  62|0x000000008a400000, 0x000000008a500000, 0x000000008a500000|100%| E|CS|TAMS 0x000000008a400000| PB 0x000000008a400000| Complete 
|  63|0x000000008a500000, 0x000000008a600000, 0x000000008a600000|100%| E|CS|TAMS 0x000000008a500000| PB 0x000000008a500000| Complete 
|  64|0x000000008a600000, 0x000000008a700000, 0x000000008a700000|100%| E|CS|TAMS 0x000000008a600000| PB 0x000000008a600000| Complete 
|  65|0x000000008a700000, 0x000000008a780000, 0x000000008a800000| 50%| E|CS|TAMS 0x000000008a700000| PB 0x000000008a700000| Complete 
|  66|0x000000008a800000, 0x000000008a900000, 0x000000008a900000|100%| E|CS|TAMS 0x000000008a800000| PB 0x000000008a800000| Complete 
|  67|0x000000008a900000, 0x000000008aa00000, 0x000000008aa00000|100%| E|CS|TAMS 0x000000008a900000| PB 0x000000008a900000| Complete 
|  68|0x000000008aa00000, 0x000000008ab00000, 0x000000008ab00000|100%| E|CS|TAMS 0x000000008aa00000| PB 0x000000008aa00000| Complete 
|  69|0x000000008ab00000, 0x000000008ac00000, 0x000000008ac00000|100%| E|CS|TAMS 0x000000008ab00000| PB 0x000000008ab00000| Complete 
|  70|0x000000008ac00000, 0x000000008ad00000, 0x000000008ad00000|100%| E|CS|TAMS 0x000000008ac00000| PB 0x000000008ac00000| Complete 
|  71|0x000000008ad00000, 0x000000008ae00000, 0x000000008ae00000|100%| E|CS|TAMS 0x000000008ad00000| PB 0x000000008ad00000| Complete 
|  72|0x000000008ae00000, 0x000000008af00000, 0x000000008af00000|100%| E|CS|TAMS 0x000000008ae00000| PB 0x000000008ae00000| Complete 
|  73|0x000000008af00000, 0x000000008b000000, 0x000000008b000000|100%| E|CS|TAMS 0x000000008af00000| PB 0x000000008af00000| Complete 
|  74|0x000000008b000000, 0x000000008b100000, 0x000000008b100000|100%| E|CS|TAMS 0x000000008b000000| PB 0x000000008b000000| Complete 
|  75|0x000000008b100000, 0x000000008b200000, 0x000000008b200000|100%| E|CS|TAMS 0x000000008b100000| PB 0x000000008b100000| Complete 
|  76|0x000000008b200000, 0x000000008b300000, 0x000000008b300000|100%| E|CS|TAMS 0x000000008b200000| PB 0x000000008b200000| Complete 
|  77|0x000000008b300000, 0x000000008b400000, 0x000000008b400000|100%| E|CS|TAMS 0x000000008b300000| PB 0x000000008b300000| Complete 
|  78|0x000000008b400000, 0x000000008b500000, 0x000000008b500000|100%| E|CS|TAMS 0x000000008b400000| PB 0x000000008b400000| Complete 
|  79|0x000000008b500000, 0x000000008b600000, 0x000000008b600000|100%| E|CS|TAMS 0x000000008b500000| PB 0x000000008b500000| Complete 
|  80|0x000000008b600000, 0x000000008b700000, 0x000000008b700000|100%| E|CS|TAMS 0x000000008b600000| PB 0x000000008b600000| Complete 
|  81|0x000000008b700000, 0x000000008b800000, 0x000000008b800000|100%| E|CS|TAMS 0x000000008b700000| PB 0x000000008b700000| Complete 
|  82|0x000000008b800000, 0x000000008b900000, 0x000000008b900000|100%| E|CS|TAMS 0x000000008b800000| PB 0x000000008b800000| Complete 
|  83|0x000000008b900000, 0x000000008ba00000, 0x000000008ba00000|100%| E|CS|TAMS 0x000000008b900000| PB 0x000000008b900000| Complete 
|  84|0x000000008ba00000, 0x000000008bb00000, 0x000000008bb00000|100%| E|CS|TAMS 0x000000008ba00000| PB 0x000000008ba00000| Complete 
|  85|0x000000008bb00000, 0x000000008bc00000, 0x000000008bc00000|100%| E|CS|TAMS 0x000000008bb00000| PB 0x000000008bb00000| Complete 
|  86|0x000000008bc00000, 0x000000008bd00000, 0x000000008bd00000|100%| E|CS|TAMS 0x000000008bc00000| PB 0x000000008bc00000| Complete 
|  87|0x000000008bd00000, 0x000000008be00000, 0x000000008be00000|100%| E|CS|TAMS 0x000000008bd00000| PB 0x000000008bd00000| Complete 
|  88|0x000000008be00000, 0x000000008bf00000, 0x000000008bf00000|100%| E|CS|TAMS 0x000000008be00000| PB 0x000000008be00000| Complete 
|  89|0x000000008bf00000, 0x000000008c000000, 0x000000008c000000|100%| E|CS|TAMS 0x000000008bf00000| PB 0x000000008bf00000| Complete 
|  90|0x000000008c000000, 0x000000008c100000, 0x000000008c100000|100%| E|CS|TAMS 0x000000008c000000| PB 0x000000008c000000| Complete 
|  91|0x000000008c100000, 0x000000008c200000, 0x000000008c200000|100%| E|CS|TAMS 0x000000008c100000| PB 0x000000008c100000| Complete 
|  92|0x000000008c200000, 0x000000008c300000, 0x000000008c300000|100%| E|CS|TAMS 0x000000008c200000| PB 0x000000008c200000| Complete 
|  93|0x000000008c300000, 0x000000008c400000, 0x000000008c400000|100%| E|CS|TAMS 0x000000008c300000| PB 0x000000008c300000| Complete 
|  94|0x000000008c400000, 0x000000008c500000, 0x000000008c500000|100%| E|CS|TAMS 0x000000008c400000| PB 0x000000008c400000| Complete 
|  95|0x000000008c500000, 0x000000008c600000, 0x000000008c600000|100%| E|CS|TAMS 0x000000008c500000| PB 0x000000008c500000| Complete 
|  96|0x000000008c600000, 0x000000008c700000, 0x000000008c700000|100%| E|CS|TAMS 0x000000008c600000| PB 0x000000008c600000| Complete 
|  97|0x000000008c700000, 0x000000008c800000, 0x000000008c800000|100%| E|CS|TAMS 0x000000008c700000| PB 0x000000008c700000| Complete 
|  98|0x000000008c800000, 0x000000008c900000, 0x000000008c900000|100%| E|CS|TAMS 0x000000008c800000| PB 0x000000008c800000| Complete 
|  99|0x000000008c900000, 0x000000008ca00000, 0x000000008ca00000|100%| E|CS|TAMS 0x000000008c900000| PB 0x000000008c900000| Complete 
| 100|0x000000008ca00000, 0x000000008cb00000, 0x000000008cb00000|100%| E|CS|TAMS 0x000000008ca00000| PB 0x000000008ca00000| Complete 
| 101|0x000000008cb00000, 0x000000008cc00000, 0x000000008cc00000|100%| E|CS|TAMS 0x000000008cb00000| PB 0x000000008cb00000| Complete 
| 102|0x000000008cc00000, 0x000000008cd00000, 0x000000008cd00000|100%| E|CS|TAMS 0x000000008cc00000| PB 0x000000008cc00000| Complete 
| 103|0x000000008cd00000, 0x000000008ce00000, 0x000000008ce00000|100%| E|CS|TAMS 0x000000008cd00000| PB 0x000000008cd00000| Complete 
| 104|0x000000008ce00000, 0x000000008cf00000, 0x000000008cf00000|100%| E|CS|TAMS 0x000000008ce00000| PB 0x000000008ce00000| Complete 
| 105|0x000000008cf00000, 0x000000008d000000, 0x000000008d000000|100%| E|CS|TAMS 0x000000008cf00000| PB 0x000000008cf00000| Complete 
| 106|0x000000008d000000, 0x000000008d100000, 0x000000008d100000|100%| E|CS|TAMS 0x000000008d000000| PB 0x000000008d000000| Complete 
| 107|0x000000008d100000, 0x000000008d200000, 0x000000008d200000|100%| E|CS|TAMS 0x000000008d100000| PB 0x000000008d100000| Complete 
| 108|0x000000008d200000, 0x000000008d300000, 0x000000008d300000|100%| E|CS|TAMS 0x000000008d200000| PB 0x000000008d200000| Complete 
| 109|0x000000008d300000, 0x000000008d400000, 0x000000008d400000|100%| E|CS|TAMS 0x000000008d300000| PB 0x000000008d300000| Complete 
| 110|0x000000008d400000, 0x000000008d500000, 0x000000008d500000|100%| E|CS|TAMS 0x000000008d400000| PB 0x000000008d400000| Complete 
| 111|0x000000008d500000, 0x000000008d600000, 0x000000008d600000|100%| E|CS|TAMS 0x000000008d500000| PB 0x000000008d500000| Complete 
| 112|0x000000008d600000, 0x000000008d700000, 0x000000008d700000|100%| E|CS|TAMS 0x000000008d600000| PB 0x000000008d600000| Complete 
| 113|0x000000008d700000, 0x000000008d800000, 0x000000008d800000|100%| E|CS|TAMS 0x000000008d700000| PB 0x000000008d700000| Complete 
| 114|0x000000008d800000, 0x000000008d900000, 0x000000008d900000|100%| E|CS|TAMS 0x000000008d800000| PB 0x000000008d800000| Complete 
| 115|0x000000008d900000, 0x000000008da00000, 0x000000008da00000|100%| E|CS|TAMS 0x000000008d900000| PB 0x000000008d900000| Complete 
| 116|0x000000008da00000, 0x000000008db00000, 0x000000008db00000|100%| E|CS|TAMS 0x000000008da00000| PB 0x000000008da00000| Complete 
| 117|0x000000008db00000, 0x000000008dc00000, 0x000000008dc00000|100%| E|CS|TAMS 0x000000008db00000| PB 0x000000008db00000| Complete 
| 118|0x000000008dc00000, 0x000000008dd00000, 0x000000008dd00000|100%| E|CS|TAMS 0x000000008dc00000| PB 0x000000008dc00000| Complete 
| 119|0x000000008dd00000, 0x000000008de00000, 0x000000008de00000|100%| E|CS|TAMS 0x000000008dd00000| PB 0x000000008dd00000| Complete 
| 120|0x000000008de00000, 0x000000008df00000, 0x000000008df00000|100%| E|CS|TAMS 0x000000008de00000| PB 0x000000008de00000| Complete 
| 121|0x000000008df00000, 0x000000008e000000, 0x000000008e000000|100%| E|CS|TAMS 0x000000008df00000| PB 0x000000008df00000| Complete 
|1944|0x00000000ffe00000, 0x00000000fff00000, 0x00000000fff00000|100%| O|  |TAMS 0x00000000fff00000| PB 0x00000000ffe00000| Untracked 
|1945|0x00000000fff00000, 0x00000000fff0c710, 0x0000000100000000|  4%| O|  |TAMS 0x00000000fff0c710| PB 0x00000000fff00000| Untracked 

Card table byte_map: [0x000073dc79e00000,0x000073dc7a1cd000] _byte_map_base: 0x000073dc799cd000

Marking Bits: (CMBitMap*) 0x000073dc740719b0
 Bits: [0x000073dc5a800000, 0x000073dc5c668000)

Polling page: 0x000073dc7d068000

Metaspace:

Usage:
  Non-class:     18.30 MB used.
      Class:      2.42 MB used.
       Both:     20.72 MB used.

Virtual space:
  Non-class space:       64.00 MB reserved,      18.44 MB ( 29%) committed,  1 nodes.
      Class space:        1.00 GB reserved,       2.56 MB ( <1%) committed,  1 nodes.
             Both:        1.06 GB reserved,      21.00 MB (  2%) committed. 

Chunk freelists:
   Non-Class:  13.19 MB
       Class:  13.38 MB
        Both:  26.56 MB

MaxMetaspaceSize: unlimited
CompressedClassSpaceSize: 1.00 GB
Initial GC threshold: 21.00 MB
Current GC threshold: 21.00 MB
CDS: on
 - commit_granule_bytes: 65536.
 - commit_granule_words: 8192.
 - virtual_space_node_default_size: 8388608.
 - enlarge_chunks_in_place: 1.
 - use_allocation_guard: 0.


Internal statistics:

num_allocs_failed_limit: 3.
num_arena_births: 214.
num_arena_deaths: 0.
num_vsnodes_births: 2.
num_vsnodes_deaths: 0.
num_space_committed: 336.
num_space_uncommitted: 0.
num_chunks_returned_to_freelist: 3.
num_chunks_taken_from_freelist: 945.
num_chunk_merges: 3.
num_chunk_splits: 662.
num_chunks_enlarged: 536.
num_inconsistent_stats: 0.

CodeHeap 'non-profiled nmethods': size=120028Kb used=1945Kb max_used=1945Kb free=118082Kb
 bounds [0x000073dc642c9000, 0x000073dc64539000, 0x000073dc6b800000]
CodeHeap 'profiled nmethods': size=120028Kb used=8062Kb max_used=8062Kb free=111965Kb
 bounds [0x000073dc5c800000, 0x000073dc5cfe0000, 0x000073dc63d37000]
CodeHeap 'non-nmethods': size=5704Kb used=1407Kb max_used=1467Kb free=4296Kb
 bounds [0x000073dc63d37000, 0x000073dc63fa7000, 0x000073dc642c9000]
 total_blobs=4597 nmethods=4083 adapters=419
 compilation: enabled
              stopped_count=0, restarted_count=0
 full_count=0

Compilation events (20 events):
Event: 1.355 Thread 0x000073dc7415bc80 4077       3       jdk.internal.module.SystemModuleFinders$SystemModuleReader::findImageLocation (42 bytes)
Event: 1.355 Thread 0x000073dbc01a0170 nmethod 3989 0x000073dc644ad190 code [0x000073dc644ad340, 0x000073dc644ad660]
Event: 1.355 Thread 0x000073dbc01a0170 3990       4       java.util.Arrays::equals (56 bytes)
Event: 1.356 Thread 0x000073dc7415bc80 nmethod 4077 0x000073dc5cfdae90 code [0x000073dc5cfdb0c0, 0x000073dc5cfdb758]
Event: 1.356 Thread 0x000073dc7415bc80 4078       3       jdk.internal.module.SystemModuleFinders$SystemModuleReader::release (10 bytes)
Event: 1.356 Thread 0x000073dc7415bc80 nmethod 4078 0x000073dc5cfdba10 code [0x000073dc5cfdbc00, 0x000073dc5cfdc070]
Event: 1.356 Thread 0x000073dc7415bc80 4079       3       jdk.internal.jimage.ImageReader::releaseByteBuffer (5 bytes)
Event: 1.356 Thread 0x000073dc7415bc80 nmethod 4079 0x000073dc5cfdc210 code [0x000073dc5cfdc3c0, 0x000073dc5cfdc670]
Event: 1.356 Thread 0x000073dc7415bc80 4080       3       jdk.internal.jimage.BasicImageReader::releaseByteBuffer (16 bytes)
Event: 1.356 Thread 0x000073dc7415bc80 nmethod 4080 0x000073dc5cfdc790 code [0x000073dc5cfdc940, 0x000073dc5cfdcb98]
Event: 1.358 Thread 0x000073dc7415bc80 4081       3       java.lang.reflect.Executable::isVarArgs (17 bytes)
Event: 1.358 Thread 0x000073dc7415bc80 nmethod 4081 0x000073dc5cfdcc90 code [0x000073dc5cfdce40, 0x000073dc5cfdd058]
Event: 1.359 Thread 0x000073dbc01a0170 nmethod 3990 0x000073dc644ad910 code [0x000073dc644adac0, 0x000073dc644adef8]
Event: 1.359 Thread 0x000073dbc01a0170 3998       4       java.lang.StringBuilder::append (8 bytes)
Event: 1.359 Thread 0x000073dc7415bc80 4082   !   3       jdk.internal.jimage.BasicImageReader::readBuffer (238 bytes)
Event: 1.360 Thread 0x000073dc7415bc80 nmethod 4082 0x000073dc5cfdd110 code [0x000073dc5cfdd3e0, 0x000073dc5cfddfb8]
Event: 1.363 Thread 0x000073dc7415bc80 4084       3       java.lang.invoke.InnerClassLambdaMetafactory::getLoadOpcode (26 bytes)
Event: 1.363 Thread 0x000073dc7415bc80 nmethod 4084 0x000073dc5cfde510 code [0x000073dc5cfde6c0, 0x000073dc5cfde8d8]
Event: 1.363 Thread 0x000073dc7415bc80 4085       3       java.lang.invoke.InnerClassLambdaMetafactory::getParameterSize (27 bytes)
Event: 1.363 Thread 0x000073dc7415bc80 nmethod 4085 0x000073dc5cfdea10 code [0x000073dc5cfdebc0, 0x000073dc5cfdedb0]

GC Heap History (4 events):
Event: 0.309 GC heap before
{Heap before GC invocations=0 (full 0):
 garbage-first heap   total 126976K, used 23601K [0x0000000086600000, 0x0000000100000000)
  region size 1024K, 23 young (23552K), 0 survivors (0K)
 Metaspace       used 5780K, committed 5952K, reserved 1114112K
  class space    used 665K, committed 768K, reserved 1048576K
}
Event: 0.313 GC heap after
{Heap after GC invocations=1 (full 0):
 garbage-first heap   total 126976K, used 4185K [0x0000000086600000, 0x0000000100000000)
  region size 1024K, 3 young (3072K), 3 survivors (3072K)
 Metaspace       used 5780K, committed 5952K, reserved 1114112K
  class space    used 665K, committed 768K, reserved 1048576K
}
Event: 0.854 GC heap before
{Heap before GC invocations=1 (full 0):
 garbage-first heap   total 126976K, used 52313K [0x0000000086600000, 0x0000000100000000)
  region size 1024K, 50 young (51200K), 3 survivors (3072K)
 Metaspace       used 13710K, committed 13952K, reserved 1114112K
  class space    used 1623K, committed 1728K, reserved 1048576K
}
Event: 0.862 GC heap after
{Heap after GC invocations=2 (full 0):
 garbage-first heap   total 126976K, used 7769K [0x0000000086600000, 0x0000000100000000)
  region size 1024K, 7 young (7168K), 7 survivors (7168K)
 Metaspace       used 13710K, committed 13952K, reserved 1114112K
  class space    used 1623K, committed 1728K, reserved 1048576K
}

Dll operation events (8 events):
Event: 0.001 Loaded shared library /usr/lib/jvm/java-21-openjdk-amd64/lib/libjava.so
Event: 0.015 Loaded shared library /usr/lib/jvm/java-21-openjdk-amd64/lib/libjsvml.so
Event: 0.019 Loaded shared library /usr/lib/jvm/java-21-openjdk-amd64/lib/libnio.so
Event: 0.021 Loaded shared library /usr/lib/jvm/java-21-openjdk-amd64/lib/libzip.so
Event: 0.027 Loaded shared library /usr/lib/jvm/java-21-openjdk-amd64/lib/libnet.so
Event: 0.078 Loaded shared library /usr/lib/jvm/java-21-openjdk-amd64/lib/libjimage.so
Event: 0.082 Loaded shared library /tmp/jansi-2.4.1-3ada8b0868cd6602-libjansi.so
Event: 0.088 Loaded shared library /usr/lib/jvm/java-21-openjdk-amd64/lib/libverify.so

Deoptimization events (20 events):
Event: 1.279 Thread 0x000073dc740195d0 Uncommon trap: trap_request=0xffffff45 fr.pc=0x000073dc643660b0 relative=0x0000000000000cd0
Event: 1.279 Thread 0x000073dc740195d0 Uncommon trap: reason=unstable_if action=reinterpret pc=0x000073dc643660b0 method=jdk.internal.jimage.ImageLocation.verifyName(Ljava/lang/String;Ljava/lang/String;IIIIIILjdk/internal/jimage/ImageStrings;)Z @ 45 c2
Event: 1.279 Thread 0x000073dc740195d0 DEOPT PACKING pc=0x000073dc643660b0 sp=0x000073dc7b3fc2e0
Event: 1.279 Thread 0x000073dc740195d0 DEOPT UNPACKING pc=0x000073dc63d8af99 sp=0x000073dc7b3fc018 mode 2
Event: 1.306 Thread 0x000073dc740195d0 Uncommon trap: trap_request=0xffffff45 fr.pc=0x000073dc644a1a74 relative=0x0000000000000234
Event: 1.306 Thread 0x000073dc740195d0 Uncommon trap: reason=unstable_if action=reinterpret pc=0x000073dc644a1a74 method=java.util.Arrays.hashCode([B)I @ 8 c2
Event: 1.306 Thread 0x000073dc740195d0 DEOPT PACKING pc=0x000073dc644a1a74 sp=0x000073dc7b3fc010
Event: 1.306 Thread 0x000073dc740195d0 DEOPT UNPACKING pc=0x000073dc63d8af99 sp=0x000073dc7b3fbfc8 mode 2
Event: 1.313 Thread 0x000073dc740195d0 Uncommon trap: trap_request=0xffffff45 fr.pc=0x000073dc6449e69c relative=0x0000000000000edc
Event: 1.313 Thread 0x000073dc740195d0 Uncommon trap: reason=unstable_if action=reinterpret pc=0x000073dc6449e69c method=java.lang.String.<init>(Ljava/nio/charset/Charset;[BII)V @ 34 c2
Event: 1.313 Thread 0x000073dc740195d0 DEOPT PACKING pc=0x000073dc6449e69c sp=0x000073dc7b3fc270
Event: 1.313 Thread 0x000073dc740195d0 DEOPT UNPACKING pc=0x000073dc63d8af99 sp=0x000073dc7b3fc248 mode 2
Event: 1.317 Thread 0x000073dc740195d0 Uncommon trap: trap_request=0xffffff45 fr.pc=0x000073dc644a1e18 relative=0x00000000000000f8
Event: 1.317 Thread 0x000073dc740195d0 Uncommon trap: reason=unstable_if action=reinterpret pc=0x000073dc644a1e18 method=jdk.nio.zipfs.ZipConstants.pkSigAt([BIII)Z @ 5 c2
Event: 1.317 Thread 0x000073dc740195d0 DEOPT PACKING pc=0x000073dc644a1e18 sp=0x000073dc7b3fcc70
Event: 1.317 Thread 0x000073dc740195d0 DEOPT UNPACKING pc=0x000073dc63d8af99 sp=0x000073dc7b3fcc38 mode 2
Event: 1.338 Thread 0x000073dc740195d0 Uncommon trap: trap_request=0xffffffde fr.pc=0x000073dc64457a94 relative=0x0000000000001bf4
Event: 1.338 Thread 0x000073dc740195d0 Uncommon trap: reason=class_check action=maybe_recompile pc=0x000073dc64457a94 method=java.util.zip.InflaterInputStream.read([BII)I @ 78 c2
Event: 1.338 Thread 0x000073dc740195d0 DEOPT PACKING pc=0x000073dc64457a94 sp=0x000073dc7b3fc6f0
Event: 1.338 Thread 0x000073dc740195d0 DEOPT UNPACKING pc=0x000073dc63d8af99 sp=0x000073dc7b3fc750 mode 2

Classes loaded (20 events):
Event: 1.337 Loading class java/security/AllPermissionCollection
Event: 1.337 Loading class java/security/AllPermissionCollection done
Event: 1.337 Loading class jdk/internal/jrtfs/SystemImage$2
Event: 1.337 Loading class jdk/internal/jrtfs/SystemImage$2 done
Event: 1.337 Loading class jdk/internal/jimage/ImageReader$Directory
Event: 1.337 Loading class jdk/internal/jimage/ImageReader$Node
Event: 1.337 Loading class jdk/internal/jimage/ImageReader$Node done
Event: 1.337 Loading class jdk/internal/jimage/ImageReader$Directory done
Event: 1.337 Loading class jdk/internal/jrtfs/SystemImage$1
Event: 1.337 Loading class jdk/internal/jrtfs/SystemImage$1 done
Event: 1.338 Loading class java/io/BufferedReader$1
Event: 1.338 Loading class java/io/BufferedReader$1 done
Event: 1.338 Loading class jdk/internal/jimage/ImageReader$SharedImageReader$LocationVisitor
Event: 1.338 Loading class jdk/internal/jimage/ImageReader$SharedImageReader$LocationVisitor done
Event: 1.339 Loading class java/nio/ByteBufferAsIntBufferL
Event: 1.339 Loading class java/nio/ByteBufferAsIntBufferL done
Event: 1.340 Loading class jdk/internal/jimage/ImageReader$Resource
Event: 1.340 Loading class jdk/internal/jimage/ImageReader$Resource done
Event: 1.340 Loading class jdk/internal/jrtfs/JrtFileAttributes
Event: 1.340 Loading class jdk/internal/jrtfs/JrtFileAttributes done

Classes unloaded (0 events):
No events

Classes redefined (0 events):
No events

Internal exceptions (20 events):
Event: 0.645 Thread 0x000073dc740195d0 Exception <a 'java/lang/NoSuchMethodError'{0x000000008bc8a1e8}: 'java.lang.Object java.lang.invoke.Invokers$Holder.invokeExact_MT(java.lang.Object, int, java.lang.Object)'> (0x000000008bc8a1e8) 
thrown [./src/hotspot/share/interpreter/linkResolver.cpp, line 772]
Event: 0.756 Thread 0x000073dc740195d0 Exception <a 'java/lang/NoSuchMethodError'{0x000000008b4cf418}: 'void java.lang.invoke.Invokers$Holder.invokeExact_MT(java.lang.Object, java.lang.Object, java.lang.Object, java.lang.Object)'> (0x000000008b4cf418) 
thrown [./src/hotspot/share/interpreter/linkResolver.cpp, line 772]
Event: 0.766 Thread 0x000073dc740195d0 Exception <a 'java/lang/NoClassDefFoundError'{0x000000008b3614e8}: com/google/inject/servlet/ServletModuleTargetVisitor> (0x000000008b3614e8) 
thrown [./src/hotspot/share/classfile/systemDictionary.cpp, line 301]
Event: 0.801 Thread 0x000073dc740195d0 Exception <a 'java/lang/NoSuchMethodError'{0x000000008b011140}: 'void java.lang.invoke.DirectMethodHandle$Holder.invokeVirtual(java.lang.Object, java.lang.Object)'> (0x000000008b011140) 
thrown [./src/hotspot/share/interpreter/linkResolver.cpp, line 772]
Event: 0.890 Thread 0x000073dc740195d0 Exception <a 'java/lang/NoSuchMethodError'{0x000000008ddb4b08}: 'void java.lang.invoke.DirectMethodHandle$Holder.invokeSpecial(java.lang.Object, java.lang.Object, java.lang.Object, java.lang.Object, java.lang.Object)'> (0x000000008ddb4b08) 
thrown [./src/hotspot/share/interpreter/linkResolver.cpp, line 772]
Event: 0.891 Thread 0x000073dc740195d0 Exception <a 'java/lang/NoSuchMethodError'{0x000000008ddceb78}: 'java.lang.Object java.lang.invoke.DirectMethodHandle$Holder.invokeVirtual(java.lang.Object, java.lang.Object, java.lang.Object)'> (0x000000008ddceb78) 
thrown [./src/hotspot/share/interpreter/linkResolver.cpp, line 772]
Event: 0.891 Thread 0x000073dc740195d0 Exception <a 'java/lang/NoSuchMethodError'{0x000000008dddbf18}: 'void java.lang.invoke.DirectMethodHandle$Holder.invokeSpecial(java.lang.Object, java.lang.Object, java.lang.Object, java.lang.Object, java.lang.Object, java.lang.Object)'> (0x000000008dddbf18) 
thrown [./src/hotspot/share/interpreter/linkResolver.cpp, line 772]
Event: 0.909 Thread 0x000073dc740195d0 Exception <a 'java/lang/NoSuchMethodError'{0x000000008db63db0}: 'void java.lang.invoke.DirectMethodHandle$Holder.invokeVirtual(java.lang.Object, java.lang.Object, int)'> (0x000000008db63db0) 
thrown [./src/hotspot/share/interpreter/linkResolver.cpp, line 772]
Event: 0.909 Thread 0x000073dc740195d0 Exception <a 'java/lang/NoSuchMethodError'{0x000000008db67bc0}: 'void java.lang.invoke.DirectMethodHandle$Holder.invokeSpecial(java.lang.Object, java.lang.Object, java.lang.Object, int)'> (0x000000008db67bc0) 
thrown [./src/hotspot/share/interpreter/linkResolver.cpp, line 772]
Event: 0.909 Thread 0x000073dc740195d0 Exception <a 'java/lang/NoSuchMethodError'{0x000000008db6b2a0}: 'void java.lang.invoke.DelegatingMethodHandle$Holder.reinvoke_L(java.lang.Object, java.lang.Object, int)'> (0x000000008db6b2a0) 
thrown [./src/hotspot/share/interpreter/linkResolver.cpp, line 772]
Event: 1.045 Thread 0x000073dc740195d0 Exception <a 'java/lang/NoSuchMethodError'{0x000000008cce37e0}: 'java.lang.Object java.lang.invoke.DirectMethodHandle$Holder.newInvokeSpecial(java.lang.Object, java.lang.Object, java.lang.Object, java.lang.Object, java.lang.Object, java.lang.Object, java.lang.Object)'> (0x000000008cce37e0) 
thrown [./src/hotspot/share/interpreter/linkResolver.cpp, line 772]
Event: 1.079 Thread 0x000073dc740195d0 Exception <a 'java/lang/NoSuchMethodError'{0x000000008c72d5b0}: 'int java.lang.invoke.DirectMethodHandle$Holder.invokeVirtual(java.lang.Object, java.lang.Object)'> (0x000000008c72d5b0) 
thrown [./src/hotspot/share/interpreter/linkResolver.cpp, line 772]
Event: 1.086 Thread 0x000073dc740195d0 Implicit null exception at 0x000073dc64388266 to 0x000073dc64388312
Event: 1.087 Thread 0x000073dc740195d0 Implicit null exception at 0x000073dc643b75c0 to 0x000073dc643b7645
Event: 1.094 Thread 0x000073dc740195d0 Exception <a 'java/lang/NoSuchMethodError'{0x000000008c6848b0}: 'void java.lang.invoke.Invokers$Holder.invokeExact_MT(java.lang.Object, java.lang.Object, int, java.lang.Object)'> (0x000000008c6848b0) 
thrown [./src/hotspot/share/interpreter/linkResolver.cpp, line 772]
Event: 1.097 Thread 0x000073dc740195d0 Exception <a 'java/lang/NoSuchMethodError'{0x000000008c6b8300}: 'void java.lang.invoke.DirectMethodHandle$Holder.invokeInterface(java.lang.Object, java.lang.Object, java.lang.Object)'> (0x000000008c6b8300) 
thrown [./src/hotspot/share/interpreter/linkResolver.cpp, line 772]
Event: 1.245 Thread 0x000073dc740195d0 Exception <a 'java/lang/IncompatibleClassChangeError'{0x000000008b0caee0}: Found class java.lang.Object, but interface was expected> (0x000000008b0caee0) 
thrown [./src/hotspot/share/interpreter/linkResolver.cpp, line 840]
Event: 1.277 Thread 0x000073dc740195d0 Exception <a 'java/lang/NoSuchMethodError'{0x000000008afd0328}: 'int java.lang.invoke.DirectMethodHandle$Holder.invokeInterface(java.lang.Object, java.lang.Object)'> (0x000000008afd0328) 
thrown [./src/hotspot/share/interpreter/linkResolver.cpp, line 772]
Event: 1.282 Thread 0x000073dc740195d0 Exception <a 'java/lang/NoSuchMethodError'{0x000000008ae04f50}: 'int java.lang.invoke.DirectMethodHandle$Holder.invokeVirtual(java.lang.Object, java.lang.Object, java.lang.Object)'> (0x000000008ae04f50) 
thrown [./src/hotspot/share/interpreter/linkResolver.cpp, line 772]
Event: 1.283 Thread 0x000073dc740195d0 Exception <a 'java/lang/NoSuchMethodError'{0x000000008ae11f58}: 'int java.lang.invoke.DirectMethodHandle$Holder.invokeStaticInit(java.lang.Object, java.lang.Object, java.lang.Object)'> (0x000000008ae11f58) 
thrown [./src/hotspot/share/interpreter/linkResolver.cpp, line 772]

ZGC Phase Switch (0 events):
No events

VM Operations (20 events):
Event: 1.021 Executing VM operation: ICBufferFull
Event: 1.021 Executing VM operation: ICBufferFull done
Event: 1.057 Executing VM operation: HandshakeAllThreads (Deoptimize)
Event: 1.057 Executing VM operation: HandshakeAllThreads (Deoptimize) done
Event: 1.057 Executing VM operation: HandshakeAllThreads (Deoptimize)
Event: 1.057 Executing VM operation: HandshakeAllThreads (Deoptimize) done
Event: 1.128 Executing VM operation: ICBufferFull
Event: 1.128 Executing VM operation: ICBufferFull done
Event: 1.227 Executing VM operation: ICBufferFull
Event: 1.227 Executing VM operation: ICBufferFull done
Event: 1.258 Executing VM operation: HandshakeAllThreads (Deoptimize)
Event: 1.258 Executing VM operation: HandshakeAllThreads (Deoptimize) done
Event: 1.276 Executing VM operation: HandshakeAllThreads (Deoptimize)
Event: 1.276 Executing VM operation: HandshakeAllThreads (Deoptimize) done
Event: 1.287 Executing VM operation: HandshakeAllThreads (Deoptimize)
Event: 1.287 Executing VM operation: HandshakeAllThreads (Deoptimize) done
Event: 1.339 Executing VM operation: HandshakeAllThreads (Deoptimize)
Event: 1.339 Executing VM operation: HandshakeAllThreads (Deoptimize) done
Event: 1.340 Executing VM operation: HandshakeAllThreads (Deoptimize)
Event: 1.340 Executing VM operation: HandshakeAllThreads (Deoptimize) done

Memory protections (13 events):
Event: 0.001 Protecting memory [0x000073dc7b300000,0x000073dc7b304000] with protection modes 0
Event: 0.014 Protecting memory [0x000073dc78c14000,0x000073dc78c18000] with protection modes 0
Event: 0.014 Protecting memory [0x000073dc78300000,0x000073dc78304000] with protection modes 0
Event: 0.014 Protecting memory [0x000073dc78200000,0x000073dc78204000] with protection modes 0
Event: 0.014 Protecting memory [0x000073dc78100000,0x000073dc78104000] with protection modes 0
Event: 0.014 Protecting memory [0x000073dc78000000,0x000073dc78004000] with protection modes 0
Event: 0.014 Protecting memory [0x000073dc73f00000,0x000073dc73f04000] with protection modes 0
Event: 0.014 Protecting memory [0x000073dc5c700000,0x000073dc5c704000] with protection modes 0
Event: 0.017 Protecting memory [0x000073dc58700000,0x000073dc58704000] with protection modes 0
Event: 0.018 Protecting memory [0x000073dc58600000,0x000073dc58604000] with protection modes 0
Event: 0.078 Protecting memory [0x000073dc58500000,0x000073dc58504000] with protection modes 0
Event: 0.152 Protecting memory [0x000073dc58500000,0x000073dc58504000] with protection modes 0
Event: 0.287 Protecting memory [0x000073dc58400000,0x000073dc58404000] with protection modes 0

Nmethod flushes (0 events):
No events

Events (14 events):
Event: 0.009 Thread 0x000073dc740195d0 Thread added: 0x000073dc740195d0
Event: 0.014 Thread 0x000073dc740195d0 Thread added: 0x000073dc74153070
Event: 0.014 Thread 0x000073dc740195d0 Thread added: 0x000073dc74154700
Event: 0.014 Thread 0x000073dc740195d0 Thread added: 0x000073dc74155ea0
Event: 0.014 Thread 0x000073dc740195d0 Thread added: 0x000073dc741574e0
Event: 0.014 Thread 0x000073dc740195d0 Thread added: 0x000073dc74158a80
Event: 0.014 Thread 0x000073dc740195d0 Thread added: 0x000073dc7415a5c0
Event: 0.014 Thread 0x000073dc740195d0 Thread added: 0x000073dc7415bc80
Event: 0.017 Thread 0x000073dc740195d0 Thread added: 0x000073dc74167b20
Event: 0.018 Thread 0x000073dc740195d0 Thread added: 0x000073dc7416ae50
Event: 0.077 Thread 0x000073dc740195d0 Thread added: 0x000073dc7439e4e0
Event: 0.081 Thread 0x000073dc7439e4e0 Thread exited: 0x000073dc7439e4e0
Event: 0.151 Thread 0x000073dc7415bc80 Thread added: 0x000073dbc010ff50
Event: 0.287 Thread 0x000073dc7415bc80 Thread added: 0x000073dbc01a0170


Dynamic libraries:
86600000-8e000000 rw-p 00000000 00:00 0 
8e000000-ffe00000 ---p 00000000 00:00 0 
ffe00000-fff0d000 rw-p 00cd6000 08:25 2543604                            /usr/lib/jvm/java-21-openjdk-amd64/lib/server/classes.jsa
fff0d000-100000000 rw-p 00000000 00:00 0 
5ad8a52aa000-5ad8a52ab000 r--p 00000000 08:25 2148401                    /usr/lib/jvm/java-21-openjdk-amd64/bin/java
5ad8a52ab000-5ad8a52ac000 r-xp 00001000 08:25 2148401                    /usr/lib/jvm/java-21-openjdk-amd64/bin/java
5ad8a52ac000-5ad8a52ad000 r--p 00002000 08:25 2148401                    /usr/lib/jvm/java-21-openjdk-amd64/bin/java
5ad8a52ad000-5ad8a52ae000 r--p 00002000 08:25 2148401                    /usr/lib/jvm/java-21-openjdk-amd64/bin/java
5ad8a52ae000-5ad8a52af000 rw-p 00003000 08:25 2148401                    /usr/lib/jvm/java-21-openjdk-amd64/bin/java
5ad8c62b7000-5ad8c62fe000 rw-p 00000000 00:00 0                          [heap]
73db78000000-73db78021000 rw-p 00000000 00:00 0 
73db78021000-73db7c000000 ---p 00000000 00:00 0 
73db7c000000-73db7c021000 rw-p 00000000 00:00 0 
73db7c021000-73db80000000 ---p 00000000 00:00 0 
73db84000000-73db84021000 rw-p 00000000 00:00 0 
73db84021000-73db88000000 ---p 00000000 00:00 0 
73db88000000-73db88021000 rw-p 00000000 00:00 0 
73db88021000-73db8c000000 ---p 00000000 00:00 0 
73db90000000-73db90021000 rw-p 00000000 00:00 0 
73db90021000-73db94000000 ---p 00000000 00:00 0 
73db94000000-73db94021000 rw-p 00000000 00:00 0 
73db94021000-73db98000000 ---p 00000000 00:00 0 
73db9c000000-73db9c021000 rw-p 00000000 00:00 0 
73db9c021000-73dba0000000 ---p 00000000 00:00 0 
73dba0000000-73dba0021000 rw-p 00000000 00:00 0 
73dba0021000-73dba4000000 ---p 00000000 00:00 0 
73dba8000000-73dba8a24000 rw-p 00000000 00:00 0 
73dba8a24000-73dbac000000 ---p 00000000 00:00 0 
73dbac000000-73dbace70000 rw-p 00000000 00:00 0 
73dbace70000-73dbb0000000 ---p 00000000 00:00 0 
73dbb4000000-73dbb4021000 rw-p 00000000 00:00 0 
73dbb4021000-73dbb8000000 ---p 00000000 00:00 0 
73dbb8000000-73dbb8021000 rw-p 00000000 00:00 0 
73dbb8021000-73dbbc000000 ---p 00000000 00:00 0 
73dbc0000000-73dbc0712000 rw-p 00000000 00:00 0 
73dbc0712000-73dbc4000000 ---p 00000000 00:00 0 
73dbc4000000-73dbc4c19000 rw-p 00000000 00:00 0 
73dbc4c19000-73dbc8000000 ---p 00000000 00:00 0 
73dbcc000000-73dbcc021000 rw-p 00000000 00:00 0 
73dbcc021000-73dbd0000000 ---p 00000000 00:00 0 
73dbd0000000-73dbd0021000 rw-p 00000000 00:00 0 
73dbd0021000-73dbd4000000 ---p 00000000 00:00 0 
73dbd8000000-73dbd8021000 rw-p 00000000 00:00 0 
73dbd8021000-73dbdc000000 ---p 00000000 00:00 0 
73dbdc000000-73dbdc021000 rw-p 00000000 00:00 0 
73dbdc021000-73dbe0000000 ---p 00000000 00:00 0 
73dbe4000000-73dbe4021000 rw-p 00000000 00:00 0 
73dbe4021000-73dbe8000000 ---p 00000000 00:00 0 
73dbe8000000-73dbe8021000 rw-p 00000000 00:00 0 
73dbe8021000-73dbec000000 ---p 00000000 00:00 0 
73dbf0000000-73dbf03f0000 rw-p 00000000 00:00 0 
73dbf03f0000-73dbf0fb0000 rw-p 00000000 00:00 0 
73dbf0fb0000-73dbf0ff0000 rw-p 00000000 00:00 0 
73dbf0ff0000-73dbf1170000 rw-p 00000000 00:00 0 
73dbf1170000-73dbf11a0000 rw-p 00000000 00:00 0 
73dbf11a0000-73dbf1200000 ---p 00000000 00:00 0 
73dbf1200000-73dbf12d0000 rw-p 00000000 00:00 0 
73dbf12d0000-73dbf4000000 ---p 00000000 00:00 0 
73dbf4000000-73dbf4021000 rw-p 00000000 00:00 0 
73dbf4021000-73dbf8000000 ---p 00000000 00:00 0 
73dbfb000000-73dbfbc97000 rw-p 00001000 08:25 2543604                    /usr/lib/jvm/java-21-openjdk-amd64/lib/server/classes.jsa
73dbfbc97000-73dbfc000000 ---p 00000000 00:00 0 
73dbfc000000-73dbfc030000 rw-p 00000000 00:00 0 
73dbfc030000-73dbfc070000 rw-p 00000000 00:00 0 
73dbfc070000-73dbfc1b0000 rw-p 00000000 00:00 0 
73dbfc1b0000-73dbfc1f0000 rw-p 00000000 00:00 0 
73dbfc1f0000-73dbfc200000 ---p 00000000 00:00 0 
73dbfc200000-73dbfc2a0000 rw-p 00000000 00:00 0 
73dbfc2a0000-73dc3c000000 ---p 00000000 00:00 0 
73dc3c000000-73dc3c021000 rw-p 00000000 00:00 0 
73dc3c021000-73dc40000000 ---p 00000000 00:00 0 
73dc40000000-73dc40021000 rw-p 00000000 00:00 0 
73dc40021000-73dc44000000 ---p 00000000 00:00 0 
73dc48000000-73dc48021000 rw-p 00000000 00:00 0 
73dc48021000-73dc4c000000 ---p 00000000 00:00 0 
73dc4c000000-73dc4c021000 rw-p 00000000 00:00 0 
73dc4c021000-73dc50000000 ---p 00000000 00:00 0 
73dc53200000-73dc534e2000 rw-p 00000000 00:00 0 
73dc53613000-73dc537fe000 rw-p 00000000 00:00 0 
73dc537fe000-73dc537ff000 ---p 00000000 00:00 0 
73dc537ff000-73dc538ff000 rw-p 00000000 00:00 0 
73dc538ff000-73dc53900000 ---p 00000000 00:00 0 
73dc53900000-73dc53a00000 rw-p 00000000 00:00 0 
73dc53a00000-73dc53a03000 r-xp 00000000 08:25 2299378                    /tmp/jansi-2.4.1-3ada8b0868cd6602-libjansi.so
73dc53a03000-73dc53c02000 ---p 00003000 08:25 2299378                    /tmp/jansi-2.4.1-3ada8b0868cd6602-libjansi.so
73dc53c02000-73dc53c03000 r--p 00002000 08:25 2299378                    /tmp/jansi-2.4.1-3ada8b0868cd6602-libjansi.so
73dc53c03000-73dc53c04000 rw-p 00003000 08:25 2299378                    /tmp/jansi-2.4.1-3ada8b0868cd6602-libjansi.so
73dc53cfd000-73dc53cfe000 ---p 00000000 00:00 0 
73dc53cfe000-73dc53dfe000 rw-p 00000000 00:00 0 
73dc53dfe000-73dc53dff000 ---p 00000000 00:00 0 
73dc53dff000-73dc53eff000 rw-p 00000000 00:00 0 
73dc53eff000-73dc53f00000 ---p 00000000 00:00 0 
73dc53f00000-73dc54000000 rw-p 00000000 00:00 0 
73dc54000000-73dc54021000 rw-p 00000000 00:00 0 
73dc54021000-73dc58000000 ---p 00000000 00:00 0 
73dc580fd000-73dc580fe000 ---p 00000000 00:00 0 
73dc580fe000-73dc581fe000 rw-p 00000000 00:00 0 
73dc581fe000-73dc581ff000 ---p 00000000 00:00 0 
73dc581ff000-73dc582ff000 rw-p 00000000 00:00 0 
73dc582ff000-73dc58300000 ---p 00000000 00:00 0 
73dc58300000-73dc58400000 rw-p 00000000 00:00 0 
73dc58400000-73dc58404000 ---p 00000000 00:00 0 
73dc58404000-73dc58500000 rw-p 00000000 00:00 0 
73dc58500000-73dc58504000 ---p 00000000 00:00 0 
73dc58504000-73dc58600000 rw-p 00000000 00:00 0 
73dc58600000-73dc58604000 ---p 00000000 00:00 0 
73dc58604000-73dc58700000 rw-p 00000000 00:00 0 
73dc58700000-73dc58704000 ---p 00000000 00:00 0 
73dc58704000-73dc58800000 rw-p 00000000 00:00 0 
73dc58800000-73dc5a9e8000 rw-p 00000000 00:00 0 
73dc5a9e8000-73dc5c660000 ---p 00000000 00:00 0 
73dc5c660000-73dc5c668000 rw-p 00000000 00:00 0 
73dc5c700000-73dc5c704000 ---p 00000000 00:00 0 
73dc5c704000-73dc5c800000 rw-p 00000000 00:00 0 
73dc5c800000-73dc5cfe0000 rwxp 00000000 00:00 0 
73dc5cfe0000-73dc63d37000 ---p 00000000 00:00 0 
73dc63d37000-73dc63fa7000 rwxp 00000000 00:00 0 
73dc63fa7000-73dc642c9000 ---p 00000000 00:00 0 
73dc642c9000-73dc64539000 rwxp 00000000 00:00 0 
73dc64539000-73dc6b800000 ---p 00000000 00:00 0 
73dc6b800000-73dc73e0d000 r--s 00000000 08:25 2543601                    /usr/lib/jvm/java-21-openjdk-amd64/lib/modules
73dc73e2f000-73dc73e34000 r--p 00000000 08:25 2543585                    /usr/lib/jvm/java-21-openjdk-amd64/lib/libjsvml.so
73dc73e34000-73dc73e75000 r-xp 00005000 08:25 2543585                    /usr/lib/jvm/java-21-openjdk-amd64/lib/libjsvml.so
73dc73e75000-73dc73efe000 r--p 00046000 08:25 2543585                    /usr/lib/jvm/java-21-openjdk-amd64/lib/libjsvml.so
73dc73efe000-73dc73eff000 r--p 000ce000 08:25 2543585                    /usr/lib/jvm/java-21-openjdk-amd64/lib/libjsvml.so
73dc73eff000-73dc73f00000 rw-p 000cf000 08:25 2543585                    /usr/lib/jvm/java-21-openjdk-amd64/lib/libjsvml.so
73dc73f00000-73dc73f04000 ---p 00000000 00:00 0 
73dc73f04000-73dc74000000 rw-p 00000000 00:00 0 
73dc74000000-73dc74e55000 rw-p 00000000 00:00 0 
73dc74e55000-73dc78004000 ---p 00000000 00:00 0 
73dc78004000-73dc78100000 rw-p 00000000 00:00 0 
73dc78100000-73dc78104000 ---p 00000000 00:00 0 
73dc78104000-73dc78200000 rw-p 00000000 00:00 0 
73dc78200000-73dc78204000 ---p 00000000 00:00 0 
73dc78204000-73dc78300000 rw-p 00000000 00:00 0 
73dc78300000-73dc78304000 ---p 00000000 00:00 0 
73dc78304000-73dc78400000 rw-p 00000000 00:00 0 
73dc78400000-73dc78c03000 r--p 00000000 08:25 1850347                    /usr/lib/locale/locale-archive
73dc78c14000-73dc78c18000 ---p 00000000 00:00 0 
73dc78c18000-73dc78d14000 rw-p 00000000 00:00 0 
73dc78d14000-73dc78d15000 ---p 00000000 00:00 0 
73dc78d15000-73dc78e15000 rw-p 00000000 00:00 0 
73dc78e15000-73dc78e16000 ---p 00000000 00:00 0 
73dc78e16000-73dc78f16000 rw-p 00000000 00:00 0 
73dc78f16000-73dc78ff2000 rw-p 00000000 00:00 0 
73dc78ff2000-73dc78ff3000 ---p 00000000 00:00 0 
73dc78ff3000-73dc790f3000 rw-p 00000000 00:00 0 
73dc790f3000-73dc790f4000 ---p 00000000 00:00 0 
73dc790f4000-73dc791f4000 rw-p 00000000 00:00 0 
73dc791f4000-73dc79bfe000 rw-p 00000000 00:00 0 
73dc79bfe000-73dc79bff000 ---p 00000000 00:00 0 
73dc79bff000-73dc79cff000 rw-p 00000000 00:00 0 
73dc79cff000-73dc79d00000 ---p 00000000 00:00 0 
73dc79d00000-73dc79e00000 rw-p 00000000 00:00 0 
73dc79e00000-73dc79e3d000 rw-p 00000000 00:00 0 
73dc79e3d000-73dc7a1cc000 ---p 00000000 00:00 0 
73dc7a1cc000-73dc7a1cd000 rw-p 00000000 00:00 0 
73dc7a200000-73dc7a23d000 rw-p 00000000 00:00 0 
73dc7a23d000-73dc7a5cc000 ---p 00000000 00:00 0 
73dc7a5cc000-73dc7a5cd000 rw-p 00000000 00:00 0 
73dc7a61f000-73dc7a620000 ---p 00000000 00:00 0 
73dc7a620000-73dc7a720000 rw-p 00000000 00:00 0 
73dc7a720000-73dc7b12f000 rw-p 00000000 00:00 0 
73dc7b12f000-73dc7b215000 ---p 00000000 00:00 0 
73dc7b215000-73dc7b225000 rw-p 00000000 00:00 0 
73dc7b225000-73dc7b300000 ---p 00000000 00:00 0 
73dc7b300000-73dc7b304000 ---p 00000000 00:00 0 
73dc7b304000-73dc7b400000 rw-p 00000000 00:00 0 
73dc7b400000-73dc7b49d000 r--p 00000000 08:25 1869011                    /usr/lib/x86_64-linux-gnu/libstdc++.so.6.0.33
73dc7b49d000-73dc7b5e5000 r-xp 0009d000 08:25 1869011                    /usr/lib/x86_64-linux-gnu/libstdc++.so.6.0.33
73dc7b5e5000-73dc7b66c000 r--p 001e5000 08:25 1869011                    /usr/lib/x86_64-linux-gnu/libstdc++.so.6.0.33
73dc7b66c000-73dc7b677000 r--p 0026b000 08:25 1869011                    /usr/lib/x86_64-linux-gnu/libstdc++.so.6.0.33
73dc7b677000-73dc7b67a000 rw-p 00276000 08:25 1869011                    /usr/lib/x86_64-linux-gnu/libstdc++.so.6.0.33
73dc7b67a000-73dc7b67e000 rw-p 00000000 00:00 0 
73dc7b67e000-73dc7b682000 r--p 00000000 08:25 2543599                    /usr/lib/jvm/java-21-openjdk-amd64/lib/libverify.so
73dc7b682000-73dc7b689000 r-xp 00004000 08:25 2543599                    /usr/lib/jvm/java-21-openjdk-amd64/lib/libverify.so
73dc7b689000-73dc7b68b000 r--p 0000b000 08:25 2543599                    /usr/lib/jvm/java-21-openjdk-amd64/lib/libverify.so
73dc7b68b000-73dc7b68d000 r--p 0000c000 08:25 2543599                    /usr/lib/jvm/java-21-openjdk-amd64/lib/libverify.so
73dc7b68d000-73dc7b68e000 rw-p 0000e000 08:25 2543599                    /usr/lib/jvm/java-21-openjdk-amd64/lib/libverify.so
73dc7b68e000-73dc7b690000 r--p 00000000 08:25 2543600                    /usr/lib/jvm/java-21-openjdk-amd64/lib/libzip.so
73dc7b690000-73dc7b695000 r-xp 00002000 08:25 2543600                    /usr/lib/jvm/java-21-openjdk-amd64/lib/libzip.so
73dc7b695000-73dc7b697000 r--p 00007000 08:25 2543600                    /usr/lib/jvm/java-21-openjdk-amd64/lib/libzip.so
73dc7b697000-73dc7b698000 r--p 00008000 08:25 2543600                    /usr/lib/jvm/java-21-openjdk-amd64/lib/libzip.so
73dc7b698000-73dc7b699000 rw-p 00009000 08:25 2543600                    /usr/lib/jvm/java-21-openjdk-amd64/lib/libzip.so
73dc7b699000-73dc7b717000 rw-p 00000000 00:00 0 
73dc7b717000-73dc7b727000 r--p 00000000 08:25 1868504                    /usr/lib/x86_64-linux-gnu/libm.so.6
73dc7b727000-73dc7b7a6000 r-xp 00010000 08:25 1868504                    /usr/lib/x86_64-linux-gnu/libm.so.6
73dc7b7a6000-73dc7b7fe000 r--p 0008f000 08:25 1868504                    /usr/lib/x86_64-linux-gnu/libm.so.6
73dc7b7fe000-73dc7b7ff000 r--p 000e7000 08:25 1868504                    /usr/lib/x86_64-linux-gnu/libm.so.6
73dc7b7ff000-73dc7b800000 rw-p 000e8000 08:25 1868504                    /usr/lib/x86_64-linux-gnu/libm.so.6
73dc7b800000-73dc7baa1000 r--p 00000000 08:25 2543607                    /usr/lib/jvm/java-21-openjdk-amd64/lib/server/libjvm.so
73dc7baa1000-73dc7c90d000 r-xp 002a1000 08:25 2543607                    /usr/lib/jvm/java-21-openjdk-amd64/lib/server/libjvm.so
73dc7c90d000-73dc7cbe5000 r--p 0110d000 08:25 2543607                    /usr/lib/jvm/java-21-openjdk-amd64/lib/server/libjvm.so
73dc7cbe5000-73dc7ccb8000 r--p 013e5000 08:25 2543607                    /usr/lib/jvm/java-21-openjdk-amd64/lib/server/libjvm.so
73dc7ccb8000-73dc7cce8000 rw-p 014b8000 08:25 2543607                    /usr/lib/jvm/java-21-openjdk-amd64/lib/server/libjvm.so
73dc7cce8000-73dc7cd4e000 rw-p 00000000 00:00 0 
73dc7cd50000-73dc7cd57000 r--s 00000000 08:25 1870331                    /usr/lib/x86_64-linux-gnu/gconv/gconv-modules.cache
73dc7cd57000-73dc7cd5e000 r--p 00000000 08:25 2543593                    /usr/lib/jvm/java-21-openjdk-amd64/lib/libnio.so
73dc7cd5e000-73dc7cd67000 r-xp 00007000 08:25 2543593                    /usr/lib/jvm/java-21-openjdk-amd64/lib/libnio.so
73dc7cd67000-73dc7cd6b000 r--p 00010000 08:25 2543593                    /usr/lib/jvm/java-21-openjdk-amd64/lib/libnio.so
73dc7cd6b000-73dc7cd6c000 r--p 00014000 08:25 2543593                    /usr/lib/jvm/java-21-openjdk-amd64/lib/libnio.so
73dc7cd6c000-73dc7cd6d000 rw-p 00015000 08:25 2543593                    /usr/lib/jvm/java-21-openjdk-amd64/lib/libnio.so
73dc7cd6d000-73dc7cdae000 rw-p 00000000 00:00 0 
73dc7cdae000-73dc7cdbb000 r--p 00000000 08:25 2543578                    /usr/lib/jvm/java-21-openjdk-amd64/lib/libjava.so
73dc7cdbb000-73dc7cdca000 r-xp 0000d000 08:25 2543578                    /usr/lib/jvm/java-21-openjdk-amd64/lib/libjava.so
73dc7cdca000-73dc7cdcf000 r--p 0001c000 08:25 2543578                    /usr/lib/jvm/java-21-openjdk-amd64/lib/libjava.so
73dc7cdcf000-73dc7cdd0000 r--p 00021000 08:25 2543578                    /usr/lib/jvm/java-21-openjdk-amd64/lib/libjava.so
73dc7cdd0000-73dc7cdd1000 rw-p 00022000 08:25 2543578                    /usr/lib/jvm/java-21-openjdk-amd64/lib/libjava.so
73dc7cdd1000-73dc7cdd2000 rw-p 00000000 00:00 0 
73dc7cdd2000-73dc7cdd6000 r--p 00000000 08:25 1868124                    /usr/lib/x86_64-linux-gnu/libgcc_s.so.1
73dc7cdd6000-73dc7cdfa000 r-xp 00004000 08:25 1868124                    /usr/lib/x86_64-linux-gnu/libgcc_s.so.1
73dc7cdfa000-73dc7cdfe000 r--p 00028000 08:25 1868124                    /usr/lib/x86_64-linux-gnu/libgcc_s.so.1
73dc7cdfe000-73dc7cdff000 r--p 0002b000 08:25 1868124                    /usr/lib/x86_64-linux-gnu/libgcc_s.so.1
73dc7cdff000-73dc7ce00000 rw-p 0002c000 08:25 1868124                    /usr/lib/x86_64-linux-gnu/libgcc_s.so.1
73dc7ce00000-73dc7ce28000 r--p 00000000 08:25 1867753                    /usr/lib/x86_64-linux-gnu/libc.so.6
73dc7ce28000-73dc7cfb0000 r-xp 00028000 08:25 1867753                    /usr/lib/x86_64-linux-gnu/libc.so.6
73dc7cfb0000-73dc7cfff000 r--p 001b0000 08:25 1867753                    /usr/lib/x86_64-linux-gnu/libc.so.6
73dc7cfff000-73dc7d003000 r--p 001fe000 08:25 1867753                    /usr/lib/x86_64-linux-gnu/libc.so.6
73dc7d003000-73dc7d005000 rw-p 00202000 08:25 1867753                    /usr/lib/x86_64-linux-gnu/libc.so.6
73dc7d005000-73dc7d012000 rw-p 00000000 00:00 0 
73dc7d016000-73dc7d019000 r--p 00000000 08:25 2543592                    /usr/lib/jvm/java-21-openjdk-amd64/lib/libnet.so
73dc7d019000-73dc7d021000 r-xp 00003000 08:25 2543592                    /usr/lib/jvm/java-21-openjdk-amd64/lib/libnet.so
73dc7d021000-73dc7d023000 r--p 0000b000 08:25 2543592                    /usr/lib/jvm/java-21-openjdk-amd64/lib/libnet.so
73dc7d023000-73dc7d024000 r--p 0000c000 08:25 2543592                    /usr/lib/jvm/java-21-openjdk-amd64/lib/libnet.so
73dc7d024000-73dc7d025000 rw-p 0000d000 08:25 2543592                    /usr/lib/jvm/java-21-openjdk-amd64/lib/libnet.so
73dc7d025000-73dc7d02a000 rw-p 00000000 00:00 0 
73dc7d02a000-73dc7d031000 ---p 00000000 00:00 0 
73dc7d031000-73dc7d033000 rw-p 00000000 00:00 0 
73dc7d033000-73dc7d035000 r--p 00000000 08:25 2543582                    /usr/lib/jvm/java-21-openjdk-amd64/lib/libjli.so
73dc7d035000-73dc7d03f000 r-xp 00002000 08:25 2543582                    /usr/lib/jvm/java-21-openjdk-amd64/lib/libjli.so
73dc7d03f000-73dc7d042000 r--p 0000c000 08:25 2543582                    /usr/lib/jvm/java-21-openjdk-amd64/lib/libjli.so
73dc7d042000-73dc7d043000 r--p 0000f000 08:25 2543582                    /usr/lib/jvm/java-21-openjdk-amd64/lib/libjli.so
73dc7d043000-73dc7d044000 rw-p 00010000 08:25 2543582                    /usr/lib/jvm/java-21-openjdk-amd64/lib/libjli.so
73dc7d044000-73dc7d046000 r--p 00000000 08:25 1869333                    /usr/lib/x86_64-linux-gnu/libz.so.1.3
73dc7d046000-73dc7d058000 r-xp 00002000 08:25 1869333                    /usr/lib/x86_64-linux-gnu/libz.so.1.3
73dc7d058000-73dc7d05e000 r--p 00014000 08:25 1869333                    /usr/lib/x86_64-linux-gnu/libz.so.1.3
73dc7d05e000-73dc7d05f000 r--p 0001a000 08:25 1869333                    /usr/lib/x86_64-linux-gnu/libz.so.1.3
73dc7d05f000-73dc7d060000 rw-p 0001b000 08:25 1869333                    /usr/lib/x86_64-linux-gnu/libz.so.1.3
73dc7d060000-73dc7d068000 rw-s 00000000 08:25 2658427                    /tmp/hsperfdata_edu/12443
73dc7d068000-73dc7d069000 ---p 00000000 00:00 0 
73dc7d069000-73dc7d06a000 r--p 00000000 00:00 0 
73dc7d06a000-73dc7d06b000 ---p 00000000 00:00 0 
73dc7d06b000-73dc7d06d000 r--p 00000000 08:25 2543581                    /usr/lib/jvm/java-21-openjdk-amd64/lib/libjimage.so
73dc7d06d000-73dc7d070000 r-xp 00002000 08:25 2543581                    /usr/lib/jvm/java-21-openjdk-amd64/lib/libjimage.so
73dc7d070000-73dc7d071000 r--p 00005000 08:25 2543581                    /usr/lib/jvm/java-21-openjdk-amd64/lib/libjimage.so
73dc7d071000-73dc7d072000 r--p 00006000 08:25 2543581                    /usr/lib/jvm/java-21-openjdk-amd64/lib/libjimage.so
73dc7d072000-73dc7d073000 rw-p 00007000 08:25 2543581                    /usr/lib/jvm/java-21-openjdk-amd64/lib/libjimage.so
73dc7d073000-73dc7d075000 rw-p 00000000 00:00 0 
73dc7d075000-73dc7d076000 r--p 00000000 08:25 1867323                    /usr/lib/x86_64-linux-gnu/ld-linux-x86-64.so.2
73dc7d076000-73dc7d0a1000 r-xp 00001000 08:25 1867323                    /usr/lib/x86_64-linux-gnu/ld-linux-x86-64.so.2
73dc7d0a1000-73dc7d0ab000 r--p 0002c000 08:25 1867323                    /usr/lib/x86_64-linux-gnu/ld-linux-x86-64.so.2
73dc7d0ab000-73dc7d0ad000 r--p 00036000 08:25 1867323                    /usr/lib/x86_64-linux-gnu/ld-linux-x86-64.so.2
73dc7d0ad000-73dc7d0af000 rw-p 00038000 08:25 1867323                    /usr/lib/x86_64-linux-gnu/ld-linux-x86-64.so.2
7ffff9cda000-7ffff9cfb000 rw-p 00000000 00:00 0                          [stack]
7ffff9def000-7ffff9df3000 r--p 00000000 00:00 0                          [vvar]
7ffff9df3000-7ffff9df5000 r-xp 00000000 00:00 0                          [vdso]
ffffffffff600000-ffffffffff601000 --xp 00000000 00:00 0                  [vsyscall]
Total number of mappings: 257


VM Arguments:
jvm_args: -Dclassworlds.conf=/usr/lib/apache-netbeans/java/maven/bin/m2.conf -Dmaven.home=/usr/lib/apache-netbeans/java/maven -Dlibrary.jansi.path=/usr/lib/apache-netbeans/java/maven/lib/jansi-native -Dmaven.multiModuleProjectDirectory=/home/edu/IPC2-2025/AnalizadorLexico2/AnalizadorLexico 
java_command: org.codehaus.plexus.classworlds.launcher.Launcher -Dmaven.ext.class.path=/usr/lib/apache-netbeans/java/maven-nblib/netbeans-eventspy.jar --no-transfer-progress clean install
java_class_path (initial): /usr/lib/apache-netbeans/java/maven/boot/plexus-classworlds-2.8.0.jar
Launcher Type: SUN_STANDARD

[Global flags]
     intx CICompilerCount                          = 4                                         {product} {ergonomic}
     uint ConcGCThreads                            = 3                                         {product} {ergonomic}
     uint G1ConcRefinementThreads                  = 10                                        {product} {ergonomic}
   size_t G1HeapRegionSize                         = 1048576                                   {product} {ergonomic}
    uintx GCDrainStackTargetSize                   = 64                                        {product} {ergonomic}
   size_t InitialHeapSize                          = 127926272                                 {product} {ergonomic}
   size_t MarkStackSize                            = 4194304                                   {product} {ergonomic}
   size_t MaxHeapSize                              = 2040528896                                {product} {ergonomic}
   size_t MaxNewSize                               = 1223688192                                {product} {ergonomic}
   size_t MinHeapDeltaBytes                        = 1048576                                   {product} {ergonomic}
   size_t MinHeapSize                              = 8388608                                   {product} {ergonomic}
    uintx NonNMethodCodeHeapSize                   = 5839372                                {pd product} {ergonomic}
    uintx NonProfiledCodeHeapSize                  = 122909434                              {pd product} {ergonomic}
    uintx ProfiledCodeHeapSize                     = 122909434                              {pd product} {ergonomic}
    uintx ReservedCodeCacheSize                    = 251658240                              {pd product} {ergonomic}
     bool SegmentedCodeCache                       = true                                      {product} {ergonomic}
   size_t SoftMaxHeapSize                          = 2040528896                             {manageable} {ergonomic}
     bool UseCompressedOops                        = true                           {product lp64_product} {ergonomic}
     bool UseG1GC                                  = true                                      {product} {ergonomic}

Logging:
Log output configuration:
 #0: stdout all=warning uptime,level,tags foldmultilines=false
 #1: stderr all=off uptime,level,tags foldmultilines=false

Environment Variables:
JAVA_HOME=/usr/lib/jvm/java-21-openjdk-amd64
PATH=/usr/local/sbin:/usr/local/bin:/usr/sbin:/usr/bin:/sbin:/bin:/usr/games:/usr/local/games:/snap/bin
SHELL=/bin/bash
DISPLAY=:0
LANG=es_GT.UTF-8

Active Locale:
LC_ALL=es_GT.UTF-8
LC_COLLATE=es_GT.UTF-8
LC_CTYPE=es_GT.UTF-8
LC_MESSAGES=es_GT.UTF-8
LC_MONETARY=es_GT.UTF-8
LC_NUMERIC=es_GT.UTF-8
LC_TIME=es_GT.UTF-8

Signal Handlers:
   SIGSEGV: crash_handler in libjvm.so, mask=11100100010111111101111111111110, flags=SA_RESTART|SA_SIGINFO, unblocked
    SIGBUS: crash_handler in libjvm.so, mask=11100100010111111101111111111110, flags=SA_RESTART|SA_SIGINFO, unblocked
    SIGFPE: crash_handler in libjvm.so, mask=11100100010111111101111111111110, flags=SA_RESTART|SA_SIGINFO, unblocked
   SIGPIPE: javaSignalHandler in libjvm.so, mask=11100100010111111101111111111110, flags=SA_RESTART|SA_SIGINFO, blocked
   SIGXFSZ: javaSignalHandler in libjvm.so, mask=11100100010111111101111111111110, flags=SA_RESTART|SA_SIGINFO, blocked
    SIGILL: crash_handler in libjvm.so, mask=11100100010111111101111111111110, flags=SA_RESTART|SA_SIGINFO, unblocked
   SIGUSR2: SR_handler in libjvm.so, mask=00000000000000000000000000000000, flags=SA_RESTART|SA_SIGINFO, blocked
    SIGHUP: UserHandler in libjvm.so, mask=11100100010111111101111111111110, flags=SA_RESTART|SA_SIGINFO, blocked
    SIGINT: SIG_IGN, mask=00000000000000000000000000000000, flags=none, blocked
   SIGTERM: UserHandler in libjvm.so, mask=11100100010111111101111111111110, flags=SA_RESTART|SA_SIGINFO, blocked
   SIGQUIT: UserHandler in libjvm.so, mask=11100100010111111101111111111110, flags=SA_RESTART|SA_SIGINFO, blocked
   SIGTRAP: crash_handler in libjvm.so, mask=11100100010111111101111111111110, flags=SA_RESTART|SA_SIGINFO, unblocked


Periodic native trim disabled

---------------  S Y S T E M  ---------------

OS:
DISTRIB_ID=LinuxMint
DISTRIB_RELEASE=22.1
DISTRIB_CODENAME=xia
DISTRIB_DESCRIPTION="Linux Mint 22.1 Xia"
uname: Linux 6.8.0-51-generic #52-Ubuntu SMP PREEMPT_DYNAMIC Thu Dec  5 13:09:44 UTC 2024 x86_64
OS uptime: 0 days 4:00 hours
libc: glibc 2.39 NPTL 2.39 
rlimit (soft/hard): STACK 8192k/infinity , CORE 0k/infinity , NPROC 30798/30798 , NOFILE 1048576/1048576 , AS infinity/infinity , CPU infinity/infinity , DATA infinity/infinity , FSIZE infinity/infinity , MEMLOCK 995356k/995356k
load average: 0.16 0.17 0.29

/proc/meminfo:
MemTotal:        7962872 kB
MemFree:         1708928 kB
MemAvailable:    3577872 kB
Buffers:          101800 kB
Cached:          2386408 kB
SwapCached:            0 kB
Active:          4239428 kB
Inactive:        1395160 kB
Active(anon):    3358684 kB
Inactive(anon):   156992 kB
Active(file):     880744 kB
Inactive(file):  1238168 kB
Unevictable:       98708 kB
Mlocked:              64 kB
SwapTotal:      15997944 kB
SwapFree:       15997688 kB
Zswap:                 0 kB
Zswapped:              0 kB
Dirty:               164 kB
Writeback:             0 kB
AnonPages:       3245304 kB
Mapped:           617896 kB
Shmem:            369296 kB
KReclaimable:     192792 kB
Slab:             344204 kB
SReclaimable:     192792 kB
SUnreclaim:       151412 kB
KernelStack:       15504 kB
PageTables:        39312 kB
SecPageTables:         0 kB
NFS_Unstable:          0 kB
Bounce:                0 kB
WritebackTmp:          0 kB
CommitLimit:    19979380 kB
Committed_AS:   14727836 kB
VmallocTotal:   34359738367 kB
VmallocUsed:       40016 kB
VmallocChunk:          0 kB
Percpu:             8016 kB
HardwareCorrupted:     0 kB
AnonHugePages:         0 kB
ShmemHugePages:        0 kB
ShmemPmdMapped:        0 kB
FileHugePages:         0 kB
FilePmdMapped:         0 kB
Unaccepted:            0 kB
HugePages_Total:       0
HugePages_Free:        0
HugePages_Rsvd:        0
HugePages_Surp:        0
Hugepagesize:       2048 kB
Hugetlb:               0 kB
DirectMap4k:      178724 kB
DirectMap2M:     4898816 kB
DirectMap1G:     3145728 kB

/sys/kernel/mm/transparent_hugepage/enabled: always [madvise] never
/sys/kernel/mm/transparent_hugepage/hpage_pmd_size: 2097152
/sys/kernel/mm/transparent_hugepage/defrag (defrag/compaction efforts parameter): always defer defer+madvise [madvise] never

Process Memory:
Virtual Size: 5444244K (peak: 5444948K)
Resident Set Size: 213656K (peak: 213656K) (anon: 183140K, file: 30516K, shmem: 0K)
Swapped out: 0K
C-Heap outstanding allocations: 79674K, retained: 6753K
glibc malloc tunables: (default)

/proc/sys/kernel/threads-max (system-wide limit on the number of threads): 61597
/proc/sys/vm/max_map_count (maximum number of memory map areas a process may have): 1048576
/proc/sys/vm/swappiness (control to define how aggressively the kernel swaps out anonymous memory): 60
/proc/sys/kernel/pid_max (system-wide limit on number of process identifiers): 4194304

container (cgroup) information:
container_type: cgroupv2
cpu_cpuset_cpus: not supported
cpu_memory_nodes: not supported
active_processor_count: 12
cpu_quota: no quota
cpu_period: 100000
cpu_shares: no shares
memory_limit_in_bytes: unlimited
memory_and_swap_limit_in_bytes: unlimited
memory_soft_limit_in_bytes: unlimited
memory_usage_in_bytes: 4195656 k
memory_max_usage_in_bytes: not supported
memory_swap_current_in_bytes: unlimited
memory_swap_max_limit_in_bytes: unlimited
maximum number of tasks: unlimited
current number of tasks: 460

Steal ticks since vm start: 0
Steal ticks percentage since vm start:  0.000

CPU: total 12 (initial active 12) (6 cores per cpu, 2 threads per core) family 6 model 165 stepping 3 microcode 0xfc, cx8, cmov, fxsr, ht, mmx, 3dnowpref, sse, sse2, sse3, ssse3, sse4.1, sse4.2, popcnt, lzcnt, tsc, tscinvbit, avx, avx2, aes, erms, clmul, bmi1, bmi2, adx, fma, vzeroupper, clflush, clflushopt, rdtscp, f16c
CPU Model and flags from /proc/cpuinfo:
model name	: Intel(R) Core(TM) i5-10400 CPU @ 2.90GHz
flags		: fpu vme de pse tsc msr pae mce cx8 apic sep mtrr pge mca cmov pat pse36 clflush dts acpi mmx fxsr sse sse2 ss ht tm pbe syscall nx pdpe1gb rdtscp lm constant_tsc art arch_perfmon pebs bts rep_good nopl xtopology nonstop_tsc cpuid aperfmperf pni pclmulqdq dtes64 monitor ds_cpl vmx est tm2 ssse3 sdbg fma cx16 xtpr pdcm pcid sse4_1 sse4_2 x2apic movbe popcnt tsc_deadline_timer aes xsave avx f16c rdrand lahf_lm abm 3dnowprefetch cpuid_fault epb ssbd ibrs ibpb stibp ibrs_enhanced tpr_shadow flexpriority ept vpid ept_ad fsgsbase tsc_adjust bmi1 avx2 smep bmi2 erms invpcid mpx rdseed adx smap clflushopt intel_pt xsaveopt xsavec xgetbv1 xsaves dtherm ida arat pln pts hwp hwp_notify hwp_act_window hwp_epp vnmi md_clear flush_l1d arch_capabilities

Online cpus: 0-11
Offline cpus: 
BIOS frequency limitation: <Not Available>
Frequency switch latency (ns): 0
Available cpu frequencies: <Not Available>
Current governor: powersave
Core performance/turbo boost: <Not Available>

Memory: 4k page, physical 7962872k(3577872k free), swap 15997944k(15997688k free)
Page Sizes: 4k

vm_info: OpenJDK 64-Bit Server VM (21.0.6+7-Ubuntu-124.04.1) for linux-amd64 JRE (21.0.6+7-Ubuntu-124.04.1), built on 2025-01-23T22:52:35Z by "buildd" with gcc 13.3.0

END.
