#
# A fatal error has been detected by the Java Runtime Environment:
#
#  SIGSEGV (0xb) at pc=0x00007517d802b28a, pid=13403, tid=13448
#
# JRE version: OpenJDK Runtime Environment (21.0.6+7) (build 21.0.6+7-Ubuntu-124.04.1)
# Java VM: OpenJDK 64-Bit Server VM (21.0.6+7-Ubuntu-124.04.1, mixed mode, sharing, tiered, compressed oops, compressed class ptrs, g1 gc, linux-amd64)
# Problematic frame:
# V  [libjvm.so+0x82b28a]  G1ScanHRForRegionClosure::scan_heap_roots(HeapRegion*)+0x9ba
#
# Core dump will be written. Default location: Core dumps may be processed with "/usr/lib/systemd/systemd-coredump %P %u %g %s %t 9223372036854775808 %h" (or dumping to /home/edu/IPC2-2025/AnalizadorLexico2/AnalizadorLexico/core.13403)
#
# If you would like to submit a bug report, please visit:
#   https://bugs.launchpad.net/ubuntu/+source/openjdk-21
#

---------------  S U M M A R Y ------------

Command Line: -Dclassworlds.conf=/usr/lib/apache-netbeans/java/maven/bin/m2.conf -Dmaven.home=/usr/lib/apache-netbeans/java/maven -Dlibrary.jansi.path=/usr/lib/apache-netbeans/java/maven/lib/jansi-native -Dmaven.multiModuleProjectDirectory=/home/edu/IPC2-2025/AnalizadorLexico2/AnalizadorLexico org.codehaus.plexus.classworlds.launcher.Launcher -Dmaven.ext.class.path=/usr/lib/apache-netbeans/java/maven-nblib/netbeans-eventspy.jar --no-transfer-progress clean install

Host: Intel(R) Core(TM) i5-10400 CPU @ 2.90GHz, 12 cores, 7G, Linux Mint 22.1 Xia
Time: Thu Oct  2 14:53:04 2025 CST elapsed time: 1.851975 seconds (0d 0h 0m 1s)

---------------  T H R E A D  ---------------

Current thread (0x0000751744015810):  WorkerThread "GC Thread#7"    [id=13448, stack(0x00007517af900000,0x00007517afa00000) (1024K)]

Stack: [0x00007517af900000,0x00007517afa00000],  sp=0x00007517af9feaa0,  free space=1018k
Native frames: (J=compiled Java code, j=interpreted, Vv=VM code, C=native code)
V  [libjvm.so+0x82b28a]  G1ScanHRForRegionClosure::scan_heap_roots(HeapRegion*)+0x9ba
V  [libjvm.so+0x828a2d]  G1RemSet::scan_heap_roots(G1ParScanThreadState*, unsigned int, G1GCPhaseTimes::GCParPhases, G1GCPhaseTimes::GCParPhases, bool)+0x1ed
V  [libjvm.so+0x84bfaf]  G1EvacuateRegionsTask::scan_roots(G1ParScanThreadState*, unsigned int)+0x4f
V  [libjvm.so+0x84c1d9]  G1EvacuateRegionsBaseTask::work(unsigned int)+0x89
V  [libjvm.so+0x103edd0]  WorkerThread::run()+0x80
V  [libjvm.so+0xf83ae7]  Thread::call_run()+0xa7
V  [libjvm.so+0xcfc025]  thread_native_entry(Thread*)+0xd5
C  [libc.so.6+0x9ca94]

siginfo: si_signo: 11 (SIGSEGV), si_code: 1 (SEGV_MAPERR), si_addr: 0x00007518d8cfd968

Registers:
RAX=0x0000000020000075, RBX=0x000000009e1ff528, RCX=0x00007517d8cfd5c0, RDX=0x0000751757000011
RSP=0x00007517af9feaa0, RBP=0x00007517af9febd0, RSI=0x0000000086c8f528, RDI=0x00007517af9feb70
R8 =0xfffffffffffffff8, R9 =0x0000000000000000, R10=0x00007517af9fec80, R11=0x0000000086c00000
R12=0x00007517af9feb70, R13=0x0000000086c8c000, R14=0x00007517d8cbe6e8, R15=0x0000000086c90000
RIP=0x00007517d802b28a, EFLAGS=0x0000000000010216, CSGSFS=0x002b000000000033, ERR=0x0000000000000004
  TRAPNO=0x000000000000000e

XMM[0]=0xffffffffffffffff 0xffffffffffffffff
XMM[1]=0x000000000022c8fa 0x00000000000bfa76
XMM[2]=0x7420676e696e7275 0x7465722065726f66
XMM[3]=0x6420666f20646e45 0x0000003100002268
XMM[4]=0x687420656b616d20 0x2c73696874207869
XMM[5]=0x617463656a6e6920 0x64696c6176206120
XMM[6]=0x2c73696874207869 0x66206f54202e6465
XMM[7]=0x697720646f687465 0x6d20656874202c64
XMM[8]=0x737561636542202e 0x64696c6176207369
XMM[9]=0x0000000000000000 0x0000000000000000
XMM[10]=0x3f3f3f3f3f3f3f3f 0x3f3f3f3f3f3f3f3f
XMM[11]=0x9999999999999999 0x9999999999999999
XMM[12]=0x2020202020202020 0x2020202020202020
XMM[13]=0x0000000000000000 0x0000000000000000
XMM[14]=0x0000000000000000 0x0000000000000000
XMM[15]=0x0000000000000000 0x0000000000000000
  MXCSR=0x00001fa1


Register to memory mapping:

RAX=0x0000000020000075 is an unknown value
RBX=0x000000009e1ff528 is an unallocated location in the heap
RCX=0x00007517d8cfd5c0: <offset 0x00000000014fd5c0> in /usr/lib/jvm/java-21-openjdk-amd64/lib/server/libjvm.so at 0x00007517d7800000
RDX=0x0000751757000011 is pointing into metadata
RSP=0x00007517af9feaa0 points into unknown readable memory: 0x0000751720066960 | 60 69 06 20 17 75 00 00
RBP=0x00007517af9febd0 points into unknown readable memory: 0x00007517af9fed40 | 40 ed 9f af 17 75 00 00
RSI=0x0000000086c8f528 is pointing into object: java.lang.Object 
{0x0000000086c8f520} - klass: 'java/lang/Object'
 - ---- fields (total size 2 words):
RDI=0x00007517af9feb70 points into unknown readable memory: 0x00007517d8bf2a58 | 58 2a bf d8 17 75 00 00
R8 =0xfffffffffffffff8 is an unknown value
R9 =0x0 is null
R10=0x00007517af9fec80 points into unknown readable memory: 0x00007517d8bf2b50 | 50 2b bf d8 17 75 00 00
R11=0x0000000086c00000 is an oop: [B 
{0x0000000086c00000} - klass: {type array byte}
 - length: 9
R12=0x00007517af9feb70 points into unknown readable memory: 0x00007517d8bf2a58 | 58 2a bf d8 17 75 00 00
R13=0x0000000086c8c000 is an oop: java.util.concurrent.ConcurrentHashMap$Node 
{0x0000000086c8c000} - klass: 'java/util/concurrent/ConcurrentHashMap$Node'
 - ---- fields (total size 4 words):
 - final 'hash' 'I' @12  1358381518 (0x50f741ce)
 - final 'key' 'Ljava/lang/Object;' @16  "org.apache.maven.lifecycle.internal.LifecycleModuleBuilder"{0x00000000ffb17090} (0xffb17090)
 - volatile 'val' 'Ljava/lang/Object;' @20  a 'java/lang/Object'{0x0000000086c8c020} (0x86c8c020)
 - volatile 'next' 'Ljava/util/concurrent/ConcurrentHashMap$Node;' @24  a 'java/util/concurrent/ConcurrentHashMap$Node'{0x0000000086c8c030} (0x86c8c030)
R14=0x00007517d8cbe6e8: <offset 0x00000000014be6e8> in /usr/lib/jvm/java-21-openjdk-amd64/lib/server/libjvm.so at 0x00007517d7800000
R15=0x0000000086c90000 is an oop: java.util.concurrent.ConcurrentHashMap$Node 
{0x0000000086c90000} - klass: 'java/util/concurrent/ConcurrentHashMap$Node'
 - ---- fields (total size 4 words):
 - final 'hash' 'I' @12  444171272 (0x1a798408)
 - final 'key' 'Ljava/lang/Object;' @16  "org.eclipse.aether.internal.impl.checksum.SummaryFileTrustedChecksumsSource$SummaryFileWriter"{0x00000000ff7c9a78} (0xff7c9a78)
 - volatile 'val' 'Ljava/lang/Object;' @20  a 'java/lang/Object'{0x0000000086c90020} (0x86c90020)
 - volatile 'next' 'Ljava/util/concurrent/ConcurrentHashMap$Node;' @24  a 'java/util/concurrent/ConcurrentHashMap$Node'{0x0000000086c90030} (0x86c90030)

Top of Stack: (sp=0x00007517af9feaa0)
0x00007517af9feaa0:   0000751720066960 0000751720066970
0x00007517af9feab0:   0000751720066960 0000751720066970
0x00007517af9feac0:   00000000000003d8 0000751744015bb0
0x00007517af9fead0:   00007517af9febe0 00007517d803795b
0x00007517af9feae0:   00007517af9feb30 00007517af9feb50
0x00007517af9feaf0:   00007516d8052120 0000000000000018
0x00007517af9feb00:   0000000000000006 0000751720066d48
0x00007517af9feb10:   00007517d004bb40 00007517af9fec80
0x00007517af9feb20:   00007517d5e03480 01007517af9fec50
0x00007517af9feb30:   0000000000000800 00007517d5e03480
0x00007517af9feb40:   0000000086c90000 000000013fdf7066
0x00007517af9feb50:   0000000000000020 0000000000000030
0x00007517af9feb60:   00007517af9feb70 000000013fdf37ce
0x00007517af9feb70:   00007517d8bf2a58 0000000000000000
0x00007517af9feb80:   00007517d002cd70 00007516d80519d0
0x00007517af9feb90:   00007517af9fecd0 00007517d7ffc302
0x00007517af9feba0:   000000006e2a249d 00007517d002cd70
0x00007517af9febb0:   00007517d00b3bb0 00007517af9fec50
0x00007517af9febc0:   00007517d8cff4b8 0000000000000002
0x00007517af9febd0:   00007517af9fed40 00007517d8028a2d
0x00007517af9febe0:   00007517d004bb00 0000001400000001
0x00007517af9febf0:   0000000000000000 00007517d004bb40
0x00007517af9fec00:   00007517af9fec80 0000000600000010
0x00007517af9fec10:   0000000100000002 0000000000000003
0x00007517af9fec20:   0000000000000000 0000000000000000
0x00007517af9fec30:   0000000000000000 0000000000000000
0x00007517af9fec40:   00007517af000000 00007517d84f0530
0x00007517af9fec50:   00007516d80519d0 000000006e2a249d
0x00007517af9fec60:   000000013fb3d462 00007517af9fecd8
0x00007517af9fec70:   00007517af9fece8 0000000000000000
0x00007517af9fec80:   00007517d8bf2b50 0000751700000001
0x00007517af9fec90:   00007517d002cd70 00007517d0037230 

Instructions: (pc=0x00007517d802b28a)
0x00007517d802b18a:   00 8b 10 89 c8 c1 f8 10 44 8d 42 ff 0f b6 c0 f7
0x00007517d802b19a:   da 4d 63 c0 48 63 d2 4c 01 c0 4e 63 04 0e 49 d3
0x00007517d802b1aa:   e0 4c 01 c0 48 21 d0 48 c1 e8 03 48 8d 1c c6 40
0x00007517d802b1ba:   84 ff 0f 85 ff fe ff ff 48 8b 56 08 48 63 4a 0c
0x00007517d802b1ca:   83 f9 06 0f 85 0e ff ff ff 49 39 de 72 10 48 8b
0x00007517d802b1da:   85 50 ff ff ff 48 39 c6 0f 83 f9 fe ff ff 48 8b
0x00007517d802b1ea:   8d 50 ff ff ff 4c 8b 85 48 ff ff ff 48 8b 7d 90
0x00007517d802b1fa:   ff 15 30 24 cd 00 0f b6 95 5f ff ff ff 4c 39 f3
0x00007517d802b20a:   0f 82 ea fe ff ff 49 89 dd 84 d2 48 8b 85 70 ff
0x00007517d802b21a:   ff ff 4c 8b bd 20 ff ff ff 4d 0f 44 f5 4c 8b 85
0x00007517d802b22a:   50 ff ff ff 48 8b 9d 18 ff ff ff 4c 8b 95 10 ff
0x00007517d802b23a:   ff ff 4d 89 f4 4d 89 e5 49 39 c4 0f 83 b1 fa ff
0x00007517d802b24a:   ff 0f 1f 44 00 00 4c 89 bd 68 ff ff ff 4c 89 e6
0x00007517d802b25a:   4c 8d 35 87 34 c9 00 4d 89 c5 48 89 9d 50 ff ff
0x00007517d802b26a:   ff 4c 8b bd 70 ff ff ff 4c 89 95 48 ff ff ff 4c
0x00007517d802b27a:   8b 65 90 eb 1c 90 48 8d 0d 39 23 cd 00 4c 89 e7
0x00007517d802b28a:   ff 14 c1 31 c0 4c 39 fb 0f 83 b2 00 00 00 48 89
0x00007517d802b29a:   de 41 0f b6 3e 40 84 ff 0f 84 80 01 00 00 48 8d
0x00007517d802b2aa:   05 d1 1b c9 00 8b 56 08 8b 48 08 48 d3 e2 48 03
0x00007517d802b2ba:   10 8b 4a 08 85 c9 0f 8e c2 01 00 00 f6 c1 01 74
0x00007517d802b2ca:   1a 48 8b 02 48 8d 1d eb a3 ab ff 48 8b 80 00 01
0x00007517d802b2da:   00 00 48 39 d8 0f 85 d0 01 00 00 89 c8 c1 f8 03
0x00007517d802b2ea:   48 98 48 8d 1c c6 40 84 ff 0f 84 83 01 00 00 48
0x00007517d802b2fa:   8d 05 80 1b c9 00 8b 56 08 8b 48 08 48 d3 e2 48
0x00007517d802b30a:   03 10 48 63 42 0c 83 f8 06 0f 85 67 ff ff ff 4c
0x00007517d802b31a:   39 ee 72 09 49 39 df 0f 83 59 ff ff ff 4c 8b 85
0x00007517d802b32a:   60 ff ff ff 4c 89 e9 4c 89 e7 ff 15 f6 22 cd 00
0x00007517d802b33a:   0f b6 85 5f ff ff ff 4c 39 fb 0f 82 4e ff ff ff
0x00007517d802b34a:   49 89 dd 84 c0 4c 8b bd 68 ff ff ff 48 8b 9d 50
0x00007517d802b35a:   ff ff ff 4c 8b 95 48 ff ff ff 4c 0f 45 ad 70 ff
0x00007517d802b36a:   ff ff e9 8b f9 ff ff 0f 1f 80 00 00 00 00 49 8b
0x00007517d802b37a:   7c 24 08 8b 4f 08 85 c9 0f 8f 20 fc ff ff 74 56 


Stack slot to memory mapping:

stack at sp + 0 slots: 0x0000751720066960 points into unknown readable memory: 0x0000000000000000 | 00 00 00 00 00 00 00 00
stack at sp + 1 slots: 0x0000751720066970 points into unknown readable memory: 0x6e616c2e6176616a | 6a 61 76 61 2e 6c 61 6e
stack at sp + 2 slots: 0x0000751720066960 points into unknown readable memory: 0x0000000000000000 | 00 00 00 00 00 00 00 00
stack at sp + 3 slots: 0x0000751720066970 points into unknown readable memory: 0x6e616c2e6176616a | 6a 61 76 61 2e 6c 61 6e
stack at sp + 4 slots: 0x00000000000003d8 is an unknown value
stack at sp + 5 slots: 0x0000751744015bb0 points into unknown readable memory: 0x0000000000000002 | 02 00 00 00 00 00 00 00
stack at sp + 6 slots: 0x00007517af9febe0 points into unknown readable memory: 0x00007517d004bb00 | 00 bb 04 d0 17 75 00 00
stack at sp + 7 slots: 0x00007517d803795b: <offset 0x000000000083795b> in /usr/lib/jvm/java-21-openjdk-amd64/lib/server/libjvm.so at 0x00007517d7800000


---------------  P R O C E S S  ---------------

Threads class SMR info:
_java_thread_list=0x000075171c1ea610, length=12, elements={
0x00007517d00195d0, 0x00007517d0153070, 0x00007517d0154700, 0x00007517d0155ea0,
0x00007517d01574e0, 0x00007517d0158a80, 0x00007517d015a5c0, 0x00007517d015bc80,
0x00007517d0167b20, 0x00007517d016ae50, 0x000075171c13f070, 0x000075171c1e9490
}

Java Threads: ( => current thread )
  0x00007517d00195d0 JavaThread "main"                              [_thread_blocked, id=13421, stack(0x00007517d7300000,0x00007517d7400000) (1024K)]
  0x00007517d0153070 JavaThread "Reference Handler"          daemon [_thread_blocked, id=13429, stack(0x00007517d4c14000,0x00007517d4d14000) (1024K)]
  0x00007517d0154700 JavaThread "Finalizer"                  daemon [_thread_blocked, id=13430, stack(0x00007517d4300000,0x00007517d4400000) (1024K)]
  0x00007517d0155ea0 JavaThread "Signal Dispatcher"          daemon [_thread_blocked, id=13431, stack(0x00007517d4200000,0x00007517d4300000) (1024K)]
  0x00007517d01574e0 JavaThread "Service Thread"             daemon [_thread_blocked, id=13432, stack(0x00007517d4100000,0x00007517d4200000) (1024K)]
  0x00007517d0158a80 JavaThread "Monitor Deflation Thread"   daemon [_thread_blocked, id=13433, stack(0x00007517d4000000,0x00007517d4100000) (1024K)]
  0x00007517d015a5c0 JavaThread "C2 CompilerThread0"         daemon [_thread_blocked, id=13434, stack(0x00007517cff00000,0x00007517d0000000) (1024K)]
  0x00007517d015bc80 JavaThread "C1 CompilerThread0"         daemon [_thread_blocked, id=13435, stack(0x00007517b8700000,0x00007517b8800000) (1024K)]
  0x00007517d0167b20 JavaThread "Notification Thread"        daemon [_thread_blocked, id=13436, stack(0x00007517b4700000,0x00007517b4800000) (1024K)]
  0x00007517d016ae50 JavaThread "Common-Cleaner"             daemon [_thread_blocked, id=13437, stack(0x00007517b4600000,0x00007517b4700000) (1024K)]
  0x000075171c13f070 JavaThread "C2 CompilerThread1"         daemon [_thread_blocked, id=13439, stack(0x00007517b4500000,0x00007517b4600000) (1024K)]
  0x000075171c1e9490 JavaThread "C2 CompilerThread2"         daemon [_thread_in_native, id=13440, stack(0x00007517b4400000,0x00007517b4500000) (1024K)]
Total: 12

Other Threads:
  0x00007517d0149f50 VMThread "VM Thread"                           [id=13428, stack(0x00007517d4d15000,0x00007517d4e15000) (1024K)]
  0x00007517d01380a0 WatcherThread "VM Periodic Task Thread"        [id=13427, stack(0x00007517d4e16000,0x00007517d4f16000) (1024K)]
  0x00007517d0070e80 WorkerThread "GC Thread#0"                     [id=13422, stack(0x00007517d6620000,0x00007517d6720000) (1024K)]
  0x0000751744008400 WorkerThread "GC Thread#1"                     [id=13441, stack(0x00007517b4300000,0x00007517b4400000) (1024K)]
  0x0000751744010e40 WorkerThread "GC Thread#2"                     [id=13442, stack(0x00007517b41ff000,0x00007517b42ff000) (1024K)]
  0x0000751744010380 WorkerThread "GC Thread#3"                     [id=13444, stack(0x00007517b40fe000,0x00007517b41fe000) (1024K)]
  0x0000751744013780 WorkerThread "GC Thread#4"                     [id=13445, stack(0x00007517aff00000,0x00007517b0000000) (1024K)]
  0x0000751744014230 WorkerThread "GC Thread#5"                     [id=13446, stack(0x00007517afdff000,0x00007517afeff000) (1024K)]
  0x0000751744014d20 WorkerThread "GC Thread#6"                     [id=13447, stack(0x00007517afcfe000,0x00007517afdfe000) (1024K)]
=>0x0000751744015810 WorkerThread "GC Thread#7"                     [id=13448, stack(0x00007517af900000,0x00007517afa00000) (1024K)]
  0x0000751744016320 WorkerThread "GC Thread#8"                     [id=13449, stack(0x00007517af7ff000,0x00007517af8ff000) (1024K)]
  0x0000751744012860 WorkerThread "GC Thread#9"                     [id=13457, stack(0x00007517af513000,0x00007517af613000) (1024K)]
  0x00007517d00817f0 ConcurrentGCThread "G1 Main Marker"            [id=13423, stack(0x00007517d5d00000,0x00007517d5e00000) (1024K)]
  0x00007517d00827a0 WorkerThread "G1 Conc#0"                       [id=13424, stack(0x00007517d5bff000,0x00007517d5cff000) (1024K)]
  0x00007517a8000d80 WorkerThread "G1 Conc#1"                       [id=13458, stack(0x00007517af412000,0x00007517af512000) (1024K)]
  0x00007517a80018b0 WorkerThread "G1 Conc#2"                       [id=13459, stack(0x00007517af311000,0x00007517af411000) (1024K)]
  0x00007517d011c760 ConcurrentGCThread "G1 Refine#0"               [id=13425, stack(0x00007517d50f4000,0x00007517d51f4000) (1024K)]
  0x00007517d011d720 ConcurrentGCThread "G1 Service"                [id=13426, stack(0x00007517d4ff3000,0x00007517d50f3000) (1024K)]
Total: 18

Threads with active compile tasks:
C2 CompilerThread0  1855 4845   !   4       com.sun.tools.javac.jvm.PoolReader::resolve (400 bytes)
C1 CompilerThread0  1855 5085       3       com.sun.tools.javac.tree.TreeMaker::Assign (20 bytes)
C2 CompilerThread1  1855 5013       4       jdk.internal.org.objectweb.asm.SymbolTable::addConstantUtf8 (98 bytes)
C2 CompilerThread2  1855 4714   !   4       com.sun.tools.javac.jvm.ClassReader::classSigToType (482 bytes)
Total: 4

VM state: at safepoint (normal execution)

VM Mutex/Monitor currently owned by a thread:  ([mutex/lock_event])
[0x00007517d8d19cf8] Threads_lock - owner thread: 0x00007517d0149f50
[0x00007517d8d19bf8] Heap_lock - owner thread: 0x00007517d00195d0

Heap address: 0x0000000086600000, size: 1946 MB, Compressed Oops mode: 32-bit

CDS archive(s) mapped at: [0x0000751757000000-0x0000751757c97000-0x0000751757c97000), size 13201408, SharedBaseAddress: 0x0000751757000000, ArchiveRelocationMode: 1.
Compressed class space mapped at: 0x0000751758000000-0x0000751798000000, reserved size: 1073741824
Narrow klass base: 0x0000751757000000, Narrow klass shift: 0, Narrow klass range: 0x100000000

GC Precious Log:
 CardTable entry size: 512
 Card Set container configuration: InlinePtr #cards 5 size 8 Array Of Cards #cards 12 size 40 Howl #buckets 4 coarsen threshold 1843 Howl Bitmap #cards 512 size 80 coarsen threshold 460 Card regions per heap region 1 cards per card region 2048
 CPUs: 12 total, 12 available
 Memory: 7776M
 Large Page Support: Disabled
 NUMA Support: Disabled
 Compressed Oops: Enabled (32-bit)
 Heap Region Size: 1M
 Heap Min Capacity: 8M
 Heap Initial Capacity: 122M
 Heap Max Capacity: 1946M
 Pre-touch: Disabled
 Parallel Workers: 10
 Concurrent Workers: 3
 Concurrent Refinement Workers: 10
 Periodic GC: Disabled

Heap:
 garbage-first heap   total 89088K, used 67382K [0x0000000086600000, 0x0000000100000000)
  region size 1024K, 56 young (57344K), 9 survivors (9216K)
 Metaspace       used 27533K, committed 27904K, reserved 1114112K
  class space    used 3181K, committed 3328K, reserved 1048576K

Heap Regions: E=young(eden), S=young(survivor), O=old, HS=humongous(starts), HC=humongous(continues), CS=collection set, F=free, TAMS=top-at-mark-start, PB=parsable bottom
|   0|0x0000000086600000, 0x0000000086700000, 0x0000000086700000|100%| O|  |TAMS 0x0000000086600000| PB 0x0000000086600000| Untracked 
|   1|0x0000000086700000, 0x0000000086800000, 0x0000000086800000|100%|HS|  |TAMS 0x0000000086700000| PB 0x0000000086700000| Complete 
|   2|0x0000000086800000, 0x0000000086900000, 0x0000000086900000|100%|HC|  |TAMS 0x0000000086800000| PB 0x0000000086800000| Complete 
|   3|0x0000000086900000, 0x0000000086a00000, 0x0000000086a00000|100%|HS|  |TAMS 0x0000000086900000| PB 0x0000000086900000| Complete 
|   4|0x0000000086a00000, 0x0000000086b00000, 0x0000000086b00000|100%|HC|  |TAMS 0x0000000086a00000| PB 0x0000000086a00000| Complete 
|   5|0x0000000086b00000, 0x0000000086c00000, 0x0000000086c00000|100%| O|  |TAMS 0x0000000086b00000| PB 0x0000000086b00000| Untracked 
|   6|0x0000000086c00000, 0x0000000086d00000, 0x0000000086d00000|100%| O|  |TAMS 0x0000000086c00000| PB 0x0000000086c00000| Untracked 
|   7|0x0000000086d00000, 0x0000000086dc1410, 0x0000000086e00000| 75%| O|  |TAMS 0x0000000086d00000| PB 0x0000000086d00000| Untracked 
|   8|0x0000000086e00000, 0x0000000086f00000, 0x0000000086f00000|100%| E|CS|TAMS 0x0000000086e00000| PB 0x0000000086e00000| Complete 
|   9|0x0000000086f00000, 0x0000000087000000, 0x0000000087000000|100%| E|CS|TAMS 0x0000000086f00000| PB 0x0000000086f00000| Complete 
|  10|0x0000000087000000, 0x0000000087100000, 0x0000000087100000|100%| E|CS|TAMS 0x0000000087000000| PB 0x0000000087000000| Complete 
|  11|0x0000000087100000, 0x0000000087200000, 0x0000000087200000|100%| E|CS|TAMS 0x0000000087100000| PB 0x0000000087100000| Complete 
|  12|0x0000000087200000, 0x0000000087300000, 0x0000000087300000|100%| E|CS|TAMS 0x0000000087200000| PB 0x0000000087200000| Complete 
|  13|0x0000000087300000, 0x0000000087400000, 0x0000000087400000|100%| E|CS|TAMS 0x0000000087300000| PB 0x0000000087300000| Complete 
|  14|0x0000000087400000, 0x0000000087500000, 0x0000000087500000|100%| E|CS|TAMS 0x0000000087400000| PB 0x0000000087400000| Complete 
|  15|0x0000000087500000, 0x0000000087600000, 0x0000000087600000|100%| E|CS|TAMS 0x0000000087500000| PB 0x0000000087500000| Complete 
|  16|0x0000000087600000, 0x0000000087700000, 0x0000000087700000|100%| E|CS|TAMS 0x0000000087600000| PB 0x0000000087600000| Complete 
|  17|0x0000000087700000, 0x0000000087800000, 0x0000000087800000|100%| E|CS|TAMS 0x0000000087700000| PB 0x0000000087700000| Complete 
|  18|0x0000000087800000, 0x0000000087900000, 0x0000000087900000|100%| E|CS|TAMS 0x0000000087800000| PB 0x0000000087800000| Complete 
|  19|0x0000000087900000, 0x0000000087a00000, 0x0000000087a00000|100%| E|CS|TAMS 0x0000000087900000| PB 0x0000000087900000| Complete 
|  20|0x0000000087a00000, 0x0000000087b00000, 0x0000000087b00000|100%| E|CS|TAMS 0x0000000087a00000| PB 0x0000000087a00000| Complete 
|  21|0x0000000087b00000, 0x0000000087c00000, 0x0000000087c00000|100%| E|CS|TAMS 0x0000000087b00000| PB 0x0000000087b00000| Complete 
|  22|0x0000000087c00000, 0x0000000087d00000, 0x0000000087d00000|100%| E|CS|TAMS 0x0000000087c00000| PB 0x0000000087c00000| Complete 
|  23|0x0000000087d00000, 0x0000000087e00000, 0x0000000087e00000|100%| E|CS|TAMS 0x0000000087d00000| PB 0x0000000087d00000| Complete 
|  24|0x0000000087e00000, 0x0000000087f00000, 0x0000000087f00000|100%| E|CS|TAMS 0x0000000087e00000| PB 0x0000000087e00000| Complete 
|  25|0x0000000087f00000, 0x0000000088000000, 0x0000000088000000|100%| E|CS|TAMS 0x0000000087f00000| PB 0x0000000087f00000| Complete 
|  26|0x0000000088000000, 0x0000000088100000, 0x0000000088100000|100%| E|CS|TAMS 0x0000000088000000| PB 0x0000000088000000| Complete 
|  27|0x0000000088100000, 0x0000000088200000, 0x0000000088200000|100%| E|CS|TAMS 0x0000000088100000| PB 0x0000000088100000| Complete 
|  28|0x0000000088200000, 0x0000000088300000, 0x0000000088300000|100%| E|CS|TAMS 0x0000000088200000| PB 0x0000000088200000| Complete 
|  29|0x0000000088300000, 0x0000000088400000, 0x0000000088400000|100%| E|CS|TAMS 0x0000000088300000| PB 0x0000000088300000| Complete 
|  30|0x0000000088400000, 0x0000000088500000, 0x0000000088500000|100%| E|CS|TAMS 0x0000000088400000| PB 0x0000000088400000| Complete 
|  31|0x0000000088500000, 0x0000000088600000, 0x0000000088600000|100%| E|CS|TAMS 0x0000000088500000| PB 0x0000000088500000| Complete 
|  32|0x0000000088600000, 0x0000000088700000, 0x0000000088700000|100%| E|CS|TAMS 0x0000000088600000| PB 0x0000000088600000| Complete 
|  33|0x0000000088700000, 0x0000000088800000, 0x0000000088800000|100%| E|CS|TAMS 0x0000000088700000| PB 0x0000000088700000| Complete 
|  34|0x0000000088800000, 0x0000000088900000, 0x0000000088900000|100%| E|CS|TAMS 0x0000000088800000| PB 0x0000000088800000| Complete 
|  35|0x0000000088900000, 0x0000000088a00000, 0x0000000088a00000|100%| E|CS|TAMS 0x0000000088900000| PB 0x0000000088900000| Complete 
|  36|0x0000000088a00000, 0x0000000088b00000, 0x0000000088b00000|100%| E|CS|TAMS 0x0000000088a00000| PB 0x0000000088a00000| Complete 
|  37|0x0000000088b00000, 0x0000000088c00000, 0x0000000088c00000|100%| E|CS|TAMS 0x0000000088b00000| PB 0x0000000088b00000| Complete 
|  38|0x0000000088c00000, 0x0000000088d00000, 0x0000000088d00000|100%| E|CS|TAMS 0x0000000088c00000| PB 0x0000000088c00000| Complete 
|  39|0x0000000088d00000, 0x0000000088e00000, 0x0000000088e00000|100%| E|CS|TAMS 0x0000000088d00000| PB 0x0000000088d00000| Complete 
|  40|0x0000000088e00000, 0x0000000088f00000, 0x0000000088f00000|100%| E|CS|TAMS 0x0000000088e00000| PB 0x0000000088e00000| Complete 
|  41|0x0000000088f00000, 0x0000000089000000, 0x0000000089000000|100%| E|CS|TAMS 0x0000000088f00000| PB 0x0000000088f00000| Complete 
|  42|0x0000000089000000, 0x0000000089100000, 0x0000000089100000|100%| E|CS|TAMS 0x0000000089000000| PB 0x0000000089000000| Complete 
|  43|0x0000000089100000, 0x0000000089200000, 0x0000000089200000|100%| E|CS|TAMS 0x0000000089100000| PB 0x0000000089100000| Complete 
|  44|0x0000000089200000, 0x0000000089300000, 0x0000000089300000|100%| E|CS|TAMS 0x0000000089200000| PB 0x0000000089200000| Complete 
|  45|0x0000000089300000, 0x0000000089400000, 0x0000000089400000|100%| E|CS|TAMS 0x0000000089300000| PB 0x0000000089300000| Complete 
|  46|0x0000000089400000, 0x0000000089500000, 0x0000000089500000|100%| E|CS|TAMS 0x0000000089400000| PB 0x0000000089400000| Complete 
|  47|0x0000000089500000, 0x0000000089600000, 0x0000000089600000|100%| E|CS|TAMS 0x0000000089500000| PB 0x0000000089500000| Complete 
|  48|0x0000000089600000, 0x0000000089700000, 0x0000000089700000|100%| E|CS|TAMS 0x0000000089600000| PB 0x0000000089600000| Complete 
|  49|0x0000000089700000, 0x0000000089800000, 0x0000000089800000|100%| E|CS|TAMS 0x0000000089700000| PB 0x0000000089700000| Complete 
|  50|0x0000000089800000, 0x0000000089900000, 0x0000000089900000|100%| E|CS|TAMS 0x0000000089800000| PB 0x0000000089800000| Complete 
|  51|0x0000000089900000, 0x0000000089a00000, 0x0000000089a00000|100%| E|CS|TAMS 0x0000000089900000| PB 0x0000000089900000| Complete 
|  52|0x0000000089a00000, 0x0000000089b00000, 0x0000000089b00000|100%| E|CS|TAMS 0x0000000089a00000| PB 0x0000000089a00000| Complete 
|  53|0x0000000089b00000, 0x0000000089c00000, 0x0000000089c00000|100%| E|CS|TAMS 0x0000000089b00000| PB 0x0000000089b00000| Complete 
|  54|0x0000000089c00000, 0x0000000089d00000, 0x0000000089d00000|100%| E|CS|TAMS 0x0000000089c00000| PB 0x0000000089c00000| Complete 
|  55|0x0000000089d00000, 0x0000000089e00000, 0x0000000089e00000|100%| E|CS|TAMS 0x0000000089d00000| PB 0x0000000089d00000| Complete 
|  56|0x0000000089e00000, 0x0000000089f00000, 0x0000000089f00000|100%| E|CS|TAMS 0x0000000089e00000| PB 0x0000000089e00000| Complete 
|  57|0x0000000089f00000, 0x000000008a000000, 0x000000008a000000|100%| E|CS|TAMS 0x0000000089f00000| PB 0x0000000089f00000| Complete 
|  58|0x000000008a000000, 0x000000008a100000, 0x000000008a100000|100%| E|CS|TAMS 0x000000008a000000| PB 0x000000008a000000| Complete 
|  59|0x000000008a100000, 0x000000008a200000, 0x000000008a200000|100%| E|CS|TAMS 0x000000008a100000| PB 0x000000008a100000| Complete 
|  60|0x000000008a200000, 0x000000008a300000, 0x000000008a300000|100%| E|CS|TAMS 0x000000008a200000| PB 0x000000008a200000| Complete 
|  61|0x000000008a300000, 0x000000008a400000, 0x000000008a400000|100%| E|CS|TAMS 0x000000008a300000| PB 0x000000008a300000| Complete 
|  62|0x000000008a400000, 0x000000008a500000, 0x000000008a500000|100%| E|CS|TAMS 0x000000008a400000| PB 0x000000008a400000| Complete 
|  63|0x000000008a500000, 0x000000008a600000, 0x000000008a600000|100%| E|CS|TAMS 0x000000008a500000| PB 0x000000008a500000| Complete 
|  64|0x000000008a600000, 0x000000008a700000, 0x000000008a700000|100%| S|  |TAMS 0x000000008a600000| PB 0x000000008a600000| Complete 
|  65|0x000000008a700000, 0x000000008a800000, 0x000000008a800000|100%| S|  |TAMS 0x000000008a700000| PB 0x000000008a700000| Complete 
|  66|0x000000008a800000, 0x000000008a900000, 0x000000008a900000|100%| S|  |TAMS 0x000000008a800000| PB 0x000000008a800000| Complete 
|  67|0x000000008a900000, 0x000000008aa00000, 0x000000008aa00000|100%| S|  |TAMS 0x000000008a900000| PB 0x000000008a900000| Complete 
|  68|0x000000008aa00000, 0x000000008ab00000, 0x000000008ab00000|100%| S|  |TAMS 0x000000008aa00000| PB 0x000000008aa00000| Complete 
|  69|0x000000008ab00000, 0x000000008ac00000, 0x000000008ac00000|100%| S|  |TAMS 0x000000008ab00000| PB 0x000000008ab00000| Complete 
|  70|0x000000008ac00000, 0x000000008ad00000, 0x000000008ad00000|100%| S|  |TAMS 0x000000008ac00000| PB 0x000000008ac00000| Complete 
|  71|0x000000008ad00000, 0x000000008ae00000, 0x000000008ae00000|100%| S|  |TAMS 0x000000008ad00000| PB 0x000000008ad00000| Complete 
|  72|0x000000008ae00000, 0x000000008ae80000, 0x000000008af00000| 50%| S|  |TAMS 0x000000008ae00000| PB 0x000000008ae00000| Complete 
| 121|0x000000008df00000, 0x000000008e000000, 0x000000008e000000|100%| E|CS|TAMS 0x000000008df00000| PB 0x000000008df00000| Complete 
|1933|0x00000000ff300000, 0x00000000ff368190, 0x00000000ff400000| 40%| O|  |TAMS 0x00000000ff300000| PB 0x00000000ff300000| Untracked 
|1934|0x00000000ff400000, 0x00000000ff500000, 0x00000000ff500000|100%| O|  |TAMS 0x00000000ff400000| PB 0x00000000ff400000| Untracked 
|1935|0x00000000ff500000, 0x00000000ff600000, 0x00000000ff600000|100%| O|  |TAMS 0x00000000ff500000| PB 0x00000000ff500000| Untracked 
|1936|0x00000000ff600000, 0x00000000ff700000, 0x00000000ff700000|100%| O|  |TAMS 0x00000000ff600000| PB 0x00000000ff600000| Untracked 
|1937|0x00000000ff700000, 0x00000000ff800000, 0x00000000ff800000|100%| O|  |TAMS 0x00000000ff700000| PB 0x00000000ff700000| Untracked 
|1938|0x00000000ff800000, 0x00000000ff900000, 0x00000000ff900000|100%| O|  |TAMS 0x00000000ff800000| PB 0x00000000ff800000| Untracked 
|1939|0x00000000ff900000, 0x00000000ffa00000, 0x00000000ffa00000|100%| O|  |TAMS 0x00000000ff900000| PB 0x00000000ff900000| Untracked 
|1940|0x00000000ffa00000, 0x00000000ffb00000, 0x00000000ffb00000|100%| O|  |TAMS 0x00000000ffa00000| PB 0x00000000ffa00000| Untracked 
|1941|0x00000000ffb00000, 0x00000000ffc00000, 0x00000000ffc00000|100%| O|  |TAMS 0x00000000ffb00000| PB 0x00000000ffb00000| Untracked 
|1942|0x00000000ffc00000, 0x00000000ffd00000, 0x00000000ffd00000|100%| O|  |TAMS 0x00000000ffc00000| PB 0x00000000ffc00000| Untracked 
|1943|0x00000000ffd00000, 0x00000000ffe00000, 0x00000000ffe00000|100%| O|  |TAMS 0x00000000ffd00000| PB 0x00000000ffd00000| Untracked 
|1944|0x00000000ffe00000, 0x00000000fff00000, 0x00000000fff00000|100%| O|  |TAMS 0x00000000ffe00000| PB 0x00000000ffe00000| Untracked 
|1945|0x00000000fff00000, 0x00000000fff0c710, 0x0000000100000000|  4%| O|Cm|TAMS 0x00000000fff00000| PB 0x00000000fff00000| Complete 

Card table byte_map: [0x00007517d5e00000,0x00007517d61cd000] _byte_map_base: 0x00007517d59cd000

Marking Bits: (CMBitMap*) 0x00007517d00719b0
 Bits: [0x00007517b6800000, 0x00007517b8668000)

Polling page: 0x00007517d9051000

Metaspace:

Usage:
  Non-class:     23.78 MB used.
      Class:      3.11 MB used.
       Both:     26.89 MB used.

Virtual space:
  Non-class space:       64.00 MB reserved,      24.00 MB ( 38%) committed,  1 nodes.
      Class space:        1.00 GB reserved,       3.25 MB ( <1%) committed,  1 nodes.
             Both:        1.06 GB reserved,      27.25 MB (  3%) committed. 

Chunk freelists:
   Non-Class:  8.02 MB
       Class:  12.69 MB
        Both:  20.71 MB

MaxMetaspaceSize: unlimited
CompressedClassSpaceSize: 1.00 GB
Initial GC threshold: 21.00 MB
Current GC threshold: 35.44 MB
CDS: on
 - commit_granule_bytes: 65536.
 - commit_granule_words: 8192.
 - virtual_space_node_default_size: 8388608.
 - enlarge_chunks_in_place: 1.
 - use_allocation_guard: 0.


Internal statistics:

num_allocs_failed_limit: 3.
num_arena_births: 288.
num_arena_deaths: 0.
num_vsnodes_births: 2.
num_vsnodes_deaths: 0.
num_space_committed: 436.
num_space_uncommitted: 0.
num_chunks_returned_to_freelist: 3.
num_chunks_taken_from_freelist: 1248.
num_chunk_merges: 3.
num_chunk_splits: 890.
num_chunks_enlarged: 714.
num_inconsistent_stats: 0.

CodeHeap 'non-profiled nmethods': size=120028Kb used=2482Kb max_used=2482Kb free=117545Kb
 bounds [0x00007517c02c9000, 0x00007517c0539000, 0x00007517c7800000]
CodeHeap 'profiled nmethods': size=120028Kb used=10762Kb max_used=10762Kb free=109265Kb
 bounds [0x00007517b8800000, 0x00007517b9290000, 0x00007517bfd37000]
CodeHeap 'non-nmethods': size=5704Kb used=1421Kb max_used=1499Kb free=4283Kb
 bounds [0x00007517bfd37000, 0x00007517bffa7000, 0x00007517c02c9000]
 total_blobs=5601 nmethods=5074 adapters=432
 compilation: enabled
              stopped_count=0, restarted_count=0
 full_count=0

Compilation events (20 events):
Event: 1.815 Thread 0x00007517d015bc80 nmethod 5075 0x00007517b9272810 code [0x00007517b9272ac0, 0x00007517b9273d10]
Event: 1.815 Thread 0x00007517d015bc80 5074       3       com.sun.tools.javac.code.Types::membersClosure (50 bytes)
Event: 1.816 Thread 0x00007517d015bc80 nmethod 5074 0x00007517b9274210 code [0x00007517b9274540, 0x00007517b9275b08]
Event: 1.816 Thread 0x00007517d015bc80 5069       1       com.sun.tools.javac.code.Type$TypeVar::setUpperBound (6 bytes)
Event: 1.816 Thread 0x00007517d015bc80 nmethod 5069 0x00007517c0533110 code [0x00007517c05332a0, 0x00007517c05333a8]
Event: 1.818 Thread 0x00007517d015bc80 5076       3       com.sun.tools.javac.util.ListBuffer::appendList (26 bytes)
Event: 1.818 Thread 0x00007517d015bc80 nmethod 5076 0x00007517b9276290 code [0x00007517b9276440, 0x00007517b9276770]
Event: 1.818 Thread 0x00007517d015a5c0 nmethod 5049 0x00007517c0533a10 code [0x00007517c0533be0, 0x00007517c0534280]
Event: 1.818 Thread 0x00007517d015a5c0 5063       4       com.sun.tools.javac.util.Assert::checkNonNull (19 bytes)
Event: 1.818 Thread 0x00007517d015a5c0 nmethod 5063 0x00007517c0534910 code [0x00007517c0534a80, 0x00007517c0534b10]
Event: 1.818 Thread 0x00007517d015a5c0 4826       4       com.sun.tools.javac.code.Symtab::getClass (42 bytes)
Event: 1.822 Thread 0x00007517d015bc80 5081       3       com.sun.tools.javac.comp.Lower::access (770 bytes)
Event: 1.823 Thread 0x00007517d015a5c0 nmethod 4826 0x00007517c0534f10 code [0x00007517c0535100, 0x00007517c05356f8]
Event: 1.823 Thread 0x00007517d015a5c0 4845   !   4       com.sun.tools.javac.jvm.PoolReader::resolve (400 bytes)
Event: 1.824 Thread 0x00007517d015bc80 nmethod 5081 0x00007517b9276890 code [0x00007517b9277060, 0x00007517b927bae0]
Event: 1.824 Thread 0x00007517d015bc80 5083       3       com.sun.tools.javac.code.Types$5::visitClassType (10 bytes)
Event: 1.824 Thread 0x00007517d015bc80 nmethod 5083 0x00007517b927d290 code [0x00007517b927d440, 0x00007517b927d680]
Event: 1.824 Thread 0x00007517d015bc80 5084       3       com.sun.tools.javac.code.Types$5::visitClassType (366 bytes)
Event: 1.825 Thread 0x00007517d015bc80 nmethod 5084 0x00007517b927d790 code [0x00007517b927dde0, 0x00007517b9281b98]
Event: 1.825 Thread 0x00007517d015bc80 5085       3       com.sun.tools.javac.tree.TreeMaker::Assign (20 bytes)

GC Heap History (7 events):
Event: 0.340 GC heap before
{Heap before GC invocations=0 (full 0):
 garbage-first heap   total 126976K, used 23601K [0x0000000086600000, 0x0000000100000000)
  region size 1024K, 23 young (23552K), 0 survivors (0K)
 Metaspace       used 5771K, committed 5952K, reserved 1114112K
  class space    used 664K, committed 768K, reserved 1048576K
}
Event: 0.343 GC heap after
{Heap after GC invocations=1 (full 0):
 garbage-first heap   total 126976K, used 4185K [0x0000000086600000, 0x0000000100000000)
  region size 1024K, 3 young (3072K), 3 survivors (3072K)
 Metaspace       used 5771K, committed 5952K, reserved 1114112K
  class space    used 664K, committed 768K, reserved 1048576K
}
Event: 0.875 GC heap before
{Heap before GC invocations=1 (full 0):
 garbage-first heap   total 126976K, used 52313K [0x0000000086600000, 0x0000000100000000)
  region size 1024K, 50 young (51200K), 3 survivors (3072K)
 Metaspace       used 13764K, committed 14016K, reserved 1114112K
  class space    used 1635K, committed 1728K, reserved 1048576K
}
Event: 0.883 GC heap after
{Heap after GC invocations=2 (full 0):
 garbage-first heap   total 126976K, used 7769K [0x0000000086600000, 0x0000000100000000)
  region size 1024K, 7 young (7168K), 7 survivors (7168K)
 Metaspace       used 13764K, committed 14016K, reserved 1114112K
  class space    used 1635K, committed 1728K, reserved 1048576K
}
Event: 1.388 GC heap before
{Heap before GC invocations=2 (full 0):
 garbage-first heap   total 126976K, used 71257K [0x0000000086600000, 0x0000000100000000)
  region size 1024K, 66 young (67584K), 7 survivors (7168K)
 Metaspace       used 21237K, committed 21504K, reserved 1114112K
  class space    used 2482K, committed 2624K, reserved 1048576K
}
Event: 1.403 GC heap after
{Heap after GC invocations=3 (full 0):
 garbage-first heap   total 126976K, used 19254K [0x0000000086600000, 0x0000000100000000)
  region size 1024K, 10 young (10240K), 10 survivors (10240K)
 Metaspace       used 21237K, committed 21504K, reserved 1114112K
  class space    used 2482K, committed 2624K, reserved 1048576K
}
Event: 1.825 GC heap before
{Heap before GC invocations=4 (full 0):
 garbage-first heap   total 68608K, used 67382K [0x0000000086600000, 0x0000000100000000)
  region size 1024K, 57 young (58368K), 10 survivors (10240K)
 Metaspace       used 27533K, committed 27904K, reserved 1114112K
  class space    used 3181K, committed 3328K, reserved 1048576K
}

Dll operation events (8 events):
Event: 0.001 Loaded shared library /usr/lib/jvm/java-21-openjdk-amd64/lib/libjava.so
Event: 0.016 Loaded shared library /usr/lib/jvm/java-21-openjdk-amd64/lib/libjsvml.so
Event: 0.020 Loaded shared library /usr/lib/jvm/java-21-openjdk-amd64/lib/libnio.so
Event: 0.021 Loaded shared library /usr/lib/jvm/java-21-openjdk-amd64/lib/libzip.so
Event: 0.027 Loaded shared library /usr/lib/jvm/java-21-openjdk-amd64/lib/libnet.so
Event: 0.087 Loaded shared library /usr/lib/jvm/java-21-openjdk-amd64/lib/libjimage.so
Event: 0.091 Loaded shared library /tmp/jansi-2.4.1-d7d5baeb21d1c3b3-libjansi.so
Event: 0.098 Loaded shared library /usr/lib/jvm/java-21-openjdk-amd64/lib/libverify.so

Deoptimization events (20 events):
Event: 1.793 Thread 0x00007517d00195d0 Uncommon trap: trap_request=0xffffff45 fr.pc=0x00007517c04b8b84 relative=0x0000000000000424
Event: 1.793 Thread 0x00007517d00195d0 Uncommon trap: reason=unstable_if action=reinterpret pc=0x00007517c04b8b84 method=com.sun.tools.javac.util.IntHashTable.lookup(Ljava/lang/Object;)I @ 73 c2
Event: 1.793 Thread 0x00007517d00195d0 DEOPT PACKING pc=0x00007517c04b8b84 sp=0x00007517d73fcf00
Event: 1.793 Thread 0x00007517d00195d0 DEOPT UNPACKING pc=0x00007517bfd8af99 sp=0x00007517d73fce10 mode 2
Event: 1.799 Thread 0x00007517d00195d0 Uncommon trap: trap_request=0xffffff45 fr.pc=0x00007517c04cffb4 relative=0x00000000000060f4
Event: 1.799 Thread 0x00007517d00195d0 Uncommon trap: reason=unstable_if action=reinterpret pc=0x00007517c04cffb4 method=java.lang.invoke.MethodType.genericMethodType(IZ)Ljava/lang/invoke/MethodType; @ 38 c2
Event: 1.799 Thread 0x00007517d00195d0 DEOPT PACKING pc=0x00007517c04cffb4 sp=0x00007517d73faf40
Event: 1.799 Thread 0x00007517d00195d0 DEOPT UNPACKING pc=0x00007517bfd8af99 sp=0x00007517d73fad68 mode 2
Event: 1.799 Thread 0x00007517d00195d0 Uncommon trap: trap_request=0xffffff45 fr.pc=0x00007517c04a4a84 relative=0x0000000000005ca4
Event: 1.799 Thread 0x00007517d00195d0 Uncommon trap: reason=unstable_if action=reinterpret pc=0x00007517c04a4a84 method=java.lang.invoke.MethodType.genericMethodType(IZ)Ljava/lang/invoke/MethodType; @ 27 c2
Event: 1.799 Thread 0x00007517d00195d0 DEOPT PACKING pc=0x00007517c04a4a84 sp=0x00007517d73fadc0
Event: 1.799 Thread 0x00007517d00195d0 DEOPT UNPACKING pc=0x00007517bfd8af99 sp=0x00007517d73fad58 mode 2
Event: 1.810 Thread 0x00007517d00195d0 Uncommon trap: trap_request=0xffffff45 fr.pc=0x00007517c051e568 relative=0x0000000000000e08
Event: 1.810 Thread 0x00007517d00195d0 Uncommon trap: reason=unstable_if action=reinterpret pc=0x00007517c051e568 method=com.sun.tools.javac.jvm.ClassReader.sigToType()Lcom/sun/tools/javac/code/Type; @ 692 c2
Event: 1.810 Thread 0x00007517d00195d0 DEOPT PACKING pc=0x00007517c051e568 sp=0x00007517d73fb7a0
Event: 1.810 Thread 0x00007517d00195d0 DEOPT UNPACKING pc=0x00007517bfd8af99 sp=0x00007517d73fb758 mode 2
Event: 1.822 Thread 0x00007517d00195d0 Uncommon trap: trap_request=0xffffff45 fr.pc=0x00007517c04b5fb0 relative=0x0000000000000190
Event: 1.822 Thread 0x00007517d00195d0 Uncommon trap: reason=unstable_if action=reinterpret pc=0x00007517c04b5fb0 method=com.sun.tools.javac.util.IntHashTable.lookup(Ljava/lang/Object;)I @ 73 c2
Event: 1.822 Thread 0x00007517d00195d0 DEOPT PACKING pc=0x00007517c04b5fb0 sp=0x00007517d73fce70
Event: 1.822 Thread 0x00007517d00195d0 DEOPT UNPACKING pc=0x00007517bfd8af99 sp=0x00007517d73fce08 mode 2

Classes loaded (20 events):
Event: 1.799 Loading class java/lang/invoke/MethodHandleImpl$Makers
Event: 1.799 Loading class java/lang/invoke/MethodHandleImpl$Makers done
Event: 1.799 Loading class java/lang/invoke/MethodHandleImpl$Makers$1
Event: 1.799 Loading class java/lang/invoke/MethodHandleImpl$Makers$1 done
Event: 1.799 Loading class java/lang/invoke/MethodHandleImpl$Makers$2
Event: 1.799 Loading class java/lang/invoke/MethodHandleImpl$Makers$2 done
Event: 1.799 Loading class java/lang/invoke/MethodHandleImpl$Makers$3
Event: 1.799 Loading class java/lang/invoke/MethodHandleImpl$Makers$3 done
Event: 1.802 Loading class java/lang/runtime/ObjectMethods$1
Event: 1.802 Loading class java/lang/runtime/ObjectMethods$1 done
Event: 1.804 Loading class java/lang/invoke/DirectMethodHandle$1
Event: 1.804 Loading class java/lang/invoke/DirectMethodHandle$1 done
Event: 1.821 Loading class java/util/EnumMap$EntrySet
Event: 1.821 Loading class java/util/EnumMap$EntrySet done
Event: 1.821 Loading class java/util/EnumMap$EntryIterator
Event: 1.821 Loading class java/util/EnumMap$EnumMapIterator
Event: 1.821 Loading class java/util/EnumMap$EnumMapIterator done
Event: 1.821 Loading class java/util/EnumMap$EntryIterator done
Event: 1.821 Loading class java/util/EnumMap$EntryIterator$Entry
Event: 1.821 Loading class java/util/EnumMap$EntryIterator$Entry done

Classes unloaded (0 events):
No events

Classes redefined (0 events):
No events

Internal exceptions (20 events):
Event: 1.299 Thread 0x00007517d00195d0 Exception <a 'java/lang/NoSuchMethodError'{0x000000008afde170}: 'int java.lang.invoke.DirectMethodHandle$Holder.invokeStaticInit(java.lang.Object, java.lang.Object, java.lang.Object)'> (0x000000008afde170) 
thrown [./src/hotspot/share/interpreter/linkResolver.cpp, line 772]
Event: 1.474 Thread 0x00007517d00195d0 Exception <a 'java/lang/NoSuchMethodError'{0x000000008a5cd0c0}: 'java.lang.Object java.lang.invoke.DirectMethodHandle$Holder.newInvokeSpecial(java.lang.Object, java.lang.Object, java.lang.Object, java.lang.Object, java.lang.Object, java.lang.Object)'> (0x000000008a5cd0c0) 
thrown [./src/hotspot/share/interpreter/linkResolver.cpp, line 772]
Event: 1.572 Thread 0x00007517d00195d0 Exception <a 'java/lang/NoSuchMethodError'{0x0000000089f19e90}: 'java.lang.Object java.lang.invoke.DirectMethodHandle$Holder.invokeSpecial(java.lang.Object, java.lang.Object, java.lang.Object, int, int)'> (0x0000000089f19e90) 
thrown [./src/hotspot/share/interpreter/linkResolver.cpp, line 772]
Event: 1.573 Thread 0x00007517d00195d0 Exception <a 'java/lang/NoSuchMethodError'{0x0000000089f20510}: 'java.lang.Object java.lang.invoke.DirectMethodHandle$Holder.invokeVirtual(java.lang.Object, java.lang.Object, int)'> (0x0000000089f20510) 
thrown [./src/hotspot/share/interpreter/linkResolver.cpp, line 772]
Event: 1.593 Thread 0x00007517d00195d0 Exception <a 'java/lang/NoSuchMethodError'{0x0000000089e931a8}: 'int java.lang.invoke.DirectMethodHandle$Holder.invokeSpecial(java.lang.Object, java.lang.Object, java.lang.Object, java.lang.Object, java.lang.Object)'> (0x0000000089e931a8) 
thrown [./src/hotspot/share/interpreter/linkResolver.cpp, line 772]
Event: 1.620 Thread 0x00007517d00195d0 Exception <a 'java/lang/NoSuchMethodError'{0x000000008908c018}: 'java.lang.Object java.lang.invoke.DirectMethodHandle$Holder.invokeVirtual(java.lang.Object, java.lang.Object, java.lang.Object, int, int)'> (0x000000008908c018) 
thrown [./src/hotspot/share/interpreter/linkResolver.cpp, line 772]
Event: 1.753 Thread 0x00007517d00195d0 Exception <a 'sun/nio/fs/UnixException'{0x000000008725a630}> (0x000000008725a630) 
thrown [./src/hotspot/share/prims/jni.cpp, line 520]
Event: 1.798 Thread 0x00007517d00195d0 Exception <a 'java/lang/NoSuchMethodError'{0x0000000086f78240}: 'java.lang.Object java.lang.invoke.DirectMethodHandle$Holder.invokeStaticInit(java.lang.Object, java.lang.Object, java.lang.Object, java.lang.Object, java.lang.Object, java.lang.Object, java.lang.Object)'> (0x0000000086f78240) 
thrown [./src/hotspot/share/interpreter/linkResolver.cpp, line 772]
Event: 1.799 Thread 0x00007517d00195d0 Exception <a 'java/lang/NoSuchMethodError'{0x0000000086f7dc28}: 'java.lang.Object java.lang.invoke.Invokers$Holder.invoke_MT(java.lang.Object, java.lang.Object, java.lang.Object, java.lang.Object, java.lang.Object, java.lang.Object, java.lang.Object, java.lang.Object, java.lang.Object, java.lang.Object)'> (0x0000000086f7dc28) 
thrown [./src/hotspot/share/interpreter/linkResolver.cpp, line 772]
Event: 1.799 Thread 0x00007517d00195d0 Exception <a 'java/lang/NoSuchMethodError'{0x0000000086f83ca0}: 'java.lang.Object java.lang.invoke.DirectMethodHandle$Holder.invokeStatic(java.lang.Object, java.lang.Object, int)'> (0x0000000086f83ca0) 
thrown [./src/hotspot/share/interpreter/linkResolver.cpp, line 772]
Event: 1.800 Thread 0x00007517d00195d0 Exception <a 'java/lang/NoSuchMethodError'{0x0000000086f8eec8}: 'void java.lang.invoke.DirectMethodHandle$Holder.invokeStatic(java.lang.Object, java.lang.Object, int, java.lang.Object)'> (0x0000000086f8eec8) 
thrown [./src/hotspot/share/interpreter/linkResolver.cpp, line 772]
Event: 1.800 Thread 0x00007517d00195d0 Exception <a 'java/lang/NoSuchMethodError'{0x0000000086f96388}: 'void java.lang.invoke.DelegatingMethodHandle$Holder.delegate(java.lang.Object, java.lang.Object, int, java.lang.Object)'> (0x0000000086f96388) 
thrown [./src/hotspot/share/interpreter/linkResolver.cpp, line 772]
Event: 1.802 Thread 0x00007517d00195d0 Exception <a 'java/lang/NoSuchMethodError'{0x0000000086fb4588}: 'int java.lang.invoke.DirectMethodHandle$Holder.invokeStaticInit(java.lang.Object, int, int)'> (0x0000000086fb4588) 
thrown [./src/hotspot/share/interpreter/linkResolver.cpp, line 772]
Event: 1.803 Thread 0x00007517d00195d0 Exception <a 'java/lang/NoSuchMethodError'{0x0000000086fbbe48}: 'int java.lang.invoke.DirectMethodHandle$Holder.invokeStaticInit(java.lang.Object, long, long)'> (0x0000000086fbbe48) 
thrown [./src/hotspot/share/interpreter/linkResolver.cpp, line 772]
Event: 1.803 Thread 0x00007517d00195d0 Exception <a 'java/lang/NoSuchMethodError'{0x0000000086fc2b90}: 'int java.lang.invoke.DirectMethodHandle$Holder.invokeStaticInit(java.lang.Object, float, float)'> (0x0000000086fc2b90) 
thrown [./src/hotspot/share/interpreter/linkResolver.cpp, line 772]
Event: 1.803 Thread 0x00007517d00195d0 Exception <a 'java/lang/NoSuchMethodError'{0x0000000086fc98d0}: 'int java.lang.invoke.DirectMethodHandle$Holder.invokeStaticInit(java.lang.Object, double, double)'> (0x0000000086fc98d0) 
thrown [./src/hotspot/share/interpreter/linkResolver.cpp, line 772]
Event: 1.803 Thread 0x00007517d00195d0 Exception <a 'java/lang/NoSuchMethodError'{0x0000000086fce120}: 'int java.lang.invoke.DirectMethodHandle$Holder.invokeStatic(java.lang.Object, long)'> (0x0000000086fce120) 
thrown [./src/hotspot/share/interpreter/linkResolver.cpp, line 772]
Event: 1.805 Thread 0x00007517d00195d0 Exception <a 'java/lang/NoSuchMethodError'{0x0000000086fecf78}: 'int java.lang.invoke.Invokers$Holder.linkToTargetMethod(java.lang.Object, java.lang.Object)'> (0x0000000086fecf78) 
thrown [./src/hotspot/share/interpreter/linkResolver.cpp, line 772]
Event: 1.818 Thread 0x00007517d00195d0 Exception <a 'java/lang/NoSuchMethodError'{0x0000000086eb86d8}: 'int java.lang.invoke.DirectMethodHandle$Holder.invokeVirtual(java.lang.Object, java.lang.Object, java.lang.Object, java.lang.Object)'> (0x0000000086eb86d8) 
thrown [./src/hotspot/share/interpreter/linkResolver.cpp, line 772]
Event: 1.818 Thread 0x00007517d00195d0 Exception <a 'java/lang/NoSuchMethodError'{0x0000000086ec23c0}: 'java.lang.Object java.lang.invoke.DirectMethodHandle$Holder.newInvokeSpecial(java.lang.Object, java.lang.Object, int, java.lang.Object)'> (0x0000000086ec23c0) 
thrown [./src/hotspot/share/interpreter/linkResolver.cpp, line 772]

ZGC Phase Switch (0 events):
No events

VM Operations (20 events):
Event: 1.403 Executing VM operation: CollectForMetadataAllocation (Metadata GC Threshold) done
Event: 1.409 Executing VM operation: G1PauseRemark
Event: 1.413 Executing VM operation: G1PauseRemark done
Event: 1.415 Executing VM operation: G1PauseCleanup
Event: 1.418 Executing VM operation: G1PauseCleanup done
Event: 1.592 Executing VM operation: HandshakeAllThreads (Deoptimize)
Event: 1.592 Executing VM operation: HandshakeAllThreads (Deoptimize) done
Event: 1.695 Executing VM operation: ICBufferFull
Event: 1.695 Executing VM operation: ICBufferFull done
Event: 1.741 Executing VM operation: ICBufferFull
Event: 1.741 Executing VM operation: ICBufferFull done
Event: 1.743 Executing VM operation: HandshakeAllThreads (Deoptimize)
Event: 1.743 Executing VM operation: HandshakeAllThreads (Deoptimize) done
Event: 1.752 Executing VM operation: HandshakeAllThreads (Deoptimize)
Event: 1.752 Executing VM operation: HandshakeAllThreads (Deoptimize) done
Event: 1.767 Executing VM operation: HandshakeAllThreads (Deoptimize)
Event: 1.767 Executing VM operation: HandshakeAllThreads (Deoptimize) done
Event: 1.785 Executing VM operation: ICBufferFull
Event: 1.785 Executing VM operation: ICBufferFull done
Event: 1.825 Executing VM operation: G1CollectForAllocation (G1 Evacuation Pause)

Memory protections (13 events):
Event: 0.001 Protecting memory [0x00007517d7300000,0x00007517d7304000] with protection modes 0
Event: 0.014 Protecting memory [0x00007517d4c14000,0x00007517d4c18000] with protection modes 0
Event: 0.014 Protecting memory [0x00007517d4300000,0x00007517d4304000] with protection modes 0
Event: 0.015 Protecting memory [0x00007517d4200000,0x00007517d4204000] with protection modes 0
Event: 0.015 Protecting memory [0x00007517d4100000,0x00007517d4104000] with protection modes 0
Event: 0.015 Protecting memory [0x00007517d4000000,0x00007517d4004000] with protection modes 0
Event: 0.015 Protecting memory [0x00007517cff00000,0x00007517cff04000] with protection modes 0
Event: 0.015 Protecting memory [0x00007517b8700000,0x00007517b8704000] with protection modes 0
Event: 0.017 Protecting memory [0x00007517b4700000,0x00007517b4704000] with protection modes 0
Event: 0.019 Protecting memory [0x00007517b4600000,0x00007517b4604000] with protection modes 0
Event: 0.086 Protecting memory [0x00007517b4500000,0x00007517b4504000] with protection modes 0
Event: 0.168 Protecting memory [0x00007517b4500000,0x00007517b4504000] with protection modes 0
Event: 0.316 Protecting memory [0x00007517b4400000,0x00007517b4404000] with protection modes 0

Nmethod flushes (0 events):
No events

Events (14 events):
Event: 0.009 Thread 0x00007517d00195d0 Thread added: 0x00007517d00195d0
Event: 0.014 Thread 0x00007517d00195d0 Thread added: 0x00007517d0153070
Event: 0.014 Thread 0x00007517d00195d0 Thread added: 0x00007517d0154700
Event: 0.015 Thread 0x00007517d00195d0 Thread added: 0x00007517d0155ea0
Event: 0.015 Thread 0x00007517d00195d0 Thread added: 0x00007517d01574e0
Event: 0.015 Thread 0x00007517d00195d0 Thread added: 0x00007517d0158a80
Event: 0.015 Thread 0x00007517d00195d0 Thread added: 0x00007517d015a5c0
Event: 0.015 Thread 0x00007517d00195d0 Thread added: 0x00007517d015bc80
Event: 0.017 Thread 0x00007517d00195d0 Thread added: 0x00007517d0167b20
Event: 0.018 Thread 0x00007517d00195d0 Thread added: 0x00007517d016ae50
Event: 0.086 Thread 0x00007517d00195d0 Thread added: 0x00007517d0372c70
Event: 0.090 Thread 0x00007517d0372c70 Thread exited: 0x00007517d0372c70
Event: 0.168 Thread 0x00007517d015bc80 Thread added: 0x000075171c13f070
Event: 0.316 Thread 0x00007517d015bc80 Thread added: 0x000075171c1e9490


Dynamic libraries:
86600000-8af00000 rw-p 00000000 00:00 0 
8af00000-8df00000 ---p 00000000 00:00 0 
8df00000-8e000000 rw-p 00000000 00:00 0 
8e000000-ff300000 ---p 00000000 00:00 0 
ff300000-ffe00000 rw-p 00000000 00:00 0 
ffe00000-fff0d000 rw-p 00cd6000 08:25 2543604                            /usr/lib/jvm/java-21-openjdk-amd64/lib/server/classes.jsa
fff0d000-100000000 rw-p 00000000 00:00 0 
55bda137e000-55bda137f000 r--p 00000000 08:25 2148401                    /usr/lib/jvm/java-21-openjdk-amd64/bin/java
55bda137f000-55bda1380000 r-xp 00001000 08:25 2148401                    /usr/lib/jvm/java-21-openjdk-amd64/bin/java
55bda1380000-55bda1381000 r--p 00002000 08:25 2148401                    /usr/lib/jvm/java-21-openjdk-amd64/bin/java
55bda1381000-55bda1382000 r--p 00002000 08:25 2148401                    /usr/lib/jvm/java-21-openjdk-amd64/bin/java
55bda1382000-55bda1383000 rw-p 00003000 08:25 2148401                    /usr/lib/jvm/java-21-openjdk-amd64/bin/java
55bdd1f71000-55bdd1fb8000 rw-p 00000000 00:00 0                          [heap]
7516c0000000-7516c0021000 rw-p 00000000 00:00 0 
7516c0021000-7516c4000000 ---p 00000000 00:00 0 
7516c8000000-7516c8021000 rw-p 00000000 00:00 0 
7516c8021000-7516cc000000 ---p 00000000 00:00 0 
7516cc000000-7516cc021000 rw-p 00000000 00:00 0 
7516cc021000-7516d0000000 ---p 00000000 00:00 0 
7516d4000000-7516d4021000 rw-p 00000000 00:00 0 
7516d4021000-7516d8000000 ---p 00000000 00:00 0 
7516d8000000-7516d81fd000 rw-p 00000000 00:00 0 
7516d81fd000-7516dc000000 ---p 00000000 00:00 0 
7516e0000000-7516e0021000 rw-p 00000000 00:00 0 
7516e0021000-7516e4000000 ---p 00000000 00:00 0 
7516e4000000-7516e4021000 rw-p 00000000 00:00 0 
7516e4021000-7516e8000000 ---p 00000000 00:00 0 
7516ec000000-7516ec021000 rw-p 00000000 00:00 0 
7516ec021000-7516f0000000 ---p 00000000 00:00 0 
7516f0000000-7516f0021000 rw-p 00000000 00:00 0 
7516f0021000-7516f4000000 ---p 00000000 00:00 0 
7516f8000000-7516f8021000 rw-p 00000000 00:00 0 
7516f8021000-7516fc000000 ---p 00000000 00:00 0 
7516fc000000-7516fc021000 rw-p 00000000 00:00 0 
7516fc021000-751700000000 ---p 00000000 00:00 0 
751704000000-751705479000 rw-p 00000000 00:00 0 
751705479000-751708000000 ---p 00000000 00:00 0 
751708000000-7517090dd000 rw-p 00000000 00:00 0 
7517090dd000-75170c000000 ---p 00000000 00:00 0 
751710000000-751710021000 rw-p 00000000 00:00 0 
751710021000-751714000000 ---p 00000000 00:00 0 
751714000000-751714021000 rw-p 00000000 00:00 0 
751714021000-751718000000 ---p 00000000 00:00 0 
75171c000000-75171c931000 rw-p 00000000 00:00 0 
75171c931000-751720000000 ---p 00000000 00:00 0 
751720000000-7517211d0000 rw-p 00000000 00:00 0 
7517211d0000-751724000000 ---p 00000000 00:00 0 
751728000000-751728021000 rw-p 00000000 00:00 0 
751728021000-75172c000000 ---p 00000000 00:00 0 
75172c000000-75172c021000 rw-p 00000000 00:00 0 
75172c021000-751730000000 ---p 00000000 00:00 0 
751734000000-751734021000 rw-p 00000000 00:00 0 
751734021000-751738000000 ---p 00000000 00:00 0 
751738000000-751738021000 rw-p 00000000 00:00 0 
751738021000-75173c000000 ---p 00000000 00:00 0 
751740000000-751740021000 rw-p 00000000 00:00 0 
751740021000-751744000000 ---p 00000000 00:00 0 
751744000000-751744021000 rw-p 00000000 00:00 0 
751744021000-751748000000 ---p 00000000 00:00 0 
75174c000000-75174c3f0000 rw-p 00000000 00:00 0 
75174c3f0000-75174cfb0000 rw-p 00000000 00:00 0 
75174cfb0000-75174cff0000 rw-p 00000000 00:00 0 
75174cff0000-75174d170000 rw-p 00000000 00:00 0 
75174d170000-75174d1f0000 rw-p 00000000 00:00 0 
75174d1f0000-75174d800000 rw-p 00000000 00:00 0 
75174d800000-751750000000 ---p 00000000 00:00 0 
751750000000-751750021000 rw-p 00000000 00:00 0 
751750021000-751754000000 ---p 00000000 00:00 0 
751757000000-751757c97000 rw-p 00001000 08:25 2543604                    /usr/lib/jvm/java-21-openjdk-amd64/lib/server/classes.jsa
751757c97000-751758000000 ---p 00000000 00:00 0 
751758000000-751758030000 rw-p 00000000 00:00 0 
751758030000-751758070000 rw-p 00000000 00:00 0 
751758070000-7517581b0000 rw-p 00000000 00:00 0 
7517581b0000-7517581f0000 rw-p 00000000 00:00 0 
7517581f0000-751758200000 ---p 00000000 00:00 0 
751758200000-751758350000 rw-p 00000000 00:00 0 
751758350000-751798000000 ---p 00000000 00:00 0 
751798000000-751798021000 rw-p 00000000 00:00 0 
751798021000-75179c000000 ---p 00000000 00:00 0 
75179c000000-75179c021000 rw-p 00000000 00:00 0 
75179c021000-7517a0000000 ---p 00000000 00:00 0 
7517a4000000-7517a4021000 rw-p 00000000 00:00 0 
7517a4021000-7517a8000000 ---p 00000000 00:00 0 
7517a8000000-7517a8021000 rw-p 00000000 00:00 0 
7517a8021000-7517ac000000 ---p 00000000 00:00 0 
7517af000000-7517af2e2000 rw-p 00000000 00:00 0 
7517af310000-7517af311000 ---p 00000000 00:00 0 
7517af311000-7517af411000 rw-p 00000000 00:00 0 
7517af411000-7517af412000 ---p 00000000 00:00 0 
7517af412000-7517af512000 rw-p 00000000 00:00 0 
7517af512000-7517af513000 ---p 00000000 00:00 0 
7517af513000-7517af613000 rw-p 00000000 00:00 0 
7517af613000-7517af7fe000 rw-p 00000000 00:00 0 
7517af7fe000-7517af7ff000 ---p 00000000 00:00 0 
7517af7ff000-7517af8ff000 rw-p 00000000 00:00 0 
7517af8ff000-7517af900000 ---p 00000000 00:00 0 
7517af900000-7517afa00000 rw-p 00000000 00:00 0 
7517afa00000-7517afa03000 r-xp 00000000 08:25 2299431                    /tmp/jansi-2.4.1-d7d5baeb21d1c3b3-libjansi.so
7517afa03000-7517afc02000 ---p 00003000 08:25 2299431                    /tmp/jansi-2.4.1-d7d5baeb21d1c3b3-libjansi.so
7517afc02000-7517afc03000 r--p 00002000 08:25 2299431                    /tmp/jansi-2.4.1-d7d5baeb21d1c3b3-libjansi.so
7517afc03000-7517afc04000 rw-p 00003000 08:25 2299431                    /tmp/jansi-2.4.1-d7d5baeb21d1c3b3-libjansi.so
7517afcfd000-7517afcfe000 ---p 00000000 00:00 0 
7517afcfe000-7517afdfe000 rw-p 00000000 00:00 0 
7517afdfe000-7517afdff000 ---p 00000000 00:00 0 
7517afdff000-7517afeff000 rw-p 00000000 00:00 0 
7517afeff000-7517aff00000 ---p 00000000 00:00 0 
7517aff00000-7517b0000000 rw-p 00000000 00:00 0 
7517b0000000-7517b0021000 rw-p 00000000 00:00 0 
7517b0021000-7517b4000000 ---p 00000000 00:00 0 
7517b40fd000-7517b40fe000 ---p 00000000 00:00 0 
7517b40fe000-7517b41fe000 rw-p 00000000 00:00 0 
7517b41fe000-7517b41ff000 ---p 00000000 00:00 0 
7517b41ff000-7517b42ff000 rw-p 00000000 00:00 0 
7517b42ff000-7517b4300000 ---p 00000000 00:00 0 
7517b4300000-7517b4400000 rw-p 00000000 00:00 0 
7517b4400000-7517b4404000 ---p 00000000 00:00 0 
7517b4404000-7517b4500000 rw-p 00000000 00:00 0 
7517b4500000-7517b4504000 ---p 00000000 00:00 0 
7517b4504000-7517b4600000 rw-p 00000000 00:00 0 
7517b4600000-7517b4604000 ---p 00000000 00:00 0 
7517b4604000-7517b4700000 rw-p 00000000 00:00 0 
7517b4700000-7517b4704000 ---p 00000000 00:00 0 
7517b4704000-7517b4800000 rw-p 00000000 00:00 0 
7517b4800000-7517b6924000 rw-p 00000000 00:00 0 
7517b6924000-7517b69e4000 ---p 00000000 00:00 0 
7517b69e4000-7517b69e8000 rw-p 00000000 00:00 0 
7517b69e8000-7517b8634000 ---p 00000000 00:00 0 
7517b8634000-7517b8668000 rw-p 00000000 00:00 0 
7517b8700000-7517b8704000 ---p 00000000 00:00 0 
7517b8704000-7517b8800000 rw-p 00000000 00:00 0 
7517b8800000-7517b9290000 rwxp 00000000 00:00 0 
7517b9290000-7517bfd37000 ---p 00000000 00:00 0 
7517bfd37000-7517bffa7000 rwxp 00000000 00:00 0 
7517bffa7000-7517c02c9000 ---p 00000000 00:00 0 
7517c02c9000-7517c0539000 rwxp 00000000 00:00 0 
7517c0539000-7517c7800000 ---p 00000000 00:00 0 
7517c7800000-7517cfe0d000 r--s 00000000 08:25 2543601                    /usr/lib/jvm/java-21-openjdk-amd64/lib/modules
7517cfe2f000-7517cfe34000 r--p 00000000 08:25 2543585                    /usr/lib/jvm/java-21-openjdk-amd64/lib/libjsvml.so
7517cfe34000-7517cfe75000 r-xp 00005000 08:25 2543585                    /usr/lib/jvm/java-21-openjdk-amd64/lib/libjsvml.so
7517cfe75000-7517cfefe000 r--p 00046000 08:25 2543585                    /usr/lib/jvm/java-21-openjdk-amd64/lib/libjsvml.so
7517cfefe000-7517cfeff000 r--p 000ce000 08:25 2543585                    /usr/lib/jvm/java-21-openjdk-amd64/lib/libjsvml.so
7517cfeff000-7517cff00000 rw-p 000cf000 08:25 2543585                    /usr/lib/jvm/java-21-openjdk-amd64/lib/libjsvml.so
7517cff00000-7517cff04000 ---p 00000000 00:00 0 
7517cff04000-7517d0000000 rw-p 00000000 00:00 0 
7517d0000000-7517d0f72000 rw-p 00000000 00:00 0 
7517d0f72000-7517d4004000 ---p 00000000 00:00 0 
7517d4004000-7517d4100000 rw-p 00000000 00:00 0 
7517d4100000-7517d4104000 ---p 00000000 00:00 0 
7517d4104000-7517d4200000 rw-p 00000000 00:00 0 
7517d4200000-7517d4204000 ---p 00000000 00:00 0 
7517d4204000-7517d4300000 rw-p 00000000 00:00 0 
7517d4300000-7517d4304000 ---p 00000000 00:00 0 
7517d4304000-7517d4400000 rw-p 00000000 00:00 0 
7517d4400000-7517d4c03000 r--p 00000000 08:25 1850347                    /usr/lib/locale/locale-archive
7517d4c14000-7517d4c18000 ---p 00000000 00:00 0 
7517d4c18000-7517d4d14000 rw-p 00000000 00:00 0 
7517d4d14000-7517d4d15000 ---p 00000000 00:00 0 
7517d4d15000-7517d4e15000 rw-p 00000000 00:00 0 
7517d4e15000-7517d4e16000 ---p 00000000 00:00 0 
7517d4e16000-7517d4f16000 rw-p 00000000 00:00 0 
7517d4f16000-7517d4ff2000 rw-p 00000000 00:00 0 
7517d4ff2000-7517d4ff3000 ---p 00000000 00:00 0 
7517d4ff3000-7517d50f3000 rw-p 00000000 00:00 0 
7517d50f3000-7517d50f4000 ---p 00000000 00:00 0 
7517d50f4000-7517d51f4000 rw-p 00000000 00:00 0 
7517d51f4000-7517d5bfe000 rw-p 00000000 00:00 0 
7517d5bfe000-7517d5bff000 ---p 00000000 00:00 0 
7517d5bff000-7517d5cff000 rw-p 00000000 00:00 0 
7517d5cff000-7517d5d00000 ---p 00000000 00:00 0 
7517d5d00000-7517d5e00000 rw-p 00000000 00:00 0 
7517d5e00000-7517d5e25000 rw-p 00000000 00:00 0 
7517d5e25000-7517d5e3c000 ---p 00000000 00:00 0 
7517d5e3c000-7517d5e3d000 rw-p 00000000 00:00 0 
7517d5e3d000-7517d61c6000 ---p 00000000 00:00 0 
7517d61c6000-7517d61cd000 rw-p 00000000 00:00 0 
7517d6200000-7517d6225000 rw-p 00000000 00:00 0 
7517d6225000-7517d623c000 ---p 00000000 00:00 0 
7517d623c000-7517d623d000 rw-p 00000000 00:00 0 
7517d623d000-7517d65c6000 ---p 00000000 00:00 0 
7517d65c6000-7517d65cd000 rw-p 00000000 00:00 0 
7517d6604000-7517d6608000 r--p 00000000 08:25 2543599                    /usr/lib/jvm/java-21-openjdk-amd64/lib/libverify.so
7517d6608000-7517d660f000 r-xp 00004000 08:25 2543599                    /usr/lib/jvm/java-21-openjdk-amd64/lib/libverify.so
7517d660f000-7517d6611000 r--p 0000b000 08:25 2543599                    /usr/lib/jvm/java-21-openjdk-amd64/lib/libverify.so
7517d6611000-7517d6613000 r--p 0000c000 08:25 2543599                    /usr/lib/jvm/java-21-openjdk-amd64/lib/libverify.so
7517d6613000-7517d6614000 rw-p 0000e000 08:25 2543599                    /usr/lib/jvm/java-21-openjdk-amd64/lib/libverify.so
7517d6614000-7517d6616000 r--p 00000000 08:25 2543600                    /usr/lib/jvm/java-21-openjdk-amd64/lib/libzip.so
7517d6616000-7517d661b000 r-xp 00002000 08:25 2543600                    /usr/lib/jvm/java-21-openjdk-amd64/lib/libzip.so
7517d661b000-7517d661d000 r--p 00007000 08:25 2543600                    /usr/lib/jvm/java-21-openjdk-amd64/lib/libzip.so
7517d661d000-7517d661e000 r--p 00008000 08:25 2543600                    /usr/lib/jvm/java-21-openjdk-amd64/lib/libzip.so
7517d661e000-7517d661f000 rw-p 00009000 08:25 2543600                    /usr/lib/jvm/java-21-openjdk-amd64/lib/libzip.so
7517d661f000-7517d6620000 ---p 00000000 00:00 0 
7517d6620000-7517d6720000 rw-p 00000000 00:00 0 
7517d6720000-7517d712f000 rw-p 00000000 00:00 0 
7517d712f000-7517d7215000 ---p 00000000 00:00 0 
7517d7215000-7517d722b000 rw-p 00000000 00:00 0 
7517d722b000-7517d7300000 ---p 00000000 00:00 0 
7517d7300000-7517d7304000 ---p 00000000 00:00 0 
7517d7304000-7517d7400000 rw-p 00000000 00:00 0 
7517d7400000-7517d749d000 r--p 00000000 08:25 1869011                    /usr/lib/x86_64-linux-gnu/libstdc++.so.6.0.33
7517d749d000-7517d75e5000 r-xp 0009d000 08:25 1869011                    /usr/lib/x86_64-linux-gnu/libstdc++.so.6.0.33
7517d75e5000-7517d766c000 r--p 001e5000 08:25 1869011                    /usr/lib/x86_64-linux-gnu/libstdc++.so.6.0.33
7517d766c000-7517d7677000 r--p 0026b000 08:25 1869011                    /usr/lib/x86_64-linux-gnu/libstdc++.so.6.0.33
7517d7677000-7517d767a000 rw-p 00276000 08:25 1869011                    /usr/lib/x86_64-linux-gnu/libstdc++.so.6.0.33
7517d767a000-7517d767e000 rw-p 00000000 00:00 0 
7517d7683000-7517d768a000 r--p 00000000 08:25 2543593                    /usr/lib/jvm/java-21-openjdk-amd64/lib/libnio.so
7517d768a000-7517d7693000 r-xp 00007000 08:25 2543593                    /usr/lib/jvm/java-21-openjdk-amd64/lib/libnio.so
7517d7693000-7517d7697000 r--p 00010000 08:25 2543593                    /usr/lib/jvm/java-21-openjdk-amd64/lib/libnio.so
7517d7697000-7517d7698000 r--p 00014000 08:25 2543593                    /usr/lib/jvm/java-21-openjdk-amd64/lib/libnio.so
7517d7698000-7517d7699000 rw-p 00015000 08:25 2543593                    /usr/lib/jvm/java-21-openjdk-amd64/lib/libnio.so
7517d7699000-7517d7717000 rw-p 00000000 00:00 0 
7517d7717000-7517d7727000 r--p 00000000 08:25 1868504                    /usr/lib/x86_64-linux-gnu/libm.so.6
7517d7727000-7517d77a6000 r-xp 00010000 08:25 1868504                    /usr/lib/x86_64-linux-gnu/libm.so.6
7517d77a6000-7517d77fe000 r--p 0008f000 08:25 1868504                    /usr/lib/x86_64-linux-gnu/libm.so.6
7517d77fe000-7517d77ff000 r--p 000e7000 08:25 1868504                    /usr/lib/x86_64-linux-gnu/libm.so.6
7517d77ff000-7517d7800000 rw-p 000e8000 08:25 1868504                    /usr/lib/x86_64-linux-gnu/libm.so.6
7517d7800000-7517d7aa1000 r--p 00000000 08:25 2543607                    /usr/lib/jvm/java-21-openjdk-amd64/lib/server/libjvm.so
7517d7aa1000-7517d890d000 r-xp 002a1000 08:25 2543607                    /usr/lib/jvm/java-21-openjdk-amd64/lib/server/libjvm.so
7517d890d000-7517d8be5000 r--p 0110d000 08:25 2543607                    /usr/lib/jvm/java-21-openjdk-amd64/lib/server/libjvm.so
7517d8be5000-7517d8cb8000 r--p 013e5000 08:25 2543607                    /usr/lib/jvm/java-21-openjdk-amd64/lib/server/libjvm.so
7517d8cb8000-7517d8ce8000 rw-p 014b8000 08:25 2543607                    /usr/lib/jvm/java-21-openjdk-amd64/lib/server/libjvm.so
7517d8ce8000-7517d8d4e000 rw-p 00000000 00:00 0 
7517d8d52000-7517d8d55000 r--p 00000000 08:25 2543592                    /usr/lib/jvm/java-21-openjdk-amd64/lib/libnet.so
7517d8d55000-7517d8d5d000 r-xp 00003000 08:25 2543592                    /usr/lib/jvm/java-21-openjdk-amd64/lib/libnet.so
7517d8d5d000-7517d8d5f000 r--p 0000b000 08:25 2543592                    /usr/lib/jvm/java-21-openjdk-amd64/lib/libnet.so
7517d8d5f000-7517d8d60000 r--p 0000c000 08:25 2543592                    /usr/lib/jvm/java-21-openjdk-amd64/lib/libnet.so
7517d8d60000-7517d8d61000 rw-p 0000d000 08:25 2543592                    /usr/lib/jvm/java-21-openjdk-amd64/lib/libnet.so
7517d8d61000-7517d8da7000 rw-p 00000000 00:00 0 
7517d8da7000-7517d8dae000 ---p 00000000 00:00 0 
7517d8dae000-7517d8dbb000 r--p 00000000 08:25 2543578                    /usr/lib/jvm/java-21-openjdk-amd64/lib/libjava.so
7517d8dbb000-7517d8dca000 r-xp 0000d000 08:25 2543578                    /usr/lib/jvm/java-21-openjdk-amd64/lib/libjava.so
7517d8dca000-7517d8dcf000 r--p 0001c000 08:25 2543578                    /usr/lib/jvm/java-21-openjdk-amd64/lib/libjava.so
7517d8dcf000-7517d8dd0000 r--p 00021000 08:25 2543578                    /usr/lib/jvm/java-21-openjdk-amd64/lib/libjava.so
7517d8dd0000-7517d8dd1000 rw-p 00022000 08:25 2543578                    /usr/lib/jvm/java-21-openjdk-amd64/lib/libjava.so
7517d8dd1000-7517d8dd2000 rw-p 00000000 00:00 0 
7517d8dd2000-7517d8dd6000 r--p 00000000 08:25 1868124                    /usr/lib/x86_64-linux-gnu/libgcc_s.so.1
7517d8dd6000-7517d8dfa000 r-xp 00004000 08:25 1868124                    /usr/lib/x86_64-linux-gnu/libgcc_s.so.1
7517d8dfa000-7517d8dfe000 r--p 00028000 08:25 1868124                    /usr/lib/x86_64-linux-gnu/libgcc_s.so.1
7517d8dfe000-7517d8dff000 r--p 0002b000 08:25 1868124                    /usr/lib/x86_64-linux-gnu/libgcc_s.so.1
7517d8dff000-7517d8e00000 rw-p 0002c000 08:25 1868124                    /usr/lib/x86_64-linux-gnu/libgcc_s.so.1
7517d8e00000-7517d8e28000 r--p 00000000 08:25 1867753                    /usr/lib/x86_64-linux-gnu/libc.so.6
7517d8e28000-7517d8fb0000 r-xp 00028000 08:25 1867753                    /usr/lib/x86_64-linux-gnu/libc.so.6
7517d8fb0000-7517d8fff000 r--p 001b0000 08:25 1867753                    /usr/lib/x86_64-linux-gnu/libc.so.6
7517d8fff000-7517d9003000 r--p 001fe000 08:25 1867753                    /usr/lib/x86_64-linux-gnu/libc.so.6
7517d9003000-7517d9005000 rw-p 00202000 08:25 1867753                    /usr/lib/x86_64-linux-gnu/libc.so.6
7517d9005000-7517d9012000 rw-p 00000000 00:00 0 
7517d9013000-7517d901a000 r--s 00000000 08:25 1870331                    /usr/lib/x86_64-linux-gnu/gconv/gconv-modules.cache
7517d901a000-7517d901c000 rw-p 00000000 00:00 0 
7517d901c000-7517d901e000 r--p 00000000 08:25 2543582                    /usr/lib/jvm/java-21-openjdk-amd64/lib/libjli.so
7517d901e000-7517d9028000 r-xp 00002000 08:25 2543582                    /usr/lib/jvm/java-21-openjdk-amd64/lib/libjli.so
7517d9028000-7517d902b000 r--p 0000c000 08:25 2543582                    /usr/lib/jvm/java-21-openjdk-amd64/lib/libjli.so
7517d902b000-7517d902c000 r--p 0000f000 08:25 2543582                    /usr/lib/jvm/java-21-openjdk-amd64/lib/libjli.so
7517d902c000-7517d902d000 rw-p 00010000 08:25 2543582                    /usr/lib/jvm/java-21-openjdk-amd64/lib/libjli.so
7517d902d000-7517d902f000 r--p 00000000 08:25 1869333                    /usr/lib/x86_64-linux-gnu/libz.so.1.3
7517d902f000-7517d9041000 r-xp 00002000 08:25 1869333                    /usr/lib/x86_64-linux-gnu/libz.so.1.3
7517d9041000-7517d9047000 r--p 00014000 08:25 1869333                    /usr/lib/x86_64-linux-gnu/libz.so.1.3
7517d9047000-7517d9048000 r--p 0001a000 08:25 1869333                    /usr/lib/x86_64-linux-gnu/libz.so.1.3
7517d9048000-7517d9049000 rw-p 0001b000 08:25 1869333                    /usr/lib/x86_64-linux-gnu/libz.so.1.3
7517d9049000-7517d9051000 rw-s 00000000 08:25 2658505                    /tmp/hsperfdata_edu/13403
7517d9051000-7517d9052000 ---p 00000000 00:00 0 
7517d9052000-7517d9053000 r--p 00000000 00:00 0 
7517d9053000-7517d9054000 ---p 00000000 00:00 0 
7517d9054000-7517d9056000 r--p 00000000 08:25 2543581                    /usr/lib/jvm/java-21-openjdk-amd64/lib/libjimage.so
7517d9056000-7517d9059000 r-xp 00002000 08:25 2543581                    /usr/lib/jvm/java-21-openjdk-amd64/lib/libjimage.so
7517d9059000-7517d905a000 r--p 00005000 08:25 2543581                    /usr/lib/jvm/java-21-openjdk-amd64/lib/libjimage.so
7517d905a000-7517d905b000 r--p 00006000 08:25 2543581                    /usr/lib/jvm/java-21-openjdk-amd64/lib/libjimage.so
7517d905b000-7517d905c000 rw-p 00007000 08:25 2543581                    /usr/lib/jvm/java-21-openjdk-amd64/lib/libjimage.so
7517d905c000-7517d905e000 rw-p 00000000 00:00 0 
7517d905e000-7517d905f000 r--p 00000000 08:25 1867323                    /usr/lib/x86_64-linux-gnu/ld-linux-x86-64.so.2
7517d905f000-7517d908a000 r-xp 00001000 08:25 1867323                    /usr/lib/x86_64-linux-gnu/ld-linux-x86-64.so.2
7517d908a000-7517d9094000 r--p 0002c000 08:25 1867323                    /usr/lib/x86_64-linux-gnu/ld-linux-x86-64.so.2
7517d9094000-7517d9096000 r--p 00036000 08:25 1867323                    /usr/lib/x86_64-linux-gnu/ld-linux-x86-64.so.2
7517d9096000-7517d9098000 rw-p 00038000 08:25 1867323                    /usr/lib/x86_64-linux-gnu/ld-linux-x86-64.so.2
7fff2e4c6000-7fff2e4e7000 rw-p 00000000 00:00 0                          [stack]
7fff2e529000-7fff2e52d000 r--p 00000000 00:00 0                          [vvar]
7fff2e52d000-7fff2e52f000 r-xp 00000000 00:00 0                          [vdso]
ffffffffff600000-ffffffffff601000 --xp 00000000 00:00 0                  [vsyscall]
Total number of mappings: 276


VM Arguments:
jvm_args: -Dclassworlds.conf=/usr/lib/apache-netbeans/java/maven/bin/m2.conf -Dmaven.home=/usr/lib/apache-netbeans/java/maven -Dlibrary.jansi.path=/usr/lib/apache-netbeans/java/maven/lib/jansi-native -Dmaven.multiModuleProjectDirectory=/home/edu/IPC2-2025/AnalizadorLexico2/AnalizadorLexico 
java_command: org.codehaus.plexus.classworlds.launcher.Launcher -Dmaven.ext.class.path=/usr/lib/apache-netbeans/java/maven-nblib/netbeans-eventspy.jar --no-transfer-progress clean install
java_class_path (initial): /usr/lib/apache-netbeans/java/maven/boot/plexus-classworlds-2.8.0.jar
Launcher Type: SUN_STANDARD

[Global flags]
     intx CICompilerCount                          = 4                                         {product} {ergonomic}
     uint ConcGCThreads                            = 3                                         {product} {ergonomic}
     uint G1ConcRefinementThreads                  = 10                                        {product} {ergonomic}
   size_t G1HeapRegionSize                         = 1048576                                   {product} {ergonomic}
    uintx GCDrainStackTargetSize                   = 64                                        {product} {ergonomic}
   size_t InitialHeapSize                          = 127926272                                 {product} {ergonomic}
   size_t MarkStackSize                            = 4194304                                   {product} {ergonomic}
   size_t MaxHeapSize                              = 2040528896                                {product} {ergonomic}
   size_t MaxNewSize                               = 1223688192                                {product} {ergonomic}
   size_t MinHeapDeltaBytes                        = 1048576                                   {product} {ergonomic}
   size_t MinHeapSize                              = 8388608                                   {product} {ergonomic}
    uintx NonNMethodCodeHeapSize                   = 5839372                                {pd product} {ergonomic}
    uintx NonProfiledCodeHeapSize                  = 122909434                              {pd product} {ergonomic}
    uintx ProfiledCodeHeapSize                     = 122909434                              {pd product} {ergonomic}
    uintx ReservedCodeCacheSize                    = 251658240                              {pd product} {ergonomic}
     bool SegmentedCodeCache                       = true                                      {product} {ergonomic}
   size_t SoftMaxHeapSize                          = 2040528896                             {manageable} {ergonomic}
     bool UseCompressedOops                        = true                           {product lp64_product} {ergonomic}
     bool UseG1GC                                  = true                                      {product} {ergonomic}

Logging:
Log output configuration:
 #0: stdout all=warning uptime,level,tags foldmultilines=false
 #1: stderr all=off uptime,level,tags foldmultilines=false

Environment Variables:
JAVA_HOME=/usr/lib/jvm/java-21-openjdk-amd64
PATH=/usr/local/sbin:/usr/local/bin:/usr/sbin:/usr/bin:/sbin:/bin:/usr/games:/usr/local/games:/snap/bin
SHELL=/bin/bash
DISPLAY=:0
LANG=es_GT.UTF-8

Active Locale:
LC_ALL=es_GT.UTF-8
LC_COLLATE=es_GT.UTF-8
LC_CTYPE=es_GT.UTF-8
LC_MESSAGES=es_GT.UTF-8
LC_MONETARY=es_GT.UTF-8
LC_NUMERIC=es_GT.UTF-8
LC_TIME=es_GT.UTF-8

Signal Handlers:
   SIGSEGV: crash_handler in libjvm.so, mask=11100100010111111101111111111110, flags=SA_RESTART|SA_SIGINFO, unblocked
    SIGBUS: crash_handler in libjvm.so, mask=11100100010111111101111111111110, flags=SA_RESTART|SA_SIGINFO, unblocked
    SIGFPE: crash_handler in libjvm.so, mask=11100100010111111101111111111110, flags=SA_RESTART|SA_SIGINFO, unblocked
   SIGPIPE: javaSignalHandler in libjvm.so, mask=11100100010111111101111111111110, flags=SA_RESTART|SA_SIGINFO, blocked
   SIGXFSZ: javaSignalHandler in libjvm.so, mask=11100100010111111101111111111110, flags=SA_RESTART|SA_SIGINFO, blocked
    SIGILL: crash_handler in libjvm.so, mask=11100100010111111101111111111110, flags=SA_RESTART|SA_SIGINFO, unblocked
   SIGUSR2: SR_handler in libjvm.so, mask=00000000000000000000000000000000, flags=SA_RESTART|SA_SIGINFO, blocked
    SIGHUP: UserHandler in libjvm.so, mask=11100100010111111101111111111110, flags=SA_RESTART|SA_SIGINFO, blocked
    SIGINT: SIG_IGN, mask=00000000000000000000000000000000, flags=none, blocked
   SIGTERM: UserHandler in libjvm.so, mask=11100100010111111101111111111110, flags=SA_RESTART|SA_SIGINFO, blocked
   SIGQUIT: UserHandler in libjvm.so, mask=11100100010111111101111111111110, flags=SA_RESTART|SA_SIGINFO, blocked
   SIGTRAP: crash_handler in libjvm.so, mask=11100100010111111101111111111110, flags=SA_RESTART|SA_SIGINFO, unblocked


Periodic native trim disabled

---------------  S Y S T E M  ---------------

OS:
DISTRIB_ID=LinuxMint
DISTRIB_RELEASE=22.1
DISTRIB_CODENAME=xia
DISTRIB_DESCRIPTION="Linux Mint 22.1 Xia"
uname: Linux 6.8.0-51-generic #52-Ubuntu SMP PREEMPT_DYNAMIC Thu Dec  5 13:09:44 UTC 2024 x86_64
OS uptime: 0 days 5:22 hours
libc: glibc 2.39 NPTL 2.39 
rlimit (soft/hard): STACK 8192k/infinity , CORE 0k/infinity , NPROC 30798/30798 , NOFILE 1048576/1048576 , AS infinity/infinity , CPU infinity/infinity , DATA infinity/infinity , FSIZE infinity/infinity , MEMLOCK 995356k/995356k
load average: 3.38 1.52 0.73

/proc/meminfo:
MemTotal:        7962864 kB
MemFree:         1113740 kB
MemAvailable:    2658600 kB
Buffers:           94728 kB
Cached:          2037744 kB
SwapCached:            8 kB
Active:          4558672 kB
Inactive:        1548516 kB
Active(anon):    3800300 kB
Inactive(anon):   635688 kB
Active(file):     758372 kB
Inactive(file):   912828 kB
Unevictable:       88224 kB
Mlocked:              64 kB
SwapTotal:      15997944 kB
SwapFree:       15997688 kB
Zswap:                 0 kB
Zswapped:              0 kB
Dirty:               940 kB
Writeback:             0 kB
AnonPages:       4063152 kB
Mapped:           643976 kB
Shmem:            461272 kB
KReclaimable:     182120 kB
Slab:             337796 kB
SReclaimable:     182120 kB
SUnreclaim:       155676 kB
KernelStack:       17568 kB
PageTables:        46128 kB
SecPageTables:         0 kB
NFS_Unstable:          0 kB
Bounce:                0 kB
WritebackTmp:          0 kB
CommitLimit:    19979376 kB
Committed_AS:   18003264 kB
VmallocTotal:   34359738367 kB
VmallocUsed:       42072 kB
VmallocChunk:          0 kB
Percpu:             8208 kB
HardwareCorrupted:     0 kB
AnonHugePages:         0 kB
ShmemHugePages:        0 kB
ShmemPmdMapped:        0 kB
FileHugePages:         0 kB
FilePmdMapped:         0 kB
Unaccepted:            0 kB
HugePages_Total:       0
HugePages_Free:        0
HugePages_Rsvd:        0
HugePages_Surp:        0
Hugepagesize:       2048 kB
Hugetlb:               0 kB
DirectMap4k:      172580 kB
DirectMap2M:     4904960 kB
DirectMap1G:     3145728 kB

/sys/kernel/mm/transparent_hugepage/enabled: always [madvise] never
/sys/kernel/mm/transparent_hugepage/hpage_pmd_size: 2097152
/sys/kernel/mm/transparent_hugepage/defrag (defrag/compaction efforts parameter): always defer defer+madvise [madvise] never

Process Memory:
Virtual Size: 5643936K (peak: 5706492K)
Resident Set Size: 267412K (peak: 267412K) (anon: 228448K, file: 38964K, shmem: 0K)
Swapped out: 0K
C-Heap outstanding allocations: 89340K, retained: 23359K
glibc malloc tunables: (default)

/proc/sys/kernel/threads-max (system-wide limit on the number of threads): 61597
/proc/sys/vm/max_map_count (maximum number of memory map areas a process may have): 1048576
/proc/sys/vm/swappiness (control to define how aggressively the kernel swaps out anonymous memory): 60
/proc/sys/kernel/pid_max (system-wide limit on number of process identifiers): 4194304

container (cgroup) information:
container_type: cgroupv2
cpu_cpuset_cpus: not supported
cpu_memory_nodes: not supported
active_processor_count: 12
cpu_quota: no quota
cpu_period: 100000
cpu_shares: no shares
memory_limit_in_bytes: unlimited
memory_and_swap_limit_in_bytes: unlimited
memory_soft_limit_in_bytes: unlimited
memory_usage_in_bytes: 4791020 k
memory_max_usage_in_bytes: not supported
memory_swap_current_in_bytes: unlimited
memory_swap_max_limit_in_bytes: unlimited
maximum number of tasks: unlimited
current number of tasks: 588

Steal ticks since vm start: 0
Steal ticks percentage since vm start:  0.000

CPU: total 12 (initial active 12) (6 cores per cpu, 2 threads per core) family 6 model 165 stepping 3 microcode 0xfc, cx8, cmov, fxsr, ht, mmx, 3dnowpref, sse, sse2, sse3, ssse3, sse4.1, sse4.2, popcnt, lzcnt, tsc, tscinvbit, avx, avx2, aes, erms, clmul, bmi1, bmi2, adx, fma, vzeroupper, clflush, clflushopt, rdtscp, f16c
CPU Model and flags from /proc/cpuinfo:
model name	: Intel(R) Core(TM) i5-10400 CPU @ 2.90GHz
flags		: fpu vme de pse tsc msr pae mce cx8 apic sep mtrr pge mca cmov pat pse36 clflush dts acpi mmx fxsr sse sse2 ss ht tm pbe syscall nx pdpe1gb rdtscp lm constant_tsc art arch_perfmon pebs bts rep_good nopl xtopology nonstop_tsc cpuid aperfmperf pni pclmulqdq dtes64 monitor ds_cpl vmx est tm2 ssse3 sdbg fma cx16 xtpr pdcm pcid sse4_1 sse4_2 x2apic movbe popcnt tsc_deadline_timer aes xsave avx f16c rdrand lahf_lm abm 3dnowprefetch cpuid_fault epb ssbd ibrs ibpb stibp ibrs_enhanced tpr_shadow flexpriority ept vpid ept_ad fsgsbase tsc_adjust bmi1 avx2 smep bmi2 erms invpcid mpx rdseed adx smap clflushopt intel_pt xsaveopt xsavec xgetbv1 xsaves dtherm ida arat pln pts hwp hwp_notify hwp_act_window hwp_epp vnmi md_clear flush_l1d arch_capabilities

Online cpus: 0-11
Offline cpus: 
BIOS frequency limitation: <Not Available>
Frequency switch latency (ns): 0
Available cpu frequencies: <Not Available>
Current governor: powersave
Core performance/turbo boost: <Not Available>

Memory: 4k page, physical 7962864k(2658600k free), swap 15997944k(15997688k free)
Page Sizes: 4k

vm_info: OpenJDK 64-Bit Server VM (21.0.6+7-Ubuntu-124.04.1) for linux-amd64 JRE (21.0.6+7-Ubuntu-124.04.1), built on 2025-01-23T22:52:35Z by "buildd" with gcc 13.3.0

END.
