#
# A fatal error has been detected by the Java Runtime Environment:
#
#  SIGSEGV (0xb) at pc=0x00007b0ebe4b3e44, pid=12497, tid=12536
#
# JRE version: OpenJDK Runtime Environment (21.0.6+7) (build 21.0.6+7-Ubuntu-124.04.1)
# Java VM: OpenJDK 64-Bit Server VM (21.0.6+7-Ubuntu-124.04.1, mixed mode, sharing, tiered, compressed oops, compressed class ptrs, g1 gc, linux-amd64)
# Problematic frame:
# V  [libjvm.so+0xcb3e44]  NativePostCallNop::patch(int)+0x4
#
# Core dump will be written. Default location: Core dumps may be processed with "/usr/lib/systemd/systemd-coredump %P %u %g %s %t 9223372036854775808 %h" (or dumping to /home/edu/IPC2-2025/AnalizadorLexico2/AnalizadorLexico/core.12497)
#
# If you would like to submit a bug report, please visit:
#   https://bugs.launchpad.net/ubuntu/+source/openjdk-21
#

---------------  S U M M A R Y ------------

Command Line: -Dclassworlds.conf=/usr/lib/apache-netbeans/java/maven/bin/m2.conf -Dmaven.home=/usr/lib/apache-netbeans/java/maven -Dlibrary.jansi.path=/usr/lib/apache-netbeans/java/maven/lib/jansi-native -Dmaven.multiModuleProjectDirectory=/home/edu/IPC2-2025/AnalizadorLexico2/AnalizadorLexico org.codehaus.plexus.classworlds.launcher.Launcher -Dmaven.ext.class.path=/usr/lib/apache-netbeans/java/maven-nblib/netbeans-eventspy.jar --no-transfer-progress clean install

Host: Intel(R) Core(TM) i5-10400 CPU @ 2.90GHz, 12 cores, 7G, Linux Mint 22.1 Xia
Time: Tue Sep 30 12:52:16 2025 CST elapsed time: 2.223100 seconds (0d 0h 0m 2s)

---------------  T H R E A D  ---------------

Current thread (0x00007b0e041b8290):  JavaThread "C2 CompilerThread2" daemon [_thread_in_vm, id=12536, stack(0x00007b0e96200000,0x00007b0e96300000) (1024K)]


Current CompileTask:
C2:2223 6454       4       jdk.internal.loader.URLClassPath::getResource (74 bytes)

Stack: [0x00007b0e96200000,0x00007b0e96300000],  sp=0x00007b0e962fc0f8,  free space=1008k
Native frames: (J=compiled Java code, j=interpreted, Vv=VM code, C=native code)
V  [libjvm.so+0xcb3e44]  NativePostCallNop::patch(int)+0x4
V  [libjvm.so+0xcbc6df]  nmethod::nmethod(Method*, CompilerType, int, int, int, CodeOffsets*, int, DebugInformationRecorder*, Dependencies*, CodeBuffer*, int, OopMapSet*, ExceptionHandlerTable*, ImplicitExceptionTable*, AbstractCompiler*, CompLevel, char*, int, JVMCINMethodData*)+0x42f
V  [libjvm.so+0xcbc9fa]  nmethod::new_nmethod(methodHandle const&, int, int, CodeOffsets*, int, DebugInformationRecorder*, Dependencies*, CodeBuffer*, int, OopMapSet*, ExceptionHandlerTable*, ImplicitExceptionTable*, AbstractCompiler*, CompLevel, char*, int, JVMCINMethodData*)+0x1aa
V  [libjvm.so+0x5c1e5e]  ciEnv::register_method(ciMethod*, int, CodeOffsets*, int, CodeBuffer*, int, OopMapSet*, ExceptionHandlerTable*, ImplicitExceptionTable*, AbstractCompiler*, bool, bool, bool, int, RTMState)+0x33e
V  [libjvm.so+0xd10d0c]  PhaseOutput::install_code(ciMethod*, int, AbstractCompiler*, bool, bool, RTMState)+0x10c
V  [libjvm.so+0xd10dd9]  PhaseOutput::install()+0x89
V  [libjvm.so+0x663489]  Compile::Code_Gen()+0x5f9
V  [libjvm.so+0x666c06]  Compile::Compile(ciEnv*, ciMethod*, int, Options, DirectiveSet*)+0x1476
V  [libjvm.so+0x58ba7d]  C2Compiler::compile_method(ciEnv*, ciMethod*, int, bool, DirectiveSet*)+0x19d
V  [libjvm.so+0x66c9e3]  CompileBroker::invoke_compiler_on_method(CompileTask*)+0xc73
V  [libjvm.so+0x66fac8]  CompileBroker::compiler_thread_loop()+0x648
V  [libjvm.so+0x925536]  JavaThread::thread_main_inner()+0x1e6
V  [libjvm.so+0xf83ae7]  Thread::call_run()+0xa7
V  [libjvm.so+0xcfc025]  thread_native_entry(Thread*)+0xd5
C  [libc.so.6+0x9ca94]

siginfo: si_signo: 11 (SIGSEGV), si_code: 1 (SEGV_MAPERR), si_addr: 0x0000000000000004

Registers:
RAX=0x000000000000000d, RBX=0x00007b0ea8614290, RCX=0x0000000000000000, RDX=0x00000000ffffffff
RSP=0x00007b0e962fc0f8, RBP=0x00007b0e962fc1c0, RSI=0x000000000d0012fc, RDI=0x0000000000000000
R8 =0x00007b0ebe9b63f4, R9 =0x00000000ffffffff, R10=0x0000000000000000, R11=0x0000000000000040
R12=0x00007b0e962fc100, R13=0x0000000000000000, R14=0x00000000000012fc, R15=0x00007b0e962fca8c
RIP=0x00007b0ebe4b3e44, EFLAGS=0x0000000000010206, CSGSFS=0x002b000000000033, ERR=0x0000000000000006
  TRAPNO=0x000000000000000e

XMM[0]=0x0000000000000000 0x0000000000000000
XMM[1]=0x00000abf00001d00 0x0000000000000000
XMM[2]=0x00000af000001d64 0x0000000000000000
XMM[3]=0x00000b1200001dc4 0x0000000000000000
XMM[4]=0x0000000000000000 0x00007b0dec000090
XMM[5]=0x0000000000000000 0x00000c1800002154
XMM[6]=0x0000000000000000 0x00000bca00001f4c
XMM[7]=0x0000000000000000 0x00000b8200001edc
XMM[8]=0x0000000000000000 0x00000b4f00001e6c
XMM[9]=0x0000000000000000 0x46293e5939a08cea
XMM[10]=0x0000000000000000 0x4376345785d8a000
XMM[11]=0x00007b0e0447fa50 0x00007b0e0447fb10
XMM[12]=0x00007b0e0447f990 0x00007b0e0447f930
XMM[13]=0x0000000000000000 0x0000000000000000
XMM[14]=0x0000000000000000 0x0000000000000000
XMM[15]=0x0000000000000000 0x0000000000000000
  MXCSR=0x00001fa0


Register to memory mapping:

RAX=0x000000000000000d is an unknown value
RBX=0x00007b0ea8614290 is at entry_point+-912 in (nmethod*)0x00007b0ea8614290
Compiled method (c2) 2225 6454       4       jdk.internal.loader.URLClassPath::getResource (74 bytes)
 total in heap  [0x00007b0ea8614290,0x00007b0ea8617d50] = 15040
 relocation     [0x00007b0ea86143e8,0x00007b0ea8614618] = 560
 main code      [0x00007b0ea8614620,0x00007b0ea86167f0] = 8656
 stub code      [0x00007b0ea86167f0,0x00007b0ea86168b8] = 200
 oops           [0x00007b0ea86168b8,0x00007b0ea86168e8] = 48
 metadata       [0x00007b0ea86168e8,0x00007b0ea8616a28] = 320
 scopes data    [0x00007b0ea8616a28,0x00007b0ea8617648] = 3104
 scopes pcs     [0x00007b0ea8617648,0x00007b0ea8617ad8] = 1168
 dependencies   [0x00007b0ea8617ad8,0x00007b0ea8617ae8] = 16
 handler table  [0x00007b0ea8617ae8,0x00007b0ea8617cc8] = 480
 nul chk table  [0x00007b0ea8617cc8,0x00007b0ea8617d50] = 136
RCX=0x0 is null
RDX=
[error occurred during error reporting (printing register info), id 0xb, SIGSEGV (0xb) at pc=0x00007b0ebdfc1d03]
RSP=0x00007b0e962fc0f8 is pointing into the stack for thread: 0x00007b0e041b8290
RBP=0x00007b0e962fc1c0 is pointing into the stack for thread: 0x00007b0e041b8290
RSI=0x000000000d0012fc is an unknown value
RDI=0x0 is null
R8 =0x00007b0ebe9b63f4: <offset 0x00000000011b63f4> in /usr/lib/jvm/java-21-openjdk-amd64/lib/server/libjvm.so at 0x00007b0ebd800000
R9 =
[error occurred during error reporting (printing register info, attempt 2), id 0xb, SIGSEGV (0xb) at pc=0x00007b0ebdfc1d03]
R10=0x0 is null
R11=0x0000000000000040 is an unknown value
R12=0x00007b0e962fc100 is pointing into the stack for thread: 0x00007b0e041b8290
R13=0x0 is null
R14=0x00000000000012fc is an unknown value
R15=0x00007b0e962fca8c is pointing into the stack for thread: 0x00007b0e041b8290

Top of Stack: (sp=0x00007b0e962fc0f8)
0x00007b0e962fc0f8:   00007b0ebe4bc2a6 0000000000000000
0x00007b0e962fc108:   00007b0ea861446a 00007b0ea8614618
0x00007b0e962fc118:   00007b0ea8614290 00007b0ea861558c
0x00007b0e962fc128:   00007b0ea8610004 00007b0e962fc128
0x00007b0e962fc138:   00007b0e962f0000 00007b0ea8614620
0x00007b0e962fc148:   00007b0ea8614620 00007b0ea86167f0
0x00007b0e962fc158:   00007b0ea8614620 00007b0ea86167f0
0x00007b0e962fc168:   00007b0ea86168b8 00007b0ebebfbad8
0x00007b0e962fc178:   00007b0e962fc100 00007b0e00000010
0x00007b0e962fc188:   00007b0e962fca8c 00007b0e962fc1c0
0x00007b0e962fc198:   00007b0ebdfbe895 00007b0df0002e38
0x00007b0e962fc1a8:   00007b0ea8616a28 00007b0eb815a070
0x00007b0e962fc1b8:   00007b0ea8614290 00007b0e962fc260
0x00007b0e962fc1c8:   00007b0ebe4bc6df 00007b0000000000
0x00007b0e962fc1d8:   0000000000000000 0000000000000000
0x00007b0e962fc1e8:   00001936ec5f9090 00007b0ea8614290
0x00007b0e962fc1f8:   00007b0ea8614290 0000000000000010
0x00007b0e962fc208:   0000000000000004 00007b0e962fca38
0x00007b0e962fc218:   00007b0e962fca20 00007b0df030d790
0x00007b0e962fc228:   00007b0df0002e98 00007b0dec1f54f0
0x00007b0e962fc238:   00007b0ea8614290 00007b0e962fc300
0x00007b0e962fc248:   00007b0df0002e98 00007b0e962fc430
0x00007b0e962fc258:   00007b0ebed19df8 00007b0e962fc370
0x00007b0e962fc268:   00007b0ebe4bc9fa 00007b0e962fca8c
0x00007b0e962fc278:   0000000000000070 00007b0df0002e98
0x00007b0e962fc288:   00007b0df030d790 00007b0e962fc858
0x00007b0e962fc298:   0000000000000012 00007b0e08a1e4d0
0x00007b0e962fc2a8:   00007b0e962fca20 00007b0e962fca38
0x00007b0e962fc2b8:   00007b0eb815a070 0000000000000004
0x00007b0e962fc2c8:   0000000000000000 0000000000000000
0x00007b0e962fc2d8:   0000000000000000 00007b0e962fca8c
0x00007b0e962fc2e8:   ffffffff00000070 0000000400001936 

Instructions: (pc=0x00007b0ebe4b3e44)
0x00007b0ebe4b3d44:   07 e9 be 05 00 00 00 89 47 01 e9 bd 3a c1 ff 48
0x00007b0ebe4b3d54:   8d 05 f6 91 80 00 55 48 8d 0d 72 4c 47 00 48 8d
0x00007b0ebe4b3d64:   15 ff 17 4d 00 be 5d 02 00 00 48 8d 3d 13 17 4d
0x00007b0ebe4b3d74:   00 48 8b 00 48 89 e5 c6 00 58 31 c0 e8 0b c1 9f
0x00007b0ebe4b3d84:   ff 90 66 2e 0f 1f 84 00 00 00 00 00 f3 0f 1e fa
0x00007b0ebe4b3d94:   55 48 89 e5 41 54 49 89 f4 53 48 89 fb c7 07 eb
0x00007b0ebe4b3da4:   fe eb fe e8 34 3a c1 ff 41 0f b6 44 24 04 48 8d
0x00007b0ebe4b3db4:   7b 04 88 43 04 e8 22 3a c1 ff 41 8b 04 24 48 89
0x00007b0ebe4b3dc4:   df 89 03 5b 41 5c 5d e9 10 3a c1 ff f3 0f 1e fa
0x00007b0ebe4b3dd4:   0f b6 07 83 f8 0f 74 14 3d e9 00 00 00 74 25 48
0x00007b0ebe4b3de4:   0f be 47 01 48 8d 44 07 02 c3 66 90 b8 02 00 00
0x00007b0ebe4b3df4:   00 ba 06 00 00 00 48 63 04 07 48 01 d0 48 01 f8
0x00007b0ebe4b3e04:   c3 0f 1f 00 b8 01 00 00 00 ba 05 00 00 00 48 63
0x00007b0ebe4b3e14:   04 07 48 01 d0 48 01 f8 c3 90 66 90 f3 0f 1e fa
0x00007b0ebe4b3e24:   c7 07 0f ff 00 a9 be 08 00 00 00 e9 dc 39 c1 ff
0x00007b0ebe4b3e34:   66 66 2e 0f 1f 84 00 00 00 00 00 90 f3 0f 1e fa
0x00007b0ebe4b3e44:   89 77 04 c3 0f 1f 84 00 00 00 00 00 f3 0f 1e fa
0x00007b0ebe4b3e54:   c3 90 66 2e 0f 1f 84 00 00 00 00 00 f3 0f 1e fa
0x00007b0ebe4b3e64:   b8 0f ff ff ff c6 47 02 00 66 89 07 40 84 f6 75
0x00007b0ebe4b3e74:   0b c3 66 2e 0f 1f 84 00 00 00 00 00 be 03 00 00
0x00007b0ebe4b3e84:   00 e9 86 39 c1 ff 66 0f 1f 44 00 00 55 48 89 e5
0x00007b0ebe4b3e94:   41 57 41 56 41 55 49 89 fd 41 54 53 48 89 f3 48
0x00007b0ebe4b3ea4:   83 ec 38 66 48 8d 3d c1 40 80 00 66 66 48 e8 89
0x00007b0ebe4b3eb4:   d6 5e ff 4c 8b 20 48 8d 05 e7 c6 88 00 48 8b 38
0x00007b0ebe4b3ec4:   41 0f b6 44 24 29 8d 50 01 4c 8d bf 70 09 00 00
0x00007b0ebe4b3ed4:   41 88 54 24 29 84 c0 0f 84 df 01 00 00 41 80 7c
0x00007b0ebe4b3ee4:   24 2a 00 74 47 48 85 db 74 12 48 8b 0b 48 89 ce
0x00007b0ebe4b3ef4:   48 f7 d6 83 e6 03 0f 84 b0 01 00 00 41 88 44 24
0x00007b0ebe4b3f04:   29 80 fa 01 77 0f 48 81 c7 70 09 00 00 4c 89 e6
0x00007b0ebe4b3f14:   e8 47 d4 14 00 48 83 c4 38 48 89 d8 5b 41 5c 41
0x00007b0ebe4b3f24:   5d 41 5e 41 5f 5d c3 0f 1f 44 00 00 4c 89 ff 4c
0x00007b0ebe4b3f34:   89 e6 e8 15 d2 14 00 48 89 c7 8b 00 48 8d 15 4d 


Stack slot to memory mapping:

stack at sp + 0 slots: 0x00007b0ebe4bc2a6: <offset 0x0000000000cbc2a6> in /usr/lib/jvm/java-21-openjdk-amd64/lib/server/libjvm.so at 0x00007b0ebd800000
stack at sp + 1 slots: 0x0 is null
stack at sp + 2 slots: 0x00007b0ea861446a is at entry_point+-438 in (nmethod*)0x00007b0ea8614290
Compiled method (c2) 2226 6454       4       jdk.internal.loader.URLClassPath::getResource (74 bytes)
 total in heap  [0x00007b0ea8614290,0x00007b0ea8617d50] = 15040
 relocation     [0x00007b0ea86143e8,0x00007b0ea8614618] = 560
 main code      [0x00007b0ea8614620,0x00007b0ea86167f0] = 8656
 stub code      [0x00007b0ea86167f0,0x00007b0ea86168b8] = 200
 oops           [0x00007b0ea86168b8,0x00007b0ea86168e8] = 48
 metadata       [0x00007b0ea86168e8,0x00007b0ea8616a28] = 320
 scopes data    [0x00007b0ea8616a28,0x00007b0ea8617648] = 3104
 scopes pcs     [0x00007b0ea8617648,0x00007b0ea8617ad8] = 1168
 dependencies   [0x00007b0ea8617ad8,0x00007b0ea8617ae8] = 16
 handler table  [0x00007b0ea8617ae8,0x00007b0ea8617cc8] = 480
 nul chk table  [0x00007b0ea8617cc8,0x00007b0ea8617d50] = 136
stack at sp + 3 slots: 0x00007b0ea8614618 is at entry_point+-8 in (nmethod*)0x00007b0ea8614290
Compiled method (c2) 2226 6454       4       jdk.internal.loader.URLClassPath::getResource (74 bytes)
 total in heap  [0x00007b0ea8614290,0x00007b0ea8617d50] = 15040
 relocation     [0x00007b0ea86143e8,0x00007b0ea8614618] = 560
 main code      [0x00007b0ea8614620,0x00007b0ea86167f0] = 8656
 stub code      [0x00007b0ea86167f0,0x00007b0ea86168b8] = 200
 oops           [0x00007b0ea86168b8,0x00007b0ea86168e8] = 48
 metadata       [0x00007b0ea86168e8,0x00007b0ea8616a28] = 320
 scopes data    [0x00007b0ea8616a28,0x00007b0ea8617648] = 3104
 scopes pcs     [0x00007b0ea8617648,0x00007b0ea8617ad8] = 1168
 dependencies   [0x00007b0ea8617ad8,0x00007b0ea8617ae8] = 16
 handler table  [0x00007b0ea8617ae8,0x00007b0ea8617cc8] = 480
 nul chk table  [0x00007b0ea8617cc8,0x00007b0ea8617d50] = 136
stack at sp + 4 slots: 0x00007b0ea8614290 is at entry_point+-912 in (nmethod*)0x00007b0ea8614290
Compiled method (c2) 2226 6454       4       jdk.internal.loader.URLClassPath::getResource (74 bytes)
 total in heap  [0x00007b0ea8614290,0x00007b0ea8617d50] = 15040
 relocation     [0x00007b0ea86143e8,0x00007b0ea8614618] = 560
 main code      [0x00007b0ea8614620,0x00007b0ea86167f0] = 8656
 stub code      [0x00007b0ea86167f0,0x00007b0ea86168b8] = 200
 oops           [0x00007b0ea86168b8,0x00007b0ea86168e8] = 48
 metadata       [0x00007b0ea86168e8,0x00007b0ea8616a28] = 320
 scopes data    [0x00007b0ea8616a28,0x00007b0ea8617648] = 3104
 scopes pcs     [0x00007b0ea8617648,0x00007b0ea8617ad8] = 1168
 dependencies   [0x00007b0ea8617ad8,0x00007b0ea8617ae8] = 16
 handler table  [0x00007b0ea8617ae8,0x00007b0ea8617cc8] = 480
 nul chk table  [0x00007b0ea8617cc8,0x00007b0ea8617d50] = 136
stack at sp + 5 slots: 0x00007b0ea861558c is at entry_point+3948 in (nmethod*)0x00007b0ea8614290
Compiled method (c2) 2226 6454       4       jdk.internal.loader.URLClassPath::getResource (74 bytes)
 total in heap  [0x00007b0ea8614290,0x00007b0ea8617d50] = 15040
 relocation     [0x00007b0ea86143e8,0x00007b0ea8614618] = 560
 main code      [0x00007b0ea8614620,0x00007b0ea86167f0] = 8656
 stub code      [0x00007b0ea86167f0,0x00007b0ea86168b8] = 200
 oops           [0x00007b0ea86168b8,0x00007b0ea86168e8] = 48
 metadata       [0x00007b0ea86168e8,0x00007b0ea8616a28] = 320
 scopes data    [0x00007b0ea8616a28,0x00007b0ea8617648] = 3104
 scopes pcs     [0x00007b0ea8617648,0x00007b0ea8617ad8] = 1168
 dependencies   [0x00007b0ea8617ad8,0x00007b0ea8617ae8] = 16
 handler table  [0x00007b0ea8617ae8,0x00007b0ea8617cc8] = 480
 nul chk table  [0x00007b0ea8617cc8,0x00007b0ea8617d50] = 136
stack at sp + 6 slots: 0x00007b0ea8610004 is at entry_point+-28 in (nmethod*)0x00007b0ea860fe90
Compiled method (c1) 2226 6446       1       org.eclipse.aether.graph.DefaultDependencyNode::getRequestContext (5 bytes)
 total in heap  [0x00007b0ea860fe90,0x00007b0ea8610118] = 648
 relocation     [0x00007b0ea860ffe8,0x00007b0ea8610010] = 40
 main code      [0x00007b0ea8610020,0x00007b0ea86100b0] = 144
 stub code      [0x00007b0ea86100b0,0x00007b0ea86100e0] = 48
 oops           [0x00007b0ea86100e0,0x00007b0ea86100e8] = 8
 scopes data    [0x00007b0ea86100e8,0x00007b0ea86100f0] = 8
 scopes pcs     [0x00007b0ea86100f0,0x00007b0ea8610110] = 32
 dependencies   [0x00007b0ea8610110,0x00007b0ea8610118] = 8
stack at sp + 7 slots: 0x00007b0e962fc128 is pointing into the stack for thread: 0x00007b0e041b8290


---------------  P R O C E S S  ---------------

Threads class SMR info:
_java_thread_list=0x00007b0da400d130, length=12, elements={
0x00007b0eb80195d0, 0x00007b0eb8153070, 0x00007b0eb8154700, 0x00007b0eb8155ea0,
0x00007b0eb81574e0, 0x00007b0eb8158a80, 0x00007b0eb815a5c0, 0x00007b0eb815bc80,
0x00007b0eb8167b20, 0x00007b0eb816ae50, 0x00007b0e0812fa90, 0x00007b0e041b8290
}

Java Threads: ( => current thread )
  0x00007b0eb80195d0 JavaThread "main"                              [_thread_blocked, id=12515, stack(0x00007b0ebd300000,0x00007b0ebd400000) (1024K)]
  0x00007b0eb8153070 JavaThread "Reference Handler"          daemon [_thread_blocked, id=12524, stack(0x00007b0e974f6000,0x00007b0e975f6000) (1024K)]
  0x00007b0eb8154700 JavaThread "Finalizer"                  daemon [_thread_blocked, id=12525, stack(0x00007b0e96b00000,0x00007b0e96c00000) (1024K)]
  0x00007b0eb8155ea0 JavaThread "Signal Dispatcher"          daemon [_thread_blocked, id=12526, stack(0x00007b0e96a00000,0x00007b0e96b00000) (1024K)]
  0x00007b0eb81574e0 JavaThread "Service Thread"             daemon [_thread_blocked, id=12527, stack(0x00007b0e96900000,0x00007b0e96a00000) (1024K)]
  0x00007b0eb8158a80 JavaThread "Monitor Deflation Thread"   daemon [_thread_blocked, id=12528, stack(0x00007b0e96800000,0x00007b0e96900000) (1024K)]
  0x00007b0eb815a5c0 JavaThread "C2 CompilerThread0"         daemon [_thread_in_vm, id=12529, stack(0x00007b0e96700000,0x00007b0e96800000) (1024K)]
  0x00007b0eb815bc80 JavaThread "C1 CompilerThread0"         daemon [_thread_blocked, id=12530, stack(0x00007b0e96600000,0x00007b0e96700000) (1024K)]
  0x00007b0eb8167b20 JavaThread "Notification Thread"        daemon [_thread_blocked, id=12531, stack(0x00007b0e96500000,0x00007b0e96600000) (1024K)]
  0x00007b0eb816ae50 JavaThread "Common-Cleaner"             daemon [_thread_blocked, id=12532, stack(0x00007b0e96400000,0x00007b0e96500000) (1024K)]
  0x00007b0e0812fa90 JavaThread "C2 CompilerThread1"         daemon [_thread_in_native, id=12534, stack(0x00007b0e96300000,0x00007b0e96400000) (1024K)]
=>0x00007b0e041b8290 JavaThread "C2 CompilerThread2"         daemon [_thread_in_vm, id=12536, stack(0x00007b0e96200000,0x00007b0e96300000) (1024K)]
Total: 12

Other Threads:
  0x00007b0eb8149f50 VMThread "VM Thread"                           [id=12523, stack(0x00007b0e975f7000,0x00007b0e976f7000) (1024K)]
  0x00007b0eb81380a0 WatcherThread "VM Periodic Task Thread"        [id=12522, stack(0x00007b0e976f8000,0x00007b0e977f8000) (1024K)]
  0x00007b0eb8070e80 WorkerThread "GC Thread#0"                     [id=12516, stack(0x00007b0ebc620000,0x00007b0ebc720000) (1024K)]
  0x00007b0e2c008400 WorkerThread "GC Thread#1"                     [id=12537, stack(0x00007b0e96100000,0x00007b0e96200000) (1024K)]
  0x00007b0e2c010e30 WorkerThread "GC Thread#2"                     [id=12538, stack(0x00007b0e95d00000,0x00007b0e95e00000) (1024K)]
  0x00007b0e2c010300 WorkerThread "GC Thread#3"                     [id=12550, stack(0x00007b0e95bff000,0x00007b0e95cff000) (1024K)]
  0x00007b0e2c0136b0 WorkerThread "GC Thread#4"                     [id=12551, stack(0x00007b0e95afe000,0x00007b0e95bfe000) (1024K)]
  0x00007b0e2c014120 WorkerThread "GC Thread#5"                     [id=12552, stack(0x00007b0e959fd000,0x00007b0e95afd000) (1024K)]
  0x00007b0e2c014c10 WorkerThread "GC Thread#6"                     [id=12553, stack(0x00007b0e958fc000,0x00007b0e959fc000) (1024K)]
  0x00007b0e2c015700 WorkerThread "GC Thread#7"                     [id=12554, stack(0x00007b0e957fb000,0x00007b0e958fb000) (1024K)]
  0x00007b0e2c016210 WorkerThread "GC Thread#8"                     [id=12555, stack(0x00007b0e956fa000,0x00007b0e957fa000) (1024K)]
  0x00007b0e2c012800 WorkerThread "GC Thread#9"                     [id=12556, stack(0x00007b0e9540e000,0x00007b0e9550e000) (1024K)]
  0x00007b0eb80817f0 ConcurrentGCThread "G1 Main Marker"            [id=12517, stack(0x00007b0ebc100000,0x00007b0ebc200000) (1024K)]
  0x00007b0eb80827a0 WorkerThread "G1 Conc#0"                       [id=12518, stack(0x00007b0eb7f00000,0x00007b0eb8000000) (1024K)]
  0x00007b0e90000d80 WorkerThread "G1 Conc#1"                       [id=12557, stack(0x00007b0e9530d000,0x00007b0e9540d000) (1024K)]
  0x00007b0e900018b0 WorkerThread "G1 Conc#2"                       [id=12558, stack(0x00007b0e9520c000,0x00007b0e9530c000) (1024K)]
  0x00007b0eb811c760 ConcurrentGCThread "G1 Refine#0"               [id=12519, stack(0x00007b0e978fa000,0x00007b0e979fa000) (1024K)]
  0x00007b0eb811d720 ConcurrentGCThread "G1 Service"                [id=12520, stack(0x00007b0e977f9000,0x00007b0e978f9000) (1024K)]
Total: 18

Threads with active compile tasks:
C2 CompilerThread0  2226 6365   !   4       org.apache.maven.model.Plugin::clone (204 bytes)
C2 CompilerThread1  2226 6347   !   4       org.codehaus.plexus.interpolation.StringSearchInterpolator::interpolate (668 bytes)
C2 CompilerThread2  2226 6454       4       jdk.internal.loader.URLClassPath::getResource (74 bytes)
Total: 3

VM state: not at safepoint (normal execution)

VM Mutex/Monitor currently owned by a thread:  ([mutex/lock_event])
[0x00007b0ebed1b178] MethodCompileQueue_lock - owner thread: 0x00007b0e041b8290
[0x00007b0ebed19df8] CodeCache_lock - owner thread: 0x00007b0e041b8290
[0x00007b0ebed19c78] Compile_lock - owner thread: 0x00007b0e041b8290

Heap address: 0x0000000086600000, size: 1946 MB, Compressed Oops mode: 32-bit

CDS archive(s) mapped at: [0x00007b0e3f000000-0x00007b0e3fc97000-0x00007b0e3fc97000), size 13201408, SharedBaseAddress: 0x00007b0e3f000000, ArchiveRelocationMode: 1.
Compressed class space mapped at: 0x00007b0e40000000-0x00007b0e80000000, reserved size: 1073741824
Narrow klass base: 0x00007b0e3f000000, Narrow klass shift: 0, Narrow klass range: 0x100000000

GC Precious Log:
 CardTable entry size: 512
 Card Set container configuration: InlinePtr #cards 5 size 8 Array Of Cards #cards 12 size 40 Howl #buckets 4 coarsen threshold 1843 Howl Bitmap #cards 512 size 80 coarsen threshold 460 Card regions per heap region 1 cards per card region 2048
 CPUs: 12 total, 12 available
 Memory: 7776M
 Large Page Support: Disabled
 NUMA Support: Disabled
 Compressed Oops: Enabled (32-bit)
 Heap Region Size: 1M
 Heap Min Capacity: 8M
 Heap Initial Capacity: 122M
 Heap Max Capacity: 1946M
 Pre-touch: Disabled
 Parallel Workers: 10
 Concurrent Workers: 3
 Concurrent Refinement Workers: 10
 Periodic GC: Disabled

Heap:
 garbage-first heap   total 106496K, used 54214K [0x0000000086600000, 0x0000000100000000)
  region size 1024K, 27 young (27648K), 3 survivors (3072K)
 Metaspace       used 30273K, committed 30720K, reserved 1114112K
  class space    used 3410K, committed 3648K, reserved 1048576K

Heap Regions: E=young(eden), S=young(survivor), O=old, HS=humongous(starts), HC=humongous(continues), CS=collection set, F=free, TAMS=top-at-mark-start, PB=parsable bottom
|   0|0x0000000086600000, 0x0000000086700000, 0x0000000086700000|100%| O|  |TAMS 0x0000000086600000| PB 0x0000000086600000| Untracked 
|   1|0x0000000086700000, 0x0000000086800000, 0x0000000086800000|100%|HS|  |TAMS 0x0000000086700000| PB 0x0000000086700000| Complete 
|   2|0x0000000086800000, 0x0000000086900000, 0x0000000086900000|100%|HC|  |TAMS 0x0000000086800000| PB 0x0000000086800000| Complete 
|   3|0x0000000086900000, 0x0000000086a00000, 0x0000000086a00000|100%|HS|  |TAMS 0x0000000086900000| PB 0x0000000086900000| Complete 
|   4|0x0000000086a00000, 0x0000000086b00000, 0x0000000086b00000|100%|HC|  |TAMS 0x0000000086a00000| PB 0x0000000086a00000| Complete 
|   5|0x0000000086b00000, 0x0000000086c00000, 0x0000000086c00000|100%| O|  |TAMS 0x0000000086b00000| PB 0x0000000086b00000| Untracked 
|   6|0x0000000086c00000, 0x0000000086d00000, 0x0000000086d00000|100%| O|  |TAMS 0x0000000086c00000| PB 0x0000000086c00000| Untracked 
|   7|0x0000000086d00000, 0x0000000086df1810, 0x0000000086e00000| 94%| O|  |TAMS 0x0000000086d00000| PB 0x0000000086d00000| Untracked 
|   8|0x0000000086e00000, 0x0000000086f00000, 0x0000000086f00000|100%| O|  |TAMS 0x0000000086e00000| PB 0x0000000086e00000| Untracked 
|   9|0x0000000086f00000, 0x0000000087000000, 0x0000000087000000|100%| O|  |TAMS 0x0000000086f00000| PB 0x0000000086f00000| Untracked 
|  10|0x0000000087000000, 0x0000000087100000, 0x0000000087100000|100%| O|  |TAMS 0x0000000087000000| PB 0x0000000087000000| Untracked 
|  11|0x0000000087100000, 0x0000000087200000, 0x0000000087200000|100%| O|  |TAMS 0x0000000087100000| PB 0x0000000087100000| Untracked 
|  12|0x0000000087200000, 0x0000000087300000, 0x0000000087300000|100%| O|  |TAMS 0x0000000087200000| PB 0x0000000087200000| Untracked 
|  13|0x0000000087300000, 0x0000000087400000, 0x0000000087400000|100%| O|  |TAMS 0x0000000087300000| PB 0x0000000087300000| Untracked 
|  14|0x0000000087400000, 0x0000000087500000, 0x0000000087500000|100%| O|  |TAMS 0x0000000087400000| PB 0x0000000087400000| Untracked 
|  15|0x0000000087500000, 0x0000000087600000, 0x0000000087600000|100%| O|  |TAMS 0x0000000087500000| PB 0x0000000087500000| Untracked 
|  16|0x0000000087600000, 0x0000000087600000, 0x0000000087700000|  0%| F|  |TAMS 0x0000000087600000| PB 0x0000000087600000| Untracked 
|  17|0x0000000087700000, 0x0000000087700000, 0x0000000087800000|  0%| F|  |TAMS 0x0000000087700000| PB 0x0000000087700000| Untracked 
|  18|0x0000000087800000, 0x0000000087800000, 0x0000000087900000|  0%| F|  |TAMS 0x0000000087800000| PB 0x0000000087800000| Untracked 
|  19|0x0000000087900000, 0x0000000087900000, 0x0000000087a00000|  0%| F|  |TAMS 0x0000000087900000| PB 0x0000000087900000| Untracked 
|  20|0x0000000087a00000, 0x0000000087a00000, 0x0000000087b00000|  0%| F|  |TAMS 0x0000000087a00000| PB 0x0000000087a00000| Untracked 
|  21|0x0000000087b00000, 0x0000000087b00000, 0x0000000087c00000|  0%| F|  |TAMS 0x0000000087b00000| PB 0x0000000087b00000| Untracked 
|  22|0x0000000087c00000, 0x0000000087d00000, 0x0000000087d00000|100%| S|CS|TAMS 0x0000000087c00000| PB 0x0000000087c00000| Complete 
|  23|0x0000000087d00000, 0x0000000087e00000, 0x0000000087e00000|100%| S|CS|TAMS 0x0000000087d00000| PB 0x0000000087d00000| Complete 
|  24|0x0000000087e00000, 0x0000000087f00000, 0x0000000087f00000|100%| S|CS|TAMS 0x0000000087e00000| PB 0x0000000087e00000| Complete 
|  25|0x0000000087f00000, 0x0000000087f00000, 0x0000000088000000|  0%| F|  |TAMS 0x0000000087f00000| PB 0x0000000087f00000| Untracked 
|  26|0x0000000088000000, 0x0000000088000000, 0x0000000088100000|  0%| F|  |TAMS 0x0000000088000000| PB 0x0000000088000000| Untracked 
|  27|0x0000000088100000, 0x0000000088100000, 0x0000000088200000|  0%| F|  |TAMS 0x0000000088100000| PB 0x0000000088100000| Untracked 
|  28|0x0000000088200000, 0x0000000088200000, 0x0000000088300000|  0%| F|  |TAMS 0x0000000088200000| PB 0x0000000088200000| Untracked 
|  29|0x0000000088300000, 0x0000000088300000, 0x0000000088400000|  0%| F|  |TAMS 0x0000000088300000| PB 0x0000000088300000| Untracked 
|  30|0x0000000088400000, 0x0000000088400000, 0x0000000088500000|  0%| F|  |TAMS 0x0000000088400000| PB 0x0000000088400000| Untracked 
|  31|0x0000000088500000, 0x0000000088500000, 0x0000000088600000|  0%| F|  |TAMS 0x0000000088500000| PB 0x0000000088500000| Untracked 
|  32|0x0000000088600000, 0x0000000088600000, 0x0000000088700000|  0%| F|  |TAMS 0x0000000088600000| PB 0x0000000088600000| Untracked 
|  33|0x0000000088700000, 0x0000000088700000, 0x0000000088800000|  0%| F|  |TAMS 0x0000000088700000| PB 0x0000000088700000| Untracked 
|  34|0x0000000088800000, 0x0000000088800000, 0x0000000088900000|  0%| F|  |TAMS 0x0000000088800000| PB 0x0000000088800000| Untracked 
|  35|0x0000000088900000, 0x0000000088900000, 0x0000000088a00000|  0%| F|  |TAMS 0x0000000088900000| PB 0x0000000088900000| Untracked 
|  36|0x0000000088a00000, 0x0000000088a00000, 0x0000000088b00000|  0%| F|  |TAMS 0x0000000088a00000| PB 0x0000000088a00000| Untracked 
|  37|0x0000000088b00000, 0x0000000088b00000, 0x0000000088c00000|  0%| F|  |TAMS 0x0000000088b00000| PB 0x0000000088b00000| Untracked 
|  38|0x0000000088c00000, 0x0000000088c00000, 0x0000000088d00000|  0%| F|  |TAMS 0x0000000088c00000| PB 0x0000000088c00000| Untracked 
|  39|0x0000000088d00000, 0x0000000088d00000, 0x0000000088e00000|  0%| F|  |TAMS 0x0000000088d00000| PB 0x0000000088d00000| Untracked 
|  40|0x0000000088e00000, 0x0000000088e00000, 0x0000000088f00000|  0%| F|  |TAMS 0x0000000088e00000| PB 0x0000000088e00000| Untracked 
|  41|0x0000000088f00000, 0x0000000088f00000, 0x0000000089000000|  0%| F|  |TAMS 0x0000000088f00000| PB 0x0000000088f00000| Untracked 
|  42|0x0000000089000000, 0x0000000089000000, 0x0000000089100000|  0%| F|  |TAMS 0x0000000089000000| PB 0x0000000089000000| Untracked 
|  43|0x0000000089100000, 0x0000000089100000, 0x0000000089200000|  0%| F|  |TAMS 0x0000000089100000| PB 0x0000000089100000| Untracked 
|  44|0x0000000089200000, 0x0000000089200000, 0x0000000089300000|  0%| F|  |TAMS 0x0000000089200000| PB 0x0000000089200000| Untracked 
|  45|0x0000000089300000, 0x0000000089300000, 0x0000000089400000|  0%| F|  |TAMS 0x0000000089300000| PB 0x0000000089300000| Untracked 
|  46|0x0000000089400000, 0x0000000089400000, 0x0000000089500000|  0%| F|  |TAMS 0x0000000089400000| PB 0x0000000089400000| Untracked 
|  47|0x0000000089500000, 0x0000000089500000, 0x0000000089600000|  0%| F|  |TAMS 0x0000000089500000| PB 0x0000000089500000| Untracked 
|  48|0x0000000089600000, 0x0000000089600000, 0x0000000089700000|  0%| F|  |TAMS 0x0000000089600000| PB 0x0000000089600000| Untracked 
|  49|0x0000000089700000, 0x0000000089700000, 0x0000000089800000|  0%| F|  |TAMS 0x0000000089700000| PB 0x0000000089700000| Untracked 
|  50|0x0000000089800000, 0x0000000089800000, 0x0000000089900000|  0%| F|  |TAMS 0x0000000089800000| PB 0x0000000089800000| Untracked 
|  51|0x0000000089900000, 0x0000000089900000, 0x0000000089a00000|  0%| F|  |TAMS 0x0000000089900000| PB 0x0000000089900000| Untracked 
|  52|0x0000000089a00000, 0x0000000089a00000, 0x0000000089b00000|  0%| F|  |TAMS 0x0000000089a00000| PB 0x0000000089a00000| Untracked 
|  53|0x0000000089b00000, 0x0000000089b00000, 0x0000000089c00000|  0%| F|  |TAMS 0x0000000089b00000| PB 0x0000000089b00000| Untracked 
|  54|0x0000000089c00000, 0x0000000089c00000, 0x0000000089d00000|  0%| F|  |TAMS 0x0000000089c00000| PB 0x0000000089c00000| Untracked 
|  55|0x0000000089d00000, 0x0000000089d00000, 0x0000000089e00000|  0%| F|  |TAMS 0x0000000089d00000| PB 0x0000000089d00000| Untracked 
|  56|0x0000000089e00000, 0x0000000089e00000, 0x0000000089f00000|  0%| F|  |TAMS 0x0000000089e00000| PB 0x0000000089e00000| Untracked 
|  57|0x0000000089f00000, 0x0000000089f00000, 0x000000008a000000|  0%| F|  |TAMS 0x0000000089f00000| PB 0x0000000089f00000| Untracked 
|  58|0x000000008a000000, 0x000000008a000000, 0x000000008a100000|  0%| F|  |TAMS 0x000000008a000000| PB 0x000000008a000000| Untracked 
|  59|0x000000008a100000, 0x000000008a100000, 0x000000008a200000|  0%| F|  |TAMS 0x000000008a100000| PB 0x000000008a100000| Untracked 
|  60|0x000000008a200000, 0x000000008a200000, 0x000000008a300000|  0%| F|  |TAMS 0x000000008a200000| PB 0x000000008a200000| Untracked 
|  61|0x000000008a300000, 0x000000008a300000, 0x000000008a400000|  0%| F|  |TAMS 0x000000008a300000| PB 0x000000008a300000| Untracked 
|  62|0x000000008a400000, 0x000000008a400000, 0x000000008a500000|  0%| F|  |TAMS 0x000000008a400000| PB 0x000000008a400000| Untracked 
|  63|0x000000008a500000, 0x000000008a500000, 0x000000008a600000|  0%| F|  |TAMS 0x000000008a500000| PB 0x000000008a500000| Untracked 
|  64|0x000000008a600000, 0x000000008a600000, 0x000000008a700000|  0%| F|  |TAMS 0x000000008a600000| PB 0x000000008a600000| Untracked 
|  65|0x000000008a700000, 0x000000008a700000, 0x000000008a800000|  0%| F|  |TAMS 0x000000008a700000| PB 0x000000008a700000| Untracked 
|  66|0x000000008a800000, 0x000000008a800000, 0x000000008a900000|  0%| F|  |TAMS 0x000000008a800000| PB 0x000000008a800000| Untracked 
|  67|0x000000008a900000, 0x000000008a900000, 0x000000008aa00000|  0%| F|  |TAMS 0x000000008a900000| PB 0x000000008a900000| Untracked 
|  68|0x000000008aa00000, 0x000000008aa00000, 0x000000008ab00000|  0%| F|  |TAMS 0x000000008aa00000| PB 0x000000008aa00000| Untracked 
|  69|0x000000008ab00000, 0x000000008ac00000, 0x000000008ac00000|100%| E|  |TAMS 0x000000008ab00000| PB 0x000000008ab00000| Complete 
|  70|0x000000008ac00000, 0x000000008ad00000, 0x000000008ad00000|100%| E|CS|TAMS 0x000000008ac00000| PB 0x000000008ac00000| Complete 
|  71|0x000000008ad00000, 0x000000008ae00000, 0x000000008ae00000|100%| E|CS|TAMS 0x000000008ad00000| PB 0x000000008ad00000| Complete 
|  72|0x000000008ae00000, 0x000000008af00000, 0x000000008af00000|100%| E|CS|TAMS 0x000000008ae00000| PB 0x000000008ae00000| Complete 
|  73|0x000000008af00000, 0x000000008b000000, 0x000000008b000000|100%| E|CS|TAMS 0x000000008af00000| PB 0x000000008af00000| Complete 
|  74|0x000000008b000000, 0x000000008b100000, 0x000000008b100000|100%| E|CS|TAMS 0x000000008b000000| PB 0x000000008b000000| Complete 
|  75|0x000000008b100000, 0x000000008b200000, 0x000000008b200000|100%| E|CS|TAMS 0x000000008b100000| PB 0x000000008b100000| Complete 
|  76|0x000000008b200000, 0x000000008b300000, 0x000000008b300000|100%| E|CS|TAMS 0x000000008b200000| PB 0x000000008b200000| Complete 
|  77|0x000000008b300000, 0x000000008b400000, 0x000000008b400000|100%| E|CS|TAMS 0x000000008b300000| PB 0x000000008b300000| Complete 
|  78|0x000000008b400000, 0x000000008b500000, 0x000000008b500000|100%| E|CS|TAMS 0x000000008b400000| PB 0x000000008b400000| Complete 
|  79|0x000000008b500000, 0x000000008b600000, 0x000000008b600000|100%| E|CS|TAMS 0x000000008b500000| PB 0x000000008b500000| Complete 
|  80|0x000000008b600000, 0x000000008b700000, 0x000000008b700000|100%| E|CS|TAMS 0x000000008b600000| PB 0x000000008b600000| Complete 
|  81|0x000000008b700000, 0x000000008b800000, 0x000000008b800000|100%| E|CS|TAMS 0x000000008b700000| PB 0x000000008b700000| Complete 
|  82|0x000000008b800000, 0x000000008b900000, 0x000000008b900000|100%| E|CS|TAMS 0x000000008b800000| PB 0x000000008b800000| Complete 
|  83|0x000000008b900000, 0x000000008ba00000, 0x000000008ba00000|100%| E|CS|TAMS 0x000000008b900000| PB 0x000000008b900000| Complete 
|  84|0x000000008ba00000, 0x000000008bb00000, 0x000000008bb00000|100%| E|CS|TAMS 0x000000008ba00000| PB 0x000000008ba00000| Complete 
|  85|0x000000008bb00000, 0x000000008bc00000, 0x000000008bc00000|100%| E|CS|TAMS 0x000000008bb00000| PB 0x000000008bb00000| Complete 
|  86|0x000000008bc00000, 0x000000008bd00000, 0x000000008bd00000|100%| E|CS|TAMS 0x000000008bc00000| PB 0x000000008bc00000| Complete 
|  87|0x000000008bd00000, 0x000000008be00000, 0x000000008be00000|100%| E|CS|TAMS 0x000000008bd00000| PB 0x000000008bd00000| Complete 
|  88|0x000000008be00000, 0x000000008bf00000, 0x000000008bf00000|100%| E|CS|TAMS 0x000000008be00000| PB 0x000000008be00000| Complete 
|  89|0x000000008bf00000, 0x000000008c000000, 0x000000008c000000|100%| E|CS|TAMS 0x000000008bf00000| PB 0x000000008bf00000| Complete 
|  90|0x000000008c000000, 0x000000008c100000, 0x000000008c100000|100%| E|CS|TAMS 0x000000008c000000| PB 0x000000008c000000| Complete 
| 121|0x000000008df00000, 0x000000008e000000, 0x000000008e000000|100%| E|CS|TAMS 0x000000008df00000| PB 0x000000008df00000| Complete 
|1934|0x00000000ff400000, 0x00000000ff500000, 0x00000000ff500000|100%| O|  |TAMS 0x00000000ff400000| PB 0x00000000ff400000| Untracked 
|1935|0x00000000ff500000, 0x00000000ff600000, 0x00000000ff600000|100%| O|  |TAMS 0x00000000ff500000| PB 0x00000000ff500000| Untracked 
|1936|0x00000000ff600000, 0x00000000ff700000, 0x00000000ff700000|100%| O|  |TAMS 0x00000000ff600000| PB 0x00000000ff600000| Untracked 
|1937|0x00000000ff700000, 0x00000000ff800000, 0x00000000ff800000|100%| O|  |TAMS 0x00000000ff700000| PB 0x00000000ff700000| Untracked 
|1938|0x00000000ff800000, 0x00000000ff900000, 0x00000000ff900000|100%| O|  |TAMS 0x00000000ff800000| PB 0x00000000ff800000| Untracked 
|1939|0x00000000ff900000, 0x00000000ffa00000, 0x00000000ffa00000|100%| O|  |TAMS 0x00000000ff900000| PB 0x00000000ff900000| Untracked 
|1940|0x00000000ffa00000, 0x00000000ffb00000, 0x00000000ffb00000|100%| O|  |TAMS 0x00000000ffa00000| PB 0x00000000ffa00000| Untracked 
|1941|0x00000000ffb00000, 0x00000000ffc00000, 0x00000000ffc00000|100%| O|  |TAMS 0x00000000ffb00000| PB 0x00000000ffb00000| Untracked 
|1942|0x00000000ffc00000, 0x00000000ffd00000, 0x00000000ffd00000|100%| O|  |TAMS 0x00000000ffc00000| PB 0x00000000ffc00000| Untracked 
|1943|0x00000000ffd00000, 0x00000000ffe00000, 0x00000000ffe00000|100%| O|  |TAMS 0x00000000ffd00000| PB 0x00000000ffd00000| Untracked 
|1944|0x00000000ffe00000, 0x00000000fff00000, 0x00000000fff00000|100%| O|  |TAMS 0x00000000ffe00000| PB 0x00000000ffe00000| Untracked 
|1945|0x00000000fff00000, 0x0000000100000000, 0x0000000100000000|100%| E|CS|TAMS 0x00000000fff00000| PB 0x00000000fff00000| Complete 

Card table byte_map: [0x00007b0ea0400000,0x00007b0ea07cd000] _byte_map_base: 0x00007b0e9ffcd000

Marking Bits: (CMBitMap*) 0x00007b0eb80719b0
 Bits: [0x00007b0e9e400000, 0x00007b0ea0268000)

Polling page: 0x00007b0ebf0b0000

Metaspace:

Usage:
  Non-class:     26.23 MB used.
      Class:      3.33 MB used.
       Both:     29.56 MB used.

Virtual space:
  Non-class space:       64.00 MB reserved,      26.44 MB ( 41%) committed,  1 nodes.
      Class space:        1.00 GB reserved,       3.56 MB ( <1%) committed,  1 nodes.
             Both:        1.06 GB reserved,      30.00 MB (  3%) committed. 

Chunk freelists:
   Non-Class:  5.00 MB
       Class:  12.47 MB
        Both:  17.47 MB

MaxMetaspaceSize: unlimited
CompressedClassSpaceSize: 1.00 GB
Initial GC threshold: 21.00 MB
Current GC threshold: 35.44 MB
CDS: on
 - commit_granule_bytes: 65536.
 - commit_granule_words: 8192.
 - virtual_space_node_default_size: 8388608.
 - enlarge_chunks_in_place: 1.
 - use_allocation_guard: 0.


Internal statistics:

num_allocs_failed_limit: 3.
num_arena_births: 342.
num_arena_deaths: 0.
num_vsnodes_births: 2.
num_vsnodes_deaths: 0.
num_space_committed: 480.
num_space_uncommitted: 0.
num_chunks_returned_to_freelist: 3.
num_chunks_taken_from_freelist: 1412.
num_chunk_merges: 3.
num_chunk_splits: 1005.
num_chunks_enlarged: 796.
num_inconsistent_stats: 0.

CodeHeap 'non-profiled nmethods': size=120028Kb used=3387Kb max_used=3387Kb free=116640Kb
 bounds [0x00007b0ea82c9000, 0x00007b0ea8619000, 0x00007b0eaf800000]
CodeHeap 'profiled nmethods': size=120028Kb used=14128Kb max_used=14128Kb free=105899Kb
 bounds [0x00007b0ea0800000, 0x00007b0ea15d0000, 0x00007b0ea7d37000]
CodeHeap 'non-nmethods': size=5704Kb used=1475Kb max_used=1522Kb free=4228Kb
 bounds [0x00007b0ea7d37000, 0x00007b0ea7fa7000, 0x00007b0ea82c9000]
 total_blobs=7036 nmethods=6485 adapters=454
 compilation: enabled
              stopped_count=0, restarted_count=0
 full_count=0

Compilation events (20 events):
Event: 2.212 Thread 0x00007b0eb815bc80 6483       3       java.lang.ClassLoader::definePackage (53 bytes)
Event: 2.212 Thread 0x00007b0eb815bc80 nmethod 6483 0x00007b0ea15c1510 code [0x00007b0ea15c1700, 0x00007b0ea15c1c58]
Event: 2.212 Thread 0x00007b0eb815bc80 6484       3       java.net.URLClassLoader::definePackage (274 bytes)
Event: 2.214 Thread 0x00007b0eb815bc80 nmethod 6484 0x00007b0ea15c1f10 code [0x00007b0ea15c25e0, 0x00007b0ea15c65b0]
Event: 2.217 Thread 0x00007b0eb815bc80 6485       3       com.google.inject.internal.MoreTypes::isFullySpecified (48 bytes)
Event: 2.217 Thread 0x00007b0eb815bc80 nmethod 6485 0x00007b0ea15c7f10 code [0x00007b0ea15c8120, 0x00007b0ea15c8a00]
Event: 2.217 Thread 0x00007b0eb815bc80 6486   !   3       java.util.zip.Inflater::getBytesWritten (23 bytes)
Event: 2.217 Thread 0x00007b0eb815bc80 nmethod 6486 0x00007b0ea15c8b10 code [0x00007b0ea15c8cc0, 0x00007b0ea15c8f00]
Event: 2.217 Thread 0x00007b0eb815bc80 6487       3       java.util.zip.ZipFile$ZipFileInflaterInputStream::available (44 bytes)
Event: 2.217 Thread 0x00007b0eb815bc80 nmethod 6487 0x00007b0ea15c9010 code [0x00007b0ea15c91e0, 0x00007b0ea15c9540]
Event: 2.219 Thread 0x00007b0eb815bc80 6488       3       com.google.inject.internal.Annotations::isMarker (14 bytes)
Event: 2.219 Thread 0x00007b0eb815bc80 nmethod 6488 0x00007b0ea15c9690 code [0x00007b0ea15c9840, 0x00007b0ea15c99c0]
Event: 2.219 Thread 0x00007b0eb815bc80 6489       3       com.google.inject.Key$AnnotationInstanceStrategy::hashCode (10 bytes)
Event: 2.219 Thread 0x00007b0eb815bc80 nmethod 6489 0x00007b0ea15c9a90 code [0x00007b0ea15c9c40, 0x00007b0ea15c9e10]
Event: 2.220 Thread 0x00007b0eb815bc80 6490       3       com.google.inject.internal.Annotations::canonicalizeIfNamed (22 bytes)
Event: 2.220 Thread 0x00007b0eb815bc80 nmethod 6490 0x00007b0ea15c9f10 code [0x00007b0ea15ca120, 0x00007b0ea15ca960]
Event: 2.220 Thread 0x00007b0eb815bc80 6491       3       com.google.inject.Key$AnnotationInstanceStrategy::<init> (18 bytes)
Event: 2.221 Thread 0x00007b0eb815bc80 nmethod 6491 0x00007b0ea15cac10 code [0x00007b0ea15cae00, 0x00007b0ea15cb308]
Event: 2.222 Thread 0x00007b0eb815bc80 6492       3       java.io.ByteArrayOutputStream::<init> (43 bytes)
Event: 2.222 Thread 0x00007b0eb815bc80 nmethod 6492 0x00007b0ea15cb510 code [0x00007b0ea15cb740, 0x00007b0ea15cbeb8]

GC Heap History (10 events):
Event: 0.323 GC heap before
{Heap before GC invocations=0 (full 0):
 garbage-first heap   total 126976K, used 23601K [0x0000000086600000, 0x0000000100000000)
  region size 1024K, 23 young (23552K), 0 survivors (0K)
 Metaspace       used 5764K, committed 5952K, reserved 1114112K
  class space    used 664K, committed 768K, reserved 1048576K
}
Event: 0.326 GC heap after
{Heap after GC invocations=1 (full 0):
 garbage-first heap   total 126976K, used 4185K [0x0000000086600000, 0x0000000100000000)
  region size 1024K, 3 young (3072K), 3 survivors (3072K)
 Metaspace       used 5764K, committed 5952K, reserved 1114112K
  class space    used 664K, committed 768K, reserved 1048576K
}
Event: 0.859 GC heap before
{Heap before GC invocations=1 (full 0):
 garbage-first heap   total 126976K, used 52313K [0x0000000086600000, 0x0000000100000000)
  region size 1024K, 50 young (51200K), 3 survivors (3072K)
 Metaspace       used 13711K, committed 13952K, reserved 1114112K
  class space    used 1623K, committed 1728K, reserved 1048576K
}
Event: 0.866 GC heap after
{Heap after GC invocations=2 (full 0):
 garbage-first heap   total 126976K, used 7756K [0x0000000086600000, 0x0000000100000000)
  region size 1024K, 7 young (7168K), 7 survivors (7168K)
 Metaspace       used 13711K, committed 13952K, reserved 1114112K
  class space    used 1623K, committed 1728K, reserved 1048576K
}
Event: 1.373 GC heap before
{Heap before GC invocations=2 (full 0):
 garbage-first heap   total 126976K, used 72268K [0x0000000086600000, 0x0000000100000000)
  region size 1024K, 67 young (68608K), 7 survivors (7168K)
 Metaspace       used 21231K, committed 21504K, reserved 1114112K
  class space    used 2480K, committed 2624K, reserved 1048576K
}
Event: 1.389 GC heap after
{Heap after GC invocations=3 (full 0):
 garbage-first heap   total 126976K, used 19447K [0x0000000086600000, 0x0000000100000000)
  region size 1024K, 10 young (10240K), 10 survivors (10240K)
 Metaspace       used 21231K, committed 21504K, reserved 1114112K
  class space    used 2480K, committed 2624K, reserved 1048576K
}
Event: 1.829 GC heap before
{Heap before GC invocations=4 (full 0):
 garbage-first heap   total 68608K, used 67575K [0x0000000086600000, 0x0000000100000000)
  region size 1024K, 57 young (58368K), 10 survivors (10240K)
 Metaspace       used 27841K, committed 28224K, reserved 1114112K
  class space    used 3197K, committed 3392K, reserved 1048576K
}
Event: 1.848 GC heap after
{Heap after GC invocations=5 (full 0):
 garbage-first heap   total 88064K, used 28151K [0x0000000086600000, 0x0000000100000000)
  region size 1024K, 9 young (9216K), 9 survivors (9216K)
 Metaspace       used 27841K, committed 28224K, reserved 1114112K
  class space    used 3197K, committed 3392K, reserved 1048576K
}
Event: 2.064 GC heap before
{Heap before GC invocations=5 (full 0):
 garbage-first heap   total 88064K, used 69111K [0x0000000086600000, 0x0000000100000000)
  region size 1024K, 49 young (50176K), 9 survivors (9216K)
 Metaspace       used 28895K, committed 29312K, reserved 1114112K
  class space    used 3271K, committed 3456K, reserved 1048576K
}
Event: 2.074 GC heap after
{Heap after GC invocations=6 (full 0):
 garbage-first heap   total 106496K, used 30662K [0x0000000086600000, 0x0000000100000000)
  region size 1024K, 3 young (3072K), 3 survivors (3072K)
 Metaspace       used 28895K, committed 29312K, reserved 1114112K
  class space    used 3271K, committed 3456K, reserved 1048576K
}

Dll operation events (8 events):
Event: 0.001 Loaded shared library /usr/lib/jvm/java-21-openjdk-amd64/lib/libjava.so
Event: 0.019 Loaded shared library /usr/lib/jvm/java-21-openjdk-amd64/lib/libjsvml.so
Event: 0.023 Loaded shared library /usr/lib/jvm/java-21-openjdk-amd64/lib/libnio.so
Event: 0.024 Loaded shared library /usr/lib/jvm/java-21-openjdk-amd64/lib/libzip.so
Event: 0.030 Loaded shared library /usr/lib/jvm/java-21-openjdk-amd64/lib/libnet.so
Event: 0.090 Loaded shared library /usr/lib/jvm/java-21-openjdk-amd64/lib/libjimage.so
Event: 0.094 Loaded shared library /tmp/jansi-2.4.1-213d10b6ad453449-libjansi.so
Event: 0.100 Loaded shared library /usr/lib/jvm/java-21-openjdk-amd64/lib/libverify.so

Deoptimization events (20 events):
Event: 2.139 Thread 0x00007b0eb80195d0 DEOPT PACKING pc=0x00007b0ea15592fd sp=0x00007b0ebd3fbb80
Event: 2.139 Thread 0x00007b0eb80195d0 DEOPT UNPACKING pc=0x00007b0ea7d8b72f sp=0x00007b0ebd3fb0d8 mode 0
Event: 2.140 Thread 0x00007b0eb80195d0 DEOPT PACKING pc=0x00007b0ea15592fd sp=0x00007b0ebd3fbb80
Event: 2.140 Thread 0x00007b0eb80195d0 DEOPT UNPACKING pc=0x00007b0ea7d8b72f sp=0x00007b0ebd3fb0d8 mode 0
Event: 2.156 Thread 0x00007b0eb80195d0 DEOPT PACKING pc=0x00007b0ea15592fd sp=0x00007b0ebd3fb710
Event: 2.156 Thread 0x00007b0eb80195d0 DEOPT UNPACKING pc=0x00007b0ea7d8b72f sp=0x00007b0ebd3fac68 mode 0
Event: 2.156 Thread 0x00007b0eb80195d0 DEOPT PACKING pc=0x00007b0ea15592fd sp=0x00007b0ebd3fb3d0
Event: 2.156 Thread 0x00007b0eb80195d0 DEOPT UNPACKING pc=0x00007b0ea7d8b72f sp=0x00007b0ebd3fa928 mode 0
Event: 2.157 Thread 0x00007b0eb80195d0 DEOPT PACKING pc=0x00007b0ea15592fd sp=0x00007b0ebd3fb700
Event: 2.157 Thread 0x00007b0eb80195d0 DEOPT UNPACKING pc=0x00007b0ea7d8b72f sp=0x00007b0ebd3fac58 mode 0
Event: 2.170 Thread 0x00007b0eb80195d0 DEOPT PACKING pc=0x00007b0ea15592fd sp=0x00007b0ebd3fb280
Event: 2.170 Thread 0x00007b0eb80195d0 DEOPT UNPACKING pc=0x00007b0ea7d8b72f sp=0x00007b0ebd3fa7d8 mode 0
Event: 2.171 Thread 0x00007b0eb80195d0 DEOPT PACKING pc=0x00007b0ea15592fd sp=0x00007b0ebd3faff0
Event: 2.171 Thread 0x00007b0eb80195d0 DEOPT UNPACKING pc=0x00007b0ea7d8b72f sp=0x00007b0ebd3fa548 mode 0
Event: 2.174 Thread 0x00007b0eb80195d0 DEOPT PACKING pc=0x00007b0ea15592fd sp=0x00007b0ebd3fb130
Event: 2.174 Thread 0x00007b0eb80195d0 DEOPT UNPACKING pc=0x00007b0ea7d8b72f sp=0x00007b0ebd3fa688 mode 0
Event: 2.180 Thread 0x00007b0eb80195d0 Uncommon trap: trap_request=0xffffff45 fr.pc=0x00007b0ea8472a8c relative=0x0000000000002c6c
Event: 2.180 Thread 0x00007b0eb80195d0 Uncommon trap: reason=unstable_if action=reinterpret pc=0x00007b0ea8472a8c method=org.codehaus.plexus.util.xml.pull.MXParser.parseAttribute()C @ 786 c2
Event: 2.180 Thread 0x00007b0eb80195d0 DEOPT PACKING pc=0x00007b0ea8472a8c sp=0x00007b0ebd3fb990
Event: 2.180 Thread 0x00007b0eb80195d0 DEOPT UNPACKING pc=0x00007b0ea7d8af99 sp=0x00007b0ebd3fb918 mode 2

Classes loaded (20 events):
Event: 2.117 Loading class java/security/MessageDigestSpi done
Event: 2.117 Loading class java/security/MessageDigest done
Event: 2.117 Loading class sun/security/jca/GetInstance
Event: 2.117 Loading class sun/security/jca/GetInstance done
Event: 2.117 Loading class sun/security/provider/SHA
Event: 2.117 Loading class sun/security/provider/DigestBase
Event: 2.117 Loading class sun/security/provider/DigestBase done
Event: 2.117 Loading class sun/security/provider/SHA done
Event: 2.117 Loading class sun/security/jca/GetInstance$Instance
Event: 2.117 Loading class sun/security/jca/GetInstance$Instance done
Event: 2.117 Loading class java/security/MessageDigest$Delegate
Event: 2.117 Loading class sun/security/util/MessageDigestSpi2
Event: 2.117 Loading class sun/security/util/MessageDigestSpi2 done
Event: 2.117 Loading class java/security/MessageDigest$Delegate done
Event: 2.117 Loading class java/security/MessageDigest$Delegate$CloneableDelegate
Event: 2.117 Loading class java/security/MessageDigest$Delegate$CloneableDelegate done
Event: 2.117 Loading class sun/security/provider/ByteArrayAccess
Event: 2.117 Loading class sun/security/provider/ByteArrayAccess done
Event: 2.118 Loading class sun/security/provider/ByteArrayAccess$BE
Event: 2.118 Loading class sun/security/provider/ByteArrayAccess$BE done

Classes unloaded (0 events):
No events

Classes redefined (0 events):
No events

Internal exceptions (20 events):
Event: 1.735 Thread 0x00007b0eb80195d0 Exception <a 'java/lang/NoSuchMethodError'{0x00000000872c1788}: 'int java.lang.invoke.DirectMethodHandle$Holder.invokeStaticInit(java.lang.Object, int, int)'> (0x00000000872c1788) 
thrown [./src/hotspot/share/interpreter/linkResolver.cpp, line 772]
Event: 1.736 Thread 0x00007b0eb80195d0 Exception <a 'java/lang/NoSuchMethodError'{0x00000000872c9048}: 'int java.lang.invoke.DirectMethodHandle$Holder.invokeStaticInit(java.lang.Object, long, long)'> (0x00000000872c9048) 
thrown [./src/hotspot/share/interpreter/linkResolver.cpp, line 772]
Event: 1.736 Thread 0x00007b0eb80195d0 Exception <a 'java/lang/NoSuchMethodError'{0x00000000872cfd90}: 'int java.lang.invoke.DirectMethodHandle$Holder.invokeStaticInit(java.lang.Object, float, float)'> (0x00000000872cfd90) 
thrown [./src/hotspot/share/interpreter/linkResolver.cpp, line 772]
Event: 1.736 Thread 0x00007b0eb80195d0 Exception <a 'java/lang/NoSuchMethodError'{0x00000000872d6ad0}: 'int java.lang.invoke.DirectMethodHandle$Holder.invokeStaticInit(java.lang.Object, double, double)'> (0x00000000872d6ad0) 
thrown [./src/hotspot/share/interpreter/linkResolver.cpp, line 772]
Event: 1.736 Thread 0x00007b0eb80195d0 Exception <a 'java/lang/NoSuchMethodError'{0x00000000872db320}: 'int java.lang.invoke.DirectMethodHandle$Holder.invokeStatic(java.lang.Object, long)'> (0x00000000872db320) 
thrown [./src/hotspot/share/interpreter/linkResolver.cpp, line 772]
Event: 1.738 Thread 0x00007b0eb80195d0 Exception <a 'java/lang/NoSuchMethodError'{0x00000000872fa178}: 'int java.lang.invoke.Invokers$Holder.linkToTargetMethod(java.lang.Object, java.lang.Object)'> (0x00000000872fa178) 
thrown [./src/hotspot/share/interpreter/linkResolver.cpp, line 772]
Event: 1.751 Thread 0x00007b0eb80195d0 Exception <a 'java/lang/NoSuchMethodError'{0x00000000871c20c0}: 'int java.lang.invoke.DirectMethodHandle$Holder.invokeVirtual(java.lang.Object, java.lang.Object, java.lang.Object, java.lang.Object)'> (0x00000000871c20c0) 
thrown [./src/hotspot/share/interpreter/linkResolver.cpp, line 772]
Event: 1.751 Thread 0x00007b0eb80195d0 Exception <a 'java/lang/NoSuchMethodError'{0x00000000871cbda8}: 'java.lang.Object java.lang.invoke.DirectMethodHandle$Holder.newInvokeSpecial(java.lang.Object, java.lang.Object, int, java.lang.Object)'> (0x00000000871cbda8) 
thrown [./src/hotspot/share/interpreter/linkResolver.cpp, line 772]
Event: 1.818 Thread 0x00007b0eb80195d0 Exception <a 'java/lang/NoSuchMethodError'{0x0000000086e8c668}: 'java.lang.Object java.lang.invoke.DirectMethodHandle$Holder.invokeStatic(java.lang.Object, int, java.lang.Object, java.lang.Object)'> (0x0000000086e8c668) 
thrown [./src/hotspot/share/interpreter/linkResolver.cpp, line 772]
Event: 1.818 Thread 0x00007b0eb80195d0 Exception <a 'java/lang/NoSuchMethodError'{0x0000000086e90b00}: 'java.lang.Object java.lang.invoke.DirectMethodHandle$Holder.invokeSpecial(java.lang.Object, java.lang.Object, int, java.lang.Object, java.lang.Object)'> (0x0000000086e90b00) 
thrown [./src/hotspot/share/interpreter/linkResolver.cpp, line 772]
Event: 1.818 Thread 0x00007b0eb80195d0 Exception <a 'java/lang/NoSuchMethodError'{0x0000000086e949f0}: 'java.lang.Object java.lang.invoke.DelegatingMethodHandle$Holder.delegate(java.lang.Object, int, java.lang.Object, java.lang.Object)'> (0x0000000086e949f0) 
thrown [./src/hotspot/share/interpreter/linkResolver.cpp, line 772]
Event: 1.819 Thread 0x00007b0eb80195d0 Exception <a 'java/lang/NoSuchMethodError'{0x0000000086ea44e8}: 'int java.lang.invoke.Invokers$Holder.linkToTargetMethod(java.lang.Object, java.lang.Object, java.lang.Object)'> (0x0000000086ea44e8) 
thrown [./src/hotspot/share/interpreter/linkResolver.cpp, line 772]
Event: 1.849 Thread 0x00007b0eb80195d0 Implicit null exception at 0x00007b0ea84e848b to 0x00007b0ea84e8f44
Event: 1.912 Thread 0x00007b0eb80195d0 Implicit null exception at 0x00007b0ea8365740 to 0x00007b0ea83659d8
Event: 2.053 Thread 0x00007b0eb80195d0 Implicit null exception at 0x00007b0ea8592368 to 0x00007b0ea85923d0
Event: 2.107 Thread 0x00007b0eb910c500 Exception <a 'java/lang/NoSuchMethodError'{0x000000008bd34f88}: 'java.lang.Object java.lang.invoke.DirectMethodHandle$Holder.invokeStatic(java.lang.Object, long, java.lang.Object)'> (0x000000008bd34f88) 
thrown [./src/hotspot/share/interpreter/linkResolver.cpp, line 772]
Event: 2.108 Thread 0x00007b0eb910c500 Exception <a 'java/lang/NoSuchMethodError'{0x000000008bd384a0}: 'java.lang.Object java.lang.invoke.DirectMethodHandle$Holder.invokeStaticInit(java.lang.Object, long, java.lang.Object)'> (0x000000008bd384a0) 
thrown [./src/hotspot/share/interpreter/linkResolver.cpp, line 772]
Event: 2.108 Thread 0x00007b0eb910c500 Exception <a 'java/lang/NoSuchMethodError'{0x000000008bd3d9b8}: 'java.lang.Object java.lang.invoke.DirectMethodHandle$Holder.newInvokeSpecial(java.lang.Object, long)'> (0x000000008bd3d9b8) 
thrown [./src/hotspot/share/interpreter/linkResolver.cpp, line 772]
Event: 2.109 Thread 0x00007b0eb910c500 Exception <a 'java/lang/NoSuchMethodError'{0x000000008bd421b8}: 'long java.lang.invoke.DirectMethodHandle$Holder.invokeInterface(java.lang.Object, java.lang.Object)'> (0x000000008bd421b8) 
thrown [./src/hotspot/share/interpreter/linkResolver.cpp, line 772]
Event: 2.109 Thread 0x00007b0eb910c500 Exception <a 'java/lang/NoSuchMethodError'{0x000000008bc96c08}: 'long java.lang.invoke.DelegatingMethodHandle$Holder.reinvoke_L(java.lang.Object, java.lang.Object)'> (0x000000008bc96c08) 
thrown [./src/hotspot/share/interpreter/linkResolver.cpp, line 772]

ZGC Phase Switch (0 events):
No events

VM Operations (20 events):
Event: 1.795 Executing VM operation: HandshakeAllThreads (Deoptimize)
Event: 1.795 Executing VM operation: HandshakeAllThreads (Deoptimize) done
Event: 1.802 Executing VM operation: ICBufferFull
Event: 1.802 Executing VM operation: ICBufferFull done
Event: 1.829 Executing VM operation: G1CollectForAllocation (G1 Evacuation Pause)
Event: 1.848 Executing VM operation: G1CollectForAllocation (G1 Evacuation Pause) done
Event: 1.886 Executing VM operation: ICBufferFull
Event: 1.886 Executing VM operation: ICBufferFull done
Event: 1.889 Executing VM operation: HandshakeAllThreads (Deoptimize)
Event: 1.889 Executing VM operation: HandshakeAllThreads (Deoptimize) done
Event: 1.919 Executing VM operation: ICBufferFull
Event: 1.919 Executing VM operation: ICBufferFull done
Event: 1.952 Executing VM operation: ICBufferFull
Event: 1.952 Executing VM operation: ICBufferFull done
Event: 2.064 Executing VM operation: G1CollectForAllocation (G1 Evacuation Pause)
Event: 2.074 Executing VM operation: G1CollectForAllocation (G1 Evacuation Pause) done
Event: 2.102 Executing VM operation: HandshakeAllThreads (Deoptimize)
Event: 2.102 Executing VM operation: HandshakeAllThreads (Deoptimize) done
Event: 2.115 Executing VM operation: HandshakeAllThreads (Deoptimize)
Event: 2.115 Executing VM operation: HandshakeAllThreads (Deoptimize) done

Memory protections (14 events):
Event: 0.001 Protecting memory [0x00007b0ebd300000,0x00007b0ebd304000] with protection modes 0
Event: 0.018 Protecting memory [0x00007b0e974f6000,0x00007b0e974fa000] with protection modes 0
Event: 0.018 Protecting memory [0x00007b0e96b00000,0x00007b0e96b04000] with protection modes 0
Event: 0.018 Protecting memory [0x00007b0e96a00000,0x00007b0e96a04000] with protection modes 0
Event: 0.018 Protecting memory [0x00007b0e96900000,0x00007b0e96904000] with protection modes 0
Event: 0.018 Protecting memory [0x00007b0e96800000,0x00007b0e96804000] with protection modes 0
Event: 0.019 Protecting memory [0x00007b0e96700000,0x00007b0e96704000] with protection modes 0
Event: 0.019 Protecting memory [0x00007b0e96600000,0x00007b0e96604000] with protection modes 0
Event: 0.021 Protecting memory [0x00007b0e96500000,0x00007b0e96504000] with protection modes 0
Event: 0.022 Protecting memory [0x00007b0e96400000,0x00007b0e96404000] with protection modes 0
Event: 0.089 Protecting memory [0x00007b0e96300000,0x00007b0e96304000] with protection modes 0
Event: 0.120 Protecting memory [0x00007b0e96300000,0x00007b0e96304000] with protection modes 0
Event: 0.299 Protecting memory [0x00007b0e96200000,0x00007b0e96204000] with protection modes 0
Event: 2.103 Protecting memory [0x00007b0e9510b000,0x00007b0e9510f000] with protection modes 0

Nmethod flushes (0 events):
No events

Events (16 events):
Event: 0.011 Thread 0x00007b0eb80195d0 Thread added: 0x00007b0eb80195d0
Event: 0.018 Thread 0x00007b0eb80195d0 Thread added: 0x00007b0eb8153070
Event: 0.018 Thread 0x00007b0eb80195d0 Thread added: 0x00007b0eb8154700
Event: 0.018 Thread 0x00007b0eb80195d0 Thread added: 0x00007b0eb8155ea0
Event: 0.018 Thread 0x00007b0eb80195d0 Thread added: 0x00007b0eb81574e0
Event: 0.018 Thread 0x00007b0eb80195d0 Thread added: 0x00007b0eb8158a80
Event: 0.019 Thread 0x00007b0eb80195d0 Thread added: 0x00007b0eb815a5c0
Event: 0.019 Thread 0x00007b0eb80195d0 Thread added: 0x00007b0eb815bc80
Event: 0.021 Thread 0x00007b0eb80195d0 Thread added: 0x00007b0eb8167b20
Event: 0.022 Thread 0x00007b0eb80195d0 Thread added: 0x00007b0eb816ae50
Event: 0.089 Thread 0x00007b0eb80195d0 Thread added: 0x00007b0eb838ad20
Event: 0.092 Thread 0x00007b0eb838ad20 Thread exited: 0x00007b0eb838ad20
Event: 0.120 Thread 0x00007b0eb815a5c0 Thread added: 0x00007b0e0812fa90
Event: 0.299 Thread 0x00007b0eb815bc80 Thread added: 0x00007b0e041b8290
Event: 2.103 Thread 0x00007b0eb80195d0 Thread added: 0x00007b0eb910c500
Event: 2.109 Thread 0x00007b0eb910c500 Thread exited: 0x00007b0eb910c500


Dynamic libraries:
86600000-8c100000 rw-p 00000000 00:00 0 
8c100000-8df00000 ---p 00000000 00:00 0 
8df00000-8e000000 rw-p 00000000 00:00 0 
8e000000-ff400000 ---p 00000000 00:00 0 
ff400000-ffe00000 rw-p 00000000 00:00 0 
ffe00000-fff0d000 rw-p 00cd6000 08:25 2543604                            /usr/lib/jvm/java-21-openjdk-amd64/lib/server/classes.jsa
fff0d000-100000000 rw-p 00000000 00:00 0 
626abd6fc000-626abd6fd000 r--p 00000000 08:25 2148401                    /usr/lib/jvm/java-21-openjdk-amd64/bin/java
626abd6fd000-626abd6fe000 r-xp 00001000 08:25 2148401                    /usr/lib/jvm/java-21-openjdk-amd64/bin/java
626abd6fe000-626abd6ff000 r--p 00002000 08:25 2148401                    /usr/lib/jvm/java-21-openjdk-amd64/bin/java
626abd6ff000-626abd700000 r--p 00002000 08:25 2148401                    /usr/lib/jvm/java-21-openjdk-amd64/bin/java
626abd700000-626abd701000 rw-p 00003000 08:25 2148401                    /usr/lib/jvm/java-21-openjdk-amd64/bin/java
626ae7b04000-626ae7b4b000 rw-p 00000000 00:00 0                          [heap]
7b0da4000000-7b0da4021000 rw-p 00000000 00:00 0 
7b0da4021000-7b0da8000000 ---p 00000000 00:00 0 
7b0da8000000-7b0da8021000 rw-p 00000000 00:00 0 
7b0da8021000-7b0dac000000 ---p 00000000 00:00 0 
7b0db0000000-7b0db0021000 rw-p 00000000 00:00 0 
7b0db0021000-7b0db4000000 ---p 00000000 00:00 0 
7b0db4000000-7b0db4021000 rw-p 00000000 00:00 0 
7b0db4021000-7b0db8000000 ---p 00000000 00:00 0 
7b0dbc000000-7b0dbc021000 rw-p 00000000 00:00 0 
7b0dbc021000-7b0dc0000000 ---p 00000000 00:00 0 
7b0dc0000000-7b0dc0021000 rw-p 00000000 00:00 0 
7b0dc0021000-7b0dc4000000 ---p 00000000 00:00 0 
7b0dc8000000-7b0dc8021000 rw-p 00000000 00:00 0 
7b0dc8021000-7b0dcc000000 ---p 00000000 00:00 0 
7b0dcc000000-7b0dcc021000 rw-p 00000000 00:00 0 
7b0dcc021000-7b0dd0000000 ---p 00000000 00:00 0 
7b0dd4000000-7b0dd4021000 rw-p 00000000 00:00 0 
7b0dd4021000-7b0dd8000000 ---p 00000000 00:00 0 
7b0dd8000000-7b0dd8021000 rw-p 00000000 00:00 0 
7b0dd8021000-7b0ddc000000 ---p 00000000 00:00 0 
7b0de0000000-7b0de0021000 rw-p 00000000 00:00 0 
7b0de0021000-7b0de4000000 ---p 00000000 00:00 0 
7b0de4000000-7b0de4021000 rw-p 00000000 00:00 0 
7b0de4021000-7b0de8000000 ---p 00000000 00:00 0 
7b0dec000000-7b0dece0a000 rw-p 00000000 00:00 0 
7b0dece0a000-7b0df0000000 ---p 00000000 00:00 0 
7b0df0000000-7b0df1291000 rw-p 00000000 00:00 0 
7b0df1291000-7b0df4000000 ---p 00000000 00:00 0 
7b0df8000000-7b0df8021000 rw-p 00000000 00:00 0 
7b0df8021000-7b0dfc000000 ---p 00000000 00:00 0 
7b0dfc000000-7b0dfc021000 rw-p 00000000 00:00 0 
7b0dfc021000-7b0e00000000 ---p 00000000 00:00 0 
7b0e04000000-7b0e048aa000 rw-p 00000000 00:00 0 
7b0e048aa000-7b0e08000000 ---p 00000000 00:00 0 
7b0e08000000-7b0e0901f000 rw-p 00000000 00:00 0 
7b0e0901f000-7b0e0c000000 ---p 00000000 00:00 0 
7b0e10000000-7b0e10021000 rw-p 00000000 00:00 0 
7b0e10021000-7b0e14000000 ---p 00000000 00:00 0 
7b0e14000000-7b0e14021000 rw-p 00000000 00:00 0 
7b0e14021000-7b0e18000000 ---p 00000000 00:00 0 
7b0e1c000000-7b0e1c021000 rw-p 00000000 00:00 0 
7b0e1c021000-7b0e20000000 ---p 00000000 00:00 0 
7b0e20000000-7b0e20021000 rw-p 00000000 00:00 0 
7b0e20021000-7b0e24000000 ---p 00000000 00:00 0 
7b0e28000000-7b0e28021000 rw-p 00000000 00:00 0 
7b0e28021000-7b0e2c000000 ---p 00000000 00:00 0 
7b0e2c000000-7b0e2c021000 rw-p 00000000 00:00 0 
7b0e2c021000-7b0e30000000 ---p 00000000 00:00 0 
7b0e34000000-7b0e343f0000 rw-p 00000000 00:00 0 
7b0e343f0000-7b0e34fb0000 rw-p 00000000 00:00 0 
7b0e34fb0000-7b0e34ff0000 rw-p 00000000 00:00 0 
7b0e34ff0000-7b0e35170000 rw-p 00000000 00:00 0 
7b0e35170000-7b0e351f0000 rw-p 00000000 00:00 0 
7b0e351f0000-7b0e358f0000 rw-p 00000000 00:00 0 
7b0e358f0000-7b0e35970000 rw-p 00000000 00:00 0 
7b0e35970000-7b0e35a00000 ---p 00000000 00:00 0 
7b0e35a00000-7b0e35b00000 rw-p 00000000 00:00 0 
7b0e35b00000-7b0e38000000 ---p 00000000 00:00 0 
7b0e38000000-7b0e38021000 rw-p 00000000 00:00 0 
7b0e38021000-7b0e3c000000 ---p 00000000 00:00 0 
7b0e3f000000-7b0e3fc97000 rw-p 00001000 08:25 2543604                    /usr/lib/jvm/java-21-openjdk-amd64/lib/server/classes.jsa
7b0e3fc97000-7b0e40000000 ---p 00000000 00:00 0 
7b0e40000000-7b0e40030000 rw-p 00000000 00:00 0 
7b0e40030000-7b0e40070000 rw-p 00000000 00:00 0 
7b0e40070000-7b0e401b0000 rw-p 00000000 00:00 0 
7b0e401b0000-7b0e401f0000 rw-p 00000000 00:00 0 
7b0e401f0000-7b0e40390000 rw-p 00000000 00:00 0 
7b0e40390000-7b0e80000000 ---p 00000000 00:00 0 
7b0e80000000-7b0e80021000 rw-p 00000000 00:00 0 
7b0e80021000-7b0e84000000 ---p 00000000 00:00 0 
7b0e84000000-7b0e84021000 rw-p 00000000 00:00 0 
7b0e84021000-7b0e88000000 ---p 00000000 00:00 0 
7b0e8c000000-7b0e8c021000 rw-p 00000000 00:00 0 
7b0e8c021000-7b0e90000000 ---p 00000000 00:00 0 
7b0e90000000-7b0e90021000 rw-p 00000000 00:00 0 
7b0e90021000-7b0e94000000 ---p 00000000 00:00 0 
7b0e9510b000-7b0e9510f000 ---p 00000000 00:00 0 
7b0e9510f000-7b0e9520b000 rw-p 00000000 00:00 0 
7b0e9520b000-7b0e9520c000 ---p 00000000 00:00 0 
7b0e9520c000-7b0e9530c000 rw-p 00000000 00:00 0 
7b0e9530c000-7b0e9530d000 ---p 00000000 00:00 0 
7b0e9530d000-7b0e9540d000 rw-p 00000000 00:00 0 
7b0e9540d000-7b0e9540e000 ---p 00000000 00:00 0 
7b0e9540e000-7b0e9550e000 rw-p 00000000 00:00 0 
7b0e9550e000-7b0e956f9000 rw-p 00000000 00:00 0 
7b0e956f9000-7b0e956fa000 ---p 00000000 00:00 0 
7b0e956fa000-7b0e957fa000 rw-p 00000000 00:00 0 
7b0e957fa000-7b0e957fb000 ---p 00000000 00:00 0 
7b0e957fb000-7b0e958fb000 rw-p 00000000 00:00 0 
7b0e958fb000-7b0e958fc000 ---p 00000000 00:00 0 
7b0e958fc000-7b0e959fc000 rw-p 00000000 00:00 0 
7b0e959fc000-7b0e959fd000 ---p 00000000 00:00 0 
7b0e959fd000-7b0e95afd000 rw-p 00000000 00:00 0 
7b0e95afd000-7b0e95afe000 ---p 00000000 00:00 0 
7b0e95afe000-7b0e95bfe000 rw-p 00000000 00:00 0 
7b0e95bfe000-7b0e95bff000 ---p 00000000 00:00 0 
7b0e95bff000-7b0e95cff000 rw-p 00000000 00:00 0 
7b0e95cff000-7b0e95d00000 ---p 00000000 00:00 0 
7b0e95d00000-7b0e95e00000 rw-p 00000000 00:00 0 
7b0e95e00000-7b0e95e03000 r-xp 00000000 08:25 2299416                    /tmp/jansi-2.4.1-213d10b6ad453449-libjansi.so
7b0e95e03000-7b0e96002000 ---p 00003000 08:25 2299416                    /tmp/jansi-2.4.1-213d10b6ad453449-libjansi.so
7b0e96002000-7b0e96003000 r--p 00002000 08:25 2299416                    /tmp/jansi-2.4.1-213d10b6ad453449-libjansi.so
7b0e96003000-7b0e96004000 rw-p 00003000 08:25 2299416                    /tmp/jansi-2.4.1-213d10b6ad453449-libjansi.so
7b0e960ff000-7b0e96100000 ---p 00000000 00:00 0 
7b0e96100000-7b0e96200000 rw-p 00000000 00:00 0 
7b0e96200000-7b0e96204000 ---p 00000000 00:00 0 
7b0e96204000-7b0e96300000 rw-p 00000000 00:00 0 
7b0e96300000-7b0e96304000 ---p 00000000 00:00 0 
7b0e96304000-7b0e96400000 rw-p 00000000 00:00 0 
7b0e96400000-7b0e96404000 ---p 00000000 00:00 0 
7b0e96404000-7b0e96500000 rw-p 00000000 00:00 0 
7b0e96500000-7b0e96504000 ---p 00000000 00:00 0 
7b0e96504000-7b0e96600000 rw-p 00000000 00:00 0 
7b0e96600000-7b0e96604000 ---p 00000000 00:00 0 
7b0e96604000-7b0e96700000 rw-p 00000000 00:00 0 
7b0e96700000-7b0e96704000 ---p 00000000 00:00 0 
7b0e96704000-7b0e96800000 rw-p 00000000 00:00 0 
7b0e96800000-7b0e96804000 ---p 00000000 00:00 0 
7b0e96804000-7b0e96900000 rw-p 00000000 00:00 0 
7b0e96900000-7b0e96904000 ---p 00000000 00:00 0 
7b0e96904000-7b0e96a00000 rw-p 00000000 00:00 0 
7b0e96a00000-7b0e96a04000 ---p 00000000 00:00 0 
7b0e96a04000-7b0e96b00000 rw-p 00000000 00:00 0 
7b0e96b00000-7b0e96b04000 ---p 00000000 00:00 0 
7b0e96b04000-7b0e96c00000 rw-p 00000000 00:00 0 
7b0e96c00000-7b0e97403000 r--p 00000000 08:25 1850347                    /usr/lib/locale/locale-archive
7b0e974f6000-7b0e974fa000 ---p 00000000 00:00 0 
7b0e974fa000-7b0e975f6000 rw-p 00000000 00:00 0 
7b0e975f6000-7b0e975f7000 ---p 00000000 00:00 0 
7b0e975f7000-7b0e976f7000 rw-p 00000000 00:00 0 
7b0e976f7000-7b0e976f8000 ---p 00000000 00:00 0 
7b0e976f8000-7b0e977f8000 rw-p 00000000 00:00 0 
7b0e977f8000-7b0e977f9000 ---p 00000000 00:00 0 
7b0e977f9000-7b0e978f9000 rw-p 00000000 00:00 0 
7b0e978f9000-7b0e978fa000 ---p 00000000 00:00 0 
7b0e978fa000-7b0e979fa000 rw-p 00000000 00:00 0 
7b0e979fa000-7b0e98021000 rw-p 00000000 00:00 0 
7b0e98021000-7b0e9c000000 ---p 00000000 00:00 0 
7b0e9c0fd000-7b0e9e56c000 rw-p 00000000 00:00 0 
7b0e9e56c000-7b0e9e5e4000 ---p 00000000 00:00 0 
7b0e9e5e4000-7b0e9e5e8000 rw-p 00000000 00:00 0 
7b0e9e5e8000-7b0ea0238000 ---p 00000000 00:00 0 
7b0ea0238000-7b0ea0268000 rw-p 00000000 00:00 0 
7b0ea02ff000-7b0ea042e000 rw-p 00000000 00:00 0 
7b0ea042e000-7b0ea043c000 ---p 00000000 00:00 0 
7b0ea043c000-7b0ea043d000 rw-p 00000000 00:00 0 
7b0ea043d000-7b0ea07c7000 ---p 00000000 00:00 0 
7b0ea07c7000-7b0ea07cd000 rw-p 00000000 00:00 0 
7b0ea0800000-7b0ea15d0000 rwxp 00000000 00:00 0 
7b0ea15d0000-7b0ea7d37000 ---p 00000000 00:00 0 
7b0ea7d37000-7b0ea7fa7000 rwxp 00000000 00:00 0 
7b0ea7fa7000-7b0ea82c9000 ---p 00000000 00:00 0 
7b0ea82c9000-7b0ea8619000 rwxp 00000000 00:00 0 
7b0ea8619000-7b0eaf800000 ---p 00000000 00:00 0 
7b0eaf800000-7b0eb7e0d000 r--s 00000000 08:25 2543601                    /usr/lib/jvm/java-21-openjdk-amd64/lib/modules
7b0eb7e2e000-7b0eb7e33000 r--p 00000000 08:25 2543585                    /usr/lib/jvm/java-21-openjdk-amd64/lib/libjsvml.so
7b0eb7e33000-7b0eb7e74000 r-xp 00005000 08:25 2543585                    /usr/lib/jvm/java-21-openjdk-amd64/lib/libjsvml.so
7b0eb7e74000-7b0eb7efd000 r--p 00046000 08:25 2543585                    /usr/lib/jvm/java-21-openjdk-amd64/lib/libjsvml.so
7b0eb7efd000-7b0eb7efe000 r--p 000ce000 08:25 2543585                    /usr/lib/jvm/java-21-openjdk-amd64/lib/libjsvml.so
7b0eb7efe000-7b0eb7eff000 rw-p 000cf000 08:25 2543585                    /usr/lib/jvm/java-21-openjdk-amd64/lib/libjsvml.so
7b0eb7eff000-7b0eb7f00000 ---p 00000000 00:00 0 
7b0eb7f00000-7b0eb8000000 rw-p 00000000 00:00 0 
7b0eb8000000-7b0eb91aa000 rw-p 00000000 00:00 0 
7b0eb91aa000-7b0ebc000000 ---p 00000000 00:00 0 
7b0ebc023000-7b0ebc0ff000 rw-p 00000000 00:00 0 
7b0ebc0ff000-7b0ebc100000 ---p 00000000 00:00 0 
7b0ebc100000-7b0ebc200000 rw-p 00000000 00:00 0 
7b0ebc200000-7b0ebc22e000 rw-p 00000000 00:00 0 
7b0ebc22e000-7b0ebc23c000 ---p 00000000 00:00 0 
7b0ebc23c000-7b0ebc23d000 rw-p 00000000 00:00 0 
7b0ebc23d000-7b0ebc5c7000 ---p 00000000 00:00 0 
7b0ebc5c7000-7b0ebc5cd000 rw-p 00000000 00:00 0 
7b0ebc61f000-7b0ebc620000 ---p 00000000 00:00 0 
7b0ebc620000-7b0ebc720000 rw-p 00000000 00:00 0 
7b0ebc720000-7b0ebd131000 rw-p 00000000 00:00 0 
7b0ebd131000-7b0ebd215000 ---p 00000000 00:00 0 
7b0ebd215000-7b0ebd231000 rw-p 00000000 00:00 0 
7b0ebd231000-7b0ebd300000 ---p 00000000 00:00 0 
7b0ebd300000-7b0ebd304000 ---p 00000000 00:00 0 
7b0ebd304000-7b0ebd400000 rw-p 00000000 00:00 0 
7b0ebd400000-7b0ebd49d000 r--p 00000000 08:25 1869011                    /usr/lib/x86_64-linux-gnu/libstdc++.so.6.0.33
7b0ebd49d000-7b0ebd5e5000 r-xp 0009d000 08:25 1869011                    /usr/lib/x86_64-linux-gnu/libstdc++.so.6.0.33
7b0ebd5e5000-7b0ebd66c000 r--p 001e5000 08:25 1869011                    /usr/lib/x86_64-linux-gnu/libstdc++.so.6.0.33
7b0ebd66c000-7b0ebd677000 r--p 0026b000 08:25 1869011                    /usr/lib/x86_64-linux-gnu/libstdc++.so.6.0.33
7b0ebd677000-7b0ebd67a000 rw-p 00276000 08:25 1869011                    /usr/lib/x86_64-linux-gnu/libstdc++.so.6.0.33
7b0ebd67a000-7b0ebd67e000 rw-p 00000000 00:00 0 
7b0ebd6c6000-7b0ebd6ca000 r--p 00000000 08:25 2543599                    /usr/lib/jvm/java-21-openjdk-amd64/lib/libverify.so
7b0ebd6ca000-7b0ebd6d1000 r-xp 00004000 08:25 2543599                    /usr/lib/jvm/java-21-openjdk-amd64/lib/libverify.so
7b0ebd6d1000-7b0ebd6d3000 r--p 0000b000 08:25 2543599                    /usr/lib/jvm/java-21-openjdk-amd64/lib/libverify.so
7b0ebd6d3000-7b0ebd6d5000 r--p 0000c000 08:25 2543599                    /usr/lib/jvm/java-21-openjdk-amd64/lib/libverify.so
7b0ebd6d5000-7b0ebd6d6000 rw-p 0000e000 08:25 2543599                    /usr/lib/jvm/java-21-openjdk-amd64/lib/libverify.so
7b0ebd6d6000-7b0ebd717000 rw-p 00000000 00:00 0 
7b0ebd717000-7b0ebd727000 r--p 00000000 08:25 1868504                    /usr/lib/x86_64-linux-gnu/libm.so.6
7b0ebd727000-7b0ebd7a6000 r-xp 00010000 08:25 1868504                    /usr/lib/x86_64-linux-gnu/libm.so.6
7b0ebd7a6000-7b0ebd7fe000 r--p 0008f000 08:25 1868504                    /usr/lib/x86_64-linux-gnu/libm.so.6
7b0ebd7fe000-7b0ebd7ff000 r--p 000e7000 08:25 1868504                    /usr/lib/x86_64-linux-gnu/libm.so.6
7b0ebd7ff000-7b0ebd800000 rw-p 000e8000 08:25 1868504                    /usr/lib/x86_64-linux-gnu/libm.so.6
7b0ebd800000-7b0ebdaa1000 r--p 00000000 08:25 2543607                    /usr/lib/jvm/java-21-openjdk-amd64/lib/server/libjvm.so
7b0ebdaa1000-7b0ebe90d000 r-xp 002a1000 08:25 2543607                    /usr/lib/jvm/java-21-openjdk-amd64/lib/server/libjvm.so
7b0ebe90d000-7b0ebebe5000 r--p 0110d000 08:25 2543607                    /usr/lib/jvm/java-21-openjdk-amd64/lib/server/libjvm.so
7b0ebebe5000-7b0ebecb8000 r--p 013e5000 08:25 2543607                    /usr/lib/jvm/java-21-openjdk-amd64/lib/server/libjvm.so
7b0ebecb8000-7b0ebece8000 rw-p 014b8000 08:25 2543607                    /usr/lib/jvm/java-21-openjdk-amd64/lib/server/libjvm.so
7b0ebece8000-7b0ebed4e000 rw-p 00000000 00:00 0 
7b0ebed52000-7b0ebed54000 r--p 00000000 08:25 2543600                    /usr/lib/jvm/java-21-openjdk-amd64/lib/libzip.so
7b0ebed54000-7b0ebed59000 r-xp 00002000 08:25 2543600                    /usr/lib/jvm/java-21-openjdk-amd64/lib/libzip.so
7b0ebed59000-7b0ebed5b000 r--p 00007000 08:25 2543600                    /usr/lib/jvm/java-21-openjdk-amd64/lib/libzip.so
7b0ebed5b000-7b0ebed5c000 r--p 00008000 08:25 2543600                    /usr/lib/jvm/java-21-openjdk-amd64/lib/libzip.so
7b0ebed5c000-7b0ebed5d000 rw-p 00009000 08:25 2543600                    /usr/lib/jvm/java-21-openjdk-amd64/lib/libzip.so
7b0ebed5d000-7b0ebed60000 r--p 00000000 08:25 2543592                    /usr/lib/jvm/java-21-openjdk-amd64/lib/libnet.so
7b0ebed60000-7b0ebed68000 r-xp 00003000 08:25 2543592                    /usr/lib/jvm/java-21-openjdk-amd64/lib/libnet.so
7b0ebed68000-7b0ebed6a000 r--p 0000b000 08:25 2543592                    /usr/lib/jvm/java-21-openjdk-amd64/lib/libnet.so
7b0ebed6a000-7b0ebed6b000 r--p 0000c000 08:25 2543592                    /usr/lib/jvm/java-21-openjdk-amd64/lib/libnet.so
7b0ebed6b000-7b0ebed6c000 rw-p 0000d000 08:25 2543592                    /usr/lib/jvm/java-21-openjdk-amd64/lib/libnet.so
7b0ebed6c000-7b0ebed73000 r--p 00000000 08:25 2543593                    /usr/lib/jvm/java-21-openjdk-amd64/lib/libnio.so
7b0ebed73000-7b0ebed7c000 r-xp 00007000 08:25 2543593                    /usr/lib/jvm/java-21-openjdk-amd64/lib/libnio.so
7b0ebed7c000-7b0ebed80000 r--p 00010000 08:25 2543593                    /usr/lib/jvm/java-21-openjdk-amd64/lib/libnio.so
7b0ebed80000-7b0ebed81000 r--p 00014000 08:25 2543593                    /usr/lib/jvm/java-21-openjdk-amd64/lib/libnio.so
7b0ebed81000-7b0ebed82000 rw-p 00015000 08:25 2543593                    /usr/lib/jvm/java-21-openjdk-amd64/lib/libnio.so
7b0ebed82000-7b0ebee00000 rw-p 00000000 00:00 0 
7b0ebee00000-7b0ebee28000 r--p 00000000 08:25 1867753                    /usr/lib/x86_64-linux-gnu/libc.so.6
7b0ebee28000-7b0ebefb0000 r-xp 00028000 08:25 1867753                    /usr/lib/x86_64-linux-gnu/libc.so.6
7b0ebefb0000-7b0ebefff000 r--p 001b0000 08:25 1867753                    /usr/lib/x86_64-linux-gnu/libc.so.6
7b0ebefff000-7b0ebf003000 r--p 001fe000 08:25 1867753                    /usr/lib/x86_64-linux-gnu/libc.so.6
7b0ebf003000-7b0ebf005000 rw-p 00202000 08:25 1867753                    /usr/lib/x86_64-linux-gnu/libc.so.6
7b0ebf005000-7b0ebf012000 rw-p 00000000 00:00 0 
7b0ebf014000-7b0ebf01b000 r--s 00000000 08:25 1870331                    /usr/lib/x86_64-linux-gnu/gconv/gconv-modules.cache
7b0ebf01b000-7b0ebf020000 rw-p 00000000 00:00 0 
7b0ebf020000-7b0ebf027000 ---p 00000000 00:00 0 
7b0ebf027000-7b0ebf034000 r--p 00000000 08:25 2543578                    /usr/lib/jvm/java-21-openjdk-amd64/lib/libjava.so
7b0ebf034000-7b0ebf043000 r-xp 0000d000 08:25 2543578                    /usr/lib/jvm/java-21-openjdk-amd64/lib/libjava.so
7b0ebf043000-7b0ebf048000 r--p 0001c000 08:25 2543578                    /usr/lib/jvm/java-21-openjdk-amd64/lib/libjava.so
7b0ebf048000-7b0ebf049000 r--p 00021000 08:25 2543578                    /usr/lib/jvm/java-21-openjdk-amd64/lib/libjava.so
7b0ebf049000-7b0ebf04a000 rw-p 00022000 08:25 2543578                    /usr/lib/jvm/java-21-openjdk-amd64/lib/libjava.so
7b0ebf04a000-7b0ebf04b000 rw-p 00000000 00:00 0 
7b0ebf04b000-7b0ebf04f000 r--p 00000000 08:25 1868124                    /usr/lib/x86_64-linux-gnu/libgcc_s.so.1
7b0ebf04f000-7b0ebf073000 r-xp 00004000 08:25 1868124                    /usr/lib/x86_64-linux-gnu/libgcc_s.so.1
7b0ebf073000-7b0ebf077000 r--p 00028000 08:25 1868124                    /usr/lib/x86_64-linux-gnu/libgcc_s.so.1
7b0ebf077000-7b0ebf078000 r--p 0002b000 08:25 1868124                    /usr/lib/x86_64-linux-gnu/libgcc_s.so.1
7b0ebf078000-7b0ebf079000 rw-p 0002c000 08:25 1868124                    /usr/lib/x86_64-linux-gnu/libgcc_s.so.1
7b0ebf079000-7b0ebf07b000 rw-p 00000000 00:00 0 
7b0ebf07b000-7b0ebf07d000 r--p 00000000 08:25 2543582                    /usr/lib/jvm/java-21-openjdk-amd64/lib/libjli.so
7b0ebf07d000-7b0ebf087000 r-xp 00002000 08:25 2543582                    /usr/lib/jvm/java-21-openjdk-amd64/lib/libjli.so
7b0ebf087000-7b0ebf08a000 r--p 0000c000 08:25 2543582                    /usr/lib/jvm/java-21-openjdk-amd64/lib/libjli.so
7b0ebf08a000-7b0ebf08b000 r--p 0000f000 08:25 2543582                    /usr/lib/jvm/java-21-openjdk-amd64/lib/libjli.so
7b0ebf08b000-7b0ebf08c000 rw-p 00010000 08:25 2543582                    /usr/lib/jvm/java-21-openjdk-amd64/lib/libjli.so
7b0ebf08c000-7b0ebf08e000 r--p 00000000 08:25 1869333                    /usr/lib/x86_64-linux-gnu/libz.so.1.3
7b0ebf08e000-7b0ebf0a0000 r-xp 00002000 08:25 1869333                    /usr/lib/x86_64-linux-gnu/libz.so.1.3
7b0ebf0a0000-7b0ebf0a6000 r--p 00014000 08:25 1869333                    /usr/lib/x86_64-linux-gnu/libz.so.1.3
7b0ebf0a6000-7b0ebf0a7000 r--p 0001a000 08:25 1869333                    /usr/lib/x86_64-linux-gnu/libz.so.1.3
7b0ebf0a7000-7b0ebf0a8000 rw-p 0001b000 08:25 1869333                    /usr/lib/x86_64-linux-gnu/libz.so.1.3
7b0ebf0a8000-7b0ebf0b0000 rw-s 00000000 08:25 2658504                    /tmp/hsperfdata_edu/12497
7b0ebf0b0000-7b0ebf0b1000 ---p 00000000 00:00 0 
7b0ebf0b1000-7b0ebf0b2000 r--p 00000000 00:00 0 
7b0ebf0b2000-7b0ebf0b3000 ---p 00000000 00:00 0 
7b0ebf0b3000-7b0ebf0b5000 r--p 00000000 08:25 2543581                    /usr/lib/jvm/java-21-openjdk-amd64/lib/libjimage.so
7b0ebf0b5000-7b0ebf0b8000 r-xp 00002000 08:25 2543581                    /usr/lib/jvm/java-21-openjdk-amd64/lib/libjimage.so
7b0ebf0b8000-7b0ebf0b9000 r--p 00005000 08:25 2543581                    /usr/lib/jvm/java-21-openjdk-amd64/lib/libjimage.so
7b0ebf0b9000-7b0ebf0ba000 r--p 00006000 08:25 2543581                    /usr/lib/jvm/java-21-openjdk-amd64/lib/libjimage.so
7b0ebf0ba000-7b0ebf0bb000 rw-p 00007000 08:25 2543581                    /usr/lib/jvm/java-21-openjdk-amd64/lib/libjimage.so
7b0ebf0bb000-7b0ebf0bd000 rw-p 00000000 00:00 0 
7b0ebf0bd000-7b0ebf0be000 r--p 00000000 08:25 1867323                    /usr/lib/x86_64-linux-gnu/ld-linux-x86-64.so.2
7b0ebf0be000-7b0ebf0e9000 r-xp 00001000 08:25 1867323                    /usr/lib/x86_64-linux-gnu/ld-linux-x86-64.so.2
7b0ebf0e9000-7b0ebf0f3000 r--p 0002c000 08:25 1867323                    /usr/lib/x86_64-linux-gnu/ld-linux-x86-64.so.2
7b0ebf0f3000-7b0ebf0f5000 r--p 00036000 08:25 1867323                    /usr/lib/x86_64-linux-gnu/ld-linux-x86-64.so.2
7b0ebf0f5000-7b0ebf0f7000 rw-p 00038000 08:25 1867323                    /usr/lib/x86_64-linux-gnu/ld-linux-x86-64.so.2
7ffc2bd94000-7ffc2bdb5000 rw-p 00000000 00:00 0                          [stack]
7ffc2bdf7000-7ffc2bdfb000 r--p 00000000 00:00 0                          [vvar]
7ffc2bdfb000-7ffc2bdfd000 r-xp 00000000 00:00 0                          [vdso]
ffffffffff600000-ffffffffff601000 --xp 00000000 00:00 0                  [vsyscall]
Total number of mappings: 282


VM Arguments:
jvm_args: -Dclassworlds.conf=/usr/lib/apache-netbeans/java/maven/bin/m2.conf -Dmaven.home=/usr/lib/apache-netbeans/java/maven -Dlibrary.jansi.path=/usr/lib/apache-netbeans/java/maven/lib/jansi-native -Dmaven.multiModuleProjectDirectory=/home/edu/IPC2-2025/AnalizadorLexico2/AnalizadorLexico 
java_command: org.codehaus.plexus.classworlds.launcher.Launcher -Dmaven.ext.class.path=/usr/lib/apache-netbeans/java/maven-nblib/netbeans-eventspy.jar --no-transfer-progress clean install
java_class_path (initial): /usr/lib/apache-netbeans/java/maven/boot/plexus-classworlds-2.8.0.jar
Launcher Type: SUN_STANDARD

[Global flags]
     intx CICompilerCount                          = 4                                         {product} {ergonomic}
     uint ConcGCThreads                            = 3                                         {product} {ergonomic}
     uint G1ConcRefinementThreads                  = 10                                        {product} {ergonomic}
   size_t G1HeapRegionSize                         = 1048576                                   {product} {ergonomic}
    uintx GCDrainStackTargetSize                   = 64                                        {product} {ergonomic}
   size_t InitialHeapSize                          = 127926272                                 {product} {ergonomic}
   size_t MarkStackSize                            = 4194304                                   {product} {ergonomic}
   size_t MaxHeapSize                              = 2040528896                                {product} {ergonomic}
   size_t MaxNewSize                               = 1223688192                                {product} {ergonomic}
   size_t MinHeapDeltaBytes                        = 1048576                                   {product} {ergonomic}
   size_t MinHeapSize                              = 8388608                                   {product} {ergonomic}
    uintx NonNMethodCodeHeapSize                   = 5839372                                {pd product} {ergonomic}
    uintx NonProfiledCodeHeapSize                  = 122909434                              {pd product} {ergonomic}
    uintx ProfiledCodeHeapSize                     = 122909434                              {pd product} {ergonomic}
    uintx ReservedCodeCacheSize                    = 251658240                              {pd product} {ergonomic}
     bool SegmentedCodeCache                       = true                                      {product} {ergonomic}
   size_t SoftMaxHeapSize                          = 2040528896                             {manageable} {ergonomic}
     bool UseCompressedOops                        = true                           {product lp64_product} {ergonomic}
     bool UseG1GC                                  = true                                      {product} {ergonomic}

Logging:
Log output configuration:
 #0: stdout all=warning uptime,level,tags foldmultilines=false
 #1: stderr all=off uptime,level,tags foldmultilines=false

Environment Variables:
JAVA_HOME=/usr/lib/jvm/java-21-openjdk-amd64
PATH=/usr/local/sbin:/usr/local/bin:/usr/sbin:/usr/bin:/sbin:/bin:/usr/games:/usr/local/games:/snap/bin
SHELL=/bin/bash
DISPLAY=:0
LANG=es_GT.UTF-8

Active Locale:
LC_ALL=es_GT.UTF-8
LC_COLLATE=es_GT.UTF-8
LC_CTYPE=es_GT.UTF-8
LC_MESSAGES=es_GT.UTF-8
LC_MONETARY=es_GT.UTF-8
LC_NUMERIC=es_GT.UTF-8
LC_TIME=es_GT.UTF-8

Signal Handlers:
   SIGSEGV: crash_handler in libjvm.so, mask=11100100010111111101111111111110, flags=SA_RESTART|SA_SIGINFO, unblocked
    SIGBUS: crash_handler in libjvm.so, mask=11100100010111111101111111111110, flags=SA_RESTART|SA_SIGINFO, unblocked
    SIGFPE: crash_handler in libjvm.so, mask=11100100010111111101111111111110, flags=SA_RESTART|SA_SIGINFO, unblocked
   SIGPIPE: javaSignalHandler in libjvm.so, mask=11100100010111111101111111111110, flags=SA_RESTART|SA_SIGINFO, blocked
   SIGXFSZ: javaSignalHandler in libjvm.so, mask=11100100010111111101111111111110, flags=SA_RESTART|SA_SIGINFO, blocked
    SIGILL: crash_handler in libjvm.so, mask=11100100010111111101111111111110, flags=SA_RESTART|SA_SIGINFO, unblocked
   SIGUSR2: SR_handler in libjvm.so, mask=00000000000000000000000000000000, flags=SA_RESTART|SA_SIGINFO, blocked
    SIGHUP: UserHandler in libjvm.so, mask=11100100010111111101111111111110, flags=SA_RESTART|SA_SIGINFO, blocked
    SIGINT: SIG_IGN, mask=00000000000000000000000000000000, flags=none, blocked
   SIGTERM: UserHandler in libjvm.so, mask=11100100010111111101111111111110, flags=SA_RESTART|SA_SIGINFO, blocked
   SIGQUIT: UserHandler in libjvm.so, mask=11100100010111111101111111111110, flags=SA_RESTART|SA_SIGINFO, blocked
   SIGTRAP: crash_handler in libjvm.so, mask=11100100010111111101111111111110, flags=SA_RESTART|SA_SIGINFO, unblocked


Periodic native trim disabled

---------------  S Y S T E M  ---------------

OS:
DISTRIB_ID=LinuxMint
DISTRIB_RELEASE=22.1
DISTRIB_CODENAME=xia
DISTRIB_DESCRIPTION="Linux Mint 22.1 Xia"
uname: Linux 6.8.0-51-generic #52-Ubuntu SMP PREEMPT_DYNAMIC Thu Dec  5 13:09:44 UTC 2024 x86_64
OS uptime: 0 days 4:00 hours
libc: glibc 2.39 NPTL 2.39 
rlimit (soft/hard): STACK 8192k/infinity , CORE 0k/infinity , NPROC 30798/30798 , NOFILE 1048576/1048576 , AS infinity/infinity , CPU infinity/infinity , DATA infinity/infinity , FSIZE infinity/infinity , MEMLOCK 995356k/995356k
load average: 0.39 0.21 0.30

/proc/meminfo:
MemTotal:        7962872 kB
MemFree:         1459508 kB
MemAvailable:    3418888 kB
Buffers:          101900 kB
Cached:          2485836 kB
SwapCached:            0 kB
Active:          4303672 kB
Inactive:        1484376 kB
Active(anon):    3422928 kB
Inactive(anon):   156992 kB
Active(file):     880744 kB
Inactive(file):  1327384 kB
Unevictable:      109008 kB
Mlocked:              64 kB
SwapTotal:      15997944 kB
SwapFree:       15997688 kB
Zswap:                 0 kB
Zswapped:              0 kB
Dirty:               348 kB
Writeback:             0 kB
AnonPages:       3309644 kB
Mapped:           621868 kB
Shmem:            379608 kB
KReclaimable:     195232 kB
Slab:             347060 kB
SReclaimable:     195232 kB
SUnreclaim:       151828 kB
KernelStack:       15696 kB
PageTables:        39636 kB
SecPageTables:         0 kB
NFS_Unstable:          0 kB
Bounce:                0 kB
WritebackTmp:          0 kB
CommitLimit:    19979380 kB
Committed_AS:   14752684 kB
VmallocTotal:   34359738367 kB
VmallocUsed:       40224 kB
VmallocChunk:          0 kB
Percpu:             8016 kB
HardwareCorrupted:     0 kB
AnonHugePages:         0 kB
ShmemHugePages:        0 kB
ShmemPmdMapped:        0 kB
FileHugePages:         0 kB
FilePmdMapped:         0 kB
Unaccepted:            0 kB
HugePages_Total:       0
HugePages_Free:        0
HugePages_Rsvd:        0
HugePages_Surp:        0
Hugepagesize:       2048 kB
Hugetlb:               0 kB
DirectMap4k:      178724 kB
DirectMap2M:     4898816 kB
DirectMap1G:     3145728 kB

/sys/kernel/mm/transparent_hugepage/enabled: always [madvise] never
/sys/kernel/mm/transparent_hugepage/hpage_pmd_size: 2097152
/sys/kernel/mm/transparent_hugepage/defrag (defrag/compaction efforts parameter): always defer defer+madvise [madvise] never

Process Memory:
Virtual Size: 5707544K (peak: 5707544K)
Resident Set Size: 286776K (peak: 286776K) (anon: 246660K, file: 40116K, shmem: 0K)
Swapped out: 0K
C-Heap outstanding allocations: 86698K, retained: 17537K
glibc malloc tunables: (default)

/proc/sys/kernel/threads-max (system-wide limit on the number of threads): 61597
/proc/sys/vm/max_map_count (maximum number of memory map areas a process may have): 1048576
/proc/sys/vm/swappiness (control to define how aggressively the kernel swaps out anonymous memory): 60
/proc/sys/kernel/pid_max (system-wide limit on number of process identifiers): 4194304

container (cgroup) information:
container_type: cgroupv2
cpu_cpuset_cpus: not supported
cpu_memory_nodes: not supported
active_processor_count: 12
cpu_quota: no quota
cpu_period: 100000
cpu_shares: no shares
memory_limit_in_bytes: unlimited
memory_and_swap_limit_in_bytes: unlimited
memory_soft_limit_in_bytes: unlimited
memory_usage_in_bytes: 4260608 k
memory_max_usage_in_bytes: not supported
memory_swap_current_in_bytes: unlimited
memory_swap_max_limit_in_bytes: unlimited
maximum number of tasks: unlimited
current number of tasks: 469

Steal ticks since vm start: 0
Steal ticks percentage since vm start:  0.000

CPU: total 12 (initial active 12) (6 cores per cpu, 2 threads per core) family 6 model 165 stepping 3 microcode 0xfc, cx8, cmov, fxsr, ht, mmx, 3dnowpref, sse, sse2, sse3, ssse3, sse4.1, sse4.2, popcnt, lzcnt, tsc, tscinvbit, avx, avx2, aes, erms, clmul, bmi1, bmi2, adx, fma, vzeroupper, clflush, clflushopt, rdtscp, f16c
CPU Model and flags from /proc/cpuinfo:
model name	: Intel(R) Core(TM) i5-10400 CPU @ 2.90GHz
flags		: fpu vme de pse tsc msr pae mce cx8 apic sep mtrr pge mca cmov pat pse36 clflush dts acpi mmx fxsr sse sse2 ss ht tm pbe syscall nx pdpe1gb rdtscp lm constant_tsc art arch_perfmon pebs bts rep_good nopl xtopology nonstop_tsc cpuid aperfmperf pni pclmulqdq dtes64 monitor ds_cpl vmx est tm2 ssse3 sdbg fma cx16 xtpr pdcm pcid sse4_1 sse4_2 x2apic movbe popcnt tsc_deadline_timer aes xsave avx f16c rdrand lahf_lm abm 3dnowprefetch cpuid_fault epb ssbd ibrs ibpb stibp ibrs_enhanced tpr_shadow flexpriority ept vpid ept_ad fsgsbase tsc_adjust bmi1 avx2 smep bmi2 erms invpcid mpx rdseed adx smap clflushopt intel_pt xsaveopt xsavec xgetbv1 xsaves dtherm ida arat pln pts hwp hwp_notify hwp_act_window hwp_epp vnmi md_clear flush_l1d arch_capabilities

Online cpus: 0-11
Offline cpus: 
BIOS frequency limitation: <Not Available>
Frequency switch latency (ns): 0
Available cpu frequencies: <Not Available>
Current governor: powersave
Core performance/turbo boost: <Not Available>

Memory: 4k page, physical 7962872k(3418888k free), swap 15997944k(15997688k free)
Page Sizes: 4k

vm_info: OpenJDK 64-Bit Server VM (21.0.6+7-Ubuntu-124.04.1) for linux-amd64 JRE (21.0.6+7-Ubuntu-124.04.1), built on 2025-01-23T22:52:35Z by "buildd" with gcc 13.3.0

END.
