#
# A fatal error has been detected by the Java Runtime Environment:
#
#  SIGSEGV (0xb) at pc=0x00007e0ddd6cbf45, pid=13568, tid=13598
#
# JRE version: OpenJDK Runtime Environment (21.0.6+7) (build 21.0.6+7-Ubuntu-124.04.1)
# Java VM: OpenJDK 64-Bit Server VM (21.0.6+7-Ubuntu-124.04.1, mixed mode, sharing, tiered, compressed oops, compressed class ptrs, g1 gc, linux-amd64)
# Problematic frame:
# V  [libjvm.so+0x8cbf45]  PhaseChaitin::interfere_with_live(unsigned int, IndexSet*) [clone .part.0]+0x215
#
# Core dump will be written. Default location: Core dumps may be processed with "/usr/lib/systemd/systemd-coredump %P %u %g %s %t 9223372036854775808 %h" (or dumping to /home/edu/IPC2-2025/AnalizadorLexico2/AnalizadorLexico/core.13568)
#
# If you would like to submit a bug report, please visit:
#   https://bugs.launchpad.net/ubuntu/+source/openjdk-21
#

---------------  S U M M A R Y ------------

Command Line: -Dclassworlds.conf=/usr/lib/apache-netbeans/java/maven/bin/m2.conf -Dmaven.home=/usr/lib/apache-netbeans/java/maven -Dlibrary.jansi.path=/usr/lib/apache-netbeans/java/maven/lib/jansi-native -Dmaven.multiModuleProjectDirectory=/home/edu/IPC2-2025/AnalizadorLexico2/AnalizadorLexico org.codehaus.plexus.classworlds.launcher.Launcher -Dmaven.ext.class.path=/usr/lib/apache-netbeans/java/maven-nblib/netbeans-eventspy.jar --no-transfer-progress clean install

Host: Intel(R) Core(TM) i5-10400 CPU @ 2.90GHz, 12 cores, 7G, Linux Mint 22.1 Xia
Time: Thu Oct  2 14:53:10 2025 CST elapsed time: 1.481619 seconds (0d 0h 0m 1s)

---------------  T H R E A D  ---------------

Current thread (0x00007e0dd815a5c0):  JavaThread "C2 CompilerThread0" daemon [_thread_in_native, id=13598, stack(0x00007e0db5f00000,0x00007e0db6000000) (1024K)]


Current CompileTask:
C2:1481 4009   !   4       jdk.internal.loader.BuiltinClassLoader::loadClassOrNull (143 bytes)

Stack: [0x00007e0db5f00000,0x00007e0db6000000],  sp=0x00007e0db5ffc060,  free space=1008k
Native frames: (J=compiled Java code, j=interpreted, Vv=VM code, C=native code)
V  [libjvm.so+0x8cbf45]  PhaseChaitin::interfere_with_live(unsigned int, IndexSet*) [clone .part.0]+0x215
V  [libjvm.so+0x8ce624]  PhaseChaitin::build_ifg_physical(ResourceArea*)+0x4d4
V  [libjvm.so+0x5b932c]  PhaseChaitin::Register_Allocate()+0x60c
V  [libjvm.so+0x6631c2]  Compile::Code_Gen()+0x332
V  [libjvm.so+0x666c06]  Compile::Compile(ciEnv*, ciMethod*, int, Options, DirectiveSet*)+0x1476
V  [libjvm.so+0x58ba7d]  C2Compiler::compile_method(ciEnv*, ciMethod*, int, bool, DirectiveSet*)+0x19d
V  [libjvm.so+0x66c9e3]  CompileBroker::invoke_compiler_on_method(CompileTask*)+0xc73
V  [libjvm.so+0x66fac8]  CompileBroker::compiler_thread_loop()+0x648
V  [libjvm.so+0x925536]  JavaThread::thread_main_inner()+0x1e6
V  [libjvm.so+0xf83ae7]  Thread::call_run()+0xa7
V  [libjvm.so+0xcfc025]  thread_native_entry(Thread*)+0xd5
C  [libc.so.6+0x9ca94]

siginfo: si_signo: 11 (SIGSEGV), si_code: 1 (SEGV_MAPERR), si_addr: 0x00007e0f2463c3d0

Registers:
RAX=0x0000000000000004, RBX=0x00000000000010ee, RCX=0x0000000000000470, RDX=0x00007e0d28db88b0
RSP=0x00007e0db5ffc060, RBP=0x00007e0db5ffc0e0, RSI=0x00007e0f2463c3b0, RDI=0x00007e0d28e425b0
R8 =0x0000000000000001, R9 =0x0000000000000470, R10=0x00007e0db5ffc3c0, R11=0x00000000000011c0
R12=0x00007e0db5ffc080, R13=0x00007e0d28e13c30, R14=0x00007e0db5ffc6d0, R15=0x00007e0d28ec5860
RIP=0x00007e0ddd6cbf45, EFLAGS=0x0000000000010202, CSGSFS=0x002b000000000033, ERR=0x0000000000000004
  TRAPNO=0x000000000000000e

XMM[0]=0x0000000000000000 0x3ecee9f6afa560e9
XMM[1]=0x0000000000000000 0x407f853099771e58
XMM[2]=0x0000000000000000 0x7fefffffffffffff
XMM[3]=0xffffffffffffffff 0xffffffffffffffff
XMM[4]=0x0000000000000000 0x00007fffffffffff
XMM[5]=0x0000000800000000 0x0000000000000000
XMM[6]=0x0000000000000000 0x0000000000000000
XMM[7]=0x0000000000000000 0x0000000000000000
XMM[8]=0x00007e0d0c414bf8 0x00007e0d110fd170
XMM[9]=0x00007e0d109147f0 0x00007e0d10914790
XMM[10]=0x00007e0d10914190 0x00007e0d10914250
XMM[11]=0x00007e0d109141f0 0x00007e0d109142b0
XMM[12]=0x00007e0d10914130 0x00007e0d109140d0
XMM[13]=0x550c7dc3243185be 0x12835b01d807aa98
XMM[14]=0xab1c5ed5923f82a4 0x59f111f13956c25b
XMM[15]=0x0000000000000000 0x0000000000000000
  MXCSR=0x00001fa0


Register to memory mapping:

RAX=0x0000000000000004 is an unknown value
RBX=0x00000000000010ee is an unknown value
RCX=0x0000000000000470 is an unknown value
RDX=0x00007e0d28db88b0 points into unknown readable memory: 0x0000000200000000 | 00 00 00 00 02 00 00 00
RSP=0x00007e0db5ffc060 is pointing into the stack for thread: 0x00007e0dd815a5c0
RBP=0x00007e0db5ffc0e0 is pointing into the stack for thread: 0x00007e0dd815a5c0
RSI=0x00007e0f2463c3b0 is an unknown value
RDI=0x00007e0d28e425b0 points into unknown readable memory: 0x3ffe0d5697554f84 | 84 4f 55 97 56 0d fe 3f
R8 =0x0000000000000001 is an unknown value
R9 =0x0000000000000470 is an unknown value
R10=0x00007e0db5ffc3c0 is pointing into the stack for thread: 0x00007e0dd815a5c0
R11=0x00000000000011c0 is an unknown value
R12=0x00007e0db5ffc080 is pointing into the stack for thread: 0x00007e0dd815a5c0
R13=0x00007e0d28e13c30 points into unknown readable memory: 0x0000000000000000 | 00 00 00 00 00 00 00 00
R14=0x00007e0db5ffc6d0 is pointing into the stack for thread: 0x00007e0dd815a5c0
R15=0x00007e0d28ec5860 points into unknown readable memory: 0x3e91aa43d2155bf3 | f3 5b 15 d2 43 aa 91 3e

Top of Stack: (sp=0x00007e0db5ffc060)
0x00007e0db5ffc060:   00007e0db5ffc0e0 00007e0ddd6cdfd0
0x00007e0db5ffc070:   00007e0d28db8950 00000000000a94c0
0x00007e0db5ffc080:   0000000000000000 0000000200000470
0x00007e0db5ffc090:   0000001a00000005 00007e0d24023d60
0x00007e0db5ffc0a0:   00007e0d24023f88 00007e0db5ffc200
0x00007e0db5ffc0b0:   0000000000000000 00000000000010ee
0x00007e0db5ffc0c0:   000000000000000f 00007e0dd8d56cd0
0x00007e0db5ffc0d0:   000000000000000e 00007e0d2859e9e0
0x00007e0db5ffc0e0:   00007e0db5ffc2d0 00007e0ddd6ce624
0x00007e0db5ffc0f0:   00007e0db5ffc140 00007e0db5ffc1a0
0x00007e0db5ffc100:   0000001600000000 00007e0db5ffc6d0
0x00007e0db5ffc110:   0000000000000004 0000000000000010
0x00007e0db5ffc120:   00000000000002c6 00007e0db5ffc180
0x00007e0db5ffc130:   00007e0d28e6c700 00007e0db5ffc200
0x00007e0db5ffc140:   00007e0db5ffc6d0 00007e0db5ffc6d0
0x00007e0db5ffc150:   00007e0db5ffc280 0000000bb5fff6c0
0x00007e0db5ffc160:   0000001700000003 0000000d0000000c
0x00007e0db5ffc170:   00007e0d00000000 00007e0dddd8400b
0x00007e0db5ffc180:   0000001500000000 0000000e00000020
0x00007e0db5ffc190:   00007e0d00000000 00007e0d108d9988
0x00007e0db5ffc1a0:   00007e0db5ff0000 0000000000000000
0x00007e0db5ffc1b0:   00007e0d241ad378 00007e0d28cd2100
0x00007e0db5ffc1c0:   00007e0dde2ffb80 00007e0dddf2029e
0x00007e0db5ffc1d0:   0000000000000000 0000000000000000
0x00007e0db5ffc1e0:   0000000000000000 00007e0dddf2029e
0x00007e0db5ffc1f0:   00007e0d28cd2100 00007e0d28ce2190
0x00007e0db5ffc200:   0000001a0000000f 00007e0d24023f88
0x00007e0db5ffc210:   00007e0dd8158a20 fffffffffffffff8
0x00007e0db5ffc220:   000000000000000d 0000000000000000
0x00007e0db5ffc230:   00007e0d108d6b10 0000000128f25170
0x00007e0db5ffc240:   0000000000000558 00007e0d110d6380
0x00007e0db5ffc250:   00007e0db5ffc260 00007e0d28cd2180 

Instructions: (pc=0x00007e0ddd6cbf45)
0x00007e0ddd6cbe45:   00 00 4e 8b 6c c7 38 4f 23 6c c7 38 44 8d 40 02
0x00007e0ddd6cbe55:   4c 09 ea 44 39 c6 0f 82 c3 00 00 00 4e 8b 6c c7
0x00007e0ddd6cbe65:   38 4f 23 6c c7 38 44 8d 40 03 4c 09 ea 44 39 c6
0x00007e0ddd6cbe75:   0f 82 a9 00 00 00 4e 8b 6c c7 38 4f 23 6c c7 38
0x00007e0ddd6cbe85:   44 8d 40 04 4c 09 ea 44 39 c6 0f 82 8f 00 00 00
0x00007e0ddd6cbe95:   4e 8b 6c c7 38 4f 23 6c c7 38 44 8d 40 05 4c 09
0x00007e0ddd6cbea5:   ea 44 39 c6 72 79 4e 8b 6c c7 38 4f 23 6c c7 38
0x00007e0ddd6cbeb5:   44 8d 40 06 4c 09 ea 44 39 c6 72 63 4e 8b 6c c7
0x00007e0ddd6cbec5:   38 4f 23 6c c7 38 44 8d 40 07 4c 09 ea 44 39 c6
0x00007e0ddd6cbed5:   72 4d 4e 8b 6c c7 38 4f 23 6c c7 38 44 8d 40 08
0x00007e0ddd6cbee5:   4c 09 ea 44 39 c6 72 37 4e 8b 6c c7 38 4f 23 6c
0x00007e0ddd6cbef5:   c7 38 44 8d 40 09 4c 09 ea 44 39 c6 72 21 4e 8b
0x00007e0ddd6cbf05:   6c c7 38 83 c0 0a 4f 23 6c c7 38 4c 09 ea 39 c6
0x00007e0ddd6cbf15:   72 0d 49 8b 74 c7 38 48 23 74 c7 38 48 09 f2 48
0x00007e0ddd6cbf25:   85 d2 74 57 49 8b 52 10 39 cb 0f 82 8b 00 00 00
0x00007e0ddd6cbf35:   48 8b 45 98 48 01 c2 48 8b 72 08 89 c8 c1 e8 08
0x00007e0ddd6cbf45:   48 8b 04 c6 48 3b 05 78 be be 00 0f 84 7f 00 00
0x00007e0ddd6cbf55:   00 be 01 00 00 00 48 d3 e6 c1 e9 06 83 e1 03 48
0x00007e0ddd6cbf65:   89 f7 48 8d 0c c8 48 8b 01 48 09 c7 48 89 39 48
0x00007e0ddd6cbf75:   85 c6 75 07 83 02 01 0f 1f 40 00 48 8b 45 a0 48
0x00007e0ddd6cbf85:   85 c0 0f 85 33 fe ff ff 83 7d ac 03 76 08 8b 45
0x00007e0ddd6cbf95:   b4 39 45 b0 73 12 4c 89 e7 e8 0d 9e 00 00 89 c1
0x00007e0ddd6cbfa5:   85 c9 0f 85 33 fe ff ff 48 83 c4 58 5b 41 5c 41
0x00007e0ddd6cbfb5:   5d 41 5e 41 5f 5d c3 0f 1f 40 00 85 db 74 bc 4d
0x00007e0ddd6cbfc5:   01 cb 89 d9 49 c1 e3 05 4c 01 da e9 67 ff ff ff
0x00007e0ddd6cbfd5:   89 ce 48 89 d7 89 4d 8c 48 89 55 90 e8 3a 98 00
0x00007e0ddd6cbfe5:   00 8b 4d 8c 48 8b 55 90 e9 64 ff ff ff 66 66 2e
0x00007e0ddd6cbff5:   0f 1f 84 00 00 00 00 00 0f 1f 00 f3 0f 1e fa 55
0x00007e0ddd6cc005:   48 89 e5 41 54 49 89 f4 be 0c 00 00 00 53 48 89
0x00007e0ddd6cc015:   fb e8 f5 c6 47 00 4c 89 63 30 5b 41 5c 5d c3 66
0x00007e0ddd6cc025:   66 2e 0f 1f 84 00 00 00 00 00 90 f3 0f 1e fa 55
0x00007e0ddd6cc035:   48 89 e5 41 57 49 89 ff 41 56 41 55 41 54 53 89 


Stack slot to memory mapping:

stack at sp + 0 slots: 0x00007e0db5ffc0e0 is pointing into the stack for thread: 0x00007e0dd815a5c0
stack at sp + 1 slots: 0x00007e0ddd6cdfd0: <offset 0x00000000008cdfd0> in /usr/lib/jvm/java-21-openjdk-amd64/lib/server/libjvm.so at 0x00007e0ddce00000
stack at sp + 2 slots: 0x00007e0d28db8950 points into unknown readable memory: 0x000000110000000c | 0c 00 00 00 11 00 00 00
stack at sp + 3 slots: 0x00000000000a94c0 is an unknown value
stack at sp + 4 slots: 0x0 is null
stack at sp + 5 slots: 0x0000000200000470 is an unknown value
stack at sp + 6 slots: 0x0000001a00000005 is an unknown value
stack at sp + 7 slots: 0x00007e0d24023d60 points into unknown readable memory: 0x0000000000000000 | 00 00 00 00 00 00 00 00


---------------  P R O C E S S  ---------------

Threads class SMR info:
_java_thread_list=0x00007e0d24189090, length=12, elements={
0x00007e0dd80195d0, 0x00007e0dd8153070, 0x00007e0dd8154700, 0x00007e0dd8155ea0,
0x00007e0dd81574e0, 0x00007e0dd8158a80, 0x00007e0dd815a5c0, 0x00007e0dd8163c70,
0x00007e0dd816fb10, 0x00007e0dd8172e40, 0x00007e0d24118400, 0x00007e0d24187f60
}

Java Threads: ( => current thread )
  0x00007e0dd80195d0 JavaThread "main"                              [_thread_in_vm, id=13585, stack(0x00007e0ddc900000,0x00007e0ddca00000) (1024K)]
  0x00007e0dd8153070 JavaThread "Reference Handler"          daemon [_thread_blocked, id=13593, stack(0x00007e0dbccf0000,0x00007e0dbcdf0000) (1024K)]
  0x00007e0dd8154700 JavaThread "Finalizer"                  daemon [_thread_blocked, id=13594, stack(0x00007e0dbc300000,0x00007e0dbc400000) (1024K)]
  0x00007e0dd8155ea0 JavaThread "Signal Dispatcher"          daemon [_thread_blocked, id=13595, stack(0x00007e0dbc200000,0x00007e0dbc300000) (1024K)]
  0x00007e0dd81574e0 JavaThread "Service Thread"             daemon [_thread_blocked, id=13596, stack(0x00007e0dbc100000,0x00007e0dbc200000) (1024K)]
  0x00007e0dd8158a80 JavaThread "Monitor Deflation Thread"   daemon [_thread_blocked, id=13597, stack(0x00007e0dbc000000,0x00007e0dbc100000) (1024K)]
=>0x00007e0dd815a5c0 JavaThread "C2 CompilerThread0"         daemon [_thread_in_native, id=13598, stack(0x00007e0db5f00000,0x00007e0db6000000) (1024K)]
  0x00007e0dd8163c70 JavaThread "C1 CompilerThread0"         daemon [_thread_blocked, id=13599, stack(0x00007e0db5e00000,0x00007e0db5f00000) (1024K)]
  0x00007e0dd816fb10 JavaThread "Notification Thread"        daemon [_thread_blocked, id=13600, stack(0x00007e0db5d00000,0x00007e0db5e00000) (1024K)]
  0x00007e0dd8172e40 JavaThread "Common-Cleaner"             daemon [_thread_blocked, id=13601, stack(0x00007e0db5c00000,0x00007e0db5d00000) (1024K)]
  0x00007e0d24118400 JavaThread "C2 CompilerThread1"         daemon [_thread_blocked, id=13604, stack(0x00007e0db5b00000,0x00007e0db5c00000) (1024K)]
  0x00007e0d24187f60 JavaThread "C2 CompilerThread2"         daemon [_thread_in_native, id=13605, stack(0x00007e0db5a00000,0x00007e0db5b00000) (1024K)]
Total: 12

Other Threads:
  0x00007e0dd8149f50 VMThread "VM Thread"                           [id=13592, stack(0x00007e0dbcdf1000,0x00007e0dbcef1000) (1024K)]
  0x00007e0dd81380a0 WatcherThread "VM Periodic Task Thread"        [id=13591, stack(0x00007e0dbcef2000,0x00007e0dbcff2000) (1024K)]
  0x00007e0dd8070e80 WorkerThread "GC Thread#0"                     [id=13586, stack(0x00007e0dbfd00000,0x00007e0dbfe00000) (1024K)]
  0x00007e0d4c008400 WorkerThread "GC Thread#1"                     [id=13606, stack(0x00007e0db5900000,0x00007e0db5a00000) (1024K)]
  0x00007e0d4c010eb0 WorkerThread "GC Thread#2"                     [id=13607, stack(0x00007e0db5500000,0x00007e0db5600000) (1024K)]
  0x00007e0d4c010380 WorkerThread "GC Thread#3"                     [id=13616, stack(0x00007e0db53ff000,0x00007e0db54ff000) (1024K)]
  0x00007e0d4c0137f0 WorkerThread "GC Thread#4"                     [id=13617, stack(0x00007e0db52fe000,0x00007e0db53fe000) (1024K)]
  0x00007e0d4c0141d0 WorkerThread "GC Thread#5"                     [id=13618, stack(0x00007e0db51fd000,0x00007e0db52fd000) (1024K)]
  0x00007e0d4c014cc0 WorkerThread "GC Thread#6"                     [id=13619, stack(0x00007e0db50fc000,0x00007e0db51fc000) (1024K)]
  0x00007e0d4c0157b0 WorkerThread "GC Thread#7"                     [id=13620, stack(0x00007e0db4ffb000,0x00007e0db50fb000) (1024K)]
  0x00007e0d4c0162e0 WorkerThread "GC Thread#8"                     [id=13621, stack(0x00007e0db4efa000,0x00007e0db4ffa000) (1024K)]
  0x00007e0d4c0128d0 WorkerThread "GC Thread#9"                     [id=13622, stack(0x00007e0db4c0e000,0x00007e0db4d0e000) (1024K)]
  0x00007e0dd80817f0 ConcurrentGCThread "G1 Main Marker"            [id=13587, stack(0x00007e0dbdd00000,0x00007e0dbde00000) (1024K)]
  0x00007e0dd80827a0 WorkerThread "G1 Conc#0"                       [id=13588, stack(0x00007e0dbdbff000,0x00007e0dbdcff000) (1024K)]
  0x00007e0db0000d80 WorkerThread "G1 Conc#1"                       [id=13623, stack(0x00007e0db4b0d000,0x00007e0db4c0d000) (1024K)]
  0x00007e0db00018b0 WorkerThread "G1 Conc#2"                       [id=13624, stack(0x00007e0db4a0c000,0x00007e0db4b0c000) (1024K)]
  0x00007e0dd811c760 ConcurrentGCThread "G1 Refine#0"               [id=13589, stack(0x00007e0dbd0f4000,0x00007e0dbd1f4000) (1024K)]
  0x00007e0dd811d720 ConcurrentGCThread "G1 Service"                [id=13590, stack(0x00007e0dbcff3000,0x00007e0dbd0f3000) (1024K)]
Total: 18

Threads with active compile tasks:
C2 CompilerThread0  1485 4009   !   4       jdk.internal.loader.BuiltinClassLoader::loadClassOrNull (143 bytes)
C2 CompilerThread2  1485 4008       4       java.lang.invoke.MethodType::makeImpl (109 bytes)
Total: 2

VM state: not at safepoint (normal execution)

VM Mutex/Monitor currently owned by a thread: None

Heap address: 0x0000000086600000, size: 1946 MB, Compressed Oops mode: 32-bit

CDS archive(s) mapped at: [0x00007e0d5f000000-0x00007e0d5fc97000-0x00007e0d5fc97000), size 13201408, SharedBaseAddress: 0x00007e0d5f000000, ArchiveRelocationMode: 1.
Compressed class space mapped at: 0x00007e0d60000000-0x00007e0da0000000, reserved size: 1073741824
Narrow klass base: 0x00007e0d5f000000, Narrow klass shift: 0, Narrow klass range: 0x100000000

GC Precious Log:
 CardTable entry size: 512
 Card Set container configuration: InlinePtr #cards 5 size 8 Array Of Cards #cards 12 size 40 Howl #buckets 4 coarsen threshold 1843 Howl Bitmap #cards 512 size 80 coarsen threshold 460 Card regions per heap region 1 cards per card region 2048
 CPUs: 12 total, 12 available
 Memory: 7776M
 Large Page Support: Disabled
 NUMA Support: Disabled
 Compressed Oops: Enabled (32-bit)
 Heap Region Size: 1M
 Heap Min Capacity: 8M
 Heap Initial Capacity: 122M
 Heap Max Capacity: 1946M
 Pre-touch: Disabled
 Parallel Workers: 10
 Concurrent Workers: 3
 Concurrent Refinement Workers: 10
 Periodic GC: Disabled

Heap:
 garbage-first heap   total 68608K, used 21431K [0x0000000086600000, 0x0000000100000000)
  region size 1024K, 13 young (13312K), 10 survivors (10240K)
 Metaspace       used 24389K, committed 24768K, reserved 1114112K
  class space    used 2851K, committed 3008K, reserved 1048576K

Heap Regions: E=young(eden), S=young(survivor), O=old, HS=humongous(starts), HC=humongous(continues), CS=collection set, F=free, TAMS=top-at-mark-start, PB=parsable bottom
|   0|0x0000000086600000, 0x0000000086700000, 0x0000000086700000|100%| O|  |TAMS 0x0000000086600000| PB 0x0000000086600000| Untracked 
|   1|0x0000000086700000, 0x0000000086800000, 0x0000000086800000|100%|HS|  |TAMS 0x0000000086700000| PB 0x0000000086700000| Complete 
|   2|0x0000000086800000, 0x0000000086900000, 0x0000000086900000|100%|HC|  |TAMS 0x0000000086800000| PB 0x0000000086800000| Complete 
|   3|0x0000000086900000, 0x0000000086a00000, 0x0000000086a00000|100%|HS|  |TAMS 0x0000000086900000| PB 0x0000000086900000| Complete 
|   4|0x0000000086a00000, 0x0000000086b00000, 0x0000000086b00000|100%|HC|  |TAMS 0x0000000086a00000| PB 0x0000000086a00000| Complete 
|   5|0x0000000086b00000, 0x0000000086c00000, 0x0000000086c00000|100%| O|  |TAMS 0x0000000086b00000| PB 0x0000000086b00000| Untracked 
|   6|0x0000000086c00000, 0x0000000086d00000, 0x0000000086d00000|100%| O|  |TAMS 0x0000000086c00000| PB 0x0000000086c00000| Untracked 
|   7|0x0000000086d00000, 0x0000000086de1810, 0x0000000086e00000| 88%| O|  |TAMS 0x0000000086d00000| PB 0x0000000086d00000| Untracked 
|   8|0x0000000086e00000, 0x0000000086e00000, 0x0000000086f00000|  0%| F|  |TAMS 0x0000000086e00000| PB 0x0000000086e00000| Untracked 
|   9|0x0000000086f00000, 0x0000000086f00000, 0x0000000087000000|  0%| F|  |TAMS 0x0000000086f00000| PB 0x0000000086f00000| Untracked 
|  10|0x0000000087000000, 0x0000000087000000, 0x0000000087100000|  0%| F|  |TAMS 0x0000000087000000| PB 0x0000000087000000| Untracked 
|  11|0x0000000087100000, 0x0000000087100000, 0x0000000087200000|  0%| F|  |TAMS 0x0000000087100000| PB 0x0000000087100000| Untracked 
|  12|0x0000000087200000, 0x0000000087200000, 0x0000000087300000|  0%| F|  |TAMS 0x0000000087200000| PB 0x0000000087200000| Untracked 
|  13|0x0000000087300000, 0x0000000087300000, 0x0000000087400000|  0%| F|  |TAMS 0x0000000087300000| PB 0x0000000087300000| Untracked 
|  14|0x0000000087400000, 0x0000000087400000, 0x0000000087500000|  0%| F|  |TAMS 0x0000000087400000| PB 0x0000000087400000| Untracked 
|  15|0x0000000087500000, 0x0000000087500000, 0x0000000087600000|  0%| F|  |TAMS 0x0000000087500000| PB 0x0000000087500000| Untracked 
|  16|0x0000000087600000, 0x0000000087600000, 0x0000000087700000|  0%| F|  |TAMS 0x0000000087600000| PB 0x0000000087600000| Untracked 
|  17|0x0000000087700000, 0x0000000087700000, 0x0000000087800000|  0%| F|  |TAMS 0x0000000087700000| PB 0x0000000087700000| Untracked 
|  18|0x0000000087800000, 0x0000000087800000, 0x0000000087900000|  0%| F|  |TAMS 0x0000000087800000| PB 0x0000000087800000| Untracked 
|  19|0x0000000087900000, 0x0000000087900000, 0x0000000087a00000|  0%| F|  |TAMS 0x0000000087900000| PB 0x0000000087900000| Untracked 
|  20|0x0000000087a00000, 0x0000000087a00000, 0x0000000087b00000|  0%| F|  |TAMS 0x0000000087a00000| PB 0x0000000087a00000| Untracked 
|  21|0x0000000087b00000, 0x0000000087b00000, 0x0000000087c00000|  0%| F|  |TAMS 0x0000000087b00000| PB 0x0000000087b00000| Untracked 
|  22|0x0000000087c00000, 0x0000000087c00000, 0x0000000087d00000|  0%| F|  |TAMS 0x0000000087c00000| PB 0x0000000087c00000| Untracked 
|  23|0x0000000087d00000, 0x0000000087d00000, 0x0000000087e00000|  0%| F|  |TAMS 0x0000000087d00000| PB 0x0000000087d00000| Untracked 
|  24|0x0000000087e00000, 0x0000000087e00000, 0x0000000087f00000|  0%| F|  |TAMS 0x0000000087e00000| PB 0x0000000087e00000| Untracked 
|  25|0x0000000087f00000, 0x0000000087f00000, 0x0000000088000000|  0%| F|  |TAMS 0x0000000087f00000| PB 0x0000000087f00000| Untracked 
|  26|0x0000000088000000, 0x0000000088000000, 0x0000000088100000|  0%| F|  |TAMS 0x0000000088000000| PB 0x0000000088000000| Untracked 
|  27|0x0000000088100000, 0x0000000088100000, 0x0000000088200000|  0%| F|  |TAMS 0x0000000088100000| PB 0x0000000088100000| Untracked 
|  28|0x0000000088200000, 0x0000000088200000, 0x0000000088300000|  0%| F|  |TAMS 0x0000000088200000| PB 0x0000000088200000| Untracked 
|  29|0x0000000088300000, 0x0000000088300000, 0x0000000088400000|  0%| F|  |TAMS 0x0000000088300000| PB 0x0000000088300000| Untracked 
|  30|0x0000000088400000, 0x0000000088400000, 0x0000000088500000|  0%| F|  |TAMS 0x0000000088400000| PB 0x0000000088400000| Untracked 
|  31|0x0000000088500000, 0x0000000088500000, 0x0000000088600000|  0%| F|  |TAMS 0x0000000088500000| PB 0x0000000088500000| Untracked 
|  32|0x0000000088600000, 0x0000000088600000, 0x0000000088700000|  0%| F|  |TAMS 0x0000000088600000| PB 0x0000000088600000| Untracked 
|  33|0x0000000088700000, 0x0000000088700000, 0x0000000088800000|  0%| F|  |TAMS 0x0000000088700000| PB 0x0000000088700000| Untracked 
|  34|0x0000000088800000, 0x0000000088800000, 0x0000000088900000|  0%| F|  |TAMS 0x0000000088800000| PB 0x0000000088800000| Untracked 
|  35|0x0000000088900000, 0x0000000088900000, 0x0000000088a00000|  0%| F|  |TAMS 0x0000000088900000| PB 0x0000000088900000| Untracked 
|  36|0x0000000088a00000, 0x0000000088a00000, 0x0000000088b00000|  0%| F|  |TAMS 0x0000000088a00000| PB 0x0000000088a00000| Untracked 
|  37|0x0000000088b00000, 0x0000000088b00000, 0x0000000088c00000|  0%| F|  |TAMS 0x0000000088b00000| PB 0x0000000088b00000| Untracked 
|  38|0x0000000088c00000, 0x0000000088c00000, 0x0000000088d00000|  0%| F|  |TAMS 0x0000000088c00000| PB 0x0000000088c00000| Untracked 
|  39|0x0000000088d00000, 0x0000000088d00000, 0x0000000088e00000|  0%| F|  |TAMS 0x0000000088d00000| PB 0x0000000088d00000| Untracked 
|  40|0x0000000088e00000, 0x0000000088e00000, 0x0000000088f00000|  0%| F|  |TAMS 0x0000000088e00000| PB 0x0000000088e00000| Untracked 
|  41|0x0000000088f00000, 0x0000000088f00000, 0x0000000089000000|  0%| F|  |TAMS 0x0000000088f00000| PB 0x0000000088f00000| Untracked 
|  42|0x0000000089000000, 0x0000000089000000, 0x0000000089100000|  0%| F|  |TAMS 0x0000000089000000| PB 0x0000000089000000| Untracked 
|  43|0x0000000089100000, 0x0000000089100000, 0x0000000089200000|  0%| F|  |TAMS 0x0000000089100000| PB 0x0000000089100000| Untracked 
|  44|0x0000000089200000, 0x0000000089200000, 0x0000000089300000|  0%| F|  |TAMS 0x0000000089200000| PB 0x0000000089200000| Untracked 
|  45|0x0000000089300000, 0x0000000089300000, 0x0000000089400000|  0%| F|  |TAMS 0x0000000089300000| PB 0x0000000089300000| Untracked 
|  46|0x0000000089400000, 0x0000000089500000, 0x0000000089500000|100%| S|CS|TAMS 0x0000000089400000| PB 0x0000000089400000| Complete 
|  47|0x0000000089500000, 0x0000000089600000, 0x0000000089600000|100%| S|CS|TAMS 0x0000000089500000| PB 0x0000000089500000| Complete 
|  48|0x0000000089600000, 0x0000000089700000, 0x0000000089700000|100%| S|CS|TAMS 0x0000000089600000| PB 0x0000000089600000| Complete 
|  49|0x0000000089700000, 0x0000000089800000, 0x0000000089800000|100%| S|CS|TAMS 0x0000000089700000| PB 0x0000000089700000| Complete 
|  50|0x0000000089800000, 0x0000000089900000, 0x0000000089900000|100%| S|CS|TAMS 0x0000000089800000| PB 0x0000000089800000| Complete 
|  51|0x0000000089900000, 0x0000000089a00000, 0x0000000089a00000|100%| S|CS|TAMS 0x0000000089900000| PB 0x0000000089900000| Complete 
|  52|0x0000000089a00000, 0x0000000089b00000, 0x0000000089b00000|100%| S|CS|TAMS 0x0000000089a00000| PB 0x0000000089a00000| Complete 
|  53|0x0000000089b00000, 0x0000000089c00000, 0x0000000089c00000|100%| S|CS|TAMS 0x0000000089b00000| PB 0x0000000089b00000| Complete 
|  54|0x0000000089c00000, 0x0000000089d00000, 0x0000000089d00000|100%| S|CS|TAMS 0x0000000089c00000| PB 0x0000000089c00000| Complete 
|  55|0x0000000089d00000, 0x0000000089e00000, 0x0000000089e00000|100%| S|CS|TAMS 0x0000000089d00000| PB 0x0000000089d00000| Complete 
|  56|0x0000000089e00000, 0x0000000089e00000, 0x0000000089f00000|  0%| F|  |TAMS 0x0000000089e00000| PB 0x0000000089e00000| Untracked 
|  57|0x0000000089f00000, 0x0000000089f00000, 0x000000008a000000|  0%| F|  |TAMS 0x0000000089f00000| PB 0x0000000089f00000| Untracked 
|  58|0x000000008a000000, 0x000000008a000000, 0x000000008a100000|  0%| F|  |TAMS 0x000000008a000000| PB 0x000000008a000000| Untracked 
|  59|0x000000008a100000, 0x000000008a100000, 0x000000008a200000|  0%| F|  |TAMS 0x000000008a100000| PB 0x000000008a100000| Untracked 
|  60|0x000000008a200000, 0x000000008a200000, 0x000000008a300000|  0%| F|  |TAMS 0x000000008a200000| PB 0x000000008a200000| Untracked 
|  61|0x000000008a300000, 0x000000008a300000, 0x000000008a400000|  0%| F|  |TAMS 0x000000008a300000| PB 0x000000008a300000| Untracked 
|  62|0x000000008a400000, 0x000000008a444268, 0x000000008a500000| 26%| E|  |TAMS 0x000000008a400000| PB 0x000000008a400000| Complete 
|  63|0x000000008a500000, 0x000000008a600000, 0x000000008a600000|100%| E|CS|TAMS 0x000000008a500000| PB 0x000000008a500000| Complete 
| 121|0x000000008df00000, 0x000000008e000000, 0x000000008e000000|100%| E|CS|TAMS 0x000000008df00000| PB 0x000000008df00000| Complete 
|1944|0x00000000ffe00000, 0x00000000fff00000, 0x00000000fff00000|100%| O|  |TAMS 0x00000000ffe00000| PB 0x00000000ffe00000| Untracked 
|1945|0x00000000fff00000, 0x00000000fff0c710, 0x0000000100000000|  4%| O|Cm|TAMS 0x00000000fff00000| PB 0x00000000fff00000| Complete 

Card table byte_map: [0x00007e0dbfe00000,0x00007e0dc01cd000] _byte_map_base: 0x00007e0dbf9cd000

Marking Bits: (CMBitMap*) 0x00007e0dd80719b0
 Bits: [0x00007e0dbde00000, 0x00007e0dbfc68000)

Polling page: 0x00007e0dde731000

Metaspace:

Usage:
  Non-class:     21.06 MB used.
      Class:      2.79 MB used.
       Both:     23.85 MB used.

Virtual space:
  Non-class space:       64.00 MB reserved,      21.25 MB ( 33%) committed,  1 nodes.
      Class space:        1.00 GB reserved,       2.94 MB ( <1%) committed,  1 nodes.
             Both:        1.06 GB reserved,      24.19 MB (  2%) committed. 

Chunk freelists:
   Non-Class:  10.45 MB
       Class:  13.02 MB
        Both:  23.47 MB

MaxMetaspaceSize: unlimited
CompressedClassSpaceSize: 1.00 GB
Initial GC threshold: 21.00 MB
Current GC threshold: 35.44 MB
CDS: on
 - commit_granule_bytes: 65536.
 - commit_granule_words: 8192.
 - virtual_space_node_default_size: 8388608.
 - enlarge_chunks_in_place: 1.
 - use_allocation_guard: 0.


Internal statistics:

num_allocs_failed_limit: 3.
num_arena_births: 210.
num_arena_deaths: 0.
num_vsnodes_births: 2.
num_vsnodes_deaths: 0.
num_space_committed: 387.
num_space_uncommitted: 0.
num_chunks_returned_to_freelist: 3.
num_chunks_taken_from_freelist: 1044.
num_chunk_merges: 3.
num_chunk_splits: 763.
num_chunks_enlarged: 615.
num_inconsistent_stats: 0.

CodeHeap 'non-profiled nmethods': size=120028Kb used=2007Kb max_used=2007Kb free=118020Kb
 bounds [0x00007e0dc82c9000, 0x00007e0dc8539000, 0x00007e0dcf800000]
CodeHeap 'profiled nmethods': size=120028Kb used=8105Kb max_used=8105Kb free=111922Kb
 bounds [0x00007e0dc0800000, 0x00007e0dc0ff0000, 0x00007e0dc7d37000]
CodeHeap 'non-nmethods': size=5704Kb used=1417Kb max_used=1491Kb free=4286Kb
 bounds [0x00007e0dc7d37000, 0x00007e0dc7fa7000, 0x00007e0dc82c9000]
 total_blobs=4603 nmethods=4082 adapters=426
 compilation: enabled
              stopped_count=0, restarted_count=0
 full_count=0

Compilation events (20 events):
Event: 1.459 Thread 0x00007e0dd8163c70 4064       3       com.sun.tools.javac.util.Context::uncheckedCast (2 bytes)
Event: 1.460 Thread 0x00007e0dd8163c70 nmethod 4064 0x00007e0dc0fdcc90 code [0x00007e0dc0fdce20, 0x00007e0dc0fdcf08]
Event: 1.460 Thread 0x00007e0d24118400 nmethod 4063 0x00007e0dc84be010 code [0x00007e0dc84be1a0, 0x00007e0dc84be270]
Event: 1.463 Thread 0x00007e0dd8163c70 4065       3       com.sun.tools.javac.util.Context::get (82 bytes)
Event: 1.463 Thread 0x00007e0dd8163c70 nmethod 4065 0x00007e0dc0fdcf90 code [0x00007e0dc0fdd220, 0x00007e0dc0fddde8]
Event: 1.472 Thread 0x00007e0dd8163c70 4066       3       java.util.ImmutableCollections$Set12::<init> (53 bytes)
Event: 1.472 Thread 0x00007e0dd8163c70 nmethod 4066 0x00007e0dc0fde210 code [0x00007e0dc0fde4c0, 0x00007e0dc0fdf0f0]
Event: 1.472 Thread 0x00007e0dd8163c70 4067       3       java.util.Set::of (10 bytes)
Event: 1.473 Thread 0x00007e0dd8163c70 nmethod 4067 0x00007e0dc0fdf510 code [0x00007e0dc0fdf6c0, 0x00007e0dc0fdf850]
Event: 1.473 Thread 0x00007e0dd8163c70 4069       3       java.lang.invoke.LambdaForm::normalizeNames (270 bytes)
Event: 1.474 Thread 0x00007e0dd8163c70 nmethod 4069 0x00007e0dc0fdf910 code [0x00007e0dc0fdfbc0, 0x00007e0dc0fe0dc8]
Event: 1.474 Thread 0x00007e0dd8163c70 4071       3       jdk.internal.org.objectweb.asm.MethodVisitor::visitMethodInsn (80 bytes)
Event: 1.474 Thread 0x00007e0dd8163c70 nmethod 4071 0x00007e0dc0fe1310 code [0x00007e0dc0fe1500, 0x00007e0dc0fe1998]
Event: 1.474 Thread 0x00007e0dd8163c70 4070       3       jdk.internal.misc.VM::initLevel (4 bytes)
Event: 1.474 Thread 0x00007e0dd8163c70 nmethod 4070 0x00007e0dc0fe1b10 code [0x00007e0dc0fe1ca0, 0x00007e0dc0fe1d90]
Event: 1.477 Thread 0x00007e0dd8163c70 4072       3       jdk.internal.org.objectweb.asm.ClassWriter::visitEnd (1 bytes)
Event: 1.478 Thread 0x00007e0dd8163c70 nmethod 4072 0x00007e0dc0fe1e10 code [0x00007e0dc0fe1fa0, 0x00007e0dc0fe20a0]
Event: 1.478 Thread 0x00007e0dd8163c70 4073   !   3       java.lang.invoke.InnerClassLambdaMetafactory::generateInnerClass (506 bytes)
Event: 1.479 Thread 0x00007e0dd8163c70 nmethod 4073 0x00007e0dc0fe2110 code [0x00007e0dc0fe25c0, 0x00007e0dc0fe4608]
Event: 1.479 Thread 0x00007e0dd8163c70 4078       3       com.sun.tools.javac.util.UnsharedNameTable::fromValidUtf (224 bytes)

GC Heap History (6 events):
Event: 0.336 GC heap before
{Heap before GC invocations=0 (full 0):
 garbage-first heap   total 126976K, used 24625K [0x0000000086600000, 0x0000000100000000)
  region size 1024K, 23 young (23552K), 0 survivors (0K)
 Metaspace       used 5787K, committed 5952K, reserved 1114112K
  class space    used 665K, committed 768K, reserved 1048576K
}
Event: 0.339 GC heap after
{Heap after GC invocations=1 (full 0):
 garbage-first heap   total 126976K, used 4225K [0x0000000086600000, 0x0000000100000000)
  region size 1024K, 3 young (3072K), 3 survivors (3072K)
 Metaspace       used 5787K, committed 5952K, reserved 1114112K
  class space    used 665K, committed 768K, reserved 1048576K
}
Event: 0.893 GC heap before
{Heap before GC invocations=1 (full 0):
 garbage-first heap   total 126976K, used 52353K [0x0000000086600000, 0x0000000100000000)
  region size 1024K, 50 young (51200K), 3 survivors (3072K)
 Metaspace       used 13768K, committed 14016K, reserved 1114112K
  class space    used 1629K, committed 1728K, reserved 1048576K
}
Event: 0.900 GC heap after
{Heap after GC invocations=2 (full 0):
 garbage-first heap   total 126976K, used 7788K [0x0000000086600000, 0x0000000100000000)
  region size 1024K, 7 young (7168K), 7 survivors (7168K)
 Metaspace       used 13768K, committed 14016K, reserved 1114112K
  class space    used 1629K, committed 1728K, reserved 1048576K
}
Event: 1.397 GC heap before
{Heap before GC invocations=2 (full 0):
 garbage-first heap   total 126976K, used 71276K [0x0000000086600000, 0x0000000100000000)
  region size 1024K, 66 young (67584K), 7 survivors (7168K)
 Metaspace       used 21255K, committed 21504K, reserved 1114112K
  class space    used 2480K, committed 2624K, reserved 1048576K
}
Event: 1.412 GC heap after
{Heap after GC invocations=3 (full 0):
 garbage-first heap   total 126976K, used 19383K [0x0000000086600000, 0x0000000100000000)
  region size 1024K, 10 young (10240K), 10 survivors (10240K)
 Metaspace       used 21255K, committed 21504K, reserved 1114112K
  class space    used 2480K, committed 2624K, reserved 1048576K
}

Dll operation events (8 events):
Event: 0.001 Loaded shared library /usr/lib/jvm/java-21-openjdk-amd64/lib/libjava.so
Event: 0.015 Loaded shared library /usr/lib/jvm/java-21-openjdk-amd64/lib/libjsvml.so
Event: 0.021 Loaded shared library /usr/lib/jvm/java-21-openjdk-amd64/lib/libnio.so
Event: 0.023 Loaded shared library /usr/lib/jvm/java-21-openjdk-amd64/lib/libzip.so
Event: 0.031 Loaded shared library /usr/lib/jvm/java-21-openjdk-amd64/lib/libnet.so
Event: 0.092 Loaded shared library /usr/lib/jvm/java-21-openjdk-amd64/lib/libjimage.so
Event: 0.097 Loaded shared library /tmp/jansi-2.4.1-fc3906f4bdb08006-libjansi.so
Event: 0.102 Loaded shared library /usr/lib/jvm/java-21-openjdk-amd64/lib/libverify.so

Deoptimization events (20 events):
Event: 1.337 Thread 0x00007e0dd80195d0 Uncommon trap: trap_request=0xffffff45 fr.pc=0x00007e0dc849e974 relative=0x0000000000000234
Event: 1.337 Thread 0x00007e0dd80195d0 Uncommon trap: reason=unstable_if action=reinterpret pc=0x00007e0dc849e974 method=java.util.Arrays.hashCode([B)I @ 8 c2
Event: 1.337 Thread 0x00007e0dd80195d0 DEOPT PACKING pc=0x00007e0dc849e974 sp=0x00007e0ddc9fc010
Event: 1.337 Thread 0x00007e0dd80195d0 DEOPT UNPACKING pc=0x00007e0dc7d8af99 sp=0x00007e0ddc9fbfc8 mode 2
Event: 1.345 Thread 0x00007e0dd80195d0 Uncommon trap: trap_request=0xffffff45 fr.pc=0x00007e0dc848e4bc relative=0x0000000000000efc
Event: 1.345 Thread 0x00007e0dd80195d0 Uncommon trap: reason=unstable_if action=reinterpret pc=0x00007e0dc848e4bc method=java.lang.String.<init>(Ljava/nio/charset/Charset;[BII)V @ 34 c2
Event: 1.345 Thread 0x00007e0dd80195d0 DEOPT PACKING pc=0x00007e0dc848e4bc sp=0x00007e0ddc9fc270
Event: 1.345 Thread 0x00007e0dd80195d0 DEOPT UNPACKING pc=0x00007e0dc7d8af99 sp=0x00007e0ddc9fc248 mode 2
Event: 1.349 Thread 0x00007e0dd80195d0 Uncommon trap: trap_request=0xffffff45 fr.pc=0x00007e0dc849ed18 relative=0x00000000000000f8
Event: 1.349 Thread 0x00007e0dd80195d0 Uncommon trap: reason=unstable_if action=reinterpret pc=0x00007e0dc849ed18 method=jdk.nio.zipfs.ZipConstants.pkSigAt([BIII)Z @ 5 c2
Event: 1.349 Thread 0x00007e0dd80195d0 DEOPT PACKING pc=0x00007e0dc849ed18 sp=0x00007e0ddc9fcc70
Event: 1.349 Thread 0x00007e0dd80195d0 DEOPT UNPACKING pc=0x00007e0dc7d8af99 sp=0x00007e0ddc9fcc38 mode 2
Event: 1.360 Thread 0x00007e0dd80195d0 Uncommon trap: trap_request=0xffffff76 fr.pc=0x00007e0dc84a27d4 relative=0x0000000000000234
Event: 1.360 Thread 0x00007e0dd80195d0 Uncommon trap: reason=predicate action=maybe_recompile pc=0x00007e0dc84a27d4 method=java.util.LinkedHashMap.valuesToArray([Ljava/lang/Object;Z)[Ljava/lang/Object; @ 53 c2
Event: 1.360 Thread 0x00007e0dd80195d0 DEOPT PACKING pc=0x00007e0dc84a27d4 sp=0x00007e0ddc9fcd10
Event: 1.360 Thread 0x00007e0dd80195d0 DEOPT UNPACKING pc=0x00007e0dc7d8af99 sp=0x00007e0ddc9fccc0 mode 2
Event: 1.368 Thread 0x00007e0dd80195d0 Uncommon trap: trap_request=0xffffffde fr.pc=0x00007e0dc845b494 relative=0x0000000000001bf4
Event: 1.368 Thread 0x00007e0dd80195d0 Uncommon trap: reason=class_check action=maybe_recompile pc=0x00007e0dc845b494 method=java.util.zip.InflaterInputStream.read([BII)I @ 78 c2
Event: 1.368 Thread 0x00007e0dd80195d0 DEOPT PACKING pc=0x00007e0dc845b494 sp=0x00007e0ddc9fc700
Event: 1.368 Thread 0x00007e0dd80195d0 DEOPT UNPACKING pc=0x00007e0dc7d8af99 sp=0x00007e0ddc9fc740 mode 2

Classes loaded (20 events):
Event: 1.367 Loading class java/security/AllPermissionCollection
Event: 1.367 Loading class java/security/AllPermissionCollection done
Event: 1.367 Loading class jdk/internal/jrtfs/SystemImage$2
Event: 1.367 Loading class jdk/internal/jrtfs/SystemImage$2 done
Event: 1.367 Loading class jdk/internal/jimage/ImageReader$Directory
Event: 1.367 Loading class jdk/internal/jimage/ImageReader$Node
Event: 1.367 Loading class jdk/internal/jimage/ImageReader$Node done
Event: 1.367 Loading class jdk/internal/jimage/ImageReader$Directory done
Event: 1.367 Loading class jdk/internal/jrtfs/SystemImage$1
Event: 1.367 Loading class jdk/internal/jrtfs/SystemImage$1 done
Event: 1.367 Loading class java/io/BufferedReader$1
Event: 1.368 Loading class java/io/BufferedReader$1 done
Event: 1.368 Loading class jdk/internal/jimage/ImageReader$SharedImageReader$LocationVisitor
Event: 1.368 Loading class jdk/internal/jimage/ImageReader$SharedImageReader$LocationVisitor done
Event: 1.369 Loading class java/nio/ByteBufferAsIntBufferL
Event: 1.369 Loading class java/nio/ByteBufferAsIntBufferL done
Event: 1.369 Loading class jdk/internal/jimage/ImageReader$Resource
Event: 1.369 Loading class jdk/internal/jimage/ImageReader$Resource done
Event: 1.370 Loading class jdk/internal/jrtfs/JrtFileAttributes
Event: 1.370 Loading class jdk/internal/jrtfs/JrtFileAttributes done

Classes unloaded (0 events):
No events

Classes redefined (0 events):
No events

Internal exceptions (20 events):
Event: 0.768 Thread 0x00007e0dd80195d0 Exception <a 'java/lang/NoSuchMethodError'{0x000000008b49a0a8}: 'void java.lang.invoke.Invokers$Holder.invokeExact_MT(java.lang.Object, java.lang.Object, java.lang.Object, java.lang.Object)'> (0x000000008b49a0a8) 
thrown [./src/hotspot/share/interpreter/linkResolver.cpp, line 772]
Event: 0.782 Thread 0x00007e0dd80195d0 Exception <a 'java/lang/NoClassDefFoundError'{0x000000008b32c500}: com/google/inject/servlet/ServletModuleTargetVisitor> (0x000000008b32c500) 
thrown [./src/hotspot/share/classfile/systemDictionary.cpp, line 301]
Event: 0.826 Thread 0x00007e0dd80195d0 Exception <a 'java/lang/NoSuchMethodError'{0x000000008b1dbb68}: 'void java.lang.invoke.DirectMethodHandle$Holder.invokeVirtual(java.lang.Object, java.lang.Object)'> (0x000000008b1dbb68) 
thrown [./src/hotspot/share/interpreter/linkResolver.cpp, line 772]
Event: 0.925 Thread 0x00007e0dd80195d0 Exception <a 'java/lang/NoSuchMethodError'{0x000000008dd80bd8}: 'void java.lang.invoke.DirectMethodHandle$Holder.invokeSpecial(java.lang.Object, java.lang.Object, java.lang.Object, java.lang.Object, java.lang.Object)'> (0x000000008dd80bd8) 
thrown [./src/hotspot/share/interpreter/linkResolver.cpp, line 772]
Event: 0.926 Thread 0x00007e0dd80195d0 Exception <a 'java/lang/NoSuchMethodError'{0x000000008dd9ac48}: 'java.lang.Object java.lang.invoke.DirectMethodHandle$Holder.invokeVirtual(java.lang.Object, java.lang.Object, java.lang.Object)'> (0x000000008dd9ac48) 
thrown [./src/hotspot/share/interpreter/linkResolver.cpp, line 772]
Event: 0.927 Thread 0x00007e0dd80195d0 Exception <a 'java/lang/NoSuchMethodError'{0x000000008dda7fe8}: 'void java.lang.invoke.DirectMethodHandle$Holder.invokeSpecial(java.lang.Object, java.lang.Object, java.lang.Object, java.lang.Object, java.lang.Object, java.lang.Object)'> (0x000000008dda7fe8) 
thrown [./src/hotspot/share/interpreter/linkResolver.cpp, line 772]
Event: 0.944 Thread 0x00007e0dd80195d0 Exception <a 'java/lang/NoSuchMethodError'{0x000000008db322d0}: 'void java.lang.invoke.DirectMethodHandle$Holder.invokeVirtual(java.lang.Object, java.lang.Object, int)'> (0x000000008db322d0) 
thrown [./src/hotspot/share/interpreter/linkResolver.cpp, line 772]
Event: 0.944 Thread 0x00007e0dd80195d0 Exception <a 'java/lang/NoSuchMethodError'{0x000000008db360e0}: 'void java.lang.invoke.DirectMethodHandle$Holder.invokeSpecial(java.lang.Object, java.lang.Object, java.lang.Object, int)'> (0x000000008db360e0) 
thrown [./src/hotspot/share/interpreter/linkResolver.cpp, line 772]
Event: 0.944 Thread 0x00007e0dd80195d0 Exception <a 'java/lang/NoSuchMethodError'{0x000000008db397c0}: 'void java.lang.invoke.DelegatingMethodHandle$Holder.reinvoke_L(java.lang.Object, java.lang.Object, int)'> (0x000000008db397c0) 
thrown [./src/hotspot/share/interpreter/linkResolver.cpp, line 772]
Event: 1.079 Thread 0x00007e0dd80195d0 Exception <a 'java/lang/NoSuchMethodError'{0x000000008ccb8ad0}: 'java.lang.Object java.lang.invoke.DirectMethodHandle$Holder.newInvokeSpecial(java.lang.Object, java.lang.Object, java.lang.Object, java.lang.Object, java.lang.Object, java.lang.Object, java.lang.Object)'> (0x000000008ccb8ad0) 
thrown [./src/hotspot/share/interpreter/linkResolver.cpp, line 772]
Event: 1.113 Thread 0x00007e0dd80195d0 Exception <a 'java/lang/NoSuchMethodError'{0x000000008c709a68}: 'int java.lang.invoke.DirectMethodHandle$Holder.invokeVirtual(java.lang.Object, java.lang.Object)'> (0x000000008c709a68) 
thrown [./src/hotspot/share/interpreter/linkResolver.cpp, line 772]
Event: 1.120 Thread 0x00007e0dd80195d0 Implicit null exception at 0x00007e0dc8384266 to 0x00007e0dc8384312
Event: 1.120 Thread 0x00007e0dd80195d0 Implicit null exception at 0x00007e0dc83a5f40 to 0x00007e0dc83a5fc5
Event: 1.128 Thread 0x00007e0dd80195d0 Exception <a 'java/lang/NoSuchMethodError'{0x000000008c665ec8}: 'void java.lang.invoke.Invokers$Holder.invokeExact_MT(java.lang.Object, java.lang.Object, int, java.lang.Object)'> (0x000000008c665ec8) 
thrown [./src/hotspot/share/interpreter/linkResolver.cpp, line 772]
Event: 1.130 Thread 0x00007e0dd80195d0 Exception <a 'java/lang/NoSuchMethodError'{0x000000008c699bb0}: 'void java.lang.invoke.DirectMethodHandle$Holder.invokeInterface(java.lang.Object, java.lang.Object, java.lang.Object)'> (0x000000008c699bb0) 
thrown [./src/hotspot/share/interpreter/linkResolver.cpp, line 772]
Event: 1.280 Thread 0x00007e0dd80195d0 Exception <a 'java/lang/IncompatibleClassChangeError'{0x000000008b0ad578}: Found class java.lang.Object, but interface was expected> (0x000000008b0ad578) 
thrown [./src/hotspot/share/interpreter/linkResolver.cpp, line 840]
Event: 1.312 Thread 0x00007e0dd80195d0 Exception <a 'java/lang/NoSuchMethodError'{0x000000008afb3788}: 'int java.lang.invoke.DirectMethodHandle$Holder.invokeInterface(java.lang.Object, java.lang.Object)'> (0x000000008afb3788) 
thrown [./src/hotspot/share/interpreter/linkResolver.cpp, line 772]
Event: 1.316 Thread 0x00007e0dd80195d0 Exception <a 'java/lang/NoSuchMethodError'{0x000000008afe8320}: 'int java.lang.invoke.DirectMethodHandle$Holder.invokeVirtual(java.lang.Object, java.lang.Object, java.lang.Object)'> (0x000000008afe8320) 
thrown [./src/hotspot/share/interpreter/linkResolver.cpp, line 772]
Event: 1.317 Thread 0x00007e0dd80195d0 Exception <a 'java/lang/NoSuchMethodError'{0x000000008aff5328}: 'int java.lang.invoke.DirectMethodHandle$Holder.invokeStaticInit(java.lang.Object, java.lang.Object, java.lang.Object)'> (0x000000008aff5328) 
thrown [./src/hotspot/share/interpreter/linkResolver.cpp, line 772]
Event: 1.473 Thread 0x00007e0dd80195d0 Exception <a 'java/lang/NoSuchMethodError'{0x000000008a588830}: 'java.lang.Object java.lang.invoke.DirectMethodHandle$Holder.newInvokeSpecial(java.lang.Object, java.lang.Object, java.lang.Object, java.lang.Object, java.lang.Object, java.lang.Object)'> (0x000000008a588830) 
thrown [./src/hotspot/share/interpreter/linkResolver.cpp, line 772]

ZGC Phase Switch (0 events):
No events

VM Operations (20 events):
Event: 1.186 Executing VM operation: ICBufferFull
Event: 1.186 Executing VM operation: ICBufferFull done
Event: 1.293 Executing VM operation: HandshakeAllThreads (Deoptimize)
Event: 1.293 Executing VM operation: HandshakeAllThreads (Deoptimize) done
Event: 1.312 Executing VM operation: HandshakeAllThreads (Deoptimize)
Event: 1.312 Executing VM operation: HandshakeAllThreads (Deoptimize) done
Event: 1.321 Executing VM operation: HandshakeAllThreads (Deoptimize)
Event: 1.321 Executing VM operation: HandshakeAllThreads (Deoptimize) done
Event: 1.369 Executing VM operation: HandshakeAllThreads (Deoptimize)
Event: 1.369 Executing VM operation: HandshakeAllThreads (Deoptimize) done
Event: 1.369 Executing VM operation: HandshakeAllThreads (Deoptimize)
Event: 1.369 Executing VM operation: HandshakeAllThreads (Deoptimize) done
Event: 1.376 Executing VM operation: ICBufferFull
Event: 1.376 Executing VM operation: ICBufferFull done
Event: 1.397 Executing VM operation: CollectForMetadataAllocation (Metadata GC Threshold)
Event: 1.412 Executing VM operation: CollectForMetadataAllocation (Metadata GC Threshold) done
Event: 1.416 Executing VM operation: G1PauseRemark
Event: 1.421 Executing VM operation: G1PauseRemark done
Event: 1.422 Executing VM operation: G1PauseCleanup
Event: 1.425 Executing VM operation: G1PauseCleanup done

Memory protections (13 events):
Event: 0.001 Protecting memory [0x00007e0ddc900000,0x00007e0ddc904000] with protection modes 0
Event: 0.014 Protecting memory [0x00007e0dbccf0000,0x00007e0dbccf4000] with protection modes 0
Event: 0.014 Protecting memory [0x00007e0dbc300000,0x00007e0dbc304000] with protection modes 0
Event: 0.014 Protecting memory [0x00007e0dbc200000,0x00007e0dbc204000] with protection modes 0
Event: 0.014 Protecting memory [0x00007e0dbc100000,0x00007e0dbc104000] with protection modes 0
Event: 0.014 Protecting memory [0x00007e0dbc000000,0x00007e0dbc004000] with protection modes 0
Event: 0.014 Protecting memory [0x00007e0db5f00000,0x00007e0db5f04000] with protection modes 0
Event: 0.014 Protecting memory [0x00007e0db5e00000,0x00007e0db5e04000] with protection modes 0
Event: 0.018 Protecting memory [0x00007e0db5d00000,0x00007e0db5d04000] with protection modes 0
Event: 0.019 Protecting memory [0x00007e0db5c00000,0x00007e0db5c04000] with protection modes 0
Event: 0.092 Protecting memory [0x00007e0db5b00000,0x00007e0db5b04000] with protection modes 0
Event: 0.166 Protecting memory [0x00007e0db5b00000,0x00007e0db5b04000] with protection modes 0
Event: 0.312 Protecting memory [0x00007e0db5a00000,0x00007e0db5a04000] with protection modes 0

Nmethod flushes (0 events):
No events

Events (14 events):
Event: 0.008 Thread 0x00007e0dd80195d0 Thread added: 0x00007e0dd80195d0
Event: 0.014 Thread 0x00007e0dd80195d0 Thread added: 0x00007e0dd8153070
Event: 0.014 Thread 0x00007e0dd80195d0 Thread added: 0x00007e0dd8154700
Event: 0.014 Thread 0x00007e0dd80195d0 Thread added: 0x00007e0dd8155ea0
Event: 0.014 Thread 0x00007e0dd80195d0 Thread added: 0x00007e0dd81574e0
Event: 0.014 Thread 0x00007e0dd80195d0 Thread added: 0x00007e0dd8158a80
Event: 0.014 Thread 0x00007e0dd80195d0 Thread added: 0x00007e0dd815a5c0
Event: 0.014 Thread 0x00007e0dd80195d0 Thread added: 0x00007e0dd8163c70
Event: 0.018 Thread 0x00007e0dd80195d0 Thread added: 0x00007e0dd816fb10
Event: 0.019 Thread 0x00007e0dd80195d0 Thread added: 0x00007e0dd8172e40
Event: 0.092 Thread 0x00007e0dd80195d0 Thread added: 0x00007e0dd83a6540
Event: 0.095 Thread 0x00007e0dd83a6540 Thread exited: 0x00007e0dd83a6540
Event: 0.166 Thread 0x00007e0dd8163c70 Thread added: 0x00007e0d24118400
Event: 0.312 Thread 0x00007e0dd8163c70 Thread added: 0x00007e0d24187f60


Dynamic libraries:
86600000-8a600000 rw-p 00000000 00:00 0 
8a600000-8df00000 ---p 00000000 00:00 0 
8df00000-8e000000 rw-p 00000000 00:00 0 
8e000000-ffe00000 ---p 00000000 00:00 0 
ffe00000-fff0d000 rw-p 00cd6000 08:25 2543604                            /usr/lib/jvm/java-21-openjdk-amd64/lib/server/classes.jsa
fff0d000-100000000 rw-p 00000000 00:00 0 
619dd1120000-619dd1121000 r--p 00000000 08:25 2148401                    /usr/lib/jvm/java-21-openjdk-amd64/bin/java
619dd1121000-619dd1122000 r-xp 00001000 08:25 2148401                    /usr/lib/jvm/java-21-openjdk-amd64/bin/java
619dd1122000-619dd1123000 r--p 00002000 08:25 2148401                    /usr/lib/jvm/java-21-openjdk-amd64/bin/java
619dd1123000-619dd1124000 r--p 00002000 08:25 2148401                    /usr/lib/jvm/java-21-openjdk-amd64/bin/java
619dd1124000-619dd1125000 rw-p 00003000 08:25 2148401                    /usr/lib/jvm/java-21-openjdk-amd64/bin/java
619de92f8000-619de933f000 rw-p 00000000 00:00 0                          [heap]
7e0cc8000000-7e0cc8021000 rw-p 00000000 00:00 0 
7e0cc8021000-7e0ccc000000 ---p 00000000 00:00 0 
7e0cd0000000-7e0cd0021000 rw-p 00000000 00:00 0 
7e0cd0021000-7e0cd4000000 ---p 00000000 00:00 0 
7e0cd4000000-7e0cd4021000 rw-p 00000000 00:00 0 
7e0cd4021000-7e0cd8000000 ---p 00000000 00:00 0 
7e0cdc000000-7e0cdc021000 rw-p 00000000 00:00 0 
7e0cdc021000-7e0ce0000000 ---p 00000000 00:00 0 
7e0ce0000000-7e0ce0024000 rw-p 00000000 00:00 0 
7e0ce0024000-7e0ce4000000 ---p 00000000 00:00 0 
7e0ce8000000-7e0ce8021000 rw-p 00000000 00:00 0 
7e0ce8021000-7e0cec000000 ---p 00000000 00:00 0 
7e0cec000000-7e0cec021000 rw-p 00000000 00:00 0 
7e0cec021000-7e0cf0000000 ---p 00000000 00:00 0 
7e0cf4000000-7e0cf4021000 rw-p 00000000 00:00 0 
7e0cf4021000-7e0cf8000000 ---p 00000000 00:00 0 
7e0cf8000000-7e0cf8021000 rw-p 00000000 00:00 0 
7e0cf8021000-7e0cfc000000 ---p 00000000 00:00 0 
7e0d00000000-7e0d00021000 rw-p 00000000 00:00 0 
7e0d00021000-7e0d04000000 ---p 00000000 00:00 0 
7e0d04000000-7e0d04021000 rw-p 00000000 00:00 0 
7e0d04021000-7e0d08000000 ---p 00000000 00:00 0 
7e0d0c000000-7e0d0cbe6000 rw-p 00000000 00:00 0 
7e0d0cbe6000-7e0d10000000 ---p 00000000 00:00 0 
7e0d10000000-7e0d11172000 rw-p 00000000 00:00 0 
7e0d11172000-7e0d14000000 ---p 00000000 00:00 0 
7e0d18000000-7e0d18021000 rw-p 00000000 00:00 0 
7e0d18021000-7e0d1c000000 ---p 00000000 00:00 0 
7e0d1c000000-7e0d1c021000 rw-p 00000000 00:00 0 
7e0d1c021000-7e0d20000000 ---p 00000000 00:00 0 
7e0d24000000-7e0d2469a000 rw-p 00000000 00:00 0 
7e0d2469a000-7e0d28000000 ---p 00000000 00:00 0 
7e0d28000000-7e0d290a6000 rw-p 00000000 00:00 0 
7e0d290a6000-7e0d2c000000 ---p 00000000 00:00 0 
7e0d30000000-7e0d30021000 rw-p 00000000 00:00 0 
7e0d30021000-7e0d34000000 ---p 00000000 00:00 0 
7e0d34000000-7e0d34021000 rw-p 00000000 00:00 0 
7e0d34021000-7e0d38000000 ---p 00000000 00:00 0 
7e0d3c000000-7e0d3c021000 rw-p 00000000 00:00 0 
7e0d3c021000-7e0d40000000 ---p 00000000 00:00 0 
7e0d40000000-7e0d40021000 rw-p 00000000 00:00 0 
7e0d40021000-7e0d44000000 ---p 00000000 00:00 0 
7e0d48000000-7e0d48021000 rw-p 00000000 00:00 0 
7e0d48021000-7e0d4c000000 ---p 00000000 00:00 0 
7e0d4c000000-7e0d4c021000 rw-p 00000000 00:00 0 
7e0d4c021000-7e0d50000000 ---p 00000000 00:00 0 
7e0d54000000-7e0d543f0000 rw-p 00000000 00:00 0 
7e0d543f0000-7e0d54fb0000 rw-p 00000000 00:00 0 
7e0d54fb0000-7e0d54ff0000 rw-p 00000000 00:00 0 
7e0d54ff0000-7e0d55170000 rw-p 00000000 00:00 0 
7e0d55170000-7e0d551b0000 rw-p 00000000 00:00 0 
7e0d551b0000-7e0d55200000 ---p 00000000 00:00 0 
7e0d55200000-7e0d55590000 rw-p 00000000 00:00 0 
7e0d55590000-7e0d58000000 ---p 00000000 00:00 0 
7e0d58000000-7e0d58021000 rw-p 00000000 00:00 0 
7e0d58021000-7e0d5c000000 ---p 00000000 00:00 0 
7e0d5f000000-7e0d5fc97000 rw-p 00001000 08:25 2543604                    /usr/lib/jvm/java-21-openjdk-amd64/lib/server/classes.jsa
7e0d5fc97000-7e0d60000000 ---p 00000000 00:00 0 
7e0d60000000-7e0d60030000 rw-p 00000000 00:00 0 
7e0d60030000-7e0d60070000 rw-p 00000000 00:00 0 
7e0d60070000-7e0d601b0000 rw-p 00000000 00:00 0 
7e0d601b0000-7e0d601f0000 rw-p 00000000 00:00 0 
7e0d601f0000-7e0d60200000 ---p 00000000 00:00 0 
7e0d60200000-7e0d60300000 rw-p 00000000 00:00 0 
7e0d60300000-7e0da0000000 ---p 00000000 00:00 0 
7e0da0000000-7e0da0021000 rw-p 00000000 00:00 0 
7e0da0021000-7e0da4000000 ---p 00000000 00:00 0 
7e0da4000000-7e0da4021000 rw-p 00000000 00:00 0 
7e0da4021000-7e0da8000000 ---p 00000000 00:00 0 
7e0dac000000-7e0dac021000 rw-p 00000000 00:00 0 
7e0dac021000-7e0db0000000 ---p 00000000 00:00 0 
7e0db0000000-7e0db0021000 rw-p 00000000 00:00 0 
7e0db0021000-7e0db4000000 ---p 00000000 00:00 0 
7e0db4400000-7e0db46e2000 rw-p 00000000 00:00 0 
7e0db4a0b000-7e0db4a0c000 ---p 00000000 00:00 0 
7e0db4a0c000-7e0db4b0c000 rw-p 00000000 00:00 0 
7e0db4b0c000-7e0db4b0d000 ---p 00000000 00:00 0 
7e0db4b0d000-7e0db4c0d000 rw-p 00000000 00:00 0 
7e0db4c0d000-7e0db4c0e000 ---p 00000000 00:00 0 
7e0db4c0e000-7e0db4d0e000 rw-p 00000000 00:00 0 
7e0db4d0e000-7e0db4ef9000 rw-p 00000000 00:00 0 
7e0db4ef9000-7e0db4efa000 ---p 00000000 00:00 0 
7e0db4efa000-7e0db4ffa000 rw-p 00000000 00:00 0 
7e0db4ffa000-7e0db4ffb000 ---p 00000000 00:00 0 
7e0db4ffb000-7e0db50fb000 rw-p 00000000 00:00 0 
7e0db50fb000-7e0db50fc000 ---p 00000000 00:00 0 
7e0db50fc000-7e0db51fc000 rw-p 00000000 00:00 0 
7e0db51fc000-7e0db51fd000 ---p 00000000 00:00 0 
7e0db51fd000-7e0db52fd000 rw-p 00000000 00:00 0 
7e0db52fd000-7e0db52fe000 ---p 00000000 00:00 0 
7e0db52fe000-7e0db53fe000 rw-p 00000000 00:00 0 
7e0db53fe000-7e0db53ff000 ---p 00000000 00:00 0 
7e0db53ff000-7e0db54ff000 rw-p 00000000 00:00 0 
7e0db54ff000-7e0db5500000 ---p 00000000 00:00 0 
7e0db5500000-7e0db5600000 rw-p 00000000 00:00 0 
7e0db5600000-7e0db5603000 r-xp 00000000 08:25 2299439                    /tmp/jansi-2.4.1-fc3906f4bdb08006-libjansi.so
7e0db5603000-7e0db5802000 ---p 00003000 08:25 2299439                    /tmp/jansi-2.4.1-fc3906f4bdb08006-libjansi.so
7e0db5802000-7e0db5803000 r--p 00002000 08:25 2299439                    /tmp/jansi-2.4.1-fc3906f4bdb08006-libjansi.so
7e0db5803000-7e0db5804000 rw-p 00003000 08:25 2299439                    /tmp/jansi-2.4.1-fc3906f4bdb08006-libjansi.so
7e0db58ff000-7e0db5900000 ---p 00000000 00:00 0 
7e0db5900000-7e0db5a00000 rw-p 00000000 00:00 0 
7e0db5a00000-7e0db5a04000 ---p 00000000 00:00 0 
7e0db5a04000-7e0db5b00000 rw-p 00000000 00:00 0 
7e0db5b00000-7e0db5b04000 ---p 00000000 00:00 0 
7e0db5b04000-7e0db5c00000 rw-p 00000000 00:00 0 
7e0db5c00000-7e0db5c04000 ---p 00000000 00:00 0 
7e0db5c04000-7e0db5d00000 rw-p 00000000 00:00 0 
7e0db5d00000-7e0db5d04000 ---p 00000000 00:00 0 
7e0db5d04000-7e0db5e00000 rw-p 00000000 00:00 0 
7e0db5e00000-7e0db5e04000 ---p 00000000 00:00 0 
7e0db5e04000-7e0db5f00000 rw-p 00000000 00:00 0 
7e0db5f00000-7e0db5f04000 ---p 00000000 00:00 0 
7e0db5f04000-7e0db6000000 rw-p 00000000 00:00 0 
7e0db6000000-7e0db802c000 rw-p 00000000 00:00 0 
7e0db802c000-7e0dbc004000 ---p 00000000 00:00 0 
7e0dbc004000-7e0dbc100000 rw-p 00000000 00:00 0 
7e0dbc100000-7e0dbc104000 ---p 00000000 00:00 0 
7e0dbc104000-7e0dbc200000 rw-p 00000000 00:00 0 
7e0dbc200000-7e0dbc204000 ---p 00000000 00:00 0 
7e0dbc204000-7e0dbc300000 rw-p 00000000 00:00 0 
7e0dbc300000-7e0dbc304000 ---p 00000000 00:00 0 
7e0dbc304000-7e0dbc400000 rw-p 00000000 00:00 0 
7e0dbc400000-7e0dbcc03000 r--p 00000000 08:25 1850347                    /usr/lib/locale/locale-archive
7e0dbccf0000-7e0dbccf4000 ---p 00000000 00:00 0 
7e0dbccf4000-7e0dbcdf0000 rw-p 00000000 00:00 0 
7e0dbcdf0000-7e0dbcdf1000 ---p 00000000 00:00 0 
7e0dbcdf1000-7e0dbcef1000 rw-p 00000000 00:00 0 
7e0dbcef1000-7e0dbcef2000 ---p 00000000 00:00 0 
7e0dbcef2000-7e0dbcff2000 rw-p 00000000 00:00 0 
7e0dbcff2000-7e0dbcff3000 ---p 00000000 00:00 0 
7e0dbcff3000-7e0dbd0f3000 rw-p 00000000 00:00 0 
7e0dbd0f3000-7e0dbd0f4000 ---p 00000000 00:00 0 
7e0dbd0f4000-7e0dbd1f4000 rw-p 00000000 00:00 0 
7e0dbd1f4000-7e0dbdbfe000 rw-p 00000000 00:00 0 
7e0dbdbfe000-7e0dbdbff000 ---p 00000000 00:00 0 
7e0dbdbff000-7e0dbdcff000 rw-p 00000000 00:00 0 
7e0dbdcff000-7e0dbdd00000 ---p 00000000 00:00 0 
7e0dbdd00000-7e0dbde00000 rw-p 00000000 00:00 0 
7e0dbde00000-7e0dbdf00000 rw-p 00000000 00:00 0 
7e0dbdf00000-7e0dbdfe4000 ---p 00000000 00:00 0 
7e0dbdfe4000-7e0dbdfe8000 rw-p 00000000 00:00 0 
7e0dbdfe8000-7e0dbfc60000 ---p 00000000 00:00 0 
7e0dbfc60000-7e0dbfc68000 rw-p 00000000 00:00 0 
7e0dbfcff000-7e0dbfd00000 ---p 00000000 00:00 0 
7e0dbfd00000-7e0dbfe00000 rw-p 00000000 00:00 0 
7e0dbfe00000-7e0dbfe20000 rw-p 00000000 00:00 0 
7e0dbfe20000-7e0dbfe3c000 ---p 00000000 00:00 0 
7e0dbfe3c000-7e0dbfe3d000 rw-p 00000000 00:00 0 
7e0dbfe3d000-7e0dc01cc000 ---p 00000000 00:00 0 
7e0dc01cc000-7e0dc01cd000 rw-p 00000000 00:00 0 
7e0dc0200000-7e0dc0220000 rw-p 00000000 00:00 0 
7e0dc0220000-7e0dc023c000 ---p 00000000 00:00 0 
7e0dc023c000-7e0dc023d000 rw-p 00000000 00:00 0 
7e0dc023d000-7e0dc05cc000 ---p 00000000 00:00 0 
7e0dc05cc000-7e0dc05cd000 rw-p 00000000 00:00 0 
7e0dc05fe000-7e0dc0800000 rw-p 00000000 00:00 0 
7e0dc0800000-7e0dc0ff0000 rwxp 00000000 00:00 0 
7e0dc0ff0000-7e0dc7d37000 ---p 00000000 00:00 0 
7e0dc7d37000-7e0dc7fa7000 rwxp 00000000 00:00 0 
7e0dc7fa7000-7e0dc82c9000 ---p 00000000 00:00 0 
7e0dc82c9000-7e0dc8539000 rwxp 00000000 00:00 0 
7e0dc8539000-7e0dcf800000 ---p 00000000 00:00 0 
7e0dcf800000-7e0dd7e0d000 r--s 00000000 08:25 2543601                    /usr/lib/jvm/java-21-openjdk-amd64/lib/modules
7e0dd7e2e000-7e0dd7e33000 r--p 00000000 08:25 2543585                    /usr/lib/jvm/java-21-openjdk-amd64/lib/libjsvml.so
7e0dd7e33000-7e0dd7e74000 r-xp 00005000 08:25 2543585                    /usr/lib/jvm/java-21-openjdk-amd64/lib/libjsvml.so
7e0dd7e74000-7e0dd7efd000 r--p 00046000 08:25 2543585                    /usr/lib/jvm/java-21-openjdk-amd64/lib/libjsvml.so
7e0dd7efd000-7e0dd7efe000 r--p 000ce000 08:25 2543585                    /usr/lib/jvm/java-21-openjdk-amd64/lib/libjsvml.so
7e0dd7efe000-7e0dd7eff000 rw-p 000cf000 08:25 2543585                    /usr/lib/jvm/java-21-openjdk-amd64/lib/libjsvml.so
7e0dd7eff000-7e0dd8fcb000 rw-p 00000000 00:00 0 
7e0dd8fcb000-7e0ddc000000 ---p 00000000 00:00 0 
7e0ddc013000-7e0ddc017000 r--p 00000000 08:25 2543599                    /usr/lib/jvm/java-21-openjdk-amd64/lib/libverify.so
7e0ddc017000-7e0ddc01e000 r-xp 00004000 08:25 2543599                    /usr/lib/jvm/java-21-openjdk-amd64/lib/libverify.so
7e0ddc01e000-7e0ddc020000 r--p 0000b000 08:25 2543599                    /usr/lib/jvm/java-21-openjdk-amd64/lib/libverify.so
7e0ddc020000-7e0ddc022000 r--p 0000c000 08:25 2543599                    /usr/lib/jvm/java-21-openjdk-amd64/lib/libverify.so
7e0ddc022000-7e0ddc023000 rw-p 0000e000 08:25 2543599                    /usr/lib/jvm/java-21-openjdk-amd64/lib/libverify.so
7e0ddc023000-7e0ddc72f000 rw-p 00000000 00:00 0 
7e0ddc72f000-7e0ddc815000 ---p 00000000 00:00 0 
7e0ddc815000-7e0ddc825000 rw-p 00000000 00:00 0 
7e0ddc825000-7e0ddc900000 ---p 00000000 00:00 0 
7e0ddc900000-7e0ddc904000 ---p 00000000 00:00 0 
7e0ddc904000-7e0ddca00000 rw-p 00000000 00:00 0 
7e0ddca00000-7e0ddca9d000 r--p 00000000 08:25 1869011                    /usr/lib/x86_64-linux-gnu/libstdc++.so.6.0.33
7e0ddca9d000-7e0ddcbe5000 r-xp 0009d000 08:25 1869011                    /usr/lib/x86_64-linux-gnu/libstdc++.so.6.0.33
7e0ddcbe5000-7e0ddcc6c000 r--p 001e5000 08:25 1869011                    /usr/lib/x86_64-linux-gnu/libstdc++.so.6.0.33
7e0ddcc6c000-7e0ddcc77000 r--p 0026b000 08:25 1869011                    /usr/lib/x86_64-linux-gnu/libstdc++.so.6.0.33
7e0ddcc77000-7e0ddcc7a000 rw-p 00276000 08:25 1869011                    /usr/lib/x86_64-linux-gnu/libstdc++.so.6.0.33
7e0ddcc7a000-7e0ddcc7e000 rw-p 00000000 00:00 0 
7e0ddcc80000-7e0ddcc87000 r--s 00000000 08:25 1870331                    /usr/lib/x86_64-linux-gnu/gconv/gconv-modules.cache
7e0ddcc87000-7e0ddcc8a000 r--p 00000000 08:25 2543592                    /usr/lib/jvm/java-21-openjdk-amd64/lib/libnet.so
7e0ddcc8a000-7e0ddcc92000 r-xp 00003000 08:25 2543592                    /usr/lib/jvm/java-21-openjdk-amd64/lib/libnet.so
7e0ddcc92000-7e0ddcc94000 r--p 0000b000 08:25 2543592                    /usr/lib/jvm/java-21-openjdk-amd64/lib/libnet.so
7e0ddcc94000-7e0ddcc95000 r--p 0000c000 08:25 2543592                    /usr/lib/jvm/java-21-openjdk-amd64/lib/libnet.so
7e0ddcc95000-7e0ddcc96000 rw-p 0000d000 08:25 2543592                    /usr/lib/jvm/java-21-openjdk-amd64/lib/libnet.so
7e0ddcc96000-7e0ddcd17000 rw-p 00000000 00:00 0 
7e0ddcd17000-7e0ddcd27000 r--p 00000000 08:25 1868504                    /usr/lib/x86_64-linux-gnu/libm.so.6
7e0ddcd27000-7e0ddcda6000 r-xp 00010000 08:25 1868504                    /usr/lib/x86_64-linux-gnu/libm.so.6
7e0ddcda6000-7e0ddcdfe000 r--p 0008f000 08:25 1868504                    /usr/lib/x86_64-linux-gnu/libm.so.6
7e0ddcdfe000-7e0ddcdff000 r--p 000e7000 08:25 1868504                    /usr/lib/x86_64-linux-gnu/libm.so.6
7e0ddcdff000-7e0ddce00000 rw-p 000e8000 08:25 1868504                    /usr/lib/x86_64-linux-gnu/libm.so.6
7e0ddce00000-7e0ddd0a1000 r--p 00000000 08:25 2543607                    /usr/lib/jvm/java-21-openjdk-amd64/lib/server/libjvm.so
7e0ddd0a1000-7e0dddf0d000 r-xp 002a1000 08:25 2543607                    /usr/lib/jvm/java-21-openjdk-amd64/lib/server/libjvm.so
7e0dddf0d000-7e0dde1e5000 r--p 0110d000 08:25 2543607                    /usr/lib/jvm/java-21-openjdk-amd64/lib/server/libjvm.so
7e0dde1e5000-7e0dde2b8000 r--p 013e5000 08:25 2543607                    /usr/lib/jvm/java-21-openjdk-amd64/lib/server/libjvm.so
7e0dde2b8000-7e0dde2e8000 rw-p 014b8000 08:25 2543607                    /usr/lib/jvm/java-21-openjdk-amd64/lib/server/libjvm.so
7e0dde2e8000-7e0dde34e000 rw-p 00000000 00:00 0 
7e0dde34e000-7e0dde355000 r--p 00000000 08:25 2543593                    /usr/lib/jvm/java-21-openjdk-amd64/lib/libnio.so
7e0dde355000-7e0dde35e000 r-xp 00007000 08:25 2543593                    /usr/lib/jvm/java-21-openjdk-amd64/lib/libnio.so
7e0dde35e000-7e0dde362000 r--p 00010000 08:25 2543593                    /usr/lib/jvm/java-21-openjdk-amd64/lib/libnio.so
7e0dde362000-7e0dde363000 r--p 00014000 08:25 2543593                    /usr/lib/jvm/java-21-openjdk-amd64/lib/libnio.so
7e0dde363000-7e0dde364000 rw-p 00015000 08:25 2543593                    /usr/lib/jvm/java-21-openjdk-amd64/lib/libnio.so
7e0dde364000-7e0dde400000 rw-p 00000000 00:00 0 
7e0dde400000-7e0dde428000 r--p 00000000 08:25 1867753                    /usr/lib/x86_64-linux-gnu/libc.so.6
7e0dde428000-7e0dde5b0000 r-xp 00028000 08:25 1867753                    /usr/lib/x86_64-linux-gnu/libc.so.6
7e0dde5b0000-7e0dde5ff000 r--p 001b0000 08:25 1867753                    /usr/lib/x86_64-linux-gnu/libc.so.6
7e0dde5ff000-7e0dde603000 r--p 001fe000 08:25 1867753                    /usr/lib/x86_64-linux-gnu/libc.so.6
7e0dde603000-7e0dde605000 rw-p 00202000 08:25 1867753                    /usr/lib/x86_64-linux-gnu/libc.so.6
7e0dde605000-7e0dde612000 rw-p 00000000 00:00 0 
7e0dde613000-7e0dde615000 r--p 00000000 08:25 2543600                    /usr/lib/jvm/java-21-openjdk-amd64/lib/libzip.so
7e0dde615000-7e0dde61a000 r-xp 00002000 08:25 2543600                    /usr/lib/jvm/java-21-openjdk-amd64/lib/libzip.so
7e0dde61a000-7e0dde61c000 r--p 00007000 08:25 2543600                    /usr/lib/jvm/java-21-openjdk-amd64/lib/libzip.so
7e0dde61c000-7e0dde61d000 r--p 00008000 08:25 2543600                    /usr/lib/jvm/java-21-openjdk-amd64/lib/libzip.so
7e0dde61d000-7e0dde61e000 rw-p 00009000 08:25 2543600                    /usr/lib/jvm/java-21-openjdk-amd64/lib/libzip.so
7e0dde61e000-7e0dde6a1000 rw-p 00000000 00:00 0 
7e0dde6a1000-7e0dde6a8000 ---p 00000000 00:00 0 
7e0dde6a8000-7e0dde6b5000 r--p 00000000 08:25 2543578                    /usr/lib/jvm/java-21-openjdk-amd64/lib/libjava.so
7e0dde6b5000-7e0dde6c4000 r-xp 0000d000 08:25 2543578                    /usr/lib/jvm/java-21-openjdk-amd64/lib/libjava.so
7e0dde6c4000-7e0dde6c9000 r--p 0001c000 08:25 2543578                    /usr/lib/jvm/java-21-openjdk-amd64/lib/libjava.so
7e0dde6c9000-7e0dde6ca000 r--p 00021000 08:25 2543578                    /usr/lib/jvm/java-21-openjdk-amd64/lib/libjava.so
7e0dde6ca000-7e0dde6cb000 rw-p 00022000 08:25 2543578                    /usr/lib/jvm/java-21-openjdk-amd64/lib/libjava.so
7e0dde6cb000-7e0dde6cc000 rw-p 00000000 00:00 0 
7e0dde6cc000-7e0dde6d0000 r--p 00000000 08:25 1868124                    /usr/lib/x86_64-linux-gnu/libgcc_s.so.1
7e0dde6d0000-7e0dde6f4000 r-xp 00004000 08:25 1868124                    /usr/lib/x86_64-linux-gnu/libgcc_s.so.1
7e0dde6f4000-7e0dde6f8000 r--p 00028000 08:25 1868124                    /usr/lib/x86_64-linux-gnu/libgcc_s.so.1
7e0dde6f8000-7e0dde6f9000 r--p 0002b000 08:25 1868124                    /usr/lib/x86_64-linux-gnu/libgcc_s.so.1
7e0dde6f9000-7e0dde6fa000 rw-p 0002c000 08:25 1868124                    /usr/lib/x86_64-linux-gnu/libgcc_s.so.1
7e0dde6fa000-7e0dde6fc000 rw-p 00000000 00:00 0 
7e0dde6fc000-7e0dde6fe000 r--p 00000000 08:25 2543582                    /usr/lib/jvm/java-21-openjdk-amd64/lib/libjli.so
7e0dde6fe000-7e0dde708000 r-xp 00002000 08:25 2543582                    /usr/lib/jvm/java-21-openjdk-amd64/lib/libjli.so
7e0dde708000-7e0dde70b000 r--p 0000c000 08:25 2543582                    /usr/lib/jvm/java-21-openjdk-amd64/lib/libjli.so
7e0dde70b000-7e0dde70c000 r--p 0000f000 08:25 2543582                    /usr/lib/jvm/java-21-openjdk-amd64/lib/libjli.so
7e0dde70c000-7e0dde70d000 rw-p 00010000 08:25 2543582                    /usr/lib/jvm/java-21-openjdk-amd64/lib/libjli.so
7e0dde70d000-7e0dde70f000 r--p 00000000 08:25 1869333                    /usr/lib/x86_64-linux-gnu/libz.so.1.3
7e0dde70f000-7e0dde721000 r-xp 00002000 08:25 1869333                    /usr/lib/x86_64-linux-gnu/libz.so.1.3
7e0dde721000-7e0dde727000 r--p 00014000 08:25 1869333                    /usr/lib/x86_64-linux-gnu/libz.so.1.3
7e0dde727000-7e0dde728000 r--p 0001a000 08:25 1869333                    /usr/lib/x86_64-linux-gnu/libz.so.1.3
7e0dde728000-7e0dde729000 rw-p 0001b000 08:25 1869333                    /usr/lib/x86_64-linux-gnu/libz.so.1.3
7e0dde729000-7e0dde731000 rw-s 00000000 08:25 2658504                    /tmp/hsperfdata_edu/13568
7e0dde731000-7e0dde732000 ---p 00000000 00:00 0 
7e0dde732000-7e0dde733000 r--p 00000000 00:00 0 
7e0dde733000-7e0dde734000 ---p 00000000 00:00 0 
7e0dde734000-7e0dde736000 r--p 00000000 08:25 2543581                    /usr/lib/jvm/java-21-openjdk-amd64/lib/libjimage.so
7e0dde736000-7e0dde739000 r-xp 00002000 08:25 2543581                    /usr/lib/jvm/java-21-openjdk-amd64/lib/libjimage.so
7e0dde739000-7e0dde73a000 r--p 00005000 08:25 2543581                    /usr/lib/jvm/java-21-openjdk-amd64/lib/libjimage.so
7e0dde73a000-7e0dde73b000 r--p 00006000 08:25 2543581                    /usr/lib/jvm/java-21-openjdk-amd64/lib/libjimage.so
7e0dde73b000-7e0dde73c000 rw-p 00007000 08:25 2543581                    /usr/lib/jvm/java-21-openjdk-amd64/lib/libjimage.so
7e0dde73c000-7e0dde73e000 rw-p 00000000 00:00 0 
7e0dde73e000-7e0dde73f000 r--p 00000000 08:25 1867323                    /usr/lib/x86_64-linux-gnu/ld-linux-x86-64.so.2
7e0dde73f000-7e0dde76a000 r-xp 00001000 08:25 1867323                    /usr/lib/x86_64-linux-gnu/ld-linux-x86-64.so.2
7e0dde76a000-7e0dde774000 r--p 0002c000 08:25 1867323                    /usr/lib/x86_64-linux-gnu/ld-linux-x86-64.so.2
7e0dde774000-7e0dde776000 r--p 00036000 08:25 1867323                    /usr/lib/x86_64-linux-gnu/ld-linux-x86-64.so.2
7e0dde776000-7e0dde778000 rw-p 00038000 08:25 1867323                    /usr/lib/x86_64-linux-gnu/ld-linux-x86-64.so.2
7fff6d47d000-7fff6d49e000 rw-p 00000000 00:00 0                          [stack]
7fff6d5f8000-7fff6d5fc000 r--p 00000000 00:00 0                          [vvar]
7fff6d5fc000-7fff6d5fe000 r-xp 00000000 00:00 0                          [vdso]
ffffffffff600000-ffffffffff601000 --xp 00000000 00:00 0                  [vsyscall]
Total number of mappings: 277


VM Arguments:
jvm_args: -Dclassworlds.conf=/usr/lib/apache-netbeans/java/maven/bin/m2.conf -Dmaven.home=/usr/lib/apache-netbeans/java/maven -Dlibrary.jansi.path=/usr/lib/apache-netbeans/java/maven/lib/jansi-native -Dmaven.multiModuleProjectDirectory=/home/edu/IPC2-2025/AnalizadorLexico2/AnalizadorLexico 
java_command: org.codehaus.plexus.classworlds.launcher.Launcher -Dmaven.ext.class.path=/usr/lib/apache-netbeans/java/maven-nblib/netbeans-eventspy.jar --no-transfer-progress clean install
java_class_path (initial): /usr/lib/apache-netbeans/java/maven/boot/plexus-classworlds-2.8.0.jar
Launcher Type: SUN_STANDARD

[Global flags]
     intx CICompilerCount                          = 4                                         {product} {ergonomic}
     uint ConcGCThreads                            = 3                                         {product} {ergonomic}
     uint G1ConcRefinementThreads                  = 10                                        {product} {ergonomic}
   size_t G1HeapRegionSize                         = 1048576                                   {product} {ergonomic}
    uintx GCDrainStackTargetSize                   = 64                                        {product} {ergonomic}
   size_t InitialHeapSize                          = 127926272                                 {product} {ergonomic}
   size_t MarkStackSize                            = 4194304                                   {product} {ergonomic}
   size_t MaxHeapSize                              = 2040528896                                {product} {ergonomic}
   size_t MaxNewSize                               = 1223688192                                {product} {ergonomic}
   size_t MinHeapDeltaBytes                        = 1048576                                   {product} {ergonomic}
   size_t MinHeapSize                              = 8388608                                   {product} {ergonomic}
    uintx NonNMethodCodeHeapSize                   = 5839372                                {pd product} {ergonomic}
    uintx NonProfiledCodeHeapSize                  = 122909434                              {pd product} {ergonomic}
    uintx ProfiledCodeHeapSize                     = 122909434                              {pd product} {ergonomic}
    uintx ReservedCodeCacheSize                    = 251658240                              {pd product} {ergonomic}
     bool SegmentedCodeCache                       = true                                      {product} {ergonomic}
   size_t SoftMaxHeapSize                          = 2040528896                             {manageable} {ergonomic}
     bool UseCompressedOops                        = true                           {product lp64_product} {ergonomic}
     bool UseG1GC                                  = true                                      {product} {ergonomic}

Logging:
Log output configuration:
 #0: stdout all=warning uptime,level,tags foldmultilines=false
 #1: stderr all=off uptime,level,tags foldmultilines=false

Environment Variables:
JAVA_HOME=/usr/lib/jvm/java-21-openjdk-amd64
PATH=/usr/local/sbin:/usr/local/bin:/usr/sbin:/usr/bin:/sbin:/bin:/usr/games:/usr/local/games:/snap/bin
SHELL=/bin/bash
DISPLAY=:0
LANG=es_GT.UTF-8

Active Locale:
LC_ALL=es_GT.UTF-8
LC_COLLATE=es_GT.UTF-8
LC_CTYPE=es_GT.UTF-8
LC_MESSAGES=es_GT.UTF-8
LC_MONETARY=es_GT.UTF-8
LC_NUMERIC=es_GT.UTF-8
LC_TIME=es_GT.UTF-8

Signal Handlers:
   SIGSEGV: crash_handler in libjvm.so, mask=11100100010111111101111111111110, flags=SA_RESTART|SA_SIGINFO, unblocked
    SIGBUS: crash_handler in libjvm.so, mask=11100100010111111101111111111110, flags=SA_RESTART|SA_SIGINFO, unblocked
    SIGFPE: crash_handler in libjvm.so, mask=11100100010111111101111111111110, flags=SA_RESTART|SA_SIGINFO, unblocked
   SIGPIPE: javaSignalHandler in libjvm.so, mask=11100100010111111101111111111110, flags=SA_RESTART|SA_SIGINFO, blocked
   SIGXFSZ: javaSignalHandler in libjvm.so, mask=11100100010111111101111111111110, flags=SA_RESTART|SA_SIGINFO, blocked
    SIGILL: crash_handler in libjvm.so, mask=11100100010111111101111111111110, flags=SA_RESTART|SA_SIGINFO, unblocked
   SIGUSR2: SR_handler in libjvm.so, mask=00000000000000000000000000000000, flags=SA_RESTART|SA_SIGINFO, blocked
    SIGHUP: UserHandler in libjvm.so, mask=11100100010111111101111111111110, flags=SA_RESTART|SA_SIGINFO, blocked
    SIGINT: SIG_IGN, mask=00000000000000000000000000000000, flags=none, blocked
   SIGTERM: UserHandler in libjvm.so, mask=11100100010111111101111111111110, flags=SA_RESTART|SA_SIGINFO, blocked
   SIGQUIT: UserHandler in libjvm.so, mask=11100100010111111101111111111110, flags=SA_RESTART|SA_SIGINFO, blocked
   SIGTRAP: crash_handler in libjvm.so, mask=11100100010111111101111111111110, flags=SA_RESTART|SA_SIGINFO, unblocked


Periodic native trim disabled

---------------  S Y S T E M  ---------------

OS:
DISTRIB_ID=LinuxMint
DISTRIB_RELEASE=22.1
DISTRIB_CODENAME=xia
DISTRIB_DESCRIPTION="Linux Mint 22.1 Xia"
uname: Linux 6.8.0-51-generic #52-Ubuntu SMP PREEMPT_DYNAMIC Thu Dec  5 13:09:44 UTC 2024 x86_64
OS uptime: 0 days 5:22 hours
libc: glibc 2.39 NPTL 2.39 
rlimit (soft/hard): STACK 8192k/infinity , CORE 0k/infinity , NPROC 30798/30798 , NOFILE 1048576/1048576 , AS infinity/infinity , CPU infinity/infinity , DATA infinity/infinity , FSIZE infinity/infinity , MEMLOCK 995356k/995356k
load average: 6.71 2.25 0.97

/proc/meminfo:
MemTotal:        7962864 kB
MemFree:         1153860 kB
MemAvailable:    2711388 kB
Buffers:           85936 kB
Cached:          2058268 kB
SwapCached:            8 kB
Active:          2913844 kB
Inactive:        3144440 kB
Active(anon):    2541668 kB
Inactive(anon):  1817204 kB
Active(file):     372176 kB
Inactive(file):  1327236 kB
Unevictable:       73776 kB
Mlocked:              64 kB
SwapTotal:      15997944 kB
SwapFree:       15997688 kB
Zswap:                 0 kB
Zswapped:              0 kB
Dirty:               800 kB
Writeback:             0 kB
AnonPages:       3988100 kB
Mapped:           643092 kB
Shmem:            444792 kB
KReclaimable:     184440 kB
Slab:             341584 kB
SReclaimable:     184440 kB
SUnreclaim:       157144 kB
KernelStack:       17616 kB
PageTables:        45988 kB
SecPageTables:         0 kB
NFS_Unstable:          0 kB
Bounce:                0 kB
WritebackTmp:          0 kB
CommitLimit:    19979376 kB
Committed_AS:   17946780 kB
VmallocTotal:   34359738367 kB
VmallocUsed:       42136 kB
VmallocChunk:          0 kB
Percpu:             8208 kB
HardwareCorrupted:     0 kB
AnonHugePages:         0 kB
ShmemHugePages:        0 kB
ShmemPmdMapped:        0 kB
FileHugePages:         0 kB
FilePmdMapped:         0 kB
Unaccepted:            0 kB
HugePages_Total:       0
HugePages_Free:        0
HugePages_Rsvd:        0
HugePages_Surp:        0
Hugepagesize:       2048 kB
Hugetlb:               0 kB
DirectMap4k:      172580 kB
DirectMap2M:     4904960 kB
DirectMap1G:     3145728 kB

/sys/kernel/mm/transparent_hugepage/enabled: always [madvise] never
/sys/kernel/mm/transparent_hugepage/hpage_pmd_size: 2097152
/sys/kernel/mm/transparent_hugepage/defrag (defrag/compaction efforts parameter): always defer defer+madvise [madvise] never

Process Memory:
Virtual Size: 5643936K (peak: 5706492K)
Resident Set Size: 185980K (peak: 218060K) (anon: 152520K, file: 33460K, shmem: 0K)
Swapped out: 0K
C-Heap outstanding allocations: 85587K, retained: 14696K
glibc malloc tunables: (default)

/proc/sys/kernel/threads-max (system-wide limit on the number of threads): 61597
/proc/sys/vm/max_map_count (maximum number of memory map areas a process may have): 1048576
/proc/sys/vm/swappiness (control to define how aggressively the kernel swaps out anonymous memory): 60
/proc/sys/kernel/pid_max (system-wide limit on number of process identifiers): 4194304

container (cgroup) information:
container_type: cgroupv2
cpu_cpuset_cpus: not supported
cpu_memory_nodes: not supported
active_processor_count: 12
cpu_quota: no quota
cpu_period: 100000
cpu_shares: no shares
memory_limit_in_bytes: unlimited
memory_and_swap_limit_in_bytes: unlimited
memory_soft_limit_in_bytes: unlimited
memory_usage_in_bytes: 4607472 k
memory_max_usage_in_bytes: not supported
memory_swap_current_in_bytes: unlimited
memory_swap_max_limit_in_bytes: unlimited
maximum number of tasks: unlimited
current number of tasks: 589

Steal ticks since vm start: 0
Steal ticks percentage since vm start:  0.000

CPU: total 12 (initial active 12) (6 cores per cpu, 2 threads per core) family 6 model 165 stepping 3 microcode 0xfc, cx8, cmov, fxsr, ht, mmx, 3dnowpref, sse, sse2, sse3, ssse3, sse4.1, sse4.2, popcnt, lzcnt, tsc, tscinvbit, avx, avx2, aes, erms, clmul, bmi1, bmi2, adx, fma, vzeroupper, clflush, clflushopt, rdtscp, f16c
CPU Model and flags from /proc/cpuinfo:
model name	: Intel(R) Core(TM) i5-10400 CPU @ 2.90GHz
flags		: fpu vme de pse tsc msr pae mce cx8 apic sep mtrr pge mca cmov pat pse36 clflush dts acpi mmx fxsr sse sse2 ss ht tm pbe syscall nx pdpe1gb rdtscp lm constant_tsc art arch_perfmon pebs bts rep_good nopl xtopology nonstop_tsc cpuid aperfmperf pni pclmulqdq dtes64 monitor ds_cpl vmx est tm2 ssse3 sdbg fma cx16 xtpr pdcm pcid sse4_1 sse4_2 x2apic movbe popcnt tsc_deadline_timer aes xsave avx f16c rdrand lahf_lm abm 3dnowprefetch cpuid_fault epb ssbd ibrs ibpb stibp ibrs_enhanced tpr_shadow flexpriority ept vpid ept_ad fsgsbase tsc_adjust bmi1 avx2 smep bmi2 erms invpcid mpx rdseed adx smap clflushopt intel_pt xsaveopt xsavec xgetbv1 xsaves dtherm ida arat pln pts hwp hwp_notify hwp_act_window hwp_epp vnmi md_clear flush_l1d arch_capabilities

Online cpus: 0-11
Offline cpus: 
BIOS frequency limitation: <Not Available>
Frequency switch latency (ns): 0
Available cpu frequencies: <Not Available>
Current governor: powersave
Core performance/turbo boost: <Not Available>

Memory: 4k page, physical 7962864k(2711388k free), swap 15997944k(15997688k free)
Page Sizes: 4k

vm_info: OpenJDK 64-Bit Server VM (21.0.6+7-Ubuntu-124.04.1) for linux-amd64 JRE (21.0.6+7-Ubuntu-124.04.1), built on 2025-01-23T22:52:35Z by "buildd" with gcc 13.3.0

END.
